[0.069s] Invoking command in '/home/dingo/tb3_autonomy/src/build/turtlebot3_bringup': CMAKE_PREFIX_PATH=/home/dingo/tb3_autonomy/src/install/turtlebot3_node:/home/dingo/tb3_autonomy/src/install/turtlebot3_description:/opt/ros/jazzy/opt/gz_sim_vendor:/opt/ros/jazzy/opt/gz_sensors_vendor:/opt/ros/jazzy/opt/gz_physics_vendor:/opt/ros/jazzy/opt/sdformat_vendor:/opt/ros/jazzy/opt/gz_gui_vendor:/opt/ros/jazzy/opt/gz_transport_vendor:/opt/ros/jazzy/opt/gz_rendering_vendor:/opt/ros/jazzy/opt/gz_plugin_vendor:/opt/ros/jazzy/opt/gz_fuel_tools_vendor:/opt/ros/jazzy/opt/gz_msgs_vendor:/opt/ros/jazzy/opt/gz_common_vendor:/opt/ros/jazzy/opt/gz_math_vendor:/opt/ros/jazzy/opt/gz_utils_vendor:/opt/ros/jazzy/opt/gz_tools_vendor:/opt/ros/jazzy/opt/gz_ogre_next_vendor:/opt/ros/jazzy/opt/gz_dartsim_vendor:/opt/ros/jazzy/opt/gz_cmake_vendor:/home/dingo/tb3_autonomy/src/install/turtlebot3:/home/dingo/tb3_autonomy/src/install/turtlebot3_bringup:/home/dingo/tb3_autonomy/src/install/ld08_driver:/home/dingo/tb3_autonomy/src/install/turtlebot3_teleop:/home/dingo/tb3_autonomy/src/install/turtlebot3_example:/home/dingo/turtlebot3_ws/install/turtlebot3_description:/opt/ros/jazzy /usr/bin/cmake --build /home/dingo/tb3_autonomy/src/build/turtlebot3_bringup -- -j4 -l4
[0.390s] Invoked command in '/home/dingo/tb3_autonomy/src/build/turtlebot3_bringup' returned '0': CMAKE_PREFIX_PATH=/home/dingo/tb3_autonomy/src/install/turtlebot3_node:/home/dingo/tb3_autonomy/src/install/turtlebot3_description:/opt/ros/jazzy/opt/gz_sim_vendor:/opt/ros/jazzy/opt/gz_sensors_vendor:/opt/ros/jazzy/opt/gz_physics_vendor:/opt/ros/jazzy/opt/sdformat_vendor:/opt/ros/jazzy/opt/gz_gui_vendor:/opt/ros/jazzy/opt/gz_transport_vendor:/opt/ros/jazzy/opt/gz_rendering_vendor:/opt/ros/jazzy/opt/gz_plugin_vendor:/opt/ros/jazzy/opt/gz_fuel_tools_vendor:/opt/ros/jazzy/opt/gz_msgs_vendor:/opt/ros/jazzy/opt/gz_common_vendor:/opt/ros/jazzy/opt/gz_math_vendor:/opt/ros/jazzy/opt/gz_utils_vendor:/opt/ros/jazzy/opt/gz_tools_vendor:/opt/ros/jazzy/opt/gz_ogre_next_vendor:/opt/ros/jazzy/opt/gz_dartsim_vendor:/opt/ros/jazzy/opt/gz_cmake_vendor:/home/dingo/tb3_autonomy/src/install/turtlebot3:/home/dingo/tb3_autonomy/src/install/turtlebot3_bringup:/home/dingo/tb3_autonomy/src/install/ld08_driver:/home/dingo/tb3_autonomy/src/install/turtlebot3_teleop:/home/dingo/tb3_autonomy/src/install/turtlebot3_example:/home/dingo/turtlebot3_ws/install/turtlebot3_description:/opt/ros/jazzy /usr/bin/cmake --build /home/dingo/tb3_autonomy/src/build/turtlebot3_bringup -- -j4 -l4
[0.392s] Invoking command in '/home/dingo/tb3_autonomy/src/build/turtlebot3_bringup': CMAKE_PREFIX_PATH=/home/dingo/tb3_autonomy/src/install/turtlebot3_node:/home/dingo/tb3_autonomy/src/install/turtlebot3_description:/opt/ros/jazzy/opt/gz_sim_vendor:/opt/ros/jazzy/opt/gz_sensors_vendor:/opt/ros/jazzy/opt/gz_physics_vendor:/opt/ros/jazzy/opt/sdformat_vendor:/opt/ros/jazzy/opt/gz_gui_vendor:/opt/ros/jazzy/opt/gz_transport_vendor:/opt/ros/jazzy/opt/gz_rendering_vendor:/opt/ros/jazzy/opt/gz_plugin_vendor:/opt/ros/jazzy/opt/gz_fuel_tools_vendor:/opt/ros/jazzy/opt/gz_msgs_vendor:/opt/ros/jazzy/opt/gz_common_vendor:/opt/ros/jazzy/opt/gz_math_vendor:/opt/ros/jazzy/opt/gz_utils_vendor:/opt/ros/jazzy/opt/gz_tools_vendor:/opt/ros/jazzy/opt/gz_ogre_next_vendor:/opt/ros/jazzy/opt/gz_dartsim_vendor:/opt/ros/jazzy/opt/gz_cmake_vendor:/home/dingo/tb3_autonomy/src/install/turtlebot3:/home/dingo/tb3_autonomy/src/install/turtlebot3_bringup:/home/dingo/tb3_autonomy/src/install/ld08_driver:/home/dingo/tb3_autonomy/src/install/turtlebot3_teleop:/home/dingo/tb3_autonomy/src/install/turtlebot3_example:/home/dingo/turtlebot3_ws/install/turtlebot3_description:/opt/ros/jazzy /usr/bin/cmake --install /home/dingo/tb3_autonomy/src/build/turtlebot3_bringup
[0.467s] -- Install configuration: ""
[0.470s] -- Execute custom install script
[0.473s] -- Up-to-date symlink: /home/dingo/tb3_autonomy/src/install/turtlebot3_bringup/share/turtlebot3_bringup/launch/camera.launch.py
[0.477s] -- Up-to-date symlink: /home/dingo/tb3_autonomy/src/install/turtlebot3_bringup/share/turtlebot3_bringup/launch/dingo.robot.launch.py
[0.479s] -- Up-to-date symlink: /home/dingo/tb3_autonomy/src/install/turtlebot3_bringup/share/turtlebot3_bringup/launch/robot.launch.py
[0.482s] -- Up-to-date symlink: /home/dingo/tb3_autonomy/src/install/turtlebot3_bringup/share/turtlebot3_bringup/launch/rviz2.launch.py
[0.486s] -- Up-to-date symlink: /home/dingo/tb3_autonomy/src/install/turtlebot3_bringup/share/turtlebot3_bringup/launch/slam.launch.py
[0.489s] -- Up-to-date symlink: /home/dingo/tb3_autonomy/src/install/turtlebot3_bringup/share/turtlebot3_bringup/launch/turtlebot3_state_publisher.launch.py
[0.493s] -- Up-to-date symlink: /home/dingo/tb3_autonomy/src/install/turtlebot3_bringup/share/turtlebot3_bringup/param/burger.yaml
[0.497s] -- Up-to-date symlink: /home/dingo/tb3_autonomy/src/install/turtlebot3_bringup/share/turtlebot3_bringup/param/humble/burger.yaml
[0.500s] -- Up-to-date symlink: /home/dingo/tb3_autonomy/src/install/turtlebot3_bringup/share/turtlebot3_bringup/param/humble/waffle.yaml
[0.503s] -- Up-to-date symlink: /home/dingo/tb3_autonomy/src/install/turtlebot3_bringup/share/turtlebot3_bringup/param/humble/waffle_pi.yaml
[0.509s] -- Up-to-date symlink: /home/dingo/tb3_autonomy/src/install/turtlebot3_bringup/share/turtlebot3_bringup/param/jazzy/burger.yaml
[0.511s] -- Up-to-date symlink: /home/dingo/tb3_autonomy/src/install/turtlebot3_bringup/share/turtlebot3_bringup/param/mapper_params_online_async.yaml
[0.511s] -- Up-to-date symlink: /home/dingo/tb3_autonomy/src/install/turtlebot3_bringup/share/turtlebot3_bringup/param/waffle.yaml
[0.515s] -- Up-to-date symlink: /home/dingo/tb3_autonomy/src/install/turtlebot3_bringup/share/turtlebot3_bringup/param/waffle_pi.yaml
[0.517s] -- Up-to-date symlink: /home/dingo/tb3_autonomy/src/install/turtlebot3_bringup/share/turtlebot3_bringup/script/99-turtlebot3-cdc.rules
[0.520s] -- Up-to-date symlink: /home/dingo/tb3_autonomy/src/install/turtlebot3_bringup/share/turtlebot3_bringup/script/create_udev_rules
[0.522s] -- Up-to-date symlink: /home/dingo/tb3_autonomy/src/install/turtlebot3_bringup/share/ament_index/resource_index/package_run_dependencies/turtlebot3_bringup
[0.524s] -- Up-to-date symlink: /home/dingo/tb3_autonomy/src/install/turtlebot3_bringup/share/ament_index/resource_index/parent_prefix_path/turtlebot3_bringup
[0.526s] -- Up-to-date symlink: /home/dingo/tb3_autonomy/src/install/turtlebot3_bringup/share/turtlebot3_bringup/environment/ament_prefix_path.sh
[0.529s] -- Up-to-date symlink: /home/dingo/tb3_autonomy/src/install/turtlebot3_bringup/share/turtlebot3_bringup/environment/ament_prefix_path.dsv
[0.533s] -- Up-to-date symlink: /home/dingo/tb3_autonomy/src/install/turtlebot3_bringup/share/turtlebot3_bringup/environment/path.sh
[0.533s] -- Up-to-date symlink: /home/dingo/tb3_autonomy/src/install/turtlebot3_bringup/share/turtlebot3_bringup/environment/path.dsv
[0.537s] -- Up-to-date symlink: /home/dingo/tb3_autonomy/src/install/turtlebot3_bringup/share/turtlebot3_bringup/local_setup.bash
[0.538s] -- Up-to-date symlink: /home/dingo/tb3_autonomy/src/install/turtlebot3_bringup/share/turtlebot3_bringup/local_setup.sh
[0.539s] -- Up-to-date symlink: /home/dingo/tb3_autonomy/src/install/turtlebot3_bringup/share/turtlebot3_bringup/local_setup.zsh
[0.539s] -- Up-to-date symlink: /home/dingo/tb3_autonomy/src/install/turtlebot3_bringup/share/turtlebot3_bringup/local_setup.dsv
[0.540s] -- Symlinking: /home/dingo/tb3_autonomy/src/install/turtlebot3_bringup/share/turtlebot3_bringup/package.dsv
[0.592s] -- Up-to-date symlink: /home/dingo/tb3_autonomy/src/install/turtlebot3_bringup/share/ament_index/resource_index/packages/turtlebot3_bringup
[0.596s] -- Up-to-date symlink: /home/dingo/tb3_autonomy/src/install/turtlebot3_bringup/share/turtlebot3_bringup/cmake/turtlebot3_bringupConfig.cmake
[0.599s] -- Up-to-date symlink: /home/dingo/tb3_autonomy/src/install/turtlebot3_bringup/share/turtlebot3_bringup/cmake/turtlebot3_bringupConfig-version.cmake
[0.602s] -- Up-to-date symlink: /home/dingo/tb3_autonomy/src/install/turtlebot3_bringup/share/turtlebot3_bringup/package.xml
[0.604s] Invoked command in '/home/dingo/tb3_autonomy/src/build/turtlebot3_bringup' returned '0': CMAKE_PREFIX_PATH=/home/dingo/tb3_autonomy/src/install/turtlebot3_node:/home/dingo/tb3_autonomy/src/install/turtlebot3_description:/opt/ros/jazzy/opt/gz_sim_vendor:/opt/ros/jazzy/opt/gz_sensors_vendor:/opt/ros/jazzy/opt/gz_physics_vendor:/opt/ros/jazzy/opt/sdformat_vendor:/opt/ros/jazzy/opt/gz_gui_vendor:/opt/ros/jazzy/opt/gz_transport_vendor:/opt/ros/jazzy/opt/gz_rendering_vendor:/opt/ros/jazzy/opt/gz_plugin_vendor:/opt/ros/jazzy/opt/gz_fuel_tools_vendor:/opt/ros/jazzy/opt/gz_msgs_vendor:/opt/ros/jazzy/opt/gz_common_vendor:/opt/ros/jazzy/opt/gz_math_vendor:/opt/ros/jazzy/opt/gz_utils_vendor:/opt/ros/jazzy/opt/gz_tools_vendor:/opt/ros/jazzy/opt/gz_ogre_next_vendor:/opt/ros/jazzy/opt/gz_dartsim_vendor:/opt/ros/jazzy/opt/gz_cmake_vendor:/home/dingo/tb3_autonomy/src/install/turtlebot3:/home/dingo/tb3_autonomy/src/install/turtlebot3_bringup:/home/dingo/tb3_autonomy/src/install/ld08_driver:/home/dingo/tb3_autonomy/src/install/turtlebot3_teleop:/home/dingo/tb3_autonomy/src/install/turtlebot3_example:/home/dingo/turtlebot3_ws/install/turtlebot3_description:/opt/ros/jazzy /usr/bin/cmake --install /home/dingo/tb3_autonomy/src/build/turtlebot3_bringup
