[0.064s] Invoking command in '/home/dingo/turtlebot3_ws/src/build/ld08_driver': CMAKE_PREFIX_PATH=${CMAKE_PREFIX_PATH}:/opt/ros/jazzy /usr/bin/cmake --build /home/dingo/turtlebot3_ws/src/build/ld08_driver -- -j4 -l4
[0.600s] [100%] Built target ld08_driver
[0.740s] Invoked command in '/home/dingo/turtlebot3_ws/src/build/ld08_driver' returned '0': CMAKE_PREFIX_PATH=${CMAKE_PREFIX_PATH}:/opt/ros/jazzy /usr/bin/cmake --build /home/dingo/turtlebot3_ws/src/build/ld08_driver -- -j4 -l4
[0.747s] Invoking command in '/home/dingo/turtlebot3_ws/src/build/ld08_driver': CMAKE_PREFIX_PATH=${CMAKE_PREFIX_PATH}:/opt/ros/jazzy /usr/bin/cmake --install /home/dingo/turtlebot3_ws/src/build/ld08_driver
[0.790s] -- Install configuration: ""
[0.794s] -- Execute custom install script
[0.798s] -- Up-to-date symlink: /home/dingo/turtlebot3_ws/src/install/ld08_driver/share/ld08_driver/launch/ld08.launch.py
[0.801s] -- Up-to-date symlink: /home/dingo/turtlebot3_ws/src/install/ld08_driver/lib/ld08_driver/ld08_driver
[0.806s] -- Up-to-date symlink: /home/dingo/turtlebot3_ws/src/install/ld08_driver/share/ament_index/resource_index/package_run_dependencies/ld08_driver
[0.809s] -- Up-to-date symlink: /home/dingo/turtlebot3_ws/src/install/ld08_driver/share/ament_index/resource_index/parent_prefix_path/ld08_driver
[0.811s] -- Up-to-date symlink: /home/dingo/turtlebot3_ws/src/install/ld08_driver/share/ld08_driver/environment/ament_prefix_path.sh
[0.812s] -- Up-to-date symlink: /home/dingo/turtlebot3_ws/src/install/ld08_driver/share/ld08_driver/environment/ament_prefix_path.dsv
[0.813s] -- Up-to-date symlink: /home/dingo/turtlebot3_ws/src/install/ld08_driver/share/ld08_driver/environment/path.sh
[0.814s] -- Up-to-date symlink: /home/dingo/turtlebot3_ws/src/install/ld08_driver/share/ld08_driver/environment/path.dsv
[0.814s] -- Up-to-date symlink: /home/dingo/turtlebot3_ws/src/install/ld08_driver/share/ld08_driver/local_setup.bash
[0.815s] -- Up-to-date symlink: /home/dingo/turtlebot3_ws/src/install/ld08_driver/share/ld08_driver/local_setup.sh
[0.817s] -- Up-to-date symlink: /home/dingo/turtlebot3_ws/src/install/ld08_driver/share/ld08_driver/local_setup.zsh
[0.820s] -- Up-to-date symlink: /home/dingo/turtlebot3_ws/src/install/ld08_driver/share/ld08_driver/local_setup.dsv
[0.821s] -- Symlinking: /home/dingo/turtlebot3_ws/src/install/ld08_driver/share/ld08_driver/package.dsv
[0.874s] -- Up-to-date symlink: /home/dingo/turtlebot3_ws/src/install/ld08_driver/share/ament_index/resource_index/packages/ld08_driver
[0.878s] -- Up-to-date symlink: /home/dingo/turtlebot3_ws/src/install/ld08_driver/share/ld08_driver/cmake/ament_cmake_export_dependencies-extras.cmake
[0.880s] -- Up-to-date symlink: /home/dingo/turtlebot3_ws/src/install/ld08_driver/share/ld08_driver/cmake/ament_cmake_export_include_directories-extras.cmake
[0.884s] -- Up-to-date symlink: /home/dingo/turtlebot3_ws/src/install/ld08_driver/share/ld08_driver/cmake/ld08_driverConfig.cmake
[0.887s] -- Up-to-date symlink: /home/dingo/turtlebot3_ws/src/install/ld08_driver/share/ld08_driver/cmake/ld08_driverConfig-version.cmake
[0.888s] -- Up-to-date symlink: /home/dingo/turtlebot3_ws/src/install/ld08_driver/share/ld08_driver/package.xml
[0.896s] Invoked command in '/home/dingo/turtlebot3_ws/src/build/ld08_driver' returned '0': CMAKE_PREFIX_PATH=${CMAKE_PREFIX_PATH}:/opt/ros/jazzy /usr/bin/cmake --install /home/dingo/turtlebot3_ws/src/build/ld08_driver
