[4.013s] Invoking command in '/home/dingo/tb3_autonomy/src/turtlebot3/turtlebot3_teleop': PYTHONPATH=/home/dingo/tb3_autonomy/build/turtlebot3_teleop/prefix_override:/usr/lib/python3/dist-packages/colcon_core/task/python/colcon_distutils_commands:/home/dingo/tb3_autonomy/install/turtlebot3_teleop/lib/python3.12/site-packages:${PYTHONPATH} /usr/bin/python3 -W ignore:setup.py install is deprecated -W ignore:easy_install command is deprecated setup.py egg_info --egg-base ../../../build/turtlebot3_teleop build --build-base /home/dingo/tb3_autonomy/build/turtlebot3_teleop/build install --record /home/dingo/tb3_autonomy/build/turtlebot3_teleop/install.log --single-version-externally-managed install_data
[5.290s] running egg_info
[5.379s] writing ../../../build/turtlebot3_teleop/turtlebot3_teleop.egg-info/PKG-INFO
[5.380s] writing dependency_links to ../../../build/turtlebot3_teleop/turtlebot3_teleop.egg-info/dependency_links.txt
[5.382s] writing entry points to ../../../build/turtlebot3_teleop/turtlebot3_teleop.egg-info/entry_points.txt
[5.384s] writing requirements to ../../../build/turtlebot3_teleop/turtlebot3_teleop.egg-info/requires.txt
[5.385s] writing top-level names to ../../../build/turtlebot3_teleop/turtlebot3_teleop.egg-info/top_level.txt
[5.584s] reading manifest file '../../../build/turtlebot3_teleop/turtlebot3_teleop.egg-info/SOURCES.txt'
[5.588s] writing manifest file '../../../build/turtlebot3_teleop/turtlebot3_teleop.egg-info/SOURCES.txt'
[5.591s] running build
[5.591s] running build_py
[5.593s] running install
[5.619s] running install_lib
[5.720s] running install_data
[5.722s] running install_egg_info
[5.811s] removing '/home/dingo/tb3_autonomy/install/turtlebot3_teleop/lib/python3.12/site-packages/turtlebot3_teleop-2.3.1-py3.12.egg-info' (and everything under it)
[5.813s] Copying ../../../build/turtlebot3_teleop/turtlebot3_teleop.egg-info to /home/dingo/tb3_autonomy/install/turtlebot3_teleop/lib/python3.12/site-packages/turtlebot3_teleop-2.3.1-py3.12.egg-info
[5.820s] running install_scripts
[6.537s] Installing teleop_keyboard script to /home/dingo/tb3_autonomy/install/turtlebot3_teleop/lib/turtlebot3_teleop
[6.545s] writing list of installed files to '/home/dingo/tb3_autonomy/build/turtlebot3_teleop/install.log'
[6.737s] Invoked command in '/home/dingo/tb3_autonomy/src/turtlebot3/turtlebot3_teleop' returned '0': PYTHONPATH=/home/dingo/tb3_autonomy/build/turtlebot3_teleop/prefix_override:/usr/lib/python3/dist-packages/colcon_core/task/python/colcon_distutils_commands:/home/dingo/tb3_autonomy/install/turtlebot3_teleop/lib/python3.12/site-packages:${PYTHONPATH} /usr/bin/python3 -W ignore:setup.py install is deprecated -W ignore:easy_install command is deprecated setup.py egg_info --egg-base ../../../build/turtlebot3_teleop build --build-base /home/dingo/tb3_autonomy/build/turtlebot3_teleop/build install --record /home/dingo/tb3_autonomy/build/turtlebot3_teleop/install.log --single-version-externally-managed install_data
