[3.103s] Invoking command in '/home/dingo/turtlebot3_ws/src/build/turtlebot3_teleop': PYTHONPATH=/home/dingo/turtlebot3_ws/src/build/turtlebot3_teleop/prefix_override:/usr/lib/python3/dist-packages/colcon_core/task/python/colcon_distutils_commands:/home/dingo/turtlebot3_ws/src/install/turtlebot3_teleop/lib/python3.12/site-packages:${PYTHONPATH} /usr/bin/python3 -W ignore:setup.py install is deprecated -W ignore:easy_install command is deprecated setup.py develop --editable --build-directory /home/dingo/turtlebot3_ws/src/build/turtlebot3_teleop/build --no-deps symlink_data
[4.380s] running develop
[5.149s] running egg_info
[5.149s] creating turtlebot3_teleop.egg-info
[5.219s] writing turtlebot3_teleop.egg-info/PKG-INFO
[5.220s] writing dependency_links to turtlebot3_teleop.egg-info/dependency_links.txt
[5.221s] writing entry points to turtlebot3_teleop.egg-info/entry_points.txt
[5.221s] writing requirements to turtlebot3_teleop.egg-info/requires.txt
[5.222s] writing top-level names to turtlebot3_teleop.egg-info/top_level.txt
[5.222s] writing manifest file 'turtlebot3_teleop.egg-info/SOURCES.txt'
[5.363s] reading manifest file 'turtlebot3_teleop.egg-info/SOURCES.txt'
[5.365s] writing manifest file 'turtlebot3_teleop.egg-info/SOURCES.txt'
[5.438s] running build_ext
[5.438s] Creating /home/dingo/turtlebot3_ws/src/install/turtlebot3_teleop/lib/python3.12/site-packages/turtlebot3-teleop.egg-link (link to .)
[5.441s] Installing teleop_keyboard script to /home/dingo/turtlebot3_ws/src/install/turtlebot3_teleop/lib/turtlebot3_teleop
[5.442s] 
[5.443s] Installed /home/dingo/turtlebot3_ws/src/build/turtlebot3_teleop
[5.443s] running symlink_data
[5.443s] creating /home/dingo/turtlebot3_ws/src/install/turtlebot3_teleop/share/ament_index
[5.444s] creating /home/dingo/turtlebot3_ws/src/install/turtlebot3_teleop/share/ament_index/resource_index
[5.444s] creating /home/dingo/turtlebot3_ws/src/install/turtlebot3_teleop/share/ament_index/resource_index/packages
[5.445s] symbolically linking /home/dingo/turtlebot3_ws/src/build/turtlebot3_teleop/resource/turtlebot3_teleop -> /home/dingo/turtlebot3_ws/src/install/turtlebot3_teleop/share/ament_index/resource_index/packages
[5.446s] symbolically linking /home/dingo/turtlebot3_ws/src/build/turtlebot3_teleop/package.xml -> /home/dingo/turtlebot3_ws/src/install/turtlebot3_teleop/share/turtlebot3_teleop
[5.592s] Invoked command in '/home/dingo/turtlebot3_ws/src/build/turtlebot3_teleop' returned '0': PYTHONPATH=/home/dingo/turtlebot3_ws/src/build/turtlebot3_teleop/prefix_override:/usr/lib/python3/dist-packages/colcon_core/task/python/colcon_distutils_commands:/home/dingo/turtlebot3_ws/src/install/turtlebot3_teleop/lib/python3.12/site-packages:${PYTHONPATH} /usr/bin/python3 -W ignore:setup.py install is deprecated -W ignore:easy_install command is deprecated setup.py develop --editable --build-directory /home/dingo/turtlebot3_ws/src/build/turtlebot3_teleop/build --no-deps symlink_data
