[0.114s] Invoking command in '/home/dingo/tb3_autonomy/src/build/turtlebot3_node': CMAKE_PREFIX_PATH=${CMAKE_PREFIX_PATH}:/home/dingo/tb3_autonomy/src/install/turtlebot3_teleop:/home/dingo/tb3_autonomy/src/install/turtlebot3_example:/home/dingo/turtlebot3_ws/install/turtlebot3_description:/opt/ros/jazzy /usr/bin/cmake --build /home/dingo/tb3_autonomy/src/build/turtlebot3_node -- -j4 -l4
[1.129s] [ 85%] Built target turtlebot3_node_lib
[1.130s] [100%] Built target turtlebot3_ros
[1.178s] Invoked command in '/home/dingo/tb3_autonomy/src/build/turtlebot3_node' returned '0': CMAKE_PREFIX_PATH=${CMAKE_PREFIX_PATH}:/home/dingo/tb3_autonomy/src/install/turtlebot3_teleop:/home/dingo/tb3_autonomy/src/install/turtlebot3_example:/home/dingo/turtlebot3_ws/install/turtlebot3_description:/opt/ros/jazzy /usr/bin/cmake --build /home/dingo/tb3_autonomy/src/build/turtlebot3_node -- -j4 -l4
[1.184s] Invoking command in '/home/dingo/tb3_autonomy/src/build/turtlebot3_node': CMAKE_PREFIX_PATH=${CMAKE_PREFIX_PATH}:/home/dingo/tb3_autonomy/src/install/turtlebot3_teleop:/home/dingo/tb3_autonomy/src/install/turtlebot3_example:/home/dingo/turtlebot3_ws/install/turtlebot3_description:/opt/ros/jazzy /usr/bin/cmake --install /home/dingo/tb3_autonomy/src/build/turtlebot3_node
[2.140s] -- Install configuration: ""
[2.140s] -- Execute custom install script
[2.141s] -- Up-to-date symlink: /home/dingo/tb3_autonomy/src/install/turtlebot3_node/share/turtlebot3_node/param/burger.yaml
[2.141s] -- Up-to-date symlink: /home/dingo/tb3_autonomy/src/install/turtlebot3_node/share/turtlebot3_node/param/waffle.yaml
[2.142s] -- Up-to-date symlink: /home/dingo/tb3_autonomy/src/install/turtlebot3_node/share/turtlebot3_node/param/waffle_pi.yaml
[2.142s] -- Up-to-date symlink: /home/dingo/tb3_autonomy/src/install/turtlebot3_node/lib/turtlebot3_node/turtlebot3_ros
[2.142s] -- Up-to-date symlink: /home/dingo/tb3_autonomy/src/install/turtlebot3_node/share/ament_index/resource_index/package_run_dependencies/turtlebot3_node
[2.143s] -- Up-to-date symlink: /home/dingo/tb3_autonomy/src/install/turtlebot3_node/share/ament_index/resource_index/parent_prefix_path/turtlebot3_node
[2.144s] -- Up-to-date symlink: /home/dingo/tb3_autonomy/src/install/turtlebot3_node/share/turtlebot3_node/environment/ament_prefix_path.sh
[2.145s] -- Up-to-date symlink: /home/dingo/tb3_autonomy/src/install/turtlebot3_node/share/turtlebot3_node/environment/ament_prefix_path.dsv
[2.146s] -- Up-to-date symlink: /home/dingo/tb3_autonomy/src/install/turtlebot3_node/share/turtlebot3_node/environment/path.sh
[2.147s] -- Up-to-date symlink: /home/dingo/tb3_autonomy/src/install/turtlebot3_node/share/turtlebot3_node/environment/path.dsv
[2.147s] -- Up-to-date symlink: /home/dingo/tb3_autonomy/src/install/turtlebot3_node/share/turtlebot3_node/local_setup.bash
[2.148s] -- Up-to-date symlink: /home/dingo/tb3_autonomy/src/install/turtlebot3_node/share/turtlebot3_node/local_setup.sh
[2.148s] -- Up-to-date symlink: /home/dingo/tb3_autonomy/src/install/turtlebot3_node/share/turtlebot3_node/local_setup.zsh
[2.149s] -- Up-to-date symlink: /home/dingo/tb3_autonomy/src/install/turtlebot3_node/share/turtlebot3_node/local_setup.dsv
[2.150s] -- Symlinking: /home/dingo/tb3_autonomy/src/install/turtlebot3_node/share/turtlebot3_node/package.dsv
[2.150s] -- Up-to-date symlink: /home/dingo/tb3_autonomy/src/install/turtlebot3_node/share/ament_index/resource_index/packages/turtlebot3_node
[2.151s] -- Up-to-date symlink: /home/dingo/tb3_autonomy/src/install/turtlebot3_node/share/turtlebot3_node/cmake/ament_cmake_export_dependencies-extras.cmake
[2.152s] -- Up-to-date symlink: /home/dingo/tb3_autonomy/src/install/turtlebot3_node/share/turtlebot3_node/cmake/ament_cmake_export_include_directories-extras.cmake
[2.152s] -- Up-to-date symlink: /home/dingo/tb3_autonomy/src/install/turtlebot3_node/share/turtlebot3_node/cmake/turtlebot3_nodeConfig.cmake
[2.153s] -- Up-to-date symlink: /home/dingo/tb3_autonomy/src/install/turtlebot3_node/share/turtlebot3_node/cmake/turtlebot3_nodeConfig-version.cmake
[2.155s] -- Up-to-date symlink: /home/dingo/tb3_autonomy/src/install/turtlebot3_node/share/turtlebot3_node/package.xml
[2.229s] Invoked command in '/home/dingo/tb3_autonomy/src/build/turtlebot3_node' returned '0': CMAKE_PREFIX_PATH=${CMAKE_PREFIX_PATH}:/home/dingo/tb3_autonomy/src/install/turtlebot3_teleop:/home/dingo/tb3_autonomy/src/install/turtlebot3_example:/home/dingo/turtlebot3_ws/install/turtlebot3_description:/opt/ros/jazzy /usr/bin/cmake --install /home/dingo/tb3_autonomy/src/build/turtlebot3_node
