[0.026s] Invoking command in '/home/dingo/turtlebot3_ws/build/turtlebot3_node': CMAKE_PREFIX_PATH=/opt/ros/jazzy /usr/bin/cmake /home/dingo/turtlebot3_ws/src/turtlebot3/turtlebot3_node -DAMENT_CMAKE_SYMLINK_INSTALL=1 -DCMAKE_INSTALL_PREFIX=/home/dingo/turtlebot3_ws/install/turtlebot3_node
[0.292s] -- The C compiler identification is GNU 13.3.0
[0.562s] -- The CXX compiler identification is GNU 13.3.0
[0.635s] -- Detecting C compiler ABI info
[1.055s] -- Detecting C compiler ABI info - done
[1.089s] -- Check for working C compiler: /usr/bin/cc - skipped
[1.090s] -- Detecting C compile features
[1.091s] -- Detecting C compile features - done
[1.132s] -- Detecting CXX compiler ABI info
[1.588s] -- Detecting CXX compiler ABI info - done
[1.623s] -- Check for working CXX compiler: /usr/bin/c++ - skipped
[1.624s] -- Detecting CXX compile features
[1.626s] -- Detecting CXX compile features - done
[1.643s] -- Found ament_cmake: 2.5.4 (/opt/ros/jazzy/share/ament_cmake/cmake)
[2.290s] -- Found Python3: /usr/bin/python3 (found version "3.12.3") found components: Interpreter 
[2.613s] -- Override CMake install command with custom implementation using symlinks instead of copying resources
[2.864s] [31mCMake Error at CMakeLists.txt:19 (find_package):
[2.864s]   By not providing "Finddynamixel_sdk.cmake" in CMAKE_MODULE_PATH this
[2.865s]   project has asked CMake to find a package configuration file provided by
[2.865s]   "dynamixel_sdk", but CMake did not find one.
[2.865s] 
[2.866s]   Could not find a package configuration file provided by "dynamixel_sdk"
[2.866s]   with any of the following names:
[2.866s] 
[2.867s]     dynamixel_sdkConfig.cmake
[2.867s]     dynamixel_sdk-config.cmake
[2.867s] 
[2.868s]   Add the installation prefix of "dynamixel_sdk" to CMAKE_PREFIX_PATH or set
[2.868s]   "dynamixel_sdk_DIR" to a directory containing one of the above files.  If
[2.869s]   "dynamixel_sdk" provides a separate development package or SDK, be sure it
[2.870s]   has been installed.
[2.871s] 
[2.872s] [0m
[2.872s] -- Configuring incomplete, errors occurred!
[2.885s] Invoked command in '/home/dingo/turtlebot3_ws/build/turtlebot3_node' returned '1': CMAKE_PREFIX_PATH=/opt/ros/jazzy /usr/bin/cmake /home/dingo/turtlebot3_ws/src/turtlebot3/turtlebot3_node -DAMENT_CMAKE_SYMLINK_INSTALL=1 -DCMAKE_INSTALL_PREFIX=/home/dingo/turtlebot3_ws/install/turtlebot3_node
