[0.030s] Invoking command in '/home/dingo/turtlebot3_ws/src/build/turtlebot3_node': CMAKE_PREFIX_PATH=${CMAKE_PREFIX_PATH}:/opt/ros/jazzy /usr/bin/cmake /home/dingo/turtlebot3_ws/src/turtlebot3/turtlebot3_node -DAMENT_CMAKE_SYMLINK_INSTALL=1 -DCMAKE_INSTALL_PREFIX=/home/dingo/turtlebot3_ws/src/install/turtlebot3_node
[0.083s] -- Found ament_cmake: 2.5.4 (/opt/ros/jazzy/share/ament_cmake/cmake)
[1.013s] -- Override CMake install command with custom implementation using symlinks instead of copying resources
[1.058s] -- Found dynamixel_sdk: 3.8.3 (/opt/ros/jazzy/share/dynamixel_sdk/cmake)
[1.079s] -- Found geometry_msgs: 5.3.6 (/opt/ros/jazzy/share/geometry_msgs/cmake)
[1.317s] -- Found rosidl_generator_c: 4.6.5 (/opt/ros/jazzy/share/rosidl_generator_c/cmake)
[1.396s] -- Found rosidl_generator_cpp: 4.6.5 (/opt/ros/jazzy/share/rosidl_generator_cpp/cmake)
[1.483s] -- Using all available rosidl_typesupport_c: rosidl_typesupport_fastrtps_c;rosidl_typesupport_introspection_c
[1.576s] -- Using all available rosidl_typesupport_cpp: rosidl_typesupport_fastrtps_cpp;rosidl_typesupport_introspection_cpp
[1.781s] -- Found message_filters: 4.11.6 (/opt/ros/jazzy/share/message_filters/cmake)
[2.098s] -- Found rmw_implementation_cmake: 7.3.2 (/opt/ros/jazzy/share/rmw_implementation_cmake/cmake)
[2.116s] -- Found rmw_fastrtps_cpp: 8.4.2 (/opt/ros/jazzy/share/rmw_fastrtps_cpp/cmake)
[2.492s] -- Found OpenSSL: /usr/lib/aarch64-linux-gnu/libcrypto.so (found version "3.0.13")  
[2.555s] -- Found FastRTPS: /opt/ros/jazzy/include (Required is at least version "2.13") 
[2.638s] -- Using RMW implementation 'rmw_fastrtps_cpp' as default
[2.938s] -- Found nav_msgs: 5.3.6 (/opt/ros/jazzy/share/nav_msgs/cmake)
[3.043s] -- Found sensor_msgs: 5.3.6 (/opt/ros/jazzy/share/sensor_msgs/cmake)
[3.136s] -- Found std_srvs: 5.3.6 (/opt/ros/jazzy/share/std_srvs/cmake)
[3.207s] -- Found tf2: 0.36.11 (/opt/ros/jazzy/share/tf2/cmake)
[3.233s] -- Found tf2_ros: 0.36.11 (/opt/ros/jazzy/share/tf2_ros/cmake)
[3.790s] [31mCMake Error at CMakeLists.txt:30 (find_package):
[3.790s]   By not providing "Findturtlebot3_msgs.cmake" in CMAKE_MODULE_PATH this
[3.791s]   project has asked CMake to find a package configuration file provided by
[3.791s]   "turtlebot3_msgs", but CMake did not find one.
[3.791s] 
[3.792s]   Could not find a package configuration file provided by "turtlebot3_msgs"
[3.792s]   with any of the following names:
[3.792s] 
[3.793s]     turtlebot3_msgsConfig.cmake
[3.793s]     turtlebot3_msgs-config.cmake
[3.793s] 
[3.794s]   Add the installation prefix of "turtlebot3_msgs" to CMAKE_PREFIX_PATH or
[3.794s]   set "turtlebot3_msgs_DIR" to a directory containing one of the above files.
[3.795s]   If "turtlebot3_msgs" provides a separate development package or SDK, be
[3.795s]   sure it has been installed.
[3.796s] 
[3.797s] [0m
[3.797s] -- Configuring incomplete, errors occurred!
[3.821s] Invoked command in '/home/dingo/turtlebot3_ws/src/build/turtlebot3_node' returned '1': CMAKE_PREFIX_PATH=${CMAKE_PREFIX_PATH}:/opt/ros/jazzy /usr/bin/cmake /home/dingo/turtlebot3_ws/src/turtlebot3/turtlebot3_node -DAMENT_CMAKE_SYMLINK_INSTALL=1 -DCMAKE_INSTALL_PREFIX=/home/dingo/turtlebot3_ws/src/install/turtlebot3_node
