[0.112s] Invoking command in '/home/dingo/tb3_autonomy/src/build/turtlebot3_node': CMAKE_PREFIX_PATH=${CMAKE_PREFIX_PATH}:/home/dingo/tb3_autonomy/src/install/turtlebot3_teleop:/home/dingo/tb3_autonomy/src/install/turtlebot3_example:/home/dingo/turtlebot3_ws/install/turtlebot3_description:/opt/ros/jazzy /usr/bin/cmake /home/dingo/tb3_autonomy/src/turtlebot3/turtlebot3_node -DAMENT_CMAKE_SYMLINK_INSTALL=1 -DCMAKE_INSTALL_PREFIX=/home/dingo/tb3_autonomy/src/install/turtlebot3_node
[1.211s] -- The C compiler identification is GNU 13.3.0
[1.919s] -- The CXX compiler identification is GNU 13.3.0
[2.017s] -- Detecting C compiler ABI info
[2.603s] -- Detecting C compiler ABI info - done
[2.646s] -- Check for working C compiler: /usr/bin/cc - skipped
[2.654s] -- Detecting C compile features
[2.660s] -- Detecting C compile features - done
[2.738s] -- Detecting CXX compiler ABI info
[3.486s] -- Detecting CXX compiler ABI info - done
[3.530s] -- Check for working CXX compiler: /usr/bin/c++ - skipped
[3.534s] -- Detecting CXX compile features
[3.537s] -- Detecting CXX compile features - done
[3.575s] -- Found ament_cmake: 2.5.4 (/opt/ros/jazzy/share/ament_cmake/cmake)
[4.606s] -- Found Python3: /usr/bin/python3 (found version "3.12.3") found components: Interpreter 
[5.084s] -- Override CMake install command with custom implementation using symlinks instead of copying resources
[5.506s] -- Found dynamixel_sdk: 3.8.3 (/opt/ros/jazzy/share/dynamixel_sdk/cmake)
[5.544s] -- Found geometry_msgs: 5.3.6 (/opt/ros/jazzy/share/geometry_msgs/cmake)
[6.052s] -- Found rosidl_generator_c: 4.6.5 (/opt/ros/jazzy/share/rosidl_generator_c/cmake)
[6.231s] -- Found rosidl_generator_cpp: 4.6.5 (/opt/ros/jazzy/share/rosidl_generator_cpp/cmake)
[6.418s] -- Using all available rosidl_typesupport_c: rosidl_typesupport_fastrtps_c;rosidl_typesupport_introspection_c
[6.697s] -- Using all available rosidl_typesupport_cpp: rosidl_typesupport_fastrtps_cpp;rosidl_typesupport_introspection_cpp
[7.248s] -- Found message_filters: 4.11.6 (/opt/ros/jazzy/share/message_filters/cmake)
[7.905s] -- Found rmw_implementation_cmake: 7.3.2 (/opt/ros/jazzy/share/rmw_implementation_cmake/cmake)
[7.945s] -- Found rmw_fastrtps_cpp: 8.4.2 (/opt/ros/jazzy/share/rmw_fastrtps_cpp/cmake)
[8.725s] -- Found OpenSSL: /usr/lib/aarch64-linux-gnu/libcrypto.so (found version "3.0.13")  
[8.878s] -- Found FastRTPS: /opt/ros/jazzy/include (Required is at least version "2.13") 
[9.015s] -- Using RMW implementation 'rmw_fastrtps_cpp' as default
[9.548s] -- Found nav_msgs: 5.3.6 (/opt/ros/jazzy/share/nav_msgs/cmake)
[9.710s] -- Found sensor_msgs: 5.3.6 (/opt/ros/jazzy/share/sensor_msgs/cmake)
[9.855s] -- Found std_srvs: 5.3.6 (/opt/ros/jazzy/share/std_srvs/cmake)
[9.977s] -- Found tf2: 0.36.11 (/opt/ros/jazzy/share/tf2/cmake)
[10.025s] -- Found tf2_ros: 0.36.11 (/opt/ros/jazzy/share/tf2_ros/cmake)
[10.963s] -- Found turtlebot3_msgs: 2.4.0 (/opt/ros/jazzy/share/turtlebot3_msgs/cmake)
[11.533s] -- Configuring done (11.4s)
[11.659s] -- Generating done (0.1s)
[11.683s] -- Build files have been written to: /home/dingo/tb3_autonomy/src/build/turtlebot3_node
[11.728s] Invoked command in '/home/dingo/tb3_autonomy/src/build/turtlebot3_node' returned '0': CMAKE_PREFIX_PATH=${CMAKE_PREFIX_PATH}:/home/dingo/tb3_autonomy/src/install/turtlebot3_teleop:/home/dingo/tb3_autonomy/src/install/turtlebot3_example:/home/dingo/turtlebot3_ws/install/turtlebot3_description:/opt/ros/jazzy /usr/bin/cmake /home/dingo/tb3_autonomy/src/turtlebot3/turtlebot3_node -DAMENT_CMAKE_SYMLINK_INSTALL=1 -DCMAKE_INSTALL_PREFIX=/home/dingo/tb3_autonomy/src/install/turtlebot3_node
[11.733s] Invoking command in '/home/dingo/tb3_autonomy/src/build/turtlebot3_node': CMAKE_PREFIX_PATH=${CMAKE_PREFIX_PATH}:/home/dingo/tb3_autonomy/src/install/turtlebot3_teleop:/home/dingo/tb3_autonomy/src/install/turtlebot3_example:/home/dingo/turtlebot3_ws/install/turtlebot3_description:/opt/ros/jazzy /usr/bin/cmake --build /home/dingo/tb3_autonomy/src/build/turtlebot3_node -- -j4 -l4
[12.008s] [ 14%] [32mBuilding CXX object CMakeFiles/turtlebot3_node_lib.dir/src/devices/sound.cpp.o[0m
[12.009s] [ 14%] [32mBuilding CXX object CMakeFiles/turtlebot3_node_lib.dir/src/devices/motor_power.cpp.o[0m
[12.042s] [ 21%] [32mBuilding CXX object CMakeFiles/turtlebot3_node_lib.dir/src/devices/reset.cpp.o[0m
[12.049s] [ 28%] [32mBuilding CXX object CMakeFiles/turtlebot3_node_lib.dir/src/diff_drive_controller.cpp.o[0m
[34.039s] [ 35%] [32mBuilding CXX object CMakeFiles/turtlebot3_node_lib.dir/src/dynamixel_sdk_wrapper.cpp.o[0m
[37.087s] [ 42%] [32mBuilding CXX object CMakeFiles/turtlebot3_node_lib.dir/src/odometry.cpp.o[0m
[37.119s] [ 50%] [32mBuilding CXX object CMakeFiles/turtlebot3_node_lib.dir/src/turtlebot3.cpp.o[0m
[37.804s] [ 57%] [32mBuilding CXX object CMakeFiles/turtlebot3_node_lib.dir/src/sensors/battery_state.cpp.o[0m
[38.191s] [ 64%] [32mBuilding CXX object CMakeFiles/turtlebot3_node_lib.dir/src/sensors/imu.cpp.o[0m
[67.311s] [ 71%] [32mBuilding CXX object CMakeFiles/turtlebot3_node_lib.dir/src/sensors/joint_state.cpp.o[0m
[71.075s] [ 78%] [32mBuilding CXX object CMakeFiles/turtlebot3_node_lib.dir/src/sensors/sensor_state.cpp.o[0m
[257.217s] gmake[2]: *** [CMakeFiles/turtlebot3_node_lib.dir/build.make:146: CMakeFiles/turtlebot3_node_lib.dir/src/odometry.cpp.o] Interrupt
[257.248s] gmake[2]: *** [CMakeFiles/turtlebot3_node_lib.dir/build.make:160: CMakeFiles/turtlebot3_node_lib.dir/src/turtlebot3.cpp.o] Interrupt
[257.248s] gmake[2]: *** [CMakeFiles/turtlebot3_node_lib.dir/build.make:202: CMakeFiles/turtlebot3_node_lib.dir/src/sensors/joint_state.cpp.o] Interrupt
[257.249s] gmake[2]: *** [CMakeFiles/turtlebot3_node_lib.dir/build.make:216: CMakeFiles/turtlebot3_node_lib.dir/src/sensors/sensor_state.cpp.o] Interrupt
[257.249s] gmake[1]: *** [CMakeFiles/Makefile2:139: CMakeFiles/turtlebot3_node_lib.dir/all] Interrupt
[257.249s] gmake: *** [Makefile:146: all] Interrupt
[257.265s] Invoked command in '/home/dingo/tb3_autonomy/src/build/turtlebot3_node' returned '-2': CMAKE_PREFIX_PATH=${CMAKE_PREFIX_PATH}:/home/dingo/tb3_autonomy/src/install/turtlebot3_teleop:/home/dingo/tb3_autonomy/src/install/turtlebot3_example:/home/dingo/turtlebot3_ws/install/turtlebot3_description:/opt/ros/jazzy /usr/bin/cmake --build /home/dingo/tb3_autonomy/src/build/turtlebot3_node -- -j4 -l4
