[0.030s] Invoking command in '/home/dingo/turtlebot3_ws/src/build/turtlebot3_node': CMAKE_PREFIX_PATH=${CMAKE_PREFIX_PATH}:/opt/ros/jazzy /usr/bin/cmake /home/dingo/turtlebot3_ws/src/turtlebot3/turtlebot3_node -DAMENT_CMAKE_SYMLINK_INSTALL=1 -DCMAKE_INSTALL_PREFIX=/home/dingo/turtlebot3_ws/src/install/turtlebot3_node
[0.298s] -- The C compiler identification is GNU 13.3.0
[0.565s] -- The CXX compiler identification is GNU 13.3.0
[0.639s] -- Detecting C compiler ABI info
[1.062s] -- Detecting C compiler ABI info - done
[1.096s] -- Check for working C compiler: /usr/bin/cc - skipped
[1.097s] -- Detecting C compile features
[1.099s] -- Detecting C compile features - done
[1.140s] -- Detecting CXX compiler ABI info
[1.599s] -- Detecting CXX compiler ABI info - done
[1.633s] -- Check for working CXX compiler: /usr/bin/c++ - skipped
[1.634s] -- Detecting CXX compile features
[1.636s] -- Detecting CXX compile features - done
[1.654s] -- Found ament_cmake: 2.5.4 (/opt/ros/jazzy/share/ament_cmake/cmake)
[2.317s] -- Found Python3: /usr/bin/python3 (found version "3.12.3") found components: Interpreter 
[2.644s] -- Override CMake install command with custom implementation using symlinks instead of copying resources
[2.906s] [31mCMake Error at CMakeLists.txt:19 (find_package):
[2.907s]   By not providing "Finddynamixel_sdk.cmake" in CMAKE_MODULE_PATH this
[2.907s]   project has asked CMake to find a package configuration file provided by
[2.908s]   "dynamixel_sdk", but CMake did not find one.
[2.908s] 
[2.908s]   Could not find a package configuration file provided by "dynamixel_sdk"
[2.909s]   with any of the following names:
[2.909s] 
[2.909s]     dynamixel_sdkConfig.cmake
[2.910s]     dynamixel_sdk-config.cmake
[2.910s] 
[2.910s]   Add the installation prefix of "dynamixel_sdk" to CMAKE_PREFIX_PATH or set
[2.911s]   "dynamixel_sdk_DIR" to a directory containing one of the above files.  If
[2.912s]   "dynamixel_sdk" provides a separate development package or SDK, be sure it
[2.913s]   has been installed.
[2.913s] 
[2.914s] [0m
[2.914s] -- Configuring incomplete, errors occurred!
[2.927s] Invoked command in '/home/dingo/turtlebot3_ws/src/build/turtlebot3_node' returned '1': CMAKE_PREFIX_PATH=${CMAKE_PREFIX_PATH}:/opt/ros/jazzy /usr/bin/cmake /home/dingo/turtlebot3_ws/src/turtlebot3/turtlebot3_node -DAMENT_CMAKE_SYMLINK_INSTALL=1 -DCMAKE_INSTALL_PREFIX=/home/dingo/turtlebot3_ws/src/install/turtlebot3_node
