[7.469s] Invoking command in '/home/dingo/turtlebot3_ws/src/build/turtlebot3_teleop': PYTHONPATH=/home/dingo/turtlebot3_ws/src/build/turtlebot3_teleop/prefix_override:/usr/lib/python3/dist-packages/colcon_core/task/python/colcon_distutils_commands:/home/dingo/turtlebot3_ws/src/install/turtlebot3_teleop/lib/python3.12/site-packages:${PYTHONPATH} /usr/bin/python3 -W ignore:setup.py install is deprecated -W ignore:easy_install command is deprecated setup.py develop --uninstall --editable --build-directory /home/dingo/turtlebot3_ws/src/build/turtlebot3_teleop/build
[9.406s] running develop
[10.682s] Removing /home/dingo/turtlebot3_ws/src/install/turtlebot3_teleop/lib/python3.12/site-packages/turtlebot3-teleop.egg-link (link to .)
[10.860s] Invoked command in '/home/dingo/turtlebot3_ws/src/build/turtlebot3_teleop' returned '0': PYTHONPATH=/home/dingo/turtlebot3_ws/src/build/turtlebot3_teleop/prefix_override:/usr/lib/python3/dist-packages/colcon_core/task/python/colcon_distutils_commands:/home/dingo/turtlebot3_ws/src/install/turtlebot3_teleop/lib/python3.12/site-packages:${PYTHONPATH} /usr/bin/python3 -W ignore:setup.py install is deprecated -W ignore:easy_install command is deprecated setup.py develop --uninstall --editable --build-directory /home/dingo/turtlebot3_ws/src/build/turtlebot3_teleop/build
[10.864s] Invoking command in '/home/dingo/turtlebot3_ws/src/turtlebot3/turtlebot3_teleop': PYTHONPATH=/home/dingo/turtlebot3_ws/src/build/turtlebot3_teleop/prefix_override:/usr/lib/python3/dist-packages/colcon_core/task/python/colcon_distutils_commands:/home/dingo/turtlebot3_ws/src/install/turtlebot3_teleop/lib/python3.12/site-packages:${PYTHONPATH} /usr/bin/python3 -W ignore:setup.py install is deprecated -W ignore:easy_install command is deprecated setup.py egg_info --egg-base ../../build/turtlebot3_teleop build --build-base /home/dingo/turtlebot3_ws/src/build/turtlebot3_teleop/build install --record /home/dingo/turtlebot3_ws/src/build/turtlebot3_teleop/install.log --single-version-externally-managed install_data --force
[12.115s] running egg_info
[12.199s] writing ../../build/turtlebot3_teleop/turtlebot3_teleop.egg-info/PKG-INFO
[12.201s] writing dependency_links to ../../build/turtlebot3_teleop/turtlebot3_teleop.egg-info/dependency_links.txt
[12.207s] writing entry points to ../../build/turtlebot3_teleop/turtlebot3_teleop.egg-info/entry_points.txt
[12.207s] writing requirements to ../../build/turtlebot3_teleop/turtlebot3_teleop.egg-info/requires.txt
[12.208s] writing top-level names to ../../build/turtlebot3_teleop/turtlebot3_teleop.egg-info/top_level.txt
[12.381s] reading manifest file '../../build/turtlebot3_teleop/turtlebot3_teleop.egg-info/SOURCES.txt'
[12.387s] writing manifest file '../../build/turtlebot3_teleop/turtlebot3_teleop.egg-info/SOURCES.txt'
[12.391s] running build
[12.393s] running build_py
[12.394s] creating /home/dingo/turtlebot3_ws/src/build/turtlebot3_teleop/build
[12.395s] creating /home/dingo/turtlebot3_ws/src/build/turtlebot3_teleop/build/lib
[12.395s] creating /home/dingo/turtlebot3_ws/src/build/turtlebot3_teleop/build/lib/turtlebot3_teleop
[12.396s] copying turtlebot3_teleop/__init__.py -> /home/dingo/turtlebot3_ws/src/build/turtlebot3_teleop/build/lib/turtlebot3_teleop
[12.396s] creating /home/dingo/turtlebot3_ws/src/build/turtlebot3_teleop/build/lib/turtlebot3_teleop/script
[12.397s] copying turtlebot3_teleop/script/teleop_keyboard.py -> /home/dingo/turtlebot3_ws/src/build/turtlebot3_teleop/build/lib/turtlebot3_teleop/script
[12.397s] copying turtlebot3_teleop/script/__init__.py -> /home/dingo/turtlebot3_ws/src/build/turtlebot3_teleop/build/lib/turtlebot3_teleop/script
[12.398s] running install
[12.423s] running install_lib
[12.522s] creating /home/dingo/turtlebot3_ws/src/install/turtlebot3_teleop/lib/python3.12/site-packages/turtlebot3_teleop
[12.523s] creating /home/dingo/turtlebot3_ws/src/install/turtlebot3_teleop/lib/python3.12/site-packages/turtlebot3_teleop/script
[12.524s] copying /home/dingo/turtlebot3_ws/src/build/turtlebot3_teleop/build/lib/turtlebot3_teleop/script/teleop_keyboard.py -> /home/dingo/turtlebot3_ws/src/install/turtlebot3_teleop/lib/python3.12/site-packages/turtlebot3_teleop/script
[12.525s] copying /home/dingo/turtlebot3_ws/src/build/turtlebot3_teleop/build/lib/turtlebot3_teleop/script/__init__.py -> /home/dingo/turtlebot3_ws/src/install/turtlebot3_teleop/lib/python3.12/site-packages/turtlebot3_teleop/script
[12.526s] copying /home/dingo/turtlebot3_ws/src/build/turtlebot3_teleop/build/lib/turtlebot3_teleop/__init__.py -> /home/dingo/turtlebot3_ws/src/install/turtlebot3_teleop/lib/python3.12/site-packages/turtlebot3_teleop
[12.530s] byte-compiling /home/dingo/turtlebot3_ws/src/install/turtlebot3_teleop/lib/python3.12/site-packages/turtlebot3_teleop/script/teleop_keyboard.py to teleop_keyboard.cpython-312.pyc
[12.537s] byte-compiling /home/dingo/turtlebot3_ws/src/install/turtlebot3_teleop/lib/python3.12/site-packages/turtlebot3_teleop/script/__init__.py to __init__.cpython-312.pyc
[12.539s] byte-compiling /home/dingo/turtlebot3_ws/src/install/turtlebot3_teleop/lib/python3.12/site-packages/turtlebot3_teleop/__init__.py to __init__.cpython-312.pyc
[12.541s] running install_data
[12.541s] copying resource/turtlebot3_teleop -> /home/dingo/turtlebot3_ws/src/install/turtlebot3_teleop/share/ament_index/resource_index/packages
[12.542s] copying package.xml -> /home/dingo/turtlebot3_ws/src/install/turtlebot3_teleop/share/turtlebot3_teleop
[12.544s] running install_egg_info
[12.633s] Copying ../../build/turtlebot3_teleop/turtlebot3_teleop.egg-info to /home/dingo/turtlebot3_ws/src/install/turtlebot3_teleop/lib/python3.12/site-packages/turtlebot3_teleop-2.3.1-py3.12.egg-info
[12.639s] running install_scripts
[13.315s] Installing teleop_keyboard script to /home/dingo/turtlebot3_ws/src/install/turtlebot3_teleop/lib/turtlebot3_teleop
[13.317s] writing list of installed files to '/home/dingo/turtlebot3_ws/src/build/turtlebot3_teleop/install.log'
[13.472s] Invoked command in '/home/dingo/turtlebot3_ws/src/turtlebot3/turtlebot3_teleop' returned '0': PYTHONPATH=/home/dingo/turtlebot3_ws/src/build/turtlebot3_teleop/prefix_override:/usr/lib/python3/dist-packages/colcon_core/task/python/colcon_distutils_commands:/home/dingo/turtlebot3_ws/src/install/turtlebot3_teleop/lib/python3.12/site-packages:${PYTHONPATH} /usr/bin/python3 -W ignore:setup.py install is deprecated -W ignore:easy_install command is deprecated setup.py egg_info --egg-base ../../build/turtlebot3_teleop build --build-base /home/dingo/turtlebot3_ws/src/build/turtlebot3_teleop/build install --record /home/dingo/turtlebot3_ws/src/build/turtlebot3_teleop/install.log --single-version-externally-managed install_data --force
