[6.876s] Invoking command in '/home/dingo/tb3_autonomy/src/build/turtlebot3_teleop': PYTHONPATH=/home/dingo/tb3_autonomy/src/build/turtlebot3_teleop/prefix_override:/usr/lib/python3/dist-packages/colcon_core/task/python/colcon_distutils_commands:/home/dingo/tb3_autonomy/src/install/turtlebot3_teleop/lib/python3.12/site-packages:${PYTHONPATH} /usr/bin/python3 -W ignore:setup.py install is deprecated -W ignore:easy_install command is deprecated setup.py develop --editable --build-directory /home/dingo/tb3_autonomy/src/build/turtlebot3_teleop/build --no-deps symlink_data
[8.940s] running develop
[10.083s] running egg_info
[10.085s] creating turtlebot3_teleop.egg-info
[10.174s] writing turtlebot3_teleop.egg-info/PKG-INFO
[10.178s] writing dependency_links to turtlebot3_teleop.egg-info/dependency_links.txt
[10.178s] writing entry points to turtlebot3_teleop.egg-info/entry_points.txt
[10.179s] writing requirements to turtlebot3_teleop.egg-info/requires.txt
[10.187s] writing top-level names to turtlebot3_teleop.egg-info/top_level.txt
[10.188s] writing manifest file 'turtlebot3_teleop.egg-info/SOURCES.txt'
[10.394s] reading manifest file 'turtlebot3_teleop.egg-info/SOURCES.txt'
[10.397s] writing manifest file 'turtlebot3_teleop.egg-info/SOURCES.txt'
[10.539s] running build_ext
[10.548s] Creating /home/dingo/tb3_autonomy/src/install/turtlebot3_teleop/lib/python3.12/site-packages/turtlebot3-teleop.egg-link (link to .)
[10.552s] Installing teleop_joy_stamped script to /home/dingo/tb3_autonomy/src/install/turtlebot3_teleop/lib/turtlebot3_teleop
[10.553s] Installing teleop_keyboard script to /home/dingo/tb3_autonomy/src/install/turtlebot3_teleop/lib/turtlebot3_teleop
[10.559s] 
[10.562s] Installed /home/dingo/tb3_autonomy/src/build/turtlebot3_teleop
[10.564s] running symlink_data
[10.789s] Invoked command in '/home/dingo/tb3_autonomy/src/build/turtlebot3_teleop' returned '0': PYTHONPATH=/home/dingo/tb3_autonomy/src/build/turtlebot3_teleop/prefix_override:/usr/lib/python3/dist-packages/colcon_core/task/python/colcon_distutils_commands:/home/dingo/tb3_autonomy/src/install/turtlebot3_teleop/lib/python3.12/site-packages:${PYTHONPATH} /usr/bin/python3 -W ignore:setup.py install is deprecated -W ignore:easy_install command is deprecated setup.py develop --editable --build-directory /home/dingo/tb3_autonomy/src/build/turtlebot3_teleop/build --no-deps symlink_data
