[0.431s] DEBUG:colcon:Command line arguments: ['/usr/bin/colcon', 'build', '--symlink-install', '--parallel-workers', '1']
[0.431s] DEBUG:colcon:Parsed command line arguments: Namespace(log_base=None, log_level=None, verb_name='build', build_base='build', install_base='install', merge_install=False, symlink_install=True, test_result_base=None, continue_on_error=False, executor='parallel', parallel_workers=1, event_handlers=None, ignore_user_meta=False, metas=['./colcon.meta'], base_paths=['.'], packages_ignore=None, packages_ignore_regex=None, paths=None, packages_up_to=None, packages_up_to_regex=None, packages_above=None, packages_above_and_dependencies=None, packages_above_depth=None, packages_select_by_dep=None, packages_skip_by_dep=None, packages_skip_up_to=None, packages_select_build_failed=False, packages_skip_build_finished=False, packages_select_test_failures=False, packages_skip_test_passed=False, packages_select=None, packages_skip=None, packages_select_regex=None, packages_skip_regex=None, packages_start=None, packages_end=None, allow_overriding=[], cmake_args=None, cmake_target=None, cmake_target_skip_unavailable=False, cmake_clean_cache=False, cmake_clean_first=False, cmake_force_configure=False, ament_cmake_args=None, catkin_cmake_args=None, catkin_skip_building_tests=False, mixin_files=None, mixin=None, verb_parser=<colcon_mixin.mixin.mixin_argument.MixinArgumentDecorator object at 0xffff99286930>, verb_extension=<colcon_core.verb.build.BuildVerb object at 0xffff99433050>, main=<bound method BuildVerb.main of <colcon_core.verb.build.BuildVerb object at 0xffff99433050>>, mixin_verb=('build',))
[0.599s] Level 1:colcon.colcon_core.package_discovery:discover_packages(colcon_meta) check parameters
[0.600s] Level 1:colcon.colcon_core.package_discovery:discover_packages(recursive) check parameters
[0.600s] Level 1:colcon.colcon_core.package_discovery:discover_packages(ignore) check parameters
[0.600s] Level 1:colcon.colcon_core.package_discovery:discover_packages(path) check parameters
[0.600s] Level 1:colcon.colcon_core.package_discovery:discover_packages(colcon_meta) discover
[0.600s] Level 1:colcon.colcon_core.package_discovery:discover_packages(recursive) discover
[0.600s] INFO:colcon.colcon_core.package_discovery:Crawling recursively for packages in '/home/dingo/turtlebot3_ws/src'
[0.601s] Level 1:colcon.colcon_core.package_identification:_identify(.) by extensions ['ignore', 'ignore_ament_install']
[0.601s] Level 1:colcon.colcon_core.package_identification:_identify(.) by extension 'ignore'
[0.601s] Level 1:colcon.colcon_core.package_identification:_identify(.) by extension 'ignore_ament_install'
[0.602s] Level 1:colcon.colcon_core.package_identification:_identify(.) by extensions ['colcon_pkg']
[0.602s] Level 1:colcon.colcon_core.package_identification:_identify(.) by extension 'colcon_pkg'
[0.602s] Level 1:colcon.colcon_core.package_identification:_identify(.) by extensions ['colcon_meta']
[0.602s] Level 1:colcon.colcon_core.package_identification:_identify(.) by extension 'colcon_meta'
[0.602s] Level 1:colcon.colcon_core.package_identification:_identify(.) by extensions ['ros']
[0.602s] Level 1:colcon.colcon_core.package_identification:_identify(.) by extension 'ros'
[0.707s] Level 1:colcon.colcon_core.package_identification:_identify(.) by extensions ['cmake', 'python']
[0.707s] Level 1:colcon.colcon_core.package_identification:_identify(.) by extension 'cmake'
[0.707s] Level 1:colcon.colcon_core.package_identification:_identify(.) by extension 'python'
[0.708s] Level 1:colcon.colcon_core.package_identification:_identify(.) by extensions ['python_setup_py']
[0.708s] Level 1:colcon.colcon_core.package_identification:_identify(.) by extension 'python_setup_py'
[0.708s] Level 1:colcon.colcon_core.package_identification:_identify(build) by extensions ['ignore', 'ignore_ament_install']
[0.708s] Level 1:colcon.colcon_core.package_identification:_identify(build) by extension 'ignore'
[0.709s] Level 1:colcon.colcon_core.package_identification:_identify(build) ignored
[0.709s] Level 1:colcon.colcon_core.package_identification:_identify(install) by extensions ['ignore', 'ignore_ament_install']
[0.710s] Level 1:colcon.colcon_core.package_identification:_identify(install) by extension 'ignore'
[0.710s] Level 1:colcon.colcon_core.package_identification:_identify(install) ignored
[0.710s] Level 1:colcon.colcon_core.package_identification:_identify(ld08_driver) by extensions ['ignore', 'ignore_ament_install']
[0.710s] Level 1:colcon.colcon_core.package_identification:_identify(ld08_driver) by extension 'ignore'
[0.711s] Level 1:colcon.colcon_core.package_identification:_identify(ld08_driver) by extension 'ignore_ament_install'
[0.711s] Level 1:colcon.colcon_core.package_identification:_identify(ld08_driver) by extensions ['colcon_pkg']
[0.711s] Level 1:colcon.colcon_core.package_identification:_identify(ld08_driver) by extension 'colcon_pkg'
[0.711s] Level 1:colcon.colcon_core.package_identification:_identify(ld08_driver) by extensions ['colcon_meta']
[0.711s] Level 1:colcon.colcon_core.package_identification:_identify(ld08_driver) by extension 'colcon_meta'
[0.711s] Level 1:colcon.colcon_core.package_identification:_identify(ld08_driver) by extensions ['ros']
[0.711s] Level 1:colcon.colcon_core.package_identification:_identify(ld08_driver) by extension 'ros'
[0.721s] DEBUG:colcon.colcon_core.package_identification:Package 'ld08_driver' with type 'ros.ament_cmake' and name 'ld08_driver'
[0.721s] Level 1:colcon.colcon_core.package_identification:_identify(log) by extensions ['ignore', 'ignore_ament_install']
[0.722s] Level 1:colcon.colcon_core.package_identification:_identify(log) by extension 'ignore'
[0.722s] Level 1:colcon.colcon_core.package_identification:_identify(log) ignored
[0.722s] Level 1:colcon.colcon_core.package_identification:_identify(turtlebot3) by extensions ['ignore', 'ignore_ament_install']
[0.722s] Level 1:colcon.colcon_core.package_identification:_identify(turtlebot3) by extension 'ignore'
[0.723s] Level 1:colcon.colcon_core.package_identification:_identify(turtlebot3) by extension 'ignore_ament_install'
[0.723s] Level 1:colcon.colcon_core.package_identification:_identify(turtlebot3) by extensions ['colcon_pkg']
[0.723s] Level 1:colcon.colcon_core.package_identification:_identify(turtlebot3) by extension 'colcon_pkg'
[0.723s] Level 1:colcon.colcon_core.package_identification:_identify(turtlebot3) by extensions ['colcon_meta']
[0.723s] Level 1:colcon.colcon_core.package_identification:_identify(turtlebot3) by extension 'colcon_meta'
[0.723s] Level 1:colcon.colcon_core.package_identification:_identify(turtlebot3) by extensions ['ros']
[0.724s] Level 1:colcon.colcon_core.package_identification:_identify(turtlebot3) by extension 'ros'
[0.724s] Level 1:colcon.colcon_core.package_identification:_identify(turtlebot3) by extensions ['cmake', 'python']
[0.724s] Level 1:colcon.colcon_core.package_identification:_identify(turtlebot3) by extension 'cmake'
[0.724s] Level 1:colcon.colcon_core.package_identification:_identify(turtlebot3) by extension 'python'
[0.724s] Level 1:colcon.colcon_core.package_identification:_identify(turtlebot3) by extensions ['python_setup_py']
[0.725s] Level 1:colcon.colcon_core.package_identification:_identify(turtlebot3) by extension 'python_setup_py'
[0.725s] Level 1:colcon.colcon_core.package_identification:_identify(turtlebot3/turtlebot3) by extensions ['ignore', 'ignore_ament_install']
[0.725s] Level 1:colcon.colcon_core.package_identification:_identify(turtlebot3/turtlebot3) by extension 'ignore'
[0.726s] Level 1:colcon.colcon_core.package_identification:_identify(turtlebot3/turtlebot3) by extension 'ignore_ament_install'
[0.726s] Level 1:colcon.colcon_core.package_identification:_identify(turtlebot3/turtlebot3) by extensions ['colcon_pkg']
[0.726s] Level 1:colcon.colcon_core.package_identification:_identify(turtlebot3/turtlebot3) by extension 'colcon_pkg'
[0.726s] Level 1:colcon.colcon_core.package_identification:_identify(turtlebot3/turtlebot3) by extensions ['colcon_meta']
[0.726s] Level 1:colcon.colcon_core.package_identification:_identify(turtlebot3/turtlebot3) by extension 'colcon_meta'
[0.726s] Level 1:colcon.colcon_core.package_identification:_identify(turtlebot3/turtlebot3) by extensions ['ros']
[0.726s] Level 1:colcon.colcon_core.package_identification:_identify(turtlebot3/turtlebot3) by extension 'ros'
[0.729s] DEBUG:colcon.colcon_core.package_identification:Package 'turtlebot3/turtlebot3' with type 'ros.ament_cmake' and name 'turtlebot3'
[0.729s] Level 1:colcon.colcon_core.package_identification:_identify(turtlebot3/turtlebot3_bringup) by extensions ['ignore', 'ignore_ament_install']
[0.729s] Level 1:colcon.colcon_core.package_identification:_identify(turtlebot3/turtlebot3_bringup) by extension 'ignore'
[0.730s] Level 1:colcon.colcon_core.package_identification:_identify(turtlebot3/turtlebot3_bringup) by extension 'ignore_ament_install'
[0.730s] Level 1:colcon.colcon_core.package_identification:_identify(turtlebot3/turtlebot3_bringup) by extensions ['colcon_pkg']
[0.730s] Level 1:colcon.colcon_core.package_identification:_identify(turtlebot3/turtlebot3_bringup) by extension 'colcon_pkg'
[0.730s] Level 1:colcon.colcon_core.package_identification:_identify(turtlebot3/turtlebot3_bringup) by extensions ['colcon_meta']
[0.730s] Level 1:colcon.colcon_core.package_identification:_identify(turtlebot3/turtlebot3_bringup) by extension 'colcon_meta'
[0.731s] Level 1:colcon.colcon_core.package_identification:_identify(turtlebot3/turtlebot3_bringup) by extensions ['ros']
[0.731s] Level 1:colcon.colcon_core.package_identification:_identify(turtlebot3/turtlebot3_bringup) by extension 'ros'
[0.733s] DEBUG:colcon.colcon_core.package_identification:Package 'turtlebot3/turtlebot3_bringup' with type 'ros.ament_cmake' and name 'turtlebot3_bringup'
[0.733s] Level 1:colcon.colcon_core.package_identification:_identify(turtlebot3/turtlebot3_description) by extensions ['ignore', 'ignore_ament_install']
[0.734s] Level 1:colcon.colcon_core.package_identification:_identify(turtlebot3/turtlebot3_description) by extension 'ignore'
[0.734s] Level 1:colcon.colcon_core.package_identification:_identify(turtlebot3/turtlebot3_description) by extension 'ignore_ament_install'
[0.734s] Level 1:colcon.colcon_core.package_identification:_identify(turtlebot3/turtlebot3_description) by extensions ['colcon_pkg']
[0.734s] Level 1:colcon.colcon_core.package_identification:_identify(turtlebot3/turtlebot3_description) by extension 'colcon_pkg'
[0.734s] Level 1:colcon.colcon_core.package_identification:_identify(turtlebot3/turtlebot3_description) by extensions ['colcon_meta']
[0.735s] Level 1:colcon.colcon_core.package_identification:_identify(turtlebot3/turtlebot3_description) by extension 'colcon_meta'
[0.735s] Level 1:colcon.colcon_core.package_identification:_identify(turtlebot3/turtlebot3_description) by extensions ['ros']
[0.735s] Level 1:colcon.colcon_core.package_identification:_identify(turtlebot3/turtlebot3_description) by extension 'ros'
[0.737s] DEBUG:colcon.colcon_core.package_identification:Package 'turtlebot3/turtlebot3_description' with type 'ros.ament_cmake' and name 'turtlebot3_description'
[0.737s] Level 1:colcon.colcon_core.package_identification:_identify(turtlebot3/turtlebot3_example) by extensions ['ignore', 'ignore_ament_install']
[0.738s] Level 1:colcon.colcon_core.package_identification:_identify(turtlebot3/turtlebot3_example) by extension 'ignore'
[0.738s] Level 1:colcon.colcon_core.package_identification:_identify(turtlebot3/turtlebot3_example) by extension 'ignore_ament_install'
[0.738s] Level 1:colcon.colcon_core.package_identification:_identify(turtlebot3/turtlebot3_example) by extensions ['colcon_pkg']
[0.738s] Level 1:colcon.colcon_core.package_identification:_identify(turtlebot3/turtlebot3_example) by extension 'colcon_pkg'
[0.738s] Level 1:colcon.colcon_core.package_identification:_identify(turtlebot3/turtlebot3_example) by extensions ['colcon_meta']
[0.738s] Level 1:colcon.colcon_core.package_identification:_identify(turtlebot3/turtlebot3_example) by extension 'colcon_meta'
[0.739s] Level 1:colcon.colcon_core.package_identification:_identify(turtlebot3/turtlebot3_example) by extensions ['ros']
[0.739s] Level 1:colcon.colcon_core.package_identification:_identify(turtlebot3/turtlebot3_example) by extension 'ros'
[0.742s] DEBUG:colcon.colcon_core.package_identification:Package 'turtlebot3/turtlebot3_example' with type 'ros.ament_python' and name 'turtlebot3_example'
[0.743s] Level 1:colcon.colcon_core.package_identification:_identify(turtlebot3/turtlebot3_node) by extensions ['ignore', 'ignore_ament_install']
[0.743s] Level 1:colcon.colcon_core.package_identification:_identify(turtlebot3/turtlebot3_node) by extension 'ignore'
[0.743s] Level 1:colcon.colcon_core.package_identification:_identify(turtlebot3/turtlebot3_node) by extension 'ignore_ament_install'
[0.743s] Level 1:colcon.colcon_core.package_identification:_identify(turtlebot3/turtlebot3_node) by extensions ['colcon_pkg']
[0.743s] Level 1:colcon.colcon_core.package_identification:_identify(turtlebot3/turtlebot3_node) by extension 'colcon_pkg'
[0.744s] Level 1:colcon.colcon_core.package_identification:_identify(turtlebot3/turtlebot3_node) by extensions ['colcon_meta']
[0.744s] Level 1:colcon.colcon_core.package_identification:_identify(turtlebot3/turtlebot3_node) by extension 'colcon_meta'
[0.744s] Level 1:colcon.colcon_core.package_identification:_identify(turtlebot3/turtlebot3_node) by extensions ['ros']
[0.744s] Level 1:colcon.colcon_core.package_identification:_identify(turtlebot3/turtlebot3_node) by extension 'ros'
[0.749s] DEBUG:colcon.colcon_core.package_identification:Package 'turtlebot3/turtlebot3_node' with type 'ros.ament_cmake' and name 'turtlebot3_node'
[0.750s] Level 1:colcon.colcon_core.package_identification:_identify(turtlebot3/turtlebot3_teleop) by extensions ['ignore', 'ignore_ament_install']
[0.750s] Level 1:colcon.colcon_core.package_identification:_identify(turtlebot3/turtlebot3_teleop) by extension 'ignore'
[0.750s] Level 1:colcon.colcon_core.package_identification:_identify(turtlebot3/turtlebot3_teleop) by extension 'ignore_ament_install'
[0.750s] Level 1:colcon.colcon_core.package_identification:_identify(turtlebot3/turtlebot3_teleop) by extensions ['colcon_pkg']
[0.750s] Level 1:colcon.colcon_core.package_identification:_identify(turtlebot3/turtlebot3_teleop) by extension 'colcon_pkg'
[0.751s] Level 1:colcon.colcon_core.package_identification:_identify(turtlebot3/turtlebot3_teleop) by extensions ['colcon_meta']
[0.751s] Level 1:colcon.colcon_core.package_identification:_identify(turtlebot3/turtlebot3_teleop) by extension 'colcon_meta'
[0.751s] Level 1:colcon.colcon_core.package_identification:_identify(turtlebot3/turtlebot3_teleop) by extensions ['ros']
[0.751s] Level 1:colcon.colcon_core.package_identification:_identify(turtlebot3/turtlebot3_teleop) by extension 'ros'
[0.753s] DEBUG:colcon.colcon_core.package_identification:Package 'turtlebot3/turtlebot3_teleop' with type 'ros.ament_python' and name 'turtlebot3_teleop'
[0.753s] Level 1:colcon.colcon_core.package_discovery:discover_packages(recursive) using defaults
[0.753s] Level 1:colcon.colcon_core.package_discovery:discover_packages(ignore) discover
[0.753s] Level 1:colcon.colcon_core.package_discovery:discover_packages(ignore) using defaults
[0.753s] Level 1:colcon.colcon_core.package_discovery:discover_packages(path) discover
[0.754s] Level 1:colcon.colcon_core.package_discovery:discover_packages(path) using defaults
[0.826s] Level 1:colcon.colcon_core.package_discovery:discover_packages(prefix_path) check parameters
[0.826s] Level 1:colcon.colcon_core.package_discovery:discover_packages(prefix_path) discover
[0.835s] DEBUG:colcon.colcon_installed_package_information.package_discovery:Found 2 installed packages in /home/dingo/turtlebot3_ws/install
[0.842s] DEBUG:colcon.colcon_installed_package_information.package_discovery:Found 193 installed packages in /opt/ros/jazzy
[0.845s] Level 1:colcon.colcon_core.package_discovery:discover_packages(prefix_path) using defaults
[0.978s] Level 5:colcon.colcon_core.verb:set package 'ld08_driver' build argument 'cmake_args' from command line to 'None'
[0.978s] Level 5:colcon.colcon_core.verb:set package 'ld08_driver' build argument 'cmake_target' from command line to 'None'
[0.978s] Level 5:colcon.colcon_core.verb:set package 'ld08_driver' build argument 'cmake_target_skip_unavailable' from command line to 'False'
[0.978s] Level 5:colcon.colcon_core.verb:set package 'ld08_driver' build argument 'cmake_clean_cache' from command line to 'False'
[0.978s] Level 5:colcon.colcon_core.verb:set package 'ld08_driver' build argument 'cmake_clean_first' from command line to 'False'
[0.978s] Level 5:colcon.colcon_core.verb:set package 'ld08_driver' build argument 'cmake_force_configure' from command line to 'False'
[0.978s] Level 5:colcon.colcon_core.verb:set package 'ld08_driver' build argument 'ament_cmake_args' from command line to 'None'
[0.979s] Level 5:colcon.colcon_core.verb:set package 'ld08_driver' build argument 'catkin_cmake_args' from command line to 'None'
[0.979s] Level 5:colcon.colcon_core.verb:set package 'ld08_driver' build argument 'catkin_skip_building_tests' from command line to 'False'
[0.979s] DEBUG:colcon.colcon_core.verb:Building package 'ld08_driver' with the following arguments: {'ament_cmake_args': None, 'build_base': '/home/dingo/turtlebot3_ws/src/build/ld08_driver', 'catkin_cmake_args': None, 'catkin_skip_building_tests': False, 'cmake_args': None, 'cmake_clean_cache': False, 'cmake_clean_first': False, 'cmake_force_configure': False, 'cmake_target': None, 'cmake_target_skip_unavailable': False, 'install_base': '/home/dingo/turtlebot3_ws/src/install/ld08_driver', 'merge_install': False, 'path': '/home/dingo/turtlebot3_ws/src/ld08_driver', 'symlink_install': True, 'test_result_base': None}
[0.980s] Level 5:colcon.colcon_core.verb:set package 'turtlebot3_description' build argument 'cmake_args' from command line to 'None'
[0.980s] Level 5:colcon.colcon_core.verb:set package 'turtlebot3_description' build argument 'cmake_target' from command line to 'None'
[0.980s] Level 5:colcon.colcon_core.verb:set package 'turtlebot3_description' build argument 'cmake_target_skip_unavailable' from command line to 'False'
[0.980s] Level 5:colcon.colcon_core.verb:set package 'turtlebot3_description' build argument 'cmake_clean_cache' from command line to 'False'
[0.980s] Level 5:colcon.colcon_core.verb:set package 'turtlebot3_description' build argument 'cmake_clean_first' from command line to 'False'
[0.981s] Level 5:colcon.colcon_core.verb:set package 'turtlebot3_description' build argument 'cmake_force_configure' from command line to 'False'
[0.981s] Level 5:colcon.colcon_core.verb:set package 'turtlebot3_description' build argument 'ament_cmake_args' from command line to 'None'
[0.981s] Level 5:colcon.colcon_core.verb:set package 'turtlebot3_description' build argument 'catkin_cmake_args' from command line to 'None'
[0.981s] Level 5:colcon.colcon_core.verb:set package 'turtlebot3_description' build argument 'catkin_skip_building_tests' from command line to 'False'
[0.981s] DEBUG:colcon.colcon_core.verb:Building package 'turtlebot3_description' with the following arguments: {'ament_cmake_args': None, 'build_base': '/home/dingo/turtlebot3_ws/src/build/turtlebot3_description', 'catkin_cmake_args': None, 'catkin_skip_building_tests': False, 'cmake_args': None, 'cmake_clean_cache': False, 'cmake_clean_first': False, 'cmake_force_configure': False, 'cmake_target': None, 'cmake_target_skip_unavailable': False, 'install_base': '/home/dingo/turtlebot3_ws/src/install/turtlebot3_description', 'merge_install': False, 'path': '/home/dingo/turtlebot3_ws/src/turtlebot3/turtlebot3_description', 'symlink_install': True, 'test_result_base': None}
[0.982s] Level 5:colcon.colcon_core.verb:set package 'turtlebot3_example' build argument 'cmake_args' from command line to 'None'
[0.982s] Level 5:colcon.colcon_core.verb:set package 'turtlebot3_example' build argument 'cmake_target' from command line to 'None'
[0.982s] Level 5:colcon.colcon_core.verb:set package 'turtlebot3_example' build argument 'cmake_target_skip_unavailable' from command line to 'False'
[0.982s] Level 5:colcon.colcon_core.verb:set package 'turtlebot3_example' build argument 'cmake_clean_cache' from command line to 'False'
[0.982s] Level 5:colcon.colcon_core.verb:set package 'turtlebot3_example' build argument 'cmake_clean_first' from command line to 'False'
[0.983s] Level 5:colcon.colcon_core.verb:set package 'turtlebot3_example' build argument 'cmake_force_configure' from command line to 'False'
[0.983s] Level 5:colcon.colcon_core.verb:set package 'turtlebot3_example' build argument 'ament_cmake_args' from command line to 'None'
[0.983s] Level 5:colcon.colcon_core.verb:set package 'turtlebot3_example' build argument 'catkin_cmake_args' from command line to 'None'
[0.983s] Level 5:colcon.colcon_core.verb:set package 'turtlebot3_example' build argument 'catkin_skip_building_tests' from command line to 'False'
[0.983s] DEBUG:colcon.colcon_core.verb:Building package 'turtlebot3_example' with the following arguments: {'ament_cmake_args': None, 'build_base': '/home/dingo/turtlebot3_ws/src/build/turtlebot3_example', 'catkin_cmake_args': None, 'catkin_skip_building_tests': False, 'cmake_args': None, 'cmake_clean_cache': False, 'cmake_clean_first': False, 'cmake_force_configure': False, 'cmake_target': None, 'cmake_target_skip_unavailable': False, 'install_base': '/home/dingo/turtlebot3_ws/src/install/turtlebot3_example', 'merge_install': False, 'path': '/home/dingo/turtlebot3_ws/src/turtlebot3/turtlebot3_example', 'symlink_install': True, 'test_result_base': None}
[0.984s] Level 5:colcon.colcon_core.verb:set package 'turtlebot3_node' build argument 'cmake_args' from command line to 'None'
[0.984s] Level 5:colcon.colcon_core.verb:set package 'turtlebot3_node' build argument 'cmake_target' from command line to 'None'
[0.984s] Level 5:colcon.colcon_core.verb:set package 'turtlebot3_node' build argument 'cmake_target_skip_unavailable' from command line to 'False'
[0.984s] Level 5:colcon.colcon_core.verb:set package 'turtlebot3_node' build argument 'cmake_clean_cache' from command line to 'False'
[0.984s] Level 5:colcon.colcon_core.verb:set package 'turtlebot3_node' build argument 'cmake_clean_first' from command line to 'False'
[0.985s] Level 5:colcon.colcon_core.verb:set package 'turtlebot3_node' build argument 'cmake_force_configure' from command line to 'False'
[0.985s] Level 5:colcon.colcon_core.verb:set package 'turtlebot3_node' build argument 'ament_cmake_args' from command line to 'None'
[0.985s] Level 5:colcon.colcon_core.verb:set package 'turtlebot3_node' build argument 'catkin_cmake_args' from command line to 'None'
[0.985s] Level 5:colcon.colcon_core.verb:set package 'turtlebot3_node' build argument 'catkin_skip_building_tests' from command line to 'False'
[0.985s] DEBUG:colcon.colcon_core.verb:Building package 'turtlebot3_node' with the following arguments: {'ament_cmake_args': None, 'build_base': '/home/dingo/turtlebot3_ws/src/build/turtlebot3_node', 'catkin_cmake_args': None, 'catkin_skip_building_tests': False, 'cmake_args': None, 'cmake_clean_cache': False, 'cmake_clean_first': False, 'cmake_force_configure': False, 'cmake_target': None, 'cmake_target_skip_unavailable': False, 'install_base': '/home/dingo/turtlebot3_ws/src/install/turtlebot3_node', 'merge_install': False, 'path': '/home/dingo/turtlebot3_ws/src/turtlebot3/turtlebot3_node', 'symlink_install': True, 'test_result_base': None}
[0.986s] Level 5:colcon.colcon_core.verb:set package 'turtlebot3_teleop' build argument 'cmake_args' from command line to 'None'
[0.986s] Level 5:colcon.colcon_core.verb:set package 'turtlebot3_teleop' build argument 'cmake_target' from command line to 'None'
[0.986s] Level 5:colcon.colcon_core.verb:set package 'turtlebot3_teleop' build argument 'cmake_target_skip_unavailable' from command line to 'False'
[0.986s] Level 5:colcon.colcon_core.verb:set package 'turtlebot3_teleop' build argument 'cmake_clean_cache' from command line to 'False'
[0.986s] Level 5:colcon.colcon_core.verb:set package 'turtlebot3_teleop' build argument 'cmake_clean_first' from command line to 'False'
[0.987s] Level 5:colcon.colcon_core.verb:set package 'turtlebot3_teleop' build argument 'cmake_force_configure' from command line to 'False'
[0.987s] Level 5:colcon.colcon_core.verb:set package 'turtlebot3_teleop' build argument 'ament_cmake_args' from command line to 'None'
[0.987s] Level 5:colcon.colcon_core.verb:set package 'turtlebot3_teleop' build argument 'catkin_cmake_args' from command line to 'None'
[0.987s] Level 5:colcon.colcon_core.verb:set package 'turtlebot3_teleop' build argument 'catkin_skip_building_tests' from command line to 'False'
[0.987s] DEBUG:colcon.colcon_core.verb:Building package 'turtlebot3_teleop' with the following arguments: {'ament_cmake_args': None, 'build_base': '/home/dingo/turtlebot3_ws/src/build/turtlebot3_teleop', 'catkin_cmake_args': None, 'catkin_skip_building_tests': False, 'cmake_args': None, 'cmake_clean_cache': False, 'cmake_clean_first': False, 'cmake_force_configure': False, 'cmake_target': None, 'cmake_target_skip_unavailable': False, 'install_base': '/home/dingo/turtlebot3_ws/src/install/turtlebot3_teleop', 'merge_install': False, 'path': '/home/dingo/turtlebot3_ws/src/turtlebot3/turtlebot3_teleop', 'symlink_install': True, 'test_result_base': None}
[0.988s] Level 5:colcon.colcon_core.verb:set package 'turtlebot3_bringup' build argument 'cmake_args' from command line to 'None'
[0.988s] Level 5:colcon.colcon_core.verb:set package 'turtlebot3_bringup' build argument 'cmake_target' from command line to 'None'
[0.989s] Level 5:colcon.colcon_core.verb:set package 'turtlebot3_bringup' build argument 'cmake_target_skip_unavailable' from command line to 'False'
[0.989s] Level 5:colcon.colcon_core.verb:set package 'turtlebot3_bringup' build argument 'cmake_clean_cache' from command line to 'False'
[0.989s] Level 5:colcon.colcon_core.verb:set package 'turtlebot3_bringup' build argument 'cmake_clean_first' from command line to 'False'
[0.989s] Level 5:colcon.colcon_core.verb:set package 'turtlebot3_bringup' build argument 'cmake_force_configure' from command line to 'False'
[0.989s] Level 5:colcon.colcon_core.verb:set package 'turtlebot3_bringup' build argument 'ament_cmake_args' from command line to 'None'
[0.989s] Level 5:colcon.colcon_core.verb:set package 'turtlebot3_bringup' build argument 'catkin_cmake_args' from command line to 'None'
[0.989s] Level 5:colcon.colcon_core.verb:set package 'turtlebot3_bringup' build argument 'catkin_skip_building_tests' from command line to 'False'
[0.989s] DEBUG:colcon.colcon_core.verb:Building package 'turtlebot3_bringup' with the following arguments: {'ament_cmake_args': None, 'build_base': '/home/dingo/turtlebot3_ws/src/build/turtlebot3_bringup', 'catkin_cmake_args': None, 'catkin_skip_building_tests': False, 'cmake_args': None, 'cmake_clean_cache': False, 'cmake_clean_first': False, 'cmake_force_configure': False, 'cmake_target': None, 'cmake_target_skip_unavailable': False, 'install_base': '/home/dingo/turtlebot3_ws/src/install/turtlebot3_bringup', 'merge_install': False, 'path': '/home/dingo/turtlebot3_ws/src/turtlebot3/turtlebot3_bringup', 'symlink_install': True, 'test_result_base': None}
[0.990s] Level 5:colcon.colcon_core.verb:set package 'turtlebot3' build argument 'cmake_args' from command line to 'None'
[0.990s] Level 5:colcon.colcon_core.verb:set package 'turtlebot3' build argument 'cmake_target' from command line to 'None'
[0.991s] Level 5:colcon.colcon_core.verb:set package 'turtlebot3' build argument 'cmake_target_skip_unavailable' from command line to 'False'
[0.991s] Level 5:colcon.colcon_core.verb:set package 'turtlebot3' build argument 'cmake_clean_cache' from command line to 'False'
[0.991s] Level 5:colcon.colcon_core.verb:set package 'turtlebot3' build argument 'cmake_clean_first' from command line to 'False'
[0.991s] Level 5:colcon.colcon_core.verb:set package 'turtlebot3' build argument 'cmake_force_configure' from command line to 'False'
[0.991s] Level 5:colcon.colcon_core.verb:set package 'turtlebot3' build argument 'ament_cmake_args' from command line to 'None'
[0.991s] Level 5:colcon.colcon_core.verb:set package 'turtlebot3' build argument 'catkin_cmake_args' from command line to 'None'
[0.991s] Level 5:colcon.colcon_core.verb:set package 'turtlebot3' build argument 'catkin_skip_building_tests' from command line to 'False'
[0.991s] DEBUG:colcon.colcon_core.verb:Building package 'turtlebot3' with the following arguments: {'ament_cmake_args': None, 'build_base': '/home/dingo/turtlebot3_ws/src/build/turtlebot3', 'catkin_cmake_args': None, 'catkin_skip_building_tests': False, 'cmake_args': None, 'cmake_clean_cache': False, 'cmake_clean_first': False, 'cmake_force_configure': False, 'cmake_target': None, 'cmake_target_skip_unavailable': False, 'install_base': '/home/dingo/turtlebot3_ws/src/install/turtlebot3', 'merge_install': False, 'path': '/home/dingo/turtlebot3_ws/src/turtlebot3/turtlebot3', 'symlink_install': True, 'test_result_base': None}
[0.992s] INFO:colcon.colcon_core.executor:Executing jobs using 'parallel' executor
[0.994s] DEBUG:colcon.colcon_parallel_executor.executor.parallel:run_until_complete
[0.995s] INFO:colcon.colcon_ros.task.ament_cmake.build:Building ROS package in '/home/dingo/turtlebot3_ws/src/turtlebot3/turtlebot3_description' with build type 'ament_cmake'
[0.997s] INFO:colcon.colcon_cmake.task.cmake.build:Building CMake package in '/home/dingo/turtlebot3_ws/src/turtlebot3/turtlebot3_description'
[1.004s] INFO:colcon.colcon_core.plugin_system:Skipping extension 'colcon_core.shell.bat': Not used on non-Windows systems
[1.005s] INFO:colcon.colcon_core.shell:Skip shell extension 'powershell' for command environment: Not usable outside of PowerShell
[1.005s] DEBUG:colcon.colcon_core.shell:Skip shell extension 'dsv' for command environment
[1.041s] DEBUG:colcon.colcon_core.event_handler.log_command:Invoking command in '/home/dingo/turtlebot3_ws/src/build/turtlebot3_description': CMAKE_PREFIX_PATH=${CMAKE_PREFIX_PATH}:/opt/ros/jazzy /usr/bin/cmake --build /home/dingo/turtlebot3_ws/src/build/turtlebot3_description -- -j4 -l4
[1.216s] DEBUG:colcon.colcon_core.event_handler.log_command:Invoked command in '/home/dingo/turtlebot3_ws/src/build/turtlebot3_description' returned '0': CMAKE_PREFIX_PATH=${CMAKE_PREFIX_PATH}:/opt/ros/jazzy /usr/bin/cmake --build /home/dingo/turtlebot3_ws/src/build/turtlebot3_description -- -j4 -l4
[1.258s] DEBUG:colcon.colcon_core.event_handler.log_command:Invoking command in '/home/dingo/turtlebot3_ws/src/build/turtlebot3_description': CMAKE_PREFIX_PATH=${CMAKE_PREFIX_PATH}:/opt/ros/jazzy /usr/bin/cmake --install /home/dingo/turtlebot3_ws/src/build/turtlebot3_description
[1.379s] Level 1:colcon.colcon_core.environment:create_environment_scripts_only(turtlebot3_description)
[1.381s] DEBUG:colcon.colcon_core.event_handler.log_command:Invoked command in '/home/dingo/turtlebot3_ws/src/build/turtlebot3_description' returned '0': CMAKE_PREFIX_PATH=${CMAKE_PREFIX_PATH}:/opt/ros/jazzy /usr/bin/cmake --install /home/dingo/turtlebot3_ws/src/build/turtlebot3_description
[1.389s] Level 1:colcon.colcon_core.environment:checking '/home/dingo/turtlebot3_ws/src/install/turtlebot3_description' for CMake module files
[1.392s] Level 1:colcon.colcon_core.environment:checking '/home/dingo/turtlebot3_ws/src/install/turtlebot3_description' for CMake config files
[1.394s] Level 1:colcon.colcon_core.shell:create_environment_hook('turtlebot3_description', 'cmake_prefix_path')
[1.395s] INFO:colcon.colcon_core.shell:Creating environment hook '/home/dingo/turtlebot3_ws/src/install/turtlebot3_description/share/turtlebot3_description/hook/cmake_prefix_path.ps1'
[1.397s] INFO:colcon.colcon_core.shell:Creating environment descriptor '/home/dingo/turtlebot3_ws/src/install/turtlebot3_description/share/turtlebot3_description/hook/cmake_prefix_path.dsv'
[1.399s] INFO:colcon.colcon_core.shell:Creating environment hook '/home/dingo/turtlebot3_ws/src/install/turtlebot3_description/share/turtlebot3_description/hook/cmake_prefix_path.sh'
[1.403s] Level 1:colcon.colcon_core.environment:checking '/home/dingo/turtlebot3_ws/src/install/turtlebot3_description/bin'
[1.403s] Level 1:colcon.colcon_core.environment:checking '/home/dingo/turtlebot3_ws/src/install/turtlebot3_description/lib/pkgconfig/turtlebot3_description.pc'
[1.404s] Level 1:colcon.colcon_core.environment:checking '/home/dingo/turtlebot3_ws/src/install/turtlebot3_description/lib/python3.12/site-packages'
[1.405s] Level 1:colcon.colcon_core.environment:checking '/home/dingo/turtlebot3_ws/src/install/turtlebot3_description/bin'
[1.405s] INFO:colcon.colcon_core.shell:Creating package script '/home/dingo/turtlebot3_ws/src/install/turtlebot3_description/share/turtlebot3_description/package.ps1'
[1.408s] INFO:colcon.colcon_core.shell:Creating package descriptor '/home/dingo/turtlebot3_ws/src/install/turtlebot3_description/share/turtlebot3_description/package.dsv'
[1.410s] INFO:colcon.colcon_core.shell:Creating package script '/home/dingo/turtlebot3_ws/src/install/turtlebot3_description/share/turtlebot3_description/package.sh'
[1.413s] INFO:colcon.colcon_core.shell:Creating package script '/home/dingo/turtlebot3_ws/src/install/turtlebot3_description/share/turtlebot3_description/package.bash'
[1.415s] INFO:colcon.colcon_core.shell:Creating package script '/home/dingo/turtlebot3_ws/src/install/turtlebot3_description/share/turtlebot3_description/package.zsh'
[1.418s] Level 1:colcon.colcon_core.environment:create_file_with_runtime_dependencies(/home/dingo/turtlebot3_ws/src/install/turtlebot3_description/share/colcon-core/packages/turtlebot3_description)
[1.421s] Level 1:colcon.colcon_core.environment:create_environment_scripts_only(turtlebot3_description)
[1.421s] Level 1:colcon.colcon_core.environment:checking '/home/dingo/turtlebot3_ws/src/install/turtlebot3_description' for CMake module files
[1.424s] Level 1:colcon.colcon_core.environment:checking '/home/dingo/turtlebot3_ws/src/install/turtlebot3_description' for CMake config files
[1.426s] Level 1:colcon.colcon_core.shell:create_environment_hook('turtlebot3_description', 'cmake_prefix_path')
[1.427s] INFO:colcon.colcon_core.shell:Creating environment hook '/home/dingo/turtlebot3_ws/src/install/turtlebot3_description/share/turtlebot3_description/hook/cmake_prefix_path.ps1'
[1.429s] INFO:colcon.colcon_core.shell:Creating environment descriptor '/home/dingo/turtlebot3_ws/src/install/turtlebot3_description/share/turtlebot3_description/hook/cmake_prefix_path.dsv'
[1.430s] INFO:colcon.colcon_core.shell:Creating environment hook '/home/dingo/turtlebot3_ws/src/install/turtlebot3_description/share/turtlebot3_description/hook/cmake_prefix_path.sh'
[1.432s] Level 1:colcon.colcon_core.environment:checking '/home/dingo/turtlebot3_ws/src/install/turtlebot3_description/bin'
[1.433s] Level 1:colcon.colcon_core.environment:checking '/home/dingo/turtlebot3_ws/src/install/turtlebot3_description/lib/pkgconfig/turtlebot3_description.pc'
[1.434s] Level 1:colcon.colcon_core.environment:checking '/home/dingo/turtlebot3_ws/src/install/turtlebot3_description/lib/python3.12/site-packages'
[1.434s] Level 1:colcon.colcon_core.environment:checking '/home/dingo/turtlebot3_ws/src/install/turtlebot3_description/bin'
[1.435s] INFO:colcon.colcon_core.shell:Creating package script '/home/dingo/turtlebot3_ws/src/install/turtlebot3_description/share/turtlebot3_description/package.ps1'
[1.437s] INFO:colcon.colcon_core.shell:Creating package descriptor '/home/dingo/turtlebot3_ws/src/install/turtlebot3_description/share/turtlebot3_description/package.dsv'
[1.439s] INFO:colcon.colcon_core.shell:Creating package script '/home/dingo/turtlebot3_ws/src/install/turtlebot3_description/share/turtlebot3_description/package.sh'
[1.441s] INFO:colcon.colcon_core.shell:Creating package script '/home/dingo/turtlebot3_ws/src/install/turtlebot3_description/share/turtlebot3_description/package.bash'
[1.443s] INFO:colcon.colcon_core.shell:Creating package script '/home/dingo/turtlebot3_ws/src/install/turtlebot3_description/share/turtlebot3_description/package.zsh'
[1.445s] Level 1:colcon.colcon_core.environment:create_file_with_runtime_dependencies(/home/dingo/turtlebot3_ws/src/install/turtlebot3_description/share/colcon-core/packages/turtlebot3_description)
[1.446s] INFO:colcon.colcon_ros.task.ament_cmake.build:Building ROS package in '/home/dingo/turtlebot3_ws/src/turtlebot3/turtlebot3_node' with build type 'ament_cmake'
[1.447s] INFO:colcon.colcon_cmake.task.cmake.build:Building CMake package in '/home/dingo/turtlebot3_ws/src/turtlebot3/turtlebot3_node'
[1.448s] INFO:colcon.colcon_core.shell:Skip shell extension 'powershell' for command environment: Not usable outside of PowerShell
[1.448s] DEBUG:colcon.colcon_core.shell:Skip shell extension 'dsv' for command environment
[1.480s] DEBUG:colcon.colcon_core.event_handler.log_command:Invoking command in '/home/dingo/turtlebot3_ws/src/build/turtlebot3_node': CMAKE_PREFIX_PATH=${CMAKE_PREFIX_PATH}:/opt/ros/jazzy /usr/bin/cmake /home/dingo/turtlebot3_ws/src/turtlebot3/turtlebot3_node -DAMENT_CMAKE_SYMLINK_INSTALL=1 -DCMAKE_INSTALL_PREFIX=/home/dingo/turtlebot3_ws/src/install/turtlebot3_node
[5.271s] DEBUG:colcon.colcon_core.event_handler.log_command:Invoked command in '/home/dingo/turtlebot3_ws/src/build/turtlebot3_node' returned '1': CMAKE_PREFIX_PATH=${CMAKE_PREFIX_PATH}:/opt/ros/jazzy /usr/bin/cmake /home/dingo/turtlebot3_ws/src/turtlebot3/turtlebot3_node -DAMENT_CMAKE_SYMLINK_INSTALL=1 -DCMAKE_INSTALL_PREFIX=/home/dingo/turtlebot3_ws/src/install/turtlebot3_node
[5.323s] Level 1:colcon.colcon_core.environment:create_environment_scripts_only(turtlebot3_node)
[5.324s] Level 1:colcon.colcon_core.environment:checking '/home/dingo/turtlebot3_ws/src/install/turtlebot3_node' for CMake module files
[5.326s] Level 1:colcon.colcon_core.environment:checking '/home/dingo/turtlebot3_ws/src/install/turtlebot3_node' for CMake config files
[5.328s] Level 1:colcon.colcon_core.environment:checking '/home/dingo/turtlebot3_ws/src/install/turtlebot3_node/bin'
[5.328s] Level 1:colcon.colcon_core.environment:checking '/home/dingo/turtlebot3_ws/src/install/turtlebot3_node/lib/pkgconfig/turtlebot3_node.pc'
[5.329s] Level 1:colcon.colcon_core.environment:checking '/home/dingo/turtlebot3_ws/src/install/turtlebot3_node/lib/python3.12/site-packages'
[5.330s] Level 1:colcon.colcon_core.environment:checking '/home/dingo/turtlebot3_ws/src/install/turtlebot3_node/bin'
[5.331s] INFO:colcon.colcon_core.shell:Creating package script '/home/dingo/turtlebot3_ws/src/install/turtlebot3_node/share/turtlebot3_node/package.ps1'
[5.332s] INFO:colcon.colcon_core.shell:Creating package descriptor '/home/dingo/turtlebot3_ws/src/install/turtlebot3_node/share/turtlebot3_node/package.dsv'
[5.333s] INFO:colcon.colcon_core.shell:Creating package script '/home/dingo/turtlebot3_ws/src/install/turtlebot3_node/share/turtlebot3_node/package.sh'
[5.335s] INFO:colcon.colcon_core.shell:Creating package script '/home/dingo/turtlebot3_ws/src/install/turtlebot3_node/share/turtlebot3_node/package.bash'
[5.337s] INFO:colcon.colcon_core.shell:Creating package script '/home/dingo/turtlebot3_ws/src/install/turtlebot3_node/share/turtlebot3_node/package.zsh'
[5.339s] Level 1:colcon.colcon_core.environment:create_file_with_runtime_dependencies(/home/dingo/turtlebot3_ws/src/install/turtlebot3_node/share/colcon-core/packages/turtlebot3_node)
[5.351s] DEBUG:colcon.colcon_parallel_executor.executor.parallel:closing loop
[5.351s] DEBUG:colcon.colcon_parallel_executor.executor.parallel:loop closed
[5.352s] DEBUG:colcon.colcon_parallel_executor.executor.parallel:run_until_complete finished with '1'
[5.352s] DEBUG:colcon.colcon_core.event_reactor:joining thread
[5.372s] INFO:colcon.colcon_core.plugin_system:Skipping extension 'colcon_notification.desktop_notification.notify_send': Could not find 'notify-send'
[5.372s] INFO:colcon.colcon_core.plugin_system:Skipping extension 'colcon_notification.desktop_notification.terminal_notifier': Not used on non-Darwin systems
[5.373s] INFO:colcon.colcon_core.plugin_system:Skipping extension 'colcon_notification.desktop_notification.win32': Not used on non-Windows systems
[5.373s] INFO:colcon.colcon_notification.desktop_notification:Sending desktop notification using 'notify2'
[5.376s] DEBUG:colcon.colcon_notification.desktop_notification.notify2:Failed to initialize notify2: org.freedesktop.DBus.Error.ServiceUnknown: The name org.freedesktop.Notifications was not provided by any .service files
[5.376s] DEBUG:colcon.colcon_core.event_reactor:joined thread
[5.377s] INFO:colcon.colcon_core.shell:Creating prefix script '/home/dingo/turtlebot3_ws/src/install/local_setup.ps1'
[5.380s] INFO:colcon.colcon_core.shell:Creating prefix util module '/home/dingo/turtlebot3_ws/src/install/_local_setup_util_ps1.py'
[5.384s] INFO:colcon.colcon_core.shell:Creating prefix chain script '/home/dingo/turtlebot3_ws/src/install/setup.ps1'
[5.389s] INFO:colcon.colcon_core.shell:Creating prefix script '/home/dingo/turtlebot3_ws/src/install/local_setup.sh'
[5.391s] INFO:colcon.colcon_core.shell:Creating prefix util module '/home/dingo/turtlebot3_ws/src/install/_local_setup_util_sh.py'
[5.394s] INFO:colcon.colcon_core.shell:Creating prefix chain script '/home/dingo/turtlebot3_ws/src/install/setup.sh'
[5.397s] INFO:colcon.colcon_core.shell:Creating prefix script '/home/dingo/turtlebot3_ws/src/install/local_setup.bash'
[5.399s] INFO:colcon.colcon_core.shell:Creating prefix chain script '/home/dingo/turtlebot3_ws/src/install/setup.bash'
[5.403s] INFO:colcon.colcon_core.shell:Creating prefix script '/home/dingo/turtlebot3_ws/src/install/local_setup.zsh'
[5.405s] INFO:colcon.colcon_core.shell:Creating prefix chain script '/home/dingo/turtlebot3_ws/src/install/setup.zsh'
