[0.066s] Invoking command in '/home/dingo/tb3_autonomy/build/turtlebot3_bringup': AMENT_PREFIX_PATH=/home/dingo/tb3_autonomy/install/turtlebot3_node:/home/dingo/tb3_autonomy/install/turtlebot3_description:${AMENT_PREFIX_PATH} CMAKE_PREFIX_PATH=/home/dingo/tb3_autonomy/install/turtlebot3_node:/home/dingo/tb3_autonomy/install/turtlebot3_description:/home/dingo/turtlebot3_ws/install/turtlebot3_description:/opt/ros/jazzy /usr/bin/cmake /home/dingo/tb3_autonomy/src/turtlebot3/turtlebot3_bringup -DCMAKE_INSTALL_PREFIX=/home/dingo/tb3_autonomy/install/turtlebot3_bringup
[0.376s] -- Found ament_cmake: 2.5.4 (/opt/ros/jazzy/share/ament_cmake/cmake)
[1.445s] -- Override CMake install command with custom implementation using symlinks instead of copying resources
[1.985s] -- Configuring done (1.7s)
[2.031s] -- Generating done (0.0s)
[2.046s] -- Build files have been written to: /home/dingo/tb3_autonomy/build/turtlebot3_bringup
[2.064s] Invoked command in '/home/dingo/tb3_autonomy/build/turtlebot3_bringup' returned '0': AMENT_PREFIX_PATH=/home/dingo/tb3_autonomy/install/turtlebot3_node:/home/dingo/tb3_autonomy/install/turtlebot3_description:${AMENT_PREFIX_PATH} CMAKE_PREFIX_PATH=/home/dingo/tb3_autonomy/install/turtlebot3_node:/home/dingo/tb3_autonomy/install/turtlebot3_description:/home/dingo/turtlebot3_ws/install/turtlebot3_description:/opt/ros/jazzy /usr/bin/cmake /home/dingo/tb3_autonomy/src/turtlebot3/turtlebot3_bringup -DCMAKE_INSTALL_PREFIX=/home/dingo/tb3_autonomy/install/turtlebot3_bringup
[2.068s] Invoking command in '/home/dingo/tb3_autonomy/build/turtlebot3_bringup': AMENT_PREFIX_PATH=/home/dingo/tb3_autonomy/install/turtlebot3_node:/home/dingo/tb3_autonomy/install/turtlebot3_description:${AMENT_PREFIX_PATH} CMAKE_PREFIX_PATH=/home/dingo/tb3_autonomy/install/turtlebot3_node:/home/dingo/tb3_autonomy/install/turtlebot3_description:/home/dingo/turtlebot3_ws/install/turtlebot3_description:/opt/ros/jazzy /usr/bin/cmake --build /home/dingo/tb3_autonomy/build/turtlebot3_bringup -- -j4 -l4
[2.263s] Invoked command in '/home/dingo/tb3_autonomy/build/turtlebot3_bringup' returned '0': AMENT_PREFIX_PATH=/home/dingo/tb3_autonomy/install/turtlebot3_node:/home/dingo/tb3_autonomy/install/turtlebot3_description:${AMENT_PREFIX_PATH} CMAKE_PREFIX_PATH=/home/dingo/tb3_autonomy/install/turtlebot3_node:/home/dingo/tb3_autonomy/install/turtlebot3_description:/home/dingo/turtlebot3_ws/install/turtlebot3_description:/opt/ros/jazzy /usr/bin/cmake --build /home/dingo/tb3_autonomy/build/turtlebot3_bringup -- -j4 -l4
[2.324s] Invoking command in '/home/dingo/tb3_autonomy/build/turtlebot3_bringup': AMENT_PREFIX_PATH=/home/dingo/tb3_autonomy/install/turtlebot3_node:/home/dingo/tb3_autonomy/install/turtlebot3_description:${AMENT_PREFIX_PATH} CMAKE_PREFIX_PATH=/home/dingo/tb3_autonomy/install/turtlebot3_node:/home/dingo/tb3_autonomy/install/turtlebot3_description:/home/dingo/turtlebot3_ws/install/turtlebot3_description:/opt/ros/jazzy /usr/bin/cmake --install /home/dingo/tb3_autonomy/build/turtlebot3_bringup
[2.363s] -- Install configuration: ""
[2.365s] -- Execute custom install script
[2.368s] -- Up-to-date symlink: /home/dingo/tb3_autonomy/install/turtlebot3_bringup/share/turtlebot3_bringup/launch/camera.launch.py
[2.368s] -- Up-to-date symlink: /home/dingo/tb3_autonomy/install/turtlebot3_bringup/share/turtlebot3_bringup/launch/dingo.robot.launch.py
[2.369s] -- Up-to-date symlink: /home/dingo/tb3_autonomy/install/turtlebot3_bringup/share/turtlebot3_bringup/launch/robot.launch.py
[2.370s] -- Up-to-date symlink: /home/dingo/tb3_autonomy/install/turtlebot3_bringup/share/turtlebot3_bringup/launch/rviz2.launch.py
[2.371s] -- Up-to-date symlink: /home/dingo/tb3_autonomy/install/turtlebot3_bringup/share/turtlebot3_bringup/launch/turtlebot3_state_publisher.launch.py
[2.374s] -- Up-to-date symlink: /home/dingo/tb3_autonomy/install/turtlebot3_bringup/share/turtlebot3_bringup/param/burger.yaml
[2.375s] -- Up-to-date symlink: /home/dingo/tb3_autonomy/install/turtlebot3_bringup/share/turtlebot3_bringup/param/humble/burger.yaml
[2.377s] -- Up-to-date symlink: /home/dingo/tb3_autonomy/install/turtlebot3_bringup/share/turtlebot3_bringup/param/humble/waffle.yaml
[2.378s] -- Up-to-date symlink: /home/dingo/tb3_autonomy/install/turtlebot3_bringup/share/turtlebot3_bringup/param/humble/waffle_pi.yaml
[2.379s] -- Up-to-date symlink: /home/dingo/tb3_autonomy/install/turtlebot3_bringup/share/turtlebot3_bringup/param/jazzy/burger.yaml
[2.379s] -- Up-to-date symlink: /home/dingo/tb3_autonomy/install/turtlebot3_bringup/share/turtlebot3_bringup/param/waffle.yaml
[2.380s] -- Up-to-date symlink: /home/dingo/tb3_autonomy/install/turtlebot3_bringup/share/turtlebot3_bringup/param/waffle_pi.yaml
[2.382s] -- Up-to-date symlink: /home/dingo/tb3_autonomy/install/turtlebot3_bringup/share/turtlebot3_bringup/script/99-turtlebot3-cdc.rules
[2.383s] -- Up-to-date symlink: /home/dingo/tb3_autonomy/install/turtlebot3_bringup/share/turtlebot3_bringup/script/create_udev_rules
[2.384s] -- Up-to-date symlink: /home/dingo/tb3_autonomy/install/turtlebot3_bringup/share/ament_index/resource_index/package_run_dependencies/turtlebot3_bringup
[2.385s] -- Up-to-date symlink: /home/dingo/tb3_autonomy/install/turtlebot3_bringup/share/ament_index/resource_index/parent_prefix_path/turtlebot3_bringup
[2.387s] -- Up-to-date symlink: /home/dingo/tb3_autonomy/install/turtlebot3_bringup/share/turtlebot3_bringup/environment/ament_prefix_path.sh
[2.388s] -- Up-to-date symlink: /home/dingo/tb3_autonomy/install/turtlebot3_bringup/share/turtlebot3_bringup/environment/ament_prefix_path.dsv
[2.390s] -- Up-to-date symlink: /home/dingo/tb3_autonomy/install/turtlebot3_bringup/share/turtlebot3_bringup/environment/path.sh
[2.391s] -- Up-to-date symlink: /home/dingo/tb3_autonomy/install/turtlebot3_bringup/share/turtlebot3_bringup/environment/path.dsv
[2.392s] -- Up-to-date symlink: /home/dingo/tb3_autonomy/install/turtlebot3_bringup/share/turtlebot3_bringup/local_setup.bash
[2.393s] -- Up-to-date symlink: /home/dingo/tb3_autonomy/install/turtlebot3_bringup/share/turtlebot3_bringup/local_setup.sh
[2.394s] -- Up-to-date symlink: /home/dingo/tb3_autonomy/install/turtlebot3_bringup/share/turtlebot3_bringup/local_setup.zsh
[2.395s] -- Up-to-date symlink: /home/dingo/tb3_autonomy/install/turtlebot3_bringup/share/turtlebot3_bringup/local_setup.dsv
[2.396s] -- Symlinking: /home/dingo/tb3_autonomy/install/turtlebot3_bringup/share/turtlebot3_bringup/package.dsv
[2.447s] -- Up-to-date symlink: /home/dingo/tb3_autonomy/install/turtlebot3_bringup/share/ament_index/resource_index/packages/turtlebot3_bringup
[2.448s] -- Up-to-date symlink: /home/dingo/tb3_autonomy/install/turtlebot3_bringup/share/turtlebot3_bringup/cmake/turtlebot3_bringupConfig.cmake
[2.449s] -- Up-to-date symlink: /home/dingo/tb3_autonomy/install/turtlebot3_bringup/share/turtlebot3_bringup/cmake/turtlebot3_bringupConfig-version.cmake
[2.450s] -- Up-to-date symlink: /home/dingo/tb3_autonomy/install/turtlebot3_bringup/share/turtlebot3_bringup/package.xml
[2.457s] Invoked command in '/home/dingo/tb3_autonomy/build/turtlebot3_bringup' returned '0': AMENT_PREFIX_PATH=/home/dingo/tb3_autonomy/install/turtlebot3_node:/home/dingo/tb3_autonomy/install/turtlebot3_description:${AMENT_PREFIX_PATH} CMAKE_PREFIX_PATH=/home/dingo/tb3_autonomy/install/turtlebot3_node:/home/dingo/tb3_autonomy/install/turtlebot3_description:/home/dingo/turtlebot3_ws/install/turtlebot3_description:/opt/ros/jazzy /usr/bin/cmake --install /home/dingo/tb3_autonomy/build/turtlebot3_bringup
