[6.265s] Invoking command in '/home/dingo/tb3_autonomy/build/turtlebot3_example': PYTHONPATH=/home/dingo/tb3_autonomy/build/turtlebot3_example/prefix_override:/usr/lib/python3/dist-packages/colcon_core/task/python/colcon_distutils_commands:/home/dingo/tb3_autonomy/install/turtlebot3_example/lib/python3.12/site-packages:${PYTHONPATH} /usr/bin/python3 -W ignore:setup.py install is deprecated -W ignore:easy_install command is deprecated setup.py develop --editable --build-directory /home/dingo/tb3_autonomy/build/turtlebot3_example/build --no-deps symlink_data
[8.536s] running develop
[9.882s] running egg_info
[9.886s] creating turtlebot3_example.egg-info
[9.993s] writing turtlebot3_example.egg-info/PKG-INFO
[9.996s] writing dependency_links to turtlebot3_example.egg-info/dependency_links.txt
[9.999s] writing entry points to turtlebot3_example.egg-info/entry_points.txt
[10.000s] writing requirements to turtlebot3_example.egg-info/requires.txt
[10.001s] writing top-level names to turtlebot3_example.egg-info/top_level.txt
[10.002s] writing manifest file 'turtlebot3_example.egg-info/SOURCES.txt'
[10.213s] reading manifest file 'turtlebot3_example.egg-info/SOURCES.txt'
[10.215s] writing manifest file 'turtlebot3_example.egg-info/SOURCES.txt'
[10.326s] running build_ext
[10.327s] Creating /home/dingo/tb3_autonomy/install/turtlebot3_example/lib/python3.12/site-packages/turtlebot3-example.egg-link (link to .)
[10.331s] Installing turtlebot3_absolute_move script to /home/dingo/tb3_autonomy/install/turtlebot3_example/lib/turtlebot3_example
[10.332s] Installing turtlebot3_interactive_marker script to /home/dingo/tb3_autonomy/install/turtlebot3_example/lib/turtlebot3_example
[10.332s] Installing turtlebot3_obstacle_detection script to /home/dingo/tb3_autonomy/install/turtlebot3_example/lib/turtlebot3_example
[10.333s] Installing turtlebot3_patrol_client script to /home/dingo/tb3_autonomy/install/turtlebot3_example/lib/turtlebot3_example
[10.334s] Installing turtlebot3_patrol_server script to /home/dingo/tb3_autonomy/install/turtlebot3_example/lib/turtlebot3_example
[10.335s] Installing turtlebot3_relative_move script to /home/dingo/tb3_autonomy/install/turtlebot3_example/lib/turtlebot3_example
[10.337s] 
[10.338s] Installed /home/dingo/tb3_autonomy/build/turtlebot3_example
[10.338s] running symlink_data
[10.339s] creating /home/dingo/tb3_autonomy/install/turtlebot3_example/share/ament_index
[10.340s] creating /home/dingo/tb3_autonomy/install/turtlebot3_example/share/ament_index/resource_index
[10.340s] creating /home/dingo/tb3_autonomy/install/turtlebot3_example/share/ament_index/resource_index/packages
[10.342s] symbolically linking /home/dingo/tb3_autonomy/build/turtlebot3_example/resource/turtlebot3_example -> /home/dingo/tb3_autonomy/install/turtlebot3_example/share/ament_index/resource_index/packages
[10.343s] symbolically linking /home/dingo/tb3_autonomy/build/turtlebot3_example/package.xml -> /home/dingo/tb3_autonomy/install/turtlebot3_example/share/turtlebot3_example
[10.520s] Invoked command in '/home/dingo/tb3_autonomy/build/turtlebot3_example' returned '0': PYTHONPATH=/home/dingo/tb3_autonomy/build/turtlebot3_example/prefix_override:/usr/lib/python3/dist-packages/colcon_core/task/python/colcon_distutils_commands:/home/dingo/tb3_autonomy/install/turtlebot3_example/lib/python3.12/site-packages:${PYTHONPATH} /usr/bin/python3 -W ignore:setup.py install is deprecated -W ignore:easy_install command is deprecated setup.py develop --editable --build-directory /home/dingo/tb3_autonomy/build/turtlebot3_example/build --no-deps symlink_data
