[0.463s] DEBUG:colcon:Command line arguments: ['/usr/bin/colcon', 'build', '--symlink-install']
[0.463s] DEBUG:colcon:Parsed command line arguments: Namespace(log_base=None, log_level=None, verb_name='build', build_base='build', install_base='install', merge_install=False, symlink_install=True, test_result_base=None, continue_on_error=False, executor='parallel', parallel_workers=4, event_handlers=None, ignore_user_meta=False, metas=['./colcon.meta'], base_paths=['.'], packages_ignore=None, packages_ignore_regex=None, paths=None, packages_up_to=None, packages_up_to_regex=None, packages_above=None, packages_above_and_dependencies=None, packages_above_depth=None, packages_select_by_dep=None, packages_skip_by_dep=None, packages_skip_up_to=None, packages_select_build_failed=False, packages_skip_build_finished=False, packages_select_test_failures=False, packages_skip_test_passed=False, packages_select=None, packages_skip=None, packages_select_regex=None, packages_skip_regex=None, packages_start=None, packages_end=None, allow_overriding=[], cmake_args=None, cmake_target=None, cmake_target_skip_unavailable=False, cmake_clean_cache=False, cmake_clean_first=False, cmake_force_configure=False, ament_cmake_args=None, catkin_cmake_args=None, catkin_skip_building_tests=False, mixin_files=None, mixin=None, verb_parser=<colcon_mixin.mixin.mixin_argument.MixinArgumentDecorator object at 0xffff8a8d9760>, verb_extension=<colcon_core.verb.build.BuildVerb object at 0xffff8aa82090>, main=<bound method BuildVerb.main of <colcon_core.verb.build.BuildVerb object at 0xffff8aa82090>>, mixin_verb=('build',))
[0.634s] Level 1:colcon.colcon_core.package_discovery:discover_packages(colcon_meta) check parameters
[0.635s] Level 1:colcon.colcon_core.package_discovery:discover_packages(recursive) check parameters
[0.635s] Level 1:colcon.colcon_core.package_discovery:discover_packages(ignore) check parameters
[0.635s] Level 1:colcon.colcon_core.package_discovery:discover_packages(path) check parameters
[0.635s] Level 1:colcon.colcon_core.package_discovery:discover_packages(colcon_meta) discover
[0.635s] Level 1:colcon.colcon_core.package_discovery:discover_packages(recursive) discover
[0.635s] INFO:colcon.colcon_core.package_discovery:Crawling recursively for packages in '/home/dingo/tb3_autonomy/src'
[0.636s] Level 1:colcon.colcon_core.package_identification:_identify(.) by extensions ['ignore', 'ignore_ament_install']
[0.636s] Level 1:colcon.colcon_core.package_identification:_identify(.) by extension 'ignore'
[0.637s] Level 1:colcon.colcon_core.package_identification:_identify(.) by extension 'ignore_ament_install'
[0.637s] Level 1:colcon.colcon_core.package_identification:_identify(.) by extensions ['colcon_pkg']
[0.637s] Level 1:colcon.colcon_core.package_identification:_identify(.) by extension 'colcon_pkg'
[0.637s] Level 1:colcon.colcon_core.package_identification:_identify(.) by extensions ['colcon_meta']
[0.637s] Level 1:colcon.colcon_core.package_identification:_identify(.) by extension 'colcon_meta'
[0.637s] Level 1:colcon.colcon_core.package_identification:_identify(.) by extensions ['ros']
[0.637s] Level 1:colcon.colcon_core.package_identification:_identify(.) by extension 'ros'
[0.742s] Level 1:colcon.colcon_core.package_identification:_identify(.) by extensions ['cmake', 'python']
[0.742s] Level 1:colcon.colcon_core.package_identification:_identify(.) by extension 'cmake'
[0.743s] Level 1:colcon.colcon_core.package_identification:_identify(.) by extension 'python'
[0.743s] Level 1:colcon.colcon_core.package_identification:_identify(.) by extensions ['python_setup_py']
[0.743s] Level 1:colcon.colcon_core.package_identification:_identify(.) by extension 'python_setup_py'
[0.743s] Level 1:colcon.colcon_core.package_identification:_identify(build) by extensions ['ignore', 'ignore_ament_install']
[0.744s] Level 1:colcon.colcon_core.package_identification:_identify(build) by extension 'ignore'
[0.744s] Level 1:colcon.colcon_core.package_identification:_identify(build) ignored
[0.745s] Level 1:colcon.colcon_core.package_identification:_identify(install) by extensions ['ignore', 'ignore_ament_install']
[0.745s] Level 1:colcon.colcon_core.package_identification:_identify(install) by extension 'ignore'
[0.745s] Level 1:colcon.colcon_core.package_identification:_identify(install) ignored
[0.746s] Level 1:colcon.colcon_core.package_identification:_identify(log) by extensions ['ignore', 'ignore_ament_install']
[0.746s] Level 1:colcon.colcon_core.package_identification:_identify(log) by extension 'ignore'
[0.746s] Level 1:colcon.colcon_core.package_identification:_identify(log) ignored
[0.747s] Level 1:colcon.colcon_core.package_identification:_identify(rosbag2_2025_06_24-15_07_24) by extensions ['ignore', 'ignore_ament_install']
[0.747s] Level 1:colcon.colcon_core.package_identification:_identify(rosbag2_2025_06_24-15_07_24) by extension 'ignore'
[0.747s] Level 1:colcon.colcon_core.package_identification:_identify(rosbag2_2025_06_24-15_07_24) by extension 'ignore_ament_install'
[0.748s] Level 1:colcon.colcon_core.package_identification:_identify(rosbag2_2025_06_24-15_07_24) by extensions ['colcon_pkg']
[0.748s] Level 1:colcon.colcon_core.package_identification:_identify(rosbag2_2025_06_24-15_07_24) by extension 'colcon_pkg'
[0.748s] Level 1:colcon.colcon_core.package_identification:_identify(rosbag2_2025_06_24-15_07_24) by extensions ['colcon_meta']
[0.748s] Level 1:colcon.colcon_core.package_identification:_identify(rosbag2_2025_06_24-15_07_24) by extension 'colcon_meta'
[0.748s] Level 1:colcon.colcon_core.package_identification:_identify(rosbag2_2025_06_24-15_07_24) by extensions ['ros']
[0.748s] Level 1:colcon.colcon_core.package_identification:_identify(rosbag2_2025_06_24-15_07_24) by extension 'ros'
[0.749s] Level 1:colcon.colcon_core.package_identification:_identify(rosbag2_2025_06_24-15_07_24) by extensions ['cmake', 'python']
[0.749s] Level 1:colcon.colcon_core.package_identification:_identify(rosbag2_2025_06_24-15_07_24) by extension 'cmake'
[0.749s] Level 1:colcon.colcon_core.package_identification:_identify(rosbag2_2025_06_24-15_07_24) by extension 'python'
[0.749s] Level 1:colcon.colcon_core.package_identification:_identify(rosbag2_2025_06_24-15_07_24) by extensions ['python_setup_py']
[0.749s] Level 1:colcon.colcon_core.package_identification:_identify(rosbag2_2025_06_24-15_07_24) by extension 'python_setup_py'
[0.750s] Level 1:colcon.colcon_core.package_identification:_identify(turtlebot3) by extensions ['ignore', 'ignore_ament_install']
[0.750s] Level 1:colcon.colcon_core.package_identification:_identify(turtlebot3) by extension 'ignore'
[0.751s] Level 1:colcon.colcon_core.package_identification:_identify(turtlebot3) by extension 'ignore_ament_install'
[0.751s] Level 1:colcon.colcon_core.package_identification:_identify(turtlebot3) by extensions ['colcon_pkg']
[0.751s] Level 1:colcon.colcon_core.package_identification:_identify(turtlebot3) by extension 'colcon_pkg'
[0.751s] Level 1:colcon.colcon_core.package_identification:_identify(turtlebot3) by extensions ['colcon_meta']
[0.751s] Level 1:colcon.colcon_core.package_identification:_identify(turtlebot3) by extension 'colcon_meta'
[0.751s] Level 1:colcon.colcon_core.package_identification:_identify(turtlebot3) by extensions ['ros']
[0.752s] Level 1:colcon.colcon_core.package_identification:_identify(turtlebot3) by extension 'ros'
[0.752s] Level 1:colcon.colcon_core.package_identification:_identify(turtlebot3) by extensions ['cmake', 'python']
[0.752s] Level 1:colcon.colcon_core.package_identification:_identify(turtlebot3) by extension 'cmake'
[0.752s] Level 1:colcon.colcon_core.package_identification:_identify(turtlebot3) by extension 'python'
[0.753s] Level 1:colcon.colcon_core.package_identification:_identify(turtlebot3) by extensions ['python_setup_py']
[0.753s] Level 1:colcon.colcon_core.package_identification:_identify(turtlebot3) by extension 'python_setup_py'
[0.753s] Level 1:colcon.colcon_core.package_identification:_identify(turtlebot3/turtlebot3) by extensions ['ignore', 'ignore_ament_install']
[0.753s] Level 1:colcon.colcon_core.package_identification:_identify(turtlebot3/turtlebot3) by extension 'ignore'
[0.754s] Level 1:colcon.colcon_core.package_identification:_identify(turtlebot3/turtlebot3) by extension 'ignore_ament_install'
[0.754s] Level 1:colcon.colcon_core.package_identification:_identify(turtlebot3/turtlebot3) by extensions ['colcon_pkg']
[0.754s] Level 1:colcon.colcon_core.package_identification:_identify(turtlebot3/turtlebot3) by extension 'colcon_pkg'
[0.754s] Level 1:colcon.colcon_core.package_identification:_identify(turtlebot3/turtlebot3) by extensions ['colcon_meta']
[0.755s] Level 1:colcon.colcon_core.package_identification:_identify(turtlebot3/turtlebot3) by extension 'colcon_meta'
[0.755s] Level 1:colcon.colcon_core.package_identification:_identify(turtlebot3/turtlebot3) by extensions ['ros']
[0.755s] Level 1:colcon.colcon_core.package_identification:_identify(turtlebot3/turtlebot3) by extension 'ros'
[0.763s] DEBUG:colcon.colcon_core.package_identification:Package 'turtlebot3/turtlebot3' with type 'ros.ament_cmake' and name 'turtlebot3'
[0.764s] Level 1:colcon.colcon_core.package_identification:_identify(turtlebot3/turtlebot3_bringup) by extensions ['ignore', 'ignore_ament_install']
[0.765s] Level 1:colcon.colcon_core.package_identification:_identify(turtlebot3/turtlebot3_bringup) by extension 'ignore'
[0.765s] Level 1:colcon.colcon_core.package_identification:_identify(turtlebot3/turtlebot3_bringup) by extension 'ignore_ament_install'
[0.765s] Level 1:colcon.colcon_core.package_identification:_identify(turtlebot3/turtlebot3_bringup) by extensions ['colcon_pkg']
[0.765s] Level 1:colcon.colcon_core.package_identification:_identify(turtlebot3/turtlebot3_bringup) by extension 'colcon_pkg'
[0.766s] Level 1:colcon.colcon_core.package_identification:_identify(turtlebot3/turtlebot3_bringup) by extensions ['colcon_meta']
[0.766s] Level 1:colcon.colcon_core.package_identification:_identify(turtlebot3/turtlebot3_bringup) by extension 'colcon_meta'
[0.766s] Level 1:colcon.colcon_core.package_identification:_identify(turtlebot3/turtlebot3_bringup) by extensions ['ros']
[0.766s] Level 1:colcon.colcon_core.package_identification:_identify(turtlebot3/turtlebot3_bringup) by extension 'ros'
[0.769s] DEBUG:colcon.colcon_core.package_identification:Package 'turtlebot3/turtlebot3_bringup' with type 'ros.ament_cmake' and name 'turtlebot3_bringup'
[0.769s] Level 1:colcon.colcon_core.package_identification:_identify(turtlebot3/turtlebot3_description) by extensions ['ignore', 'ignore_ament_install']
[0.770s] Level 1:colcon.colcon_core.package_identification:_identify(turtlebot3/turtlebot3_description) by extension 'ignore'
[0.770s] Level 1:colcon.colcon_core.package_identification:_identify(turtlebot3/turtlebot3_description) by extension 'ignore_ament_install'
[0.770s] Level 1:colcon.colcon_core.package_identification:_identify(turtlebot3/turtlebot3_description) by extensions ['colcon_pkg']
[0.770s] Level 1:colcon.colcon_core.package_identification:_identify(turtlebot3/turtlebot3_description) by extension 'colcon_pkg'
[0.770s] Level 1:colcon.colcon_core.package_identification:_identify(turtlebot3/turtlebot3_description) by extensions ['colcon_meta']
[0.771s] Level 1:colcon.colcon_core.package_identification:_identify(turtlebot3/turtlebot3_description) by extension 'colcon_meta'
[0.771s] Level 1:colcon.colcon_core.package_identification:_identify(turtlebot3/turtlebot3_description) by extensions ['ros']
[0.771s] Level 1:colcon.colcon_core.package_identification:_identify(turtlebot3/turtlebot3_description) by extension 'ros'
[0.773s] DEBUG:colcon.colcon_core.package_identification:Package 'turtlebot3/turtlebot3_description' with type 'ros.ament_cmake' and name 'turtlebot3_description'
[0.774s] Level 1:colcon.colcon_core.package_identification:_identify(turtlebot3/turtlebot3_example) by extensions ['ignore', 'ignore_ament_install']
[0.774s] Level 1:colcon.colcon_core.package_identification:_identify(turtlebot3/turtlebot3_example) by extension 'ignore'
[0.775s] Level 1:colcon.colcon_core.package_identification:_identify(turtlebot3/turtlebot3_example) by extension 'ignore_ament_install'
[0.775s] Level 1:colcon.colcon_core.package_identification:_identify(turtlebot3/turtlebot3_example) by extensions ['colcon_pkg']
[0.775s] Level 1:colcon.colcon_core.package_identification:_identify(turtlebot3/turtlebot3_example) by extension 'colcon_pkg'
[0.775s] Level 1:colcon.colcon_core.package_identification:_identify(turtlebot3/turtlebot3_example) by extensions ['colcon_meta']
[0.775s] Level 1:colcon.colcon_core.package_identification:_identify(turtlebot3/turtlebot3_example) by extension 'colcon_meta'
[0.776s] Level 1:colcon.colcon_core.package_identification:_identify(turtlebot3/turtlebot3_example) by extensions ['ros']
[0.776s] Level 1:colcon.colcon_core.package_identification:_identify(turtlebot3/turtlebot3_example) by extension 'ros'
[0.780s] DEBUG:colcon.colcon_core.package_identification:Package 'turtlebot3/turtlebot3_example' with type 'ros.ament_python' and name 'turtlebot3_example'
[0.780s] Level 1:colcon.colcon_core.package_identification:_identify(turtlebot3/turtlebot3_node) by extensions ['ignore', 'ignore_ament_install']
[0.781s] Level 1:colcon.colcon_core.package_identification:_identify(turtlebot3/turtlebot3_node) by extension 'ignore'
[0.781s] Level 1:colcon.colcon_core.package_identification:_identify(turtlebot3/turtlebot3_node) by extension 'ignore_ament_install'
[0.781s] Level 1:colcon.colcon_core.package_identification:_identify(turtlebot3/turtlebot3_node) by extensions ['colcon_pkg']
[0.781s] Level 1:colcon.colcon_core.package_identification:_identify(turtlebot3/turtlebot3_node) by extension 'colcon_pkg'
[0.781s] Level 1:colcon.colcon_core.package_identification:_identify(turtlebot3/turtlebot3_node) by extensions ['colcon_meta']
[0.782s] Level 1:colcon.colcon_core.package_identification:_identify(turtlebot3/turtlebot3_node) by extension 'colcon_meta'
[0.782s] Level 1:colcon.colcon_core.package_identification:_identify(turtlebot3/turtlebot3_node) by extensions ['ros']
[0.782s] Level 1:colcon.colcon_core.package_identification:_identify(turtlebot3/turtlebot3_node) by extension 'ros'
[0.787s] DEBUG:colcon.colcon_core.package_identification:Package 'turtlebot3/turtlebot3_node' with type 'ros.ament_cmake' and name 'turtlebot3_node'
[0.787s] Level 1:colcon.colcon_core.package_identification:_identify(turtlebot3/turtlebot3_teleop) by extensions ['ignore', 'ignore_ament_install']
[0.787s] Level 1:colcon.colcon_core.package_identification:_identify(turtlebot3/turtlebot3_teleop) by extension 'ignore'
[0.788s] Level 1:colcon.colcon_core.package_identification:_identify(turtlebot3/turtlebot3_teleop) by extension 'ignore_ament_install'
[0.788s] Level 1:colcon.colcon_core.package_identification:_identify(turtlebot3/turtlebot3_teleop) by extensions ['colcon_pkg']
[0.788s] Level 1:colcon.colcon_core.package_identification:_identify(turtlebot3/turtlebot3_teleop) by extension 'colcon_pkg'
[0.788s] Level 1:colcon.colcon_core.package_identification:_identify(turtlebot3/turtlebot3_teleop) by extensions ['colcon_meta']
[0.788s] Level 1:colcon.colcon_core.package_identification:_identify(turtlebot3/turtlebot3_teleop) by extension 'colcon_meta'
[0.789s] Level 1:colcon.colcon_core.package_identification:_identify(turtlebot3/turtlebot3_teleop) by extensions ['ros']
[0.789s] Level 1:colcon.colcon_core.package_identification:_identify(turtlebot3/turtlebot3_teleop) by extension 'ros'
[0.791s] DEBUG:colcon.colcon_core.package_identification:Package 'turtlebot3/turtlebot3_teleop' with type 'ros.ament_python' and name 'turtlebot3_teleop'
[0.791s] Level 1:colcon.colcon_core.package_discovery:discover_packages(recursive) using defaults
[0.792s] Level 1:colcon.colcon_core.package_discovery:discover_packages(ignore) discover
[0.792s] Level 1:colcon.colcon_core.package_discovery:discover_packages(ignore) using defaults
[0.792s] Level 1:colcon.colcon_core.package_discovery:discover_packages(path) discover
[0.792s] Level 1:colcon.colcon_core.package_discovery:discover_packages(path) using defaults
[0.866s] Level 1:colcon.colcon_core.package_discovery:discover_packages(prefix_path) check parameters
[0.867s] Level 1:colcon.colcon_core.package_discovery:discover_packages(prefix_path) discover
[0.878s] DEBUG:colcon.colcon_installed_package_information.package_discovery:Found 7 installed packages in /home/dingo/tb3_autonomy/src/install
[0.881s] DEBUG:colcon.colcon_installed_package_information.package_discovery:Found 2 installed packages in /home/dingo/turtlebot3_ws/install
[0.893s] DEBUG:colcon.colcon_installed_package_information.package_discovery:Found 306 installed packages in /opt/ros/jazzy
[0.900s] Level 1:colcon.colcon_core.package_discovery:discover_packages(prefix_path) using defaults
[1.101s] Level 5:colcon.colcon_core.verb:set package 'turtlebot3_description' build argument 'cmake_args' from command line to 'None'
[1.101s] Level 5:colcon.colcon_core.verb:set package 'turtlebot3_description' build argument 'cmake_target' from command line to 'None'
[1.101s] Level 5:colcon.colcon_core.verb:set package 'turtlebot3_description' build argument 'cmake_target_skip_unavailable' from command line to 'False'
[1.101s] Level 5:colcon.colcon_core.verb:set package 'turtlebot3_description' build argument 'cmake_clean_cache' from command line to 'False'
[1.101s] Level 5:colcon.colcon_core.verb:set package 'turtlebot3_description' build argument 'cmake_clean_first' from command line to 'False'
[1.101s] Level 5:colcon.colcon_core.verb:set package 'turtlebot3_description' build argument 'cmake_force_configure' from command line to 'False'
[1.101s] Level 5:colcon.colcon_core.verb:set package 'turtlebot3_description' build argument 'ament_cmake_args' from command line to 'None'
[1.102s] Level 5:colcon.colcon_core.verb:set package 'turtlebot3_description' build argument 'catkin_cmake_args' from command line to 'None'
[1.102s] Level 5:colcon.colcon_core.verb:set package 'turtlebot3_description' build argument 'catkin_skip_building_tests' from command line to 'False'
[1.102s] DEBUG:colcon.colcon_core.verb:Building package 'turtlebot3_description' with the following arguments: {'ament_cmake_args': None, 'build_base': '/home/dingo/tb3_autonomy/src/build/turtlebot3_description', 'catkin_cmake_args': None, 'catkin_skip_building_tests': False, 'cmake_args': None, 'cmake_clean_cache': False, 'cmake_clean_first': False, 'cmake_force_configure': False, 'cmake_target': None, 'cmake_target_skip_unavailable': False, 'install_base': '/home/dingo/tb3_autonomy/src/install/turtlebot3_description', 'merge_install': False, 'path': '/home/dingo/tb3_autonomy/src/turtlebot3/turtlebot3_description', 'symlink_install': True, 'test_result_base': None}
[1.103s] Level 5:colcon.colcon_core.verb:set package 'turtlebot3_example' build argument 'cmake_args' from command line to 'None'
[1.103s] Level 5:colcon.colcon_core.verb:set package 'turtlebot3_example' build argument 'cmake_target' from command line to 'None'
[1.103s] Level 5:colcon.colcon_core.verb:set package 'turtlebot3_example' build argument 'cmake_target_skip_unavailable' from command line to 'False'
[1.103s] Level 5:colcon.colcon_core.verb:set package 'turtlebot3_example' build argument 'cmake_clean_cache' from command line to 'False'
[1.104s] Level 5:colcon.colcon_core.verb:set package 'turtlebot3_example' build argument 'cmake_clean_first' from command line to 'False'
[1.104s] Level 5:colcon.colcon_core.verb:set package 'turtlebot3_example' build argument 'cmake_force_configure' from command line to 'False'
[1.104s] Level 5:colcon.colcon_core.verb:set package 'turtlebot3_example' build argument 'ament_cmake_args' from command line to 'None'
[1.104s] Level 5:colcon.colcon_core.verb:set package 'turtlebot3_example' build argument 'catkin_cmake_args' from command line to 'None'
[1.104s] Level 5:colcon.colcon_core.verb:set package 'turtlebot3_example' build argument 'catkin_skip_building_tests' from command line to 'False'
[1.104s] DEBUG:colcon.colcon_core.verb:Building package 'turtlebot3_example' with the following arguments: {'ament_cmake_args': None, 'build_base': '/home/dingo/tb3_autonomy/src/build/turtlebot3_example', 'catkin_cmake_args': None, 'catkin_skip_building_tests': False, 'cmake_args': None, 'cmake_clean_cache': False, 'cmake_clean_first': False, 'cmake_force_configure': False, 'cmake_target': None, 'cmake_target_skip_unavailable': False, 'install_base': '/home/dingo/tb3_autonomy/src/install/turtlebot3_example', 'merge_install': False, 'path': '/home/dingo/tb3_autonomy/src/turtlebot3/turtlebot3_example', 'symlink_install': True, 'test_result_base': None}
[1.105s] Level 5:colcon.colcon_core.verb:set package 'turtlebot3_node' build argument 'cmake_args' from command line to 'None'
[1.106s] Level 5:colcon.colcon_core.verb:set package 'turtlebot3_node' build argument 'cmake_target' from command line to 'None'
[1.106s] Level 5:colcon.colcon_core.verb:set package 'turtlebot3_node' build argument 'cmake_target_skip_unavailable' from command line to 'False'
[1.106s] Level 5:colcon.colcon_core.verb:set package 'turtlebot3_node' build argument 'cmake_clean_cache' from command line to 'False'
[1.106s] Level 5:colcon.colcon_core.verb:set package 'turtlebot3_node' build argument 'cmake_clean_first' from command line to 'False'
[1.106s] Level 5:colcon.colcon_core.verb:set package 'turtlebot3_node' build argument 'cmake_force_configure' from command line to 'False'
[1.106s] Level 5:colcon.colcon_core.verb:set package 'turtlebot3_node' build argument 'ament_cmake_args' from command line to 'None'
[1.106s] Level 5:colcon.colcon_core.verb:set package 'turtlebot3_node' build argument 'catkin_cmake_args' from command line to 'None'
[1.106s] Level 5:colcon.colcon_core.verb:set package 'turtlebot3_node' build argument 'catkin_skip_building_tests' from command line to 'False'
[1.107s] DEBUG:colcon.colcon_core.verb:Building package 'turtlebot3_node' with the following arguments: {'ament_cmake_args': None, 'build_base': '/home/dingo/tb3_autonomy/src/build/turtlebot3_node', 'catkin_cmake_args': None, 'catkin_skip_building_tests': False, 'cmake_args': None, 'cmake_clean_cache': False, 'cmake_clean_first': False, 'cmake_force_configure': False, 'cmake_target': None, 'cmake_target_skip_unavailable': False, 'install_base': '/home/dingo/tb3_autonomy/src/install/turtlebot3_node', 'merge_install': False, 'path': '/home/dingo/tb3_autonomy/src/turtlebot3/turtlebot3_node', 'symlink_install': True, 'test_result_base': None}
[1.108s] Level 5:colcon.colcon_core.verb:set package 'turtlebot3_teleop' build argument 'cmake_args' from command line to 'None'
[1.108s] Level 5:colcon.colcon_core.verb:set package 'turtlebot3_teleop' build argument 'cmake_target' from command line to 'None'
[1.108s] Level 5:colcon.colcon_core.verb:set package 'turtlebot3_teleop' build argument 'cmake_target_skip_unavailable' from command line to 'False'
[1.108s] Level 5:colcon.colcon_core.verb:set package 'turtlebot3_teleop' build argument 'cmake_clean_cache' from command line to 'False'
[1.108s] Level 5:colcon.colcon_core.verb:set package 'turtlebot3_teleop' build argument 'cmake_clean_first' from command line to 'False'
[1.109s] Level 5:colcon.colcon_core.verb:set package 'turtlebot3_teleop' build argument 'cmake_force_configure' from command line to 'False'
[1.109s] Level 5:colcon.colcon_core.verb:set package 'turtlebot3_teleop' build argument 'ament_cmake_args' from command line to 'None'
[1.109s] Level 5:colcon.colcon_core.verb:set package 'turtlebot3_teleop' build argument 'catkin_cmake_args' from command line to 'None'
[1.109s] Level 5:colcon.colcon_core.verb:set package 'turtlebot3_teleop' build argument 'catkin_skip_building_tests' from command line to 'False'
[1.109s] DEBUG:colcon.colcon_core.verb:Building package 'turtlebot3_teleop' with the following arguments: {'ament_cmake_args': None, 'build_base': '/home/dingo/tb3_autonomy/src/build/turtlebot3_teleop', 'catkin_cmake_args': None, 'catkin_skip_building_tests': False, 'cmake_args': None, 'cmake_clean_cache': False, 'cmake_clean_first': False, 'cmake_force_configure': False, 'cmake_target': None, 'cmake_target_skip_unavailable': False, 'install_base': '/home/dingo/tb3_autonomy/src/install/turtlebot3_teleop', 'merge_install': False, 'path': '/home/dingo/tb3_autonomy/src/turtlebot3/turtlebot3_teleop', 'symlink_install': True, 'test_result_base': None}
[1.110s] Level 5:colcon.colcon_core.verb:set package 'turtlebot3_bringup' build argument 'cmake_args' from command line to 'None'
[1.111s] Level 5:colcon.colcon_core.verb:set package 'turtlebot3_bringup' build argument 'cmake_target' from command line to 'None'
[1.111s] Level 5:colcon.colcon_core.verb:set package 'turtlebot3_bringup' build argument 'cmake_target_skip_unavailable' from command line to 'False'
[1.111s] Level 5:colcon.colcon_core.verb:set package 'turtlebot3_bringup' build argument 'cmake_clean_cache' from command line to 'False'
[1.111s] Level 5:colcon.colcon_core.verb:set package 'turtlebot3_bringup' build argument 'cmake_clean_first' from command line to 'False'
[1.111s] Level 5:colcon.colcon_core.verb:set package 'turtlebot3_bringup' build argument 'cmake_force_configure' from command line to 'False'
[1.111s] Level 5:colcon.colcon_core.verb:set package 'turtlebot3_bringup' build argument 'ament_cmake_args' from command line to 'None'
[1.111s] Level 5:colcon.colcon_core.verb:set package 'turtlebot3_bringup' build argument 'catkin_cmake_args' from command line to 'None'
[1.111s] Level 5:colcon.colcon_core.verb:set package 'turtlebot3_bringup' build argument 'catkin_skip_building_tests' from command line to 'False'
[1.112s] DEBUG:colcon.colcon_core.verb:Building package 'turtlebot3_bringup' with the following arguments: {'ament_cmake_args': None, 'build_base': '/home/dingo/tb3_autonomy/src/build/turtlebot3_bringup', 'catkin_cmake_args': None, 'catkin_skip_building_tests': False, 'cmake_args': None, 'cmake_clean_cache': False, 'cmake_clean_first': False, 'cmake_force_configure': False, 'cmake_target': None, 'cmake_target_skip_unavailable': False, 'install_base': '/home/dingo/tb3_autonomy/src/install/turtlebot3_bringup', 'merge_install': False, 'path': '/home/dingo/tb3_autonomy/src/turtlebot3/turtlebot3_bringup', 'symlink_install': True, 'test_result_base': None}
[1.113s] Level 5:colcon.colcon_core.verb:set package 'turtlebot3' build argument 'cmake_args' from command line to 'None'
[1.113s] Level 5:colcon.colcon_core.verb:set package 'turtlebot3' build argument 'cmake_target' from command line to 'None'
[1.113s] Level 5:colcon.colcon_core.verb:set package 'turtlebot3' build argument 'cmake_target_skip_unavailable' from command line to 'False'
[1.113s] Level 5:colcon.colcon_core.verb:set package 'turtlebot3' build argument 'cmake_clean_cache' from command line to 'False'
[1.113s] Level 5:colcon.colcon_core.verb:set package 'turtlebot3' build argument 'cmake_clean_first' from command line to 'False'
[1.113s] Level 5:colcon.colcon_core.verb:set package 'turtlebot3' build argument 'cmake_force_configure' from command line to 'False'
[1.114s] Level 5:colcon.colcon_core.verb:set package 'turtlebot3' build argument 'ament_cmake_args' from command line to 'None'
[1.114s] Level 5:colcon.colcon_core.verb:set package 'turtlebot3' build argument 'catkin_cmake_args' from command line to 'None'
[1.114s] Level 5:colcon.colcon_core.verb:set package 'turtlebot3' build argument 'catkin_skip_building_tests' from command line to 'False'
[1.114s] DEBUG:colcon.colcon_core.verb:Building package 'turtlebot3' with the following arguments: {'ament_cmake_args': None, 'build_base': '/home/dingo/tb3_autonomy/src/build/turtlebot3', 'catkin_cmake_args': None, 'catkin_skip_building_tests': False, 'cmake_args': None, 'cmake_clean_cache': False, 'cmake_clean_first': False, 'cmake_force_configure': False, 'cmake_target': None, 'cmake_target_skip_unavailable': False, 'install_base': '/home/dingo/tb3_autonomy/src/install/turtlebot3', 'merge_install': False, 'path': '/home/dingo/tb3_autonomy/src/turtlebot3/turtlebot3', 'symlink_install': True, 'test_result_base': None}
[1.114s] INFO:colcon.colcon_core.executor:Executing jobs using 'parallel' executor
[1.117s] DEBUG:colcon.colcon_parallel_executor.executor.parallel:run_until_complete
[1.118s] INFO:colcon.colcon_ros.task.ament_cmake.build:Building ROS package in '/home/dingo/tb3_autonomy/src/turtlebot3/turtlebot3_description' with build type 'ament_cmake'
[1.119s] INFO:colcon.colcon_cmake.task.cmake.build:Building CMake package in '/home/dingo/tb3_autonomy/src/turtlebot3/turtlebot3_description'
[1.128s] INFO:colcon.colcon_core.plugin_system:Skipping extension 'colcon_core.shell.bat': Not used on non-Windows systems
[1.129s] INFO:colcon.colcon_core.shell:Skip shell extension 'powershell' for command environment: Not usable outside of PowerShell
[1.129s] DEBUG:colcon.colcon_core.shell:Skip shell extension 'dsv' for command environment
[1.156s] INFO:colcon.colcon_ros.task.ament_cmake.build:Building ROS package in '/home/dingo/tb3_autonomy/src/turtlebot3/turtlebot3_node' with build type 'ament_cmake'
[1.156s] INFO:colcon.colcon_cmake.task.cmake.build:Building CMake package in '/home/dingo/tb3_autonomy/src/turtlebot3/turtlebot3_node'
[1.157s] INFO:colcon.colcon_core.shell:Skip shell extension 'powershell' for command environment: Not usable outside of PowerShell
[1.157s] DEBUG:colcon.colcon_core.shell:Skip shell extension 'dsv' for command environment
[1.183s] INFO:colcon.colcon_ros.task.ament_python.build:Building ROS package in '/home/dingo/tb3_autonomy/src/turtlebot3/turtlebot3_example' with build type 'ament_python'
[1.184s] Level 1:colcon.colcon_core.shell:create_environment_hook('turtlebot3_example', 'ament_prefix_path')
[1.185s] INFO:colcon.colcon_core.shell:Creating environment hook '/home/dingo/tb3_autonomy/src/install/turtlebot3_example/share/turtlebot3_example/hook/ament_prefix_path.ps1'
[1.188s] INFO:colcon.colcon_core.shell:Creating environment descriptor '/home/dingo/tb3_autonomy/src/install/turtlebot3_example/share/turtlebot3_example/hook/ament_prefix_path.dsv'
[1.190s] INFO:colcon.colcon_core.shell:Creating environment hook '/home/dingo/tb3_autonomy/src/install/turtlebot3_example/share/turtlebot3_example/hook/ament_prefix_path.sh'
[1.193s] INFO:colcon.colcon_core.shell:Skip shell extension 'powershell' for command environment: Not usable outside of PowerShell
[1.193s] DEBUG:colcon.colcon_core.shell:Skip shell extension 'dsv' for command environment
[1.219s] INFO:colcon.colcon_ros.task.ament_python.build:Building ROS package in '/home/dingo/tb3_autonomy/src/turtlebot3/turtlebot3_teleop' with build type 'ament_python'
[1.219s] Level 1:colcon.colcon_core.shell:create_environment_hook('turtlebot3_teleop', 'ament_prefix_path')
[1.220s] INFO:colcon.colcon_core.shell:Creating environment hook '/home/dingo/tb3_autonomy/src/install/turtlebot3_teleop/share/turtlebot3_teleop/hook/ament_prefix_path.ps1'
[1.223s] INFO:colcon.colcon_core.shell:Creating environment descriptor '/home/dingo/tb3_autonomy/src/install/turtlebot3_teleop/share/turtlebot3_teleop/hook/ament_prefix_path.dsv'
[1.225s] INFO:colcon.colcon_core.shell:Creating environment hook '/home/dingo/tb3_autonomy/src/install/turtlebot3_teleop/share/turtlebot3_teleop/hook/ament_prefix_path.sh'
[1.227s] INFO:colcon.colcon_core.shell:Skip shell extension 'powershell' for command environment: Not usable outside of PowerShell
[1.228s] DEBUG:colcon.colcon_core.shell:Skip shell extension 'dsv' for command environment
[1.272s] DEBUG:colcon.colcon_core.event_handler.log_command:Invoking command in '/home/dingo/tb3_autonomy/src/build/turtlebot3_description': CMAKE_PREFIX_PATH=${CMAKE_PREFIX_PATH}:/home/dingo/tb3_autonomy/src/install/turtlebot3_teleop:/home/dingo/tb3_autonomy/src/install/turtlebot3_example:/home/dingo/turtlebot3_ws/install/turtlebot3_description:/opt/ros/jazzy /usr/bin/cmake --build /home/dingo/tb3_autonomy/src/build/turtlebot3_description -- -j4 -l4
[1.286s] DEBUG:colcon.colcon_core.event_handler.log_command:Invoking command in '/home/dingo/tb3_autonomy/src/build/turtlebot3_node': CMAKE_PREFIX_PATH=${CMAKE_PREFIX_PATH}:/home/dingo/tb3_autonomy/src/install/turtlebot3_teleop:/home/dingo/tb3_autonomy/src/install/turtlebot3_example:/home/dingo/turtlebot3_ws/install/turtlebot3_description:/opt/ros/jazzy /usr/bin/cmake --build /home/dingo/tb3_autonomy/src/build/turtlebot3_node -- -j4 -l4
[2.344s] INFO:colcon.colcon_core.task.python.build:Building Python package in '/home/dingo/tb3_autonomy/src/turtlebot3/turtlebot3_example'
[2.345s] INFO:colcon.colcon_core.shell:Skip shell extension 'powershell' for command environment: Not usable outside of PowerShell
[2.345s] DEBUG:colcon.colcon_core.shell:Skip shell extension 'dsv' for command environment
[2.382s] DEBUG:colcon.colcon_core.event_handler.log_command:Invoked command in '/home/dingo/tb3_autonomy/src/build/turtlebot3_description' returned '0': CMAKE_PREFIX_PATH=${CMAKE_PREFIX_PATH}:/home/dingo/tb3_autonomy/src/install/turtlebot3_teleop:/home/dingo/tb3_autonomy/src/install/turtlebot3_example:/home/dingo/turtlebot3_ws/install/turtlebot3_description:/opt/ros/jazzy /usr/bin/cmake --build /home/dingo/tb3_autonomy/src/build/turtlebot3_description -- -j4 -l4
[2.443s] DEBUG:colcon.colcon_core.event_handler.log_command:Invoking command in '/home/dingo/tb3_autonomy/src/build/turtlebot3_description': CMAKE_PREFIX_PATH=${CMAKE_PREFIX_PATH}:/home/dingo/tb3_autonomy/src/install/turtlebot3_teleop:/home/dingo/tb3_autonomy/src/install/turtlebot3_example:/home/dingo/turtlebot3_ws/install/turtlebot3_description:/opt/ros/jazzy /usr/bin/cmake --install /home/dingo/tb3_autonomy/src/build/turtlebot3_description
[2.446s] DEBUG:colcon.colcon_core.event_handler.log_command:Invoked command in '/home/dingo/tb3_autonomy/src/build/turtlebot3_node' returned '0': CMAKE_PREFIX_PATH=${CMAKE_PREFIX_PATH}:/home/dingo/tb3_autonomy/src/install/turtlebot3_teleop:/home/dingo/tb3_autonomy/src/install/turtlebot3_example:/home/dingo/turtlebot3_ws/install/turtlebot3_description:/opt/ros/jazzy /usr/bin/cmake --build /home/dingo/tb3_autonomy/src/build/turtlebot3_node -- -j4 -l4
[2.452s] DEBUG:colcon.colcon_core.event_handler.log_command:Invoking command in '/home/dingo/tb3_autonomy/src/build/turtlebot3_node': CMAKE_PREFIX_PATH=${CMAKE_PREFIX_PATH}:/home/dingo/tb3_autonomy/src/install/turtlebot3_teleop:/home/dingo/tb3_autonomy/src/install/turtlebot3_example:/home/dingo/turtlebot3_ws/install/turtlebot3_description:/opt/ros/jazzy /usr/bin/cmake --install /home/dingo/tb3_autonomy/src/build/turtlebot3_node
[3.401s] INFO:colcon.colcon_core.task.python.build:Building Python package in '/home/dingo/tb3_autonomy/src/turtlebot3/turtlebot3_teleop'
[3.402s] INFO:colcon.colcon_core.shell:Skip shell extension 'powershell' for command environment: Not usable outside of PowerShell
[3.402s] DEBUG:colcon.colcon_core.shell:Skip shell extension 'dsv' for command environment
[3.448s] Level 1:colcon.colcon_core.environment:create_environment_scripts_only(turtlebot3_description)
[3.485s] Level 1:colcon.colcon_core.environment:checking '/home/dingo/tb3_autonomy/src/install/turtlebot3_description' for CMake module files
[3.487s] DEBUG:colcon.colcon_core.event_handler.log_command:Invoked command in '/home/dingo/tb3_autonomy/src/build/turtlebot3_description' returned '0': CMAKE_PREFIX_PATH=${CMAKE_PREFIX_PATH}:/home/dingo/tb3_autonomy/src/install/turtlebot3_teleop:/home/dingo/tb3_autonomy/src/install/turtlebot3_example:/home/dingo/turtlebot3_ws/install/turtlebot3_description:/opt/ros/jazzy /usr/bin/cmake --install /home/dingo/tb3_autonomy/src/build/turtlebot3_description
[3.490s] Level 1:colcon.colcon_core.environment:checking '/home/dingo/tb3_autonomy/src/install/turtlebot3_description' for CMake config files
[3.492s] Level 1:colcon.colcon_core.shell:create_environment_hook('turtlebot3_description', 'cmake_prefix_path')
[3.493s] INFO:colcon.colcon_core.shell:Creating environment hook '/home/dingo/tb3_autonomy/src/install/turtlebot3_description/share/turtlebot3_description/hook/cmake_prefix_path.ps1'
[3.495s] INFO:colcon.colcon_core.shell:Creating environment descriptor '/home/dingo/tb3_autonomy/src/install/turtlebot3_description/share/turtlebot3_description/hook/cmake_prefix_path.dsv'
[3.497s] INFO:colcon.colcon_core.shell:Creating environment hook '/home/dingo/tb3_autonomy/src/install/turtlebot3_description/share/turtlebot3_description/hook/cmake_prefix_path.sh'
[3.500s] Level 1:colcon.colcon_core.environment:checking '/home/dingo/tb3_autonomy/src/install/turtlebot3_description/bin'
[3.501s] Level 1:colcon.colcon_core.environment:checking '/home/dingo/tb3_autonomy/src/install/turtlebot3_description/lib/pkgconfig/turtlebot3_description.pc'
[3.502s] Level 1:colcon.colcon_core.environment:checking '/home/dingo/tb3_autonomy/src/install/turtlebot3_description/lib/python3.12/site-packages'
[3.503s] Level 1:colcon.colcon_core.environment:checking '/home/dingo/tb3_autonomy/src/install/turtlebot3_description/bin'
[3.504s] INFO:colcon.colcon_core.shell:Creating package script '/home/dingo/tb3_autonomy/src/install/turtlebot3_description/share/turtlebot3_description/package.ps1'
[3.507s] INFO:colcon.colcon_core.shell:Creating package descriptor '/home/dingo/tb3_autonomy/src/install/turtlebot3_description/share/turtlebot3_description/package.dsv'
[3.510s] INFO:colcon.colcon_core.shell:Creating package script '/home/dingo/tb3_autonomy/src/install/turtlebot3_description/share/turtlebot3_description/package.sh'
[3.513s] INFO:colcon.colcon_core.shell:Creating package script '/home/dingo/tb3_autonomy/src/install/turtlebot3_description/share/turtlebot3_description/package.bash'
[3.517s] INFO:colcon.colcon_core.shell:Creating package script '/home/dingo/tb3_autonomy/src/install/turtlebot3_description/share/turtlebot3_description/package.zsh'
[3.520s] Level 1:colcon.colcon_core.environment:create_file_with_runtime_dependencies(/home/dingo/tb3_autonomy/src/install/turtlebot3_description/share/colcon-core/packages/turtlebot3_description)
[3.523s] Level 1:colcon.colcon_core.environment:create_environment_scripts_only(turtlebot3_description)
[3.524s] Level 1:colcon.colcon_core.environment:checking '/home/dingo/tb3_autonomy/src/install/turtlebot3_description' for CMake module files
[3.527s] Level 1:colcon.colcon_core.environment:checking '/home/dingo/tb3_autonomy/src/install/turtlebot3_description' for CMake config files
[3.529s] Level 1:colcon.colcon_core.shell:create_environment_hook('turtlebot3_description', 'cmake_prefix_path')
[3.530s] INFO:colcon.colcon_core.shell:Creating environment hook '/home/dingo/tb3_autonomy/src/install/turtlebot3_description/share/turtlebot3_description/hook/cmake_prefix_path.ps1'
[3.532s] INFO:colcon.colcon_core.shell:Creating environment descriptor '/home/dingo/tb3_autonomy/src/install/turtlebot3_description/share/turtlebot3_description/hook/cmake_prefix_path.dsv'
[3.536s] INFO:colcon.colcon_core.shell:Creating environment hook '/home/dingo/tb3_autonomy/src/install/turtlebot3_description/share/turtlebot3_description/hook/cmake_prefix_path.sh'
[3.540s] Level 1:colcon.colcon_core.environment:checking '/home/dingo/tb3_autonomy/src/install/turtlebot3_description/bin'
[3.540s] Level 1:colcon.colcon_core.environment:checking '/home/dingo/tb3_autonomy/src/install/turtlebot3_description/lib/pkgconfig/turtlebot3_description.pc'
[3.541s] Level 1:colcon.colcon_core.environment:checking '/home/dingo/tb3_autonomy/src/install/turtlebot3_description/lib/python3.12/site-packages'
[3.542s] Level 1:colcon.colcon_core.environment:checking '/home/dingo/tb3_autonomy/src/install/turtlebot3_description/bin'
[3.544s] INFO:colcon.colcon_core.shell:Creating package script '/home/dingo/tb3_autonomy/src/install/turtlebot3_description/share/turtlebot3_description/package.ps1'
[3.546s] INFO:colcon.colcon_core.shell:Creating package descriptor '/home/dingo/tb3_autonomy/src/install/turtlebot3_description/share/turtlebot3_description/package.dsv'
[3.549s] INFO:colcon.colcon_core.shell:Creating package script '/home/dingo/tb3_autonomy/src/install/turtlebot3_description/share/turtlebot3_description/package.sh'
[3.551s] INFO:colcon.colcon_core.shell:Creating package script '/home/dingo/tb3_autonomy/src/install/turtlebot3_description/share/turtlebot3_description/package.bash'
[3.553s] INFO:colcon.colcon_core.shell:Creating package script '/home/dingo/tb3_autonomy/src/install/turtlebot3_description/share/turtlebot3_description/package.zsh'
[3.555s] Level 1:colcon.colcon_core.environment:create_file_with_runtime_dependencies(/home/dingo/tb3_autonomy/src/install/turtlebot3_description/share/colcon-core/packages/turtlebot3_description)
[3.557s] Level 1:colcon.colcon_core.environment:create_environment_scripts_only(turtlebot3_node)
[3.558s] Level 1:colcon.colcon_core.environment:checking '/home/dingo/tb3_autonomy/src/install/turtlebot3_node' for CMake module files
[3.562s] DEBUG:colcon.colcon_core.event_handler.log_command:Invoked command in '/home/dingo/tb3_autonomy/src/build/turtlebot3_node' returned '0': CMAKE_PREFIX_PATH=${CMAKE_PREFIX_PATH}:/home/dingo/tb3_autonomy/src/install/turtlebot3_teleop:/home/dingo/tb3_autonomy/src/install/turtlebot3_example:/home/dingo/turtlebot3_ws/install/turtlebot3_description:/opt/ros/jazzy /usr/bin/cmake --install /home/dingo/tb3_autonomy/src/build/turtlebot3_node
[3.565s] Level 1:colcon.colcon_core.environment:checking '/home/dingo/tb3_autonomy/src/install/turtlebot3_node' for CMake config files
[3.568s] Level 1:colcon.colcon_core.shell:create_environment_hook('turtlebot3_node', 'cmake_prefix_path')
[3.569s] INFO:colcon.colcon_core.shell:Creating environment hook '/home/dingo/tb3_autonomy/src/install/turtlebot3_node/share/turtlebot3_node/hook/cmake_prefix_path.ps1'
[3.572s] INFO:colcon.colcon_core.shell:Creating environment descriptor '/home/dingo/tb3_autonomy/src/install/turtlebot3_node/share/turtlebot3_node/hook/cmake_prefix_path.dsv'
[3.574s] INFO:colcon.colcon_core.shell:Creating environment hook '/home/dingo/tb3_autonomy/src/install/turtlebot3_node/share/turtlebot3_node/hook/cmake_prefix_path.sh'
[3.577s] Level 1:colcon.colcon_core.environment:checking '/home/dingo/tb3_autonomy/src/install/turtlebot3_node/lib'
[3.578s] Level 1:colcon.colcon_core.environment:checking '/home/dingo/tb3_autonomy/src/install/turtlebot3_node/bin'
[3.578s] Level 1:colcon.colcon_core.environment:checking '/home/dingo/tb3_autonomy/src/install/turtlebot3_node/lib/pkgconfig/turtlebot3_node.pc'
[3.579s] Level 1:colcon.colcon_core.environment:checking '/home/dingo/tb3_autonomy/src/install/turtlebot3_node/lib/python3.12/site-packages'
[3.580s] Level 1:colcon.colcon_core.environment:checking '/home/dingo/tb3_autonomy/src/install/turtlebot3_node/bin'
[3.581s] INFO:colcon.colcon_core.shell:Creating package script '/home/dingo/tb3_autonomy/src/install/turtlebot3_node/share/turtlebot3_node/package.ps1'
[3.583s] INFO:colcon.colcon_core.shell:Creating package descriptor '/home/dingo/tb3_autonomy/src/install/turtlebot3_node/share/turtlebot3_node/package.dsv'
[3.585s] INFO:colcon.colcon_core.shell:Creating package script '/home/dingo/tb3_autonomy/src/install/turtlebot3_node/share/turtlebot3_node/package.sh'
[3.587s] INFO:colcon.colcon_core.shell:Creating package script '/home/dingo/tb3_autonomy/src/install/turtlebot3_node/share/turtlebot3_node/package.bash'
[3.589s] INFO:colcon.colcon_core.shell:Creating package script '/home/dingo/tb3_autonomy/src/install/turtlebot3_node/share/turtlebot3_node/package.zsh'
[3.592s] Level 1:colcon.colcon_core.environment:create_file_with_runtime_dependencies(/home/dingo/tb3_autonomy/src/install/turtlebot3_node/share/colcon-core/packages/turtlebot3_node)
[3.595s] Level 1:colcon.colcon_core.environment:create_environment_scripts_only(turtlebot3_node)
[3.595s] Level 1:colcon.colcon_core.environment:checking '/home/dingo/tb3_autonomy/src/install/turtlebot3_node' for CMake module files
[3.599s] Level 1:colcon.colcon_core.environment:checking '/home/dingo/tb3_autonomy/src/install/turtlebot3_node' for CMake config files
[3.601s] Level 1:colcon.colcon_core.shell:create_environment_hook('turtlebot3_node', 'cmake_prefix_path')
[3.602s] INFO:colcon.colcon_core.shell:Creating environment hook '/home/dingo/tb3_autonomy/src/install/turtlebot3_node/share/turtlebot3_node/hook/cmake_prefix_path.ps1'
[3.604s] INFO:colcon.colcon_core.shell:Creating environment descriptor '/home/dingo/tb3_autonomy/src/install/turtlebot3_node/share/turtlebot3_node/hook/cmake_prefix_path.dsv'
[3.606s] INFO:colcon.colcon_core.shell:Creating environment hook '/home/dingo/tb3_autonomy/src/install/turtlebot3_node/share/turtlebot3_node/hook/cmake_prefix_path.sh'
[3.609s] Level 1:colcon.colcon_core.environment:checking '/home/dingo/tb3_autonomy/src/install/turtlebot3_node/lib'
[3.610s] Level 1:colcon.colcon_core.environment:checking '/home/dingo/tb3_autonomy/src/install/turtlebot3_node/bin'
[3.610s] Level 1:colcon.colcon_core.environment:checking '/home/dingo/tb3_autonomy/src/install/turtlebot3_node/lib/pkgconfig/turtlebot3_node.pc'
[3.611s] Level 1:colcon.colcon_core.environment:checking '/home/dingo/tb3_autonomy/src/install/turtlebot3_node/lib/python3.12/site-packages'
[3.612s] Level 1:colcon.colcon_core.environment:checking '/home/dingo/tb3_autonomy/src/install/turtlebot3_node/bin'
[3.613s] INFO:colcon.colcon_core.shell:Creating package script '/home/dingo/tb3_autonomy/src/install/turtlebot3_node/share/turtlebot3_node/package.ps1'
[3.616s] INFO:colcon.colcon_core.shell:Creating package descriptor '/home/dingo/tb3_autonomy/src/install/turtlebot3_node/share/turtlebot3_node/package.dsv'
[3.619s] INFO:colcon.colcon_core.shell:Creating package script '/home/dingo/tb3_autonomy/src/install/turtlebot3_node/share/turtlebot3_node/package.sh'
[3.621s] INFO:colcon.colcon_core.shell:Creating package script '/home/dingo/tb3_autonomy/src/install/turtlebot3_node/share/turtlebot3_node/package.bash'
[3.625s] INFO:colcon.colcon_core.shell:Creating package script '/home/dingo/tb3_autonomy/src/install/turtlebot3_node/share/turtlebot3_node/package.zsh'
[3.628s] Level 1:colcon.colcon_core.environment:create_file_with_runtime_dependencies(/home/dingo/tb3_autonomy/src/install/turtlebot3_node/share/colcon-core/packages/turtlebot3_node)
[3.630s] INFO:colcon.colcon_ros.task.ament_cmake.build:Building ROS package in '/home/dingo/tb3_autonomy/src/turtlebot3/turtlebot3_bringup' with build type 'ament_cmake'
[3.631s] INFO:colcon.colcon_cmake.task.cmake.build:Building CMake package in '/home/dingo/tb3_autonomy/src/turtlebot3/turtlebot3_bringup'
[3.632s] INFO:colcon.colcon_core.shell:Skip shell extension 'powershell' for command environment: Not usable outside of PowerShell
[3.632s] DEBUG:colcon.colcon_core.shell:Skip shell extension 'dsv' for command environment
[3.700s] DEBUG:colcon.colcon_core.event_handler.log_command:Invoking command in '/home/dingo/tb3_autonomy/src/build/turtlebot3_bringup': CMAKE_PREFIX_PATH=/home/dingo/tb3_autonomy/src/install/turtlebot3_node:/home/dingo/tb3_autonomy/src/install/turtlebot3_description:/opt/ros/jazzy/opt/gz_sim_vendor:/opt/ros/jazzy/opt/gz_sensors_vendor:/opt/ros/jazzy/opt/gz_physics_vendor:/opt/ros/jazzy/opt/sdformat_vendor:/opt/ros/jazzy/opt/gz_gui_vendor:/opt/ros/jazzy/opt/gz_transport_vendor:/opt/ros/jazzy/opt/gz_rendering_vendor:/opt/ros/jazzy/opt/gz_plugin_vendor:/opt/ros/jazzy/opt/gz_fuel_tools_vendor:/opt/ros/jazzy/opt/gz_msgs_vendor:/opt/ros/jazzy/opt/gz_common_vendor:/opt/ros/jazzy/opt/gz_math_vendor:/opt/ros/jazzy/opt/gz_utils_vendor:/opt/ros/jazzy/opt/gz_tools_vendor:/opt/ros/jazzy/opt/gz_ogre_next_vendor:/opt/ros/jazzy/opt/gz_dartsim_vendor:/opt/ros/jazzy/opt/gz_cmake_vendor:/home/dingo/tb3_autonomy/src/install/turtlebot3:/home/dingo/tb3_autonomy/src/install/turtlebot3_bringup:/home/dingo/tb3_autonomy/src/install/ld08_driver:/home/dingo/tb3_autonomy/src/install/turtlebot3_teleop:/home/dingo/tb3_autonomy/src/install/turtlebot3_example:/home/dingo/turtlebot3_ws/install/turtlebot3_description:/opt/ros/jazzy /usr/bin/cmake --build /home/dingo/tb3_autonomy/src/build/turtlebot3_bringup -- -j4 -l4
[4.019s] DEBUG:colcon.colcon_core.event_handler.log_command:Invoked command in '/home/dingo/tb3_autonomy/src/build/turtlebot3_bringup' returned '0': CMAKE_PREFIX_PATH=/home/dingo/tb3_autonomy/src/install/turtlebot3_node:/home/dingo/tb3_autonomy/src/install/turtlebot3_description:/opt/ros/jazzy/opt/gz_sim_vendor:/opt/ros/jazzy/opt/gz_sensors_vendor:/opt/ros/jazzy/opt/gz_physics_vendor:/opt/ros/jazzy/opt/sdformat_vendor:/opt/ros/jazzy/opt/gz_gui_vendor:/opt/ros/jazzy/opt/gz_transport_vendor:/opt/ros/jazzy/opt/gz_rendering_vendor:/opt/ros/jazzy/opt/gz_plugin_vendor:/opt/ros/jazzy/opt/gz_fuel_tools_vendor:/opt/ros/jazzy/opt/gz_msgs_vendor:/opt/ros/jazzy/opt/gz_common_vendor:/opt/ros/jazzy/opt/gz_math_vendor:/opt/ros/jazzy/opt/gz_utils_vendor:/opt/ros/jazzy/opt/gz_tools_vendor:/opt/ros/jazzy/opt/gz_ogre_next_vendor:/opt/ros/jazzy/opt/gz_dartsim_vendor:/opt/ros/jazzy/opt/gz_cmake_vendor:/home/dingo/tb3_autonomy/src/install/turtlebot3:/home/dingo/tb3_autonomy/src/install/turtlebot3_bringup:/home/dingo/tb3_autonomy/src/install/ld08_driver:/home/dingo/tb3_autonomy/src/install/turtlebot3_teleop:/home/dingo/tb3_autonomy/src/install/turtlebot3_example:/home/dingo/turtlebot3_ws/install/turtlebot3_description:/opt/ros/jazzy /usr/bin/cmake --build /home/dingo/tb3_autonomy/src/build/turtlebot3_bringup -- -j4 -l4
[4.027s] DEBUG:colcon.colcon_core.event_handler.log_command:Invoking command in '/home/dingo/tb3_autonomy/src/build/turtlebot3_bringup': CMAKE_PREFIX_PATH=/home/dingo/tb3_autonomy/src/install/turtlebot3_node:/home/dingo/tb3_autonomy/src/install/turtlebot3_description:/opt/ros/jazzy/opt/gz_sim_vendor:/opt/ros/jazzy/opt/gz_sensors_vendor:/opt/ros/jazzy/opt/gz_physics_vendor:/opt/ros/jazzy/opt/sdformat_vendor:/opt/ros/jazzy/opt/gz_gui_vendor:/opt/ros/jazzy/opt/gz_transport_vendor:/opt/ros/jazzy/opt/gz_rendering_vendor:/opt/ros/jazzy/opt/gz_plugin_vendor:/opt/ros/jazzy/opt/gz_fuel_tools_vendor:/opt/ros/jazzy/opt/gz_msgs_vendor:/opt/ros/jazzy/opt/gz_common_vendor:/opt/ros/jazzy/opt/gz_math_vendor:/opt/ros/jazzy/opt/gz_utils_vendor:/opt/ros/jazzy/opt/gz_tools_vendor:/opt/ros/jazzy/opt/gz_ogre_next_vendor:/opt/ros/jazzy/opt/gz_dartsim_vendor:/opt/ros/jazzy/opt/gz_cmake_vendor:/home/dingo/tb3_autonomy/src/install/turtlebot3:/home/dingo/tb3_autonomy/src/install/turtlebot3_bringup:/home/dingo/tb3_autonomy/src/install/ld08_driver:/home/dingo/tb3_autonomy/src/install/turtlebot3_teleop:/home/dingo/tb3_autonomy/src/install/turtlebot3_example:/home/dingo/turtlebot3_ws/install/turtlebot3_description:/opt/ros/jazzy /usr/bin/cmake --install /home/dingo/tb3_autonomy/src/build/turtlebot3_bringup
[4.231s] Level 1:colcon.colcon_core.environment:create_environment_scripts_only(turtlebot3_bringup)
[4.232s] Level 1:colcon.colcon_core.environment:checking '/home/dingo/tb3_autonomy/src/install/turtlebot3_bringup' for CMake module files
[4.237s] DEBUG:colcon.colcon_core.event_handler.log_command:Invoked command in '/home/dingo/tb3_autonomy/src/build/turtlebot3_bringup' returned '0': CMAKE_PREFIX_PATH=/home/dingo/tb3_autonomy/src/install/turtlebot3_node:/home/dingo/tb3_autonomy/src/install/turtlebot3_description:/opt/ros/jazzy/opt/gz_sim_vendor:/opt/ros/jazzy/opt/gz_sensors_vendor:/opt/ros/jazzy/opt/gz_physics_vendor:/opt/ros/jazzy/opt/sdformat_vendor:/opt/ros/jazzy/opt/gz_gui_vendor:/opt/ros/jazzy/opt/gz_transport_vendor:/opt/ros/jazzy/opt/gz_rendering_vendor:/opt/ros/jazzy/opt/gz_plugin_vendor:/opt/ros/jazzy/opt/gz_fuel_tools_vendor:/opt/ros/jazzy/opt/gz_msgs_vendor:/opt/ros/jazzy/opt/gz_common_vendor:/opt/ros/jazzy/opt/gz_math_vendor:/opt/ros/jazzy/opt/gz_utils_vendor:/opt/ros/jazzy/opt/gz_tools_vendor:/opt/ros/jazzy/opt/gz_ogre_next_vendor:/opt/ros/jazzy/opt/gz_dartsim_vendor:/opt/ros/jazzy/opt/gz_cmake_vendor:/home/dingo/tb3_autonomy/src/install/turtlebot3:/home/dingo/tb3_autonomy/src/install/turtlebot3_bringup:/home/dingo/tb3_autonomy/src/install/ld08_driver:/home/dingo/tb3_autonomy/src/install/turtlebot3_teleop:/home/dingo/tb3_autonomy/src/install/turtlebot3_example:/home/dingo/turtlebot3_ws/install/turtlebot3_description:/opt/ros/jazzy /usr/bin/cmake --install /home/dingo/tb3_autonomy/src/build/turtlebot3_bringup
[4.238s] Level 1:colcon.colcon_core.environment:checking '/home/dingo/tb3_autonomy/src/install/turtlebot3_bringup' for CMake config files
[4.241s] Level 1:colcon.colcon_core.shell:create_environment_hook('turtlebot3_bringup', 'cmake_prefix_path')
[4.242s] INFO:colcon.colcon_core.shell:Creating environment hook '/home/dingo/tb3_autonomy/src/install/turtlebot3_bringup/share/turtlebot3_bringup/hook/cmake_prefix_path.ps1'
[4.245s] INFO:colcon.colcon_core.shell:Creating environment descriptor '/home/dingo/tb3_autonomy/src/install/turtlebot3_bringup/share/turtlebot3_bringup/hook/cmake_prefix_path.dsv'
[4.248s] INFO:colcon.colcon_core.shell:Creating environment hook '/home/dingo/tb3_autonomy/src/install/turtlebot3_bringup/share/turtlebot3_bringup/hook/cmake_prefix_path.sh'
[4.251s] Level 1:colcon.colcon_core.environment:checking '/home/dingo/tb3_autonomy/src/install/turtlebot3_bringup/bin'
[4.252s] Level 1:colcon.colcon_core.environment:checking '/home/dingo/tb3_autonomy/src/install/turtlebot3_bringup/lib/pkgconfig/turtlebot3_bringup.pc'
[4.253s] Level 1:colcon.colcon_core.environment:checking '/home/dingo/tb3_autonomy/src/install/turtlebot3_bringup/lib/python3.12/site-packages'
[4.254s] Level 1:colcon.colcon_core.environment:checking '/home/dingo/tb3_autonomy/src/install/turtlebot3_bringup/bin'
[4.255s] INFO:colcon.colcon_core.shell:Creating package script '/home/dingo/tb3_autonomy/src/install/turtlebot3_bringup/share/turtlebot3_bringup/package.ps1'
[4.257s] INFO:colcon.colcon_core.shell:Creating package descriptor '/home/dingo/tb3_autonomy/src/install/turtlebot3_bringup/share/turtlebot3_bringup/package.dsv'
[4.260s] INFO:colcon.colcon_core.shell:Creating package script '/home/dingo/tb3_autonomy/src/install/turtlebot3_bringup/share/turtlebot3_bringup/package.sh'
[4.262s] INFO:colcon.colcon_core.shell:Creating package script '/home/dingo/tb3_autonomy/src/install/turtlebot3_bringup/share/turtlebot3_bringup/package.bash'
[4.264s] INFO:colcon.colcon_core.shell:Creating package script '/home/dingo/tb3_autonomy/src/install/turtlebot3_bringup/share/turtlebot3_bringup/package.zsh'
[4.266s] Level 1:colcon.colcon_core.environment:create_file_with_runtime_dependencies(/home/dingo/tb3_autonomy/src/install/turtlebot3_bringup/share/colcon-core/packages/turtlebot3_bringup)
[4.270s] Level 1:colcon.colcon_core.environment:create_environment_scripts_only(turtlebot3_bringup)
[4.271s] Level 1:colcon.colcon_core.environment:checking '/home/dingo/tb3_autonomy/src/install/turtlebot3_bringup' for CMake module files
[4.274s] Level 1:colcon.colcon_core.environment:checking '/home/dingo/tb3_autonomy/src/install/turtlebot3_bringup' for CMake config files
[4.278s] Level 1:colcon.colcon_core.shell:create_environment_hook('turtlebot3_bringup', 'cmake_prefix_path')
[4.279s] INFO:colcon.colcon_core.shell:Creating environment hook '/home/dingo/tb3_autonomy/src/install/turtlebot3_bringup/share/turtlebot3_bringup/hook/cmake_prefix_path.ps1'
[4.282s] INFO:colcon.colcon_core.shell:Creating environment descriptor '/home/dingo/tb3_autonomy/src/install/turtlebot3_bringup/share/turtlebot3_bringup/hook/cmake_prefix_path.dsv'
[4.285s] INFO:colcon.colcon_core.shell:Creating environment hook '/home/dingo/tb3_autonomy/src/install/turtlebot3_bringup/share/turtlebot3_bringup/hook/cmake_prefix_path.sh'
[4.288s] Level 1:colcon.colcon_core.environment:checking '/home/dingo/tb3_autonomy/src/install/turtlebot3_bringup/bin'
[4.288s] Level 1:colcon.colcon_core.environment:checking '/home/dingo/tb3_autonomy/src/install/turtlebot3_bringup/lib/pkgconfig/turtlebot3_bringup.pc'
[4.289s] Level 1:colcon.colcon_core.environment:checking '/home/dingo/tb3_autonomy/src/install/turtlebot3_bringup/lib/python3.12/site-packages'
[4.290s] Level 1:colcon.colcon_core.environment:checking '/home/dingo/tb3_autonomy/src/install/turtlebot3_bringup/bin'
[4.291s] INFO:colcon.colcon_core.shell:Creating package script '/home/dingo/tb3_autonomy/src/install/turtlebot3_bringup/share/turtlebot3_bringup/package.ps1'
[4.294s] INFO:colcon.colcon_core.shell:Creating package descriptor '/home/dingo/tb3_autonomy/src/install/turtlebot3_bringup/share/turtlebot3_bringup/package.dsv'
[4.298s] INFO:colcon.colcon_core.shell:Creating package script '/home/dingo/tb3_autonomy/src/install/turtlebot3_bringup/share/turtlebot3_bringup/package.sh'
[4.303s] INFO:colcon.colcon_core.shell:Creating package script '/home/dingo/tb3_autonomy/src/install/turtlebot3_bringup/share/turtlebot3_bringup/package.bash'
[4.309s] INFO:colcon.colcon_core.shell:Creating package script '/home/dingo/tb3_autonomy/src/install/turtlebot3_bringup/share/turtlebot3_bringup/package.zsh'
[4.313s] Level 1:colcon.colcon_core.environment:create_file_with_runtime_dependencies(/home/dingo/tb3_autonomy/src/install/turtlebot3_bringup/share/colcon-core/packages/turtlebot3_bringup)
[6.356s] DEBUG:colcon.colcon_core.event_handler.log_command:Invoking command in '/home/dingo/tb3_autonomy/src/build/turtlebot3_example': PYTHONPATH=/home/dingo/tb3_autonomy/src/build/turtlebot3_example/prefix_override:/usr/lib/python3/dist-packages/colcon_core/task/python/colcon_distutils_commands:/home/dingo/tb3_autonomy/src/install/turtlebot3_example/lib/python3.12/site-packages:${PYTHONPATH} /usr/bin/python3 -W ignore:setup.py install is deprecated -W ignore:easy_install command is deprecated setup.py develop --editable --build-directory /home/dingo/tb3_autonomy/src/build/turtlebot3_example/build --no-deps symlink_data
[6.609s] DEBUG:colcon.colcon_core.event_handler.log_command:Invoking command in '/home/dingo/tb3_autonomy/src/build/turtlebot3_teleop': PYTHONPATH=/home/dingo/tb3_autonomy/src/build/turtlebot3_teleop/prefix_override:/usr/lib/python3/dist-packages/colcon_core/task/python/colcon_distutils_commands:/home/dingo/tb3_autonomy/src/install/turtlebot3_teleop/lib/python3.12/site-packages:${PYTHONPATH} /usr/bin/python3 -W ignore:setup.py install is deprecated -W ignore:easy_install command is deprecated setup.py develop --editable --build-directory /home/dingo/tb3_autonomy/src/build/turtlebot3_teleop/build --no-deps symlink_data
[9.625s] Level 1:colcon.colcon_core.shell:create_environment_hook('turtlebot3_example', 'pythonpath_develop')
[9.627s] INFO:colcon.colcon_core.shell:Creating environment hook '/home/dingo/tb3_autonomy/src/build/turtlebot3_example/share/turtlebot3_example/hook/pythonpath_develop.ps1'
[9.630s] INFO:colcon.colcon_core.shell:Creating environment descriptor '/home/dingo/tb3_autonomy/src/build/turtlebot3_example/share/turtlebot3_example/hook/pythonpath_develop.dsv'
[9.628s] DEBUG:colcon.colcon_core.event_handler.log_command:Invoked command in '/home/dingo/tb3_autonomy/src/build/turtlebot3_example' returned '0': PYTHONPATH=/home/dingo/tb3_autonomy/src/build/turtlebot3_example/prefix_override:/usr/lib/python3/dist-packages/colcon_core/task/python/colcon_distutils_commands:/home/dingo/tb3_autonomy/src/install/turtlebot3_example/lib/python3.12/site-packages:${PYTHONPATH} /usr/bin/python3 -W ignore:setup.py install is deprecated -W ignore:easy_install command is deprecated setup.py develop --editable --build-directory /home/dingo/tb3_autonomy/src/build/turtlebot3_example/build --no-deps symlink_data
[9.633s] INFO:colcon.colcon_core.shell:Creating environment hook '/home/dingo/tb3_autonomy/src/build/turtlebot3_example/share/turtlebot3_example/hook/pythonpath_develop.sh'
[9.637s] Level 1:colcon.colcon_core.environment:checking '/home/dingo/tb3_autonomy/src/install/turtlebot3_example' for CMake module files
[9.640s] Level 1:colcon.colcon_core.environment:checking '/home/dingo/tb3_autonomy/src/install/turtlebot3_example' for CMake config files
[9.645s] Level 1:colcon.colcon_core.environment:checking '/home/dingo/tb3_autonomy/src/install/turtlebot3_example/lib'
[9.646s] Level 1:colcon.colcon_core.environment:checking '/home/dingo/tb3_autonomy/src/install/turtlebot3_example/bin'
[9.647s] Level 1:colcon.colcon_core.environment:checking '/home/dingo/tb3_autonomy/src/install/turtlebot3_example/lib/pkgconfig/turtlebot3_example.pc'
[9.648s] Level 1:colcon.colcon_core.environment:checking '/home/dingo/tb3_autonomy/src/install/turtlebot3_example/lib/python3.12/site-packages'
[9.648s] Level 1:colcon.colcon_core.shell:create_environment_hook('turtlebot3_example', 'pythonpath')
[9.649s] INFO:colcon.colcon_core.shell:Creating environment hook '/home/dingo/tb3_autonomy/src/install/turtlebot3_example/share/turtlebot3_example/hook/pythonpath.ps1'
[9.651s] INFO:colcon.colcon_core.shell:Creating environment descriptor '/home/dingo/tb3_autonomy/src/install/turtlebot3_example/share/turtlebot3_example/hook/pythonpath.dsv'
[9.654s] INFO:colcon.colcon_core.shell:Creating environment hook '/home/dingo/tb3_autonomy/src/install/turtlebot3_example/share/turtlebot3_example/hook/pythonpath.sh'
[9.656s] Level 1:colcon.colcon_core.environment:checking '/home/dingo/tb3_autonomy/src/install/turtlebot3_example/bin'
[9.657s] Level 1:colcon.colcon_core.environment:create_environment_scripts_only(turtlebot3_example)
[9.658s] INFO:colcon.colcon_core.shell:Creating package script '/home/dingo/tb3_autonomy/src/install/turtlebot3_example/share/turtlebot3_example/package.ps1'
[9.661s] INFO:colcon.colcon_core.shell:Creating package descriptor '/home/dingo/tb3_autonomy/src/install/turtlebot3_example/share/turtlebot3_example/package.dsv'
[9.663s] INFO:colcon.colcon_core.shell:Creating package script '/home/dingo/tb3_autonomy/src/install/turtlebot3_example/share/turtlebot3_example/package.sh'
[9.666s] INFO:colcon.colcon_core.shell:Creating package script '/home/dingo/tb3_autonomy/src/install/turtlebot3_example/share/turtlebot3_example/package.bash'
[9.668s] INFO:colcon.colcon_core.shell:Creating package script '/home/dingo/tb3_autonomy/src/install/turtlebot3_example/share/turtlebot3_example/package.zsh'
[9.670s] Level 1:colcon.colcon_core.environment:create_file_with_runtime_dependencies(/home/dingo/tb3_autonomy/src/install/turtlebot3_example/share/colcon-core/packages/turtlebot3_example)
[9.867s] Level 1:colcon.colcon_core.shell:create_environment_hook('turtlebot3_teleop', 'pythonpath_develop')
[9.868s] INFO:colcon.colcon_core.shell:Creating environment hook '/home/dingo/tb3_autonomy/src/build/turtlebot3_teleop/share/turtlebot3_teleop/hook/pythonpath_develop.ps1'
[9.869s] DEBUG:colcon.colcon_core.event_handler.log_command:Invoked command in '/home/dingo/tb3_autonomy/src/build/turtlebot3_teleop' returned '0': PYTHONPATH=/home/dingo/tb3_autonomy/src/build/turtlebot3_teleop/prefix_override:/usr/lib/python3/dist-packages/colcon_core/task/python/colcon_distutils_commands:/home/dingo/tb3_autonomy/src/install/turtlebot3_teleop/lib/python3.12/site-packages:${PYTHONPATH} /usr/bin/python3 -W ignore:setup.py install is deprecated -W ignore:easy_install command is deprecated setup.py develop --editable --build-directory /home/dingo/tb3_autonomy/src/build/turtlebot3_teleop/build --no-deps symlink_data
[9.872s] INFO:colcon.colcon_core.shell:Creating environment descriptor '/home/dingo/tb3_autonomy/src/build/turtlebot3_teleop/share/turtlebot3_teleop/hook/pythonpath_develop.dsv'
[9.874s] INFO:colcon.colcon_core.shell:Creating environment hook '/home/dingo/tb3_autonomy/src/build/turtlebot3_teleop/share/turtlebot3_teleop/hook/pythonpath_develop.sh'
[9.877s] Level 1:colcon.colcon_core.environment:checking '/home/dingo/tb3_autonomy/src/install/turtlebot3_teleop' for CMake module files
[9.881s] Level 1:colcon.colcon_core.environment:checking '/home/dingo/tb3_autonomy/src/install/turtlebot3_teleop' for CMake config files
[9.886s] Level 1:colcon.colcon_core.environment:checking '/home/dingo/tb3_autonomy/src/install/turtlebot3_teleop/lib'
[9.886s] Level 1:colcon.colcon_core.environment:checking '/home/dingo/tb3_autonomy/src/install/turtlebot3_teleop/bin'
[9.887s] Level 1:colcon.colcon_core.environment:checking '/home/dingo/tb3_autonomy/src/install/turtlebot3_teleop/lib/pkgconfig/turtlebot3_teleop.pc'
[9.888s] Level 1:colcon.colcon_core.environment:checking '/home/dingo/tb3_autonomy/src/install/turtlebot3_teleop/lib/python3.12/site-packages'
[9.888s] Level 1:colcon.colcon_core.shell:create_environment_hook('turtlebot3_teleop', 'pythonpath')
[9.889s] INFO:colcon.colcon_core.shell:Creating environment hook '/home/dingo/tb3_autonomy/src/install/turtlebot3_teleop/share/turtlebot3_teleop/hook/pythonpath.ps1'
[9.892s] INFO:colcon.colcon_core.shell:Creating environment descriptor '/home/dingo/tb3_autonomy/src/install/turtlebot3_teleop/share/turtlebot3_teleop/hook/pythonpath.dsv'
[9.894s] INFO:colcon.colcon_core.shell:Creating environment hook '/home/dingo/tb3_autonomy/src/install/turtlebot3_teleop/share/turtlebot3_teleop/hook/pythonpath.sh'
[9.897s] Level 1:colcon.colcon_core.environment:checking '/home/dingo/tb3_autonomy/src/install/turtlebot3_teleop/bin'
[9.897s] Level 1:colcon.colcon_core.environment:create_environment_scripts_only(turtlebot3_teleop)
[9.898s] INFO:colcon.colcon_core.shell:Creating package script '/home/dingo/tb3_autonomy/src/install/turtlebot3_teleop/share/turtlebot3_teleop/package.ps1'
[9.901s] INFO:colcon.colcon_core.shell:Creating package descriptor '/home/dingo/tb3_autonomy/src/install/turtlebot3_teleop/share/turtlebot3_teleop/package.dsv'
[9.905s] INFO:colcon.colcon_core.shell:Creating package script '/home/dingo/tb3_autonomy/src/install/turtlebot3_teleop/share/turtlebot3_teleop/package.sh'
[9.908s] INFO:colcon.colcon_core.shell:Creating package script '/home/dingo/tb3_autonomy/src/install/turtlebot3_teleop/share/turtlebot3_teleop/package.bash'
[9.910s] INFO:colcon.colcon_core.shell:Creating package script '/home/dingo/tb3_autonomy/src/install/turtlebot3_teleop/share/turtlebot3_teleop/package.zsh'
[9.912s] Level 1:colcon.colcon_core.environment:create_file_with_runtime_dependencies(/home/dingo/tb3_autonomy/src/install/turtlebot3_teleop/share/colcon-core/packages/turtlebot3_teleop)
[9.913s] INFO:colcon.colcon_ros.task.ament_cmake.build:Building ROS package in '/home/dingo/tb3_autonomy/src/turtlebot3/turtlebot3' with build type 'ament_cmake'
[9.914s] INFO:colcon.colcon_cmake.task.cmake.build:Building CMake package in '/home/dingo/tb3_autonomy/src/turtlebot3/turtlebot3'
[9.915s] INFO:colcon.colcon_core.shell:Skip shell extension 'powershell' for command environment: Not usable outside of PowerShell
[9.916s] DEBUG:colcon.colcon_core.shell:Skip shell extension 'dsv' for command environment
[9.984s] DEBUG:colcon.colcon_core.event_handler.log_command:Invoking command in '/home/dingo/tb3_autonomy/src/build/turtlebot3': AMENT_PREFIX_PATH=/home/dingo/tb3_autonomy/src/install/turtlebot3_teleop:/home/dingo/tb3_autonomy/src/install/turtlebot3_example:/home/dingo/tb3_autonomy/src/install/turtlebot3:/home/dingo/tb3_autonomy/src/install/turtlebot3_bringup:/home/dingo/tb3_autonomy/src/install/turtlebot3_node:/home/dingo/tb3_autonomy/src/install/turtlebot3_description:/home/dingo/tb3_autonomy/src/install/ld08_driver:/home/dingo/turtlebot3_ws/install/turtlebot3_description:/opt/ros/jazzy CMAKE_PREFIX_PATH=/home/dingo/tb3_autonomy/src/install/turtlebot3_bringup:/home/dingo/tb3_autonomy/src/install/turtlebot3_node:/home/dingo/tb3_autonomy/src/install/turtlebot3_description:/opt/ros/jazzy/opt/gz_sim_vendor:/opt/ros/jazzy/opt/gz_sensors_vendor:/opt/ros/jazzy/opt/gz_physics_vendor:/opt/ros/jazzy/opt/sdformat_vendor:/opt/ros/jazzy/opt/gz_gui_vendor:/opt/ros/jazzy/opt/gz_transport_vendor:/opt/ros/jazzy/opt/gz_rendering_vendor:/opt/ros/jazzy/opt/gz_plugin_vendor:/opt/ros/jazzy/opt/gz_fuel_tools_vendor:/opt/ros/jazzy/opt/gz_msgs_vendor:/opt/ros/jazzy/opt/gz_common_vendor:/opt/ros/jazzy/opt/gz_math_vendor:/opt/ros/jazzy/opt/gz_utils_vendor:/opt/ros/jazzy/opt/gz_tools_vendor:/opt/ros/jazzy/opt/gz_ogre_next_vendor:/opt/ros/jazzy/opt/gz_dartsim_vendor:/opt/ros/jazzy/opt/gz_cmake_vendor:/home/dingo/tb3_autonomy/src/install/turtlebot3:/home/dingo/tb3_autonomy/src/install/ld08_driver:/home/dingo/tb3_autonomy/src/install/turtlebot3_teleop:/home/dingo/tb3_autonomy/src/install/turtlebot3_example:/home/dingo/turtlebot3_ws/install/turtlebot3_description:/opt/ros/jazzy /usr/bin/cmake --build /home/dingo/tb3_autonomy/src/build/turtlebot3 -- -j4 -l4
[10.240s] DEBUG:colcon.colcon_core.event_handler.log_command:Invoked command in '/home/dingo/tb3_autonomy/src/build/turtlebot3' returned '0': AMENT_PREFIX_PATH=/home/dingo/tb3_autonomy/src/install/turtlebot3_teleop:/home/dingo/tb3_autonomy/src/install/turtlebot3_example:/home/dingo/tb3_autonomy/src/install/turtlebot3:/home/dingo/tb3_autonomy/src/install/turtlebot3_bringup:/home/dingo/tb3_autonomy/src/install/turtlebot3_node:/home/dingo/tb3_autonomy/src/install/turtlebot3_description:/home/dingo/tb3_autonomy/src/install/ld08_driver:/home/dingo/turtlebot3_ws/install/turtlebot3_description:/opt/ros/jazzy CMAKE_PREFIX_PATH=/home/dingo/tb3_autonomy/src/install/turtlebot3_bringup:/home/dingo/tb3_autonomy/src/install/turtlebot3_node:/home/dingo/tb3_autonomy/src/install/turtlebot3_description:/opt/ros/jazzy/opt/gz_sim_vendor:/opt/ros/jazzy/opt/gz_sensors_vendor:/opt/ros/jazzy/opt/gz_physics_vendor:/opt/ros/jazzy/opt/sdformat_vendor:/opt/ros/jazzy/opt/gz_gui_vendor:/opt/ros/jazzy/opt/gz_transport_vendor:/opt/ros/jazzy/opt/gz_rendering_vendor:/opt/ros/jazzy/opt/gz_plugin_vendor:/opt/ros/jazzy/opt/gz_fuel_tools_vendor:/opt/ros/jazzy/opt/gz_msgs_vendor:/opt/ros/jazzy/opt/gz_common_vendor:/opt/ros/jazzy/opt/gz_math_vendor:/opt/ros/jazzy/opt/gz_utils_vendor:/opt/ros/jazzy/opt/gz_tools_vendor:/opt/ros/jazzy/opt/gz_ogre_next_vendor:/opt/ros/jazzy/opt/gz_dartsim_vendor:/opt/ros/jazzy/opt/gz_cmake_vendor:/home/dingo/tb3_autonomy/src/install/turtlebot3:/home/dingo/tb3_autonomy/src/install/ld08_driver:/home/dingo/tb3_autonomy/src/install/turtlebot3_teleop:/home/dingo/tb3_autonomy/src/install/turtlebot3_example:/home/dingo/turtlebot3_ws/install/turtlebot3_description:/opt/ros/jazzy /usr/bin/cmake --build /home/dingo/tb3_autonomy/src/build/turtlebot3 -- -j4 -l4
[10.246s] DEBUG:colcon.colcon_core.event_handler.log_command:Invoking command in '/home/dingo/tb3_autonomy/src/build/turtlebot3': AMENT_PREFIX_PATH=/home/dingo/tb3_autonomy/src/install/turtlebot3_teleop:/home/dingo/tb3_autonomy/src/install/turtlebot3_example:/home/dingo/tb3_autonomy/src/install/turtlebot3:/home/dingo/tb3_autonomy/src/install/turtlebot3_bringup:/home/dingo/tb3_autonomy/src/install/turtlebot3_node:/home/dingo/tb3_autonomy/src/install/turtlebot3_description:/home/dingo/tb3_autonomy/src/install/ld08_driver:/home/dingo/turtlebot3_ws/install/turtlebot3_description:/opt/ros/jazzy CMAKE_PREFIX_PATH=/home/dingo/tb3_autonomy/src/install/turtlebot3_bringup:/home/dingo/tb3_autonomy/src/install/turtlebot3_node:/home/dingo/tb3_autonomy/src/install/turtlebot3_description:/opt/ros/jazzy/opt/gz_sim_vendor:/opt/ros/jazzy/opt/gz_sensors_vendor:/opt/ros/jazzy/opt/gz_physics_vendor:/opt/ros/jazzy/opt/sdformat_vendor:/opt/ros/jazzy/opt/gz_gui_vendor:/opt/ros/jazzy/opt/gz_transport_vendor:/opt/ros/jazzy/opt/gz_rendering_vendor:/opt/ros/jazzy/opt/gz_plugin_vendor:/opt/ros/jazzy/opt/gz_fuel_tools_vendor:/opt/ros/jazzy/opt/gz_msgs_vendor:/opt/ros/jazzy/opt/gz_common_vendor:/opt/ros/jazzy/opt/gz_math_vendor:/opt/ros/jazzy/opt/gz_utils_vendor:/opt/ros/jazzy/opt/gz_tools_vendor:/opt/ros/jazzy/opt/gz_ogre_next_vendor:/opt/ros/jazzy/opt/gz_dartsim_vendor:/opt/ros/jazzy/opt/gz_cmake_vendor:/home/dingo/tb3_autonomy/src/install/turtlebot3:/home/dingo/tb3_autonomy/src/install/ld08_driver:/home/dingo/tb3_autonomy/src/install/turtlebot3_teleop:/home/dingo/tb3_autonomy/src/install/turtlebot3_example:/home/dingo/turtlebot3_ws/install/turtlebot3_description:/opt/ros/jazzy /usr/bin/cmake --install /home/dingo/tb3_autonomy/src/build/turtlebot3
[10.382s] Level 1:colcon.colcon_core.environment:create_environment_scripts_only(turtlebot3)
[10.383s] Level 1:colcon.colcon_core.environment:checking '/home/dingo/tb3_autonomy/src/install/turtlebot3' for CMake module files
[10.384s] DEBUG:colcon.colcon_core.event_handler.log_command:Invoked command in '/home/dingo/tb3_autonomy/src/build/turtlebot3' returned '0': AMENT_PREFIX_PATH=/home/dingo/tb3_autonomy/src/install/turtlebot3_teleop:/home/dingo/tb3_autonomy/src/install/turtlebot3_example:/home/dingo/tb3_autonomy/src/install/turtlebot3:/home/dingo/tb3_autonomy/src/install/turtlebot3_bringup:/home/dingo/tb3_autonomy/src/install/turtlebot3_node:/home/dingo/tb3_autonomy/src/install/turtlebot3_description:/home/dingo/tb3_autonomy/src/install/ld08_driver:/home/dingo/turtlebot3_ws/install/turtlebot3_description:/opt/ros/jazzy CMAKE_PREFIX_PATH=/home/dingo/tb3_autonomy/src/install/turtlebot3_bringup:/home/dingo/tb3_autonomy/src/install/turtlebot3_node:/home/dingo/tb3_autonomy/src/install/turtlebot3_description:/opt/ros/jazzy/opt/gz_sim_vendor:/opt/ros/jazzy/opt/gz_sensors_vendor:/opt/ros/jazzy/opt/gz_physics_vendor:/opt/ros/jazzy/opt/sdformat_vendor:/opt/ros/jazzy/opt/gz_gui_vendor:/opt/ros/jazzy/opt/gz_transport_vendor:/opt/ros/jazzy/opt/gz_rendering_vendor:/opt/ros/jazzy/opt/gz_plugin_vendor:/opt/ros/jazzy/opt/gz_fuel_tools_vendor:/opt/ros/jazzy/opt/gz_msgs_vendor:/opt/ros/jazzy/opt/gz_common_vendor:/opt/ros/jazzy/opt/gz_math_vendor:/opt/ros/jazzy/opt/gz_utils_vendor:/opt/ros/jazzy/opt/gz_tools_vendor:/opt/ros/jazzy/opt/gz_ogre_next_vendor:/opt/ros/jazzy/opt/gz_dartsim_vendor:/opt/ros/jazzy/opt/gz_cmake_vendor:/home/dingo/tb3_autonomy/src/install/turtlebot3:/home/dingo/tb3_autonomy/src/install/ld08_driver:/home/dingo/tb3_autonomy/src/install/turtlebot3_teleop:/home/dingo/tb3_autonomy/src/install/turtlebot3_example:/home/dingo/turtlebot3_ws/install/turtlebot3_description:/opt/ros/jazzy /usr/bin/cmake --install /home/dingo/tb3_autonomy/src/build/turtlebot3
[10.388s] Level 1:colcon.colcon_core.environment:checking '/home/dingo/tb3_autonomy/src/install/turtlebot3' for CMake config files
[10.389s] Level 1:colcon.colcon_core.shell:create_environment_hook('turtlebot3', 'cmake_prefix_path')
[10.390s] INFO:colcon.colcon_core.shell:Creating environment hook '/home/dingo/tb3_autonomy/src/install/turtlebot3/share/turtlebot3/hook/cmake_prefix_path.ps1'
[10.392s] INFO:colcon.colcon_core.shell:Creating environment descriptor '/home/dingo/tb3_autonomy/src/install/turtlebot3/share/turtlebot3/hook/cmake_prefix_path.dsv'
[10.393s] INFO:colcon.colcon_core.shell:Creating environment hook '/home/dingo/tb3_autonomy/src/install/turtlebot3/share/turtlebot3/hook/cmake_prefix_path.sh'
[10.396s] Level 1:colcon.colcon_core.environment:checking '/home/dingo/tb3_autonomy/src/install/turtlebot3/bin'
[10.396s] Level 1:colcon.colcon_core.environment:checking '/home/dingo/tb3_autonomy/src/install/turtlebot3/lib/pkgconfig/turtlebot3.pc'
[10.397s] Level 1:colcon.colcon_core.environment:checking '/home/dingo/tb3_autonomy/src/install/turtlebot3/lib/python3.12/site-packages'
[10.398s] Level 1:colcon.colcon_core.environment:checking '/home/dingo/tb3_autonomy/src/install/turtlebot3/bin'
[10.399s] INFO:colcon.colcon_core.shell:Creating package script '/home/dingo/tb3_autonomy/src/install/turtlebot3/share/turtlebot3/package.ps1'
[10.401s] INFO:colcon.colcon_core.shell:Creating package descriptor '/home/dingo/tb3_autonomy/src/install/turtlebot3/share/turtlebot3/package.dsv'
[10.403s] INFO:colcon.colcon_core.shell:Creating package script '/home/dingo/tb3_autonomy/src/install/turtlebot3/share/turtlebot3/package.sh'
[10.405s] INFO:colcon.colcon_core.shell:Creating package script '/home/dingo/tb3_autonomy/src/install/turtlebot3/share/turtlebot3/package.bash'
[10.407s] INFO:colcon.colcon_core.shell:Creating package script '/home/dingo/tb3_autonomy/src/install/turtlebot3/share/turtlebot3/package.zsh'
[10.408s] Level 1:colcon.colcon_core.environment:create_file_with_runtime_dependencies(/home/dingo/tb3_autonomy/src/install/turtlebot3/share/colcon-core/packages/turtlebot3)
[10.411s] Level 1:colcon.colcon_core.environment:create_environment_scripts_only(turtlebot3)
[10.412s] Level 1:colcon.colcon_core.environment:checking '/home/dingo/tb3_autonomy/src/install/turtlebot3' for CMake module files
[10.415s] Level 1:colcon.colcon_core.environment:checking '/home/dingo/tb3_autonomy/src/install/turtlebot3' for CMake config files
[10.416s] Level 1:colcon.colcon_core.shell:create_environment_hook('turtlebot3', 'cmake_prefix_path')
[10.417s] INFO:colcon.colcon_core.shell:Creating environment hook '/home/dingo/tb3_autonomy/src/install/turtlebot3/share/turtlebot3/hook/cmake_prefix_path.ps1'
[10.419s] INFO:colcon.colcon_core.shell:Creating environment descriptor '/home/dingo/tb3_autonomy/src/install/turtlebot3/share/turtlebot3/hook/cmake_prefix_path.dsv'
[10.420s] INFO:colcon.colcon_core.shell:Creating environment hook '/home/dingo/tb3_autonomy/src/install/turtlebot3/share/turtlebot3/hook/cmake_prefix_path.sh'
[10.423s] Level 1:colcon.colcon_core.environment:checking '/home/dingo/tb3_autonomy/src/install/turtlebot3/bin'
[10.423s] Level 1:colcon.colcon_core.environment:checking '/home/dingo/tb3_autonomy/src/install/turtlebot3/lib/pkgconfig/turtlebot3.pc'
[10.424s] Level 1:colcon.colcon_core.environment:checking '/home/dingo/tb3_autonomy/src/install/turtlebot3/lib/python3.12/site-packages'
[10.425s] Level 1:colcon.colcon_core.environment:checking '/home/dingo/tb3_autonomy/src/install/turtlebot3/bin'
[10.426s] INFO:colcon.colcon_core.shell:Creating package script '/home/dingo/tb3_autonomy/src/install/turtlebot3/share/turtlebot3/package.ps1'
[10.428s] INFO:colcon.colcon_core.shell:Creating package descriptor '/home/dingo/tb3_autonomy/src/install/turtlebot3/share/turtlebot3/package.dsv'
[10.430s] INFO:colcon.colcon_core.shell:Creating package script '/home/dingo/tb3_autonomy/src/install/turtlebot3/share/turtlebot3/package.sh'
[10.432s] INFO:colcon.colcon_core.shell:Creating package script '/home/dingo/tb3_autonomy/src/install/turtlebot3/share/turtlebot3/package.bash'
[10.436s] INFO:colcon.colcon_core.shell:Creating package script '/home/dingo/tb3_autonomy/src/install/turtlebot3/share/turtlebot3/package.zsh'
[10.438s] Level 1:colcon.colcon_core.environment:create_file_with_runtime_dependencies(/home/dingo/tb3_autonomy/src/install/turtlebot3/share/colcon-core/packages/turtlebot3)
[10.440s] DEBUG:colcon.colcon_parallel_executor.executor.parallel:closing loop
[10.441s] DEBUG:colcon.colcon_parallel_executor.executor.parallel:loop closed
[10.442s] DEBUG:colcon.colcon_parallel_executor.executor.parallel:run_until_complete finished with '0'
[10.442s] DEBUG:colcon.colcon_core.event_reactor:joining thread
[10.471s] INFO:colcon.colcon_core.plugin_system:Skipping extension 'colcon_notification.desktop_notification.terminal_notifier': Not used on non-Darwin systems
[10.471s] INFO:colcon.colcon_core.plugin_system:Skipping extension 'colcon_notification.desktop_notification.win32': Not used on non-Windows systems
[10.472s] INFO:colcon.colcon_notification.desktop_notification:Sending desktop notification using 'notify2'
[10.475s] DEBUG:colcon.colcon_notification.desktop_notification.notify2:Failed to initialize notify2: org.freedesktop.DBus.Error.ServiceUnknown: The name org.freedesktop.Notifications was not provided by any .service files
[10.476s] DEBUG:colcon.colcon_core.event_reactor:joined thread
[10.477s] INFO:colcon.colcon_core.shell:Creating prefix script '/home/dingo/tb3_autonomy/src/install/local_setup.ps1'
[10.481s] INFO:colcon.colcon_core.shell:Creating prefix util module '/home/dingo/tb3_autonomy/src/install/_local_setup_util_ps1.py'
[10.487s] INFO:colcon.colcon_core.shell:Creating prefix chain script '/home/dingo/tb3_autonomy/src/install/setup.ps1'
[10.495s] INFO:colcon.colcon_core.shell:Creating prefix script '/home/dingo/tb3_autonomy/src/install/local_setup.sh'
[10.498s] INFO:colcon.colcon_core.shell:Creating prefix util module '/home/dingo/tb3_autonomy/src/install/_local_setup_util_sh.py'
[10.502s] INFO:colcon.colcon_core.shell:Creating prefix chain script '/home/dingo/tb3_autonomy/src/install/setup.sh'
[10.511s] INFO:colcon.colcon_core.shell:Creating prefix script '/home/dingo/tb3_autonomy/src/install/local_setup.bash'
[10.513s] INFO:colcon.colcon_core.shell:Creating prefix chain script '/home/dingo/tb3_autonomy/src/install/setup.bash'
[10.520s] INFO:colcon.colcon_core.shell:Creating prefix script '/home/dingo/tb3_autonomy/src/install/local_setup.zsh'
[10.522s] INFO:colcon.colcon_core.shell:Creating prefix chain script '/home/dingo/tb3_autonomy/src/install/setup.zsh'
