[0.049s] Invoking command in '/home/dingo/turtlebot3_ws/src/build/turtlebot3': AMENT_PREFIX_PATH=/home/dingo/turtlebot3_ws/src/install/turtlebot3_bringup:/home/dingo/turtlebot3_ws/src/install/turtlebot3_teleop:/home/dingo/turtlebot3_ws/src/install/turtlebot3_node:/home/dingo/turtlebot3_ws/src/install/turtlebot3_example:/home/dingo/turtlebot3_ws/src/install/turtlebot3_description:${AMENT_PREFIX_PATH} CMAKE_PREFIX_PATH=/home/dingo/turtlebot3_ws/src/install/turtlebot3_bringup:/home/dingo/turtlebot3_ws/src/install/turtlebot3_node:/home/dingo/turtlebot3_ws/src/install/turtlebot3_description:/home/dingo/turtlebot3_ws/install/turtlebot3_description:/opt/ros/jazzy PYTHONPATH=/home/dingo/turtlebot3_ws/src/build/turtlebot3_teleop:/home/dingo/turtlebot3_ws/src/install/turtlebot3_teleop/lib/python3.12/site-packages:/home/dingo/turtlebot3_ws/src/build/turtlebot3_example:/home/dingo/turtlebot3_ws/src/install/turtlebot3_example/lib/python3.12/site-packages:${PYTHONPATH} /usr/bin/cmake /home/dingo/turtlebot3_ws/src/turtlebot3/turtlebot3 -DAMENT_CMAKE_SYMLINK_INSTALL=1 -DCMAKE_INSTALL_PREFIX=/home/dingo/turtlebot3_ws/src/install/turtlebot3
[0.320s] -- The C compiler identification is GNU 13.3.0
[0.589s] -- The CXX compiler identification is GNU 13.3.0
[0.665s] -- Detecting C compiler ABI info
[1.091s] -- Detecting C compiler ABI info - done
[1.128s] -- Check for working C compiler: /usr/bin/cc - skipped
[1.129s] -- Detecting C compile features
[1.130s] -- Detecting C compile features - done
[1.173s] -- Detecting CXX compiler ABI info
[1.633s] -- Detecting CXX compiler ABI info - done
[1.670s] -- Check for working CXX compiler: /usr/bin/c++ - skipped
[1.671s] -- Detecting CXX compile features
[1.673s] -- Detecting CXX compile features - done
[1.693s] -- Found ament_cmake: 2.5.4 (/opt/ros/jazzy/share/ament_cmake/cmake)
[2.420s] -- Found Python3: /usr/bin/python3 (found version "3.12.3") found components: Interpreter 
[2.757s] -- Override CMake install command with custom implementation using symlinks instead of copying resources
[3.417s] -- Configuring done (3.3s)
[3.437s] -- Generating done (0.0s)
[3.444s] -- Build files have been written to: /home/dingo/turtlebot3_ws/src/build/turtlebot3
[3.462s] Invoked command in '/home/dingo/turtlebot3_ws/src/build/turtlebot3' returned '0': AMENT_PREFIX_PATH=/home/dingo/turtlebot3_ws/src/install/turtlebot3_bringup:/home/dingo/turtlebot3_ws/src/install/turtlebot3_teleop:/home/dingo/turtlebot3_ws/src/install/turtlebot3_node:/home/dingo/turtlebot3_ws/src/install/turtlebot3_example:/home/dingo/turtlebot3_ws/src/install/turtlebot3_description:${AMENT_PREFIX_PATH} CMAKE_PREFIX_PATH=/home/dingo/turtlebot3_ws/src/install/turtlebot3_bringup:/home/dingo/turtlebot3_ws/src/install/turtlebot3_node:/home/dingo/turtlebot3_ws/src/install/turtlebot3_description:/home/dingo/turtlebot3_ws/install/turtlebot3_description:/opt/ros/jazzy PYTHONPATH=/home/dingo/turtlebot3_ws/src/build/turtlebot3_teleop:/home/dingo/turtlebot3_ws/src/install/turtlebot3_teleop/lib/python3.12/site-packages:/home/dingo/turtlebot3_ws/src/build/turtlebot3_example:/home/dingo/turtlebot3_ws/src/install/turtlebot3_example/lib/python3.12/site-packages:${PYTHONPATH} /usr/bin/cmake /home/dingo/turtlebot3_ws/src/turtlebot3/turtlebot3 -DAMENT_CMAKE_SYMLINK_INSTALL=1 -DCMAKE_INSTALL_PREFIX=/home/dingo/turtlebot3_ws/src/install/turtlebot3
[3.467s] Invoking command in '/home/dingo/turtlebot3_ws/src/build/turtlebot3': AMENT_PREFIX_PATH=/home/dingo/turtlebot3_ws/src/install/turtlebot3_bringup:/home/dingo/turtlebot3_ws/src/install/turtlebot3_teleop:/home/dingo/turtlebot3_ws/src/install/turtlebot3_node:/home/dingo/turtlebot3_ws/src/install/turtlebot3_example:/home/dingo/turtlebot3_ws/src/install/turtlebot3_description:${AMENT_PREFIX_PATH} CMAKE_PREFIX_PATH=/home/dingo/turtlebot3_ws/src/install/turtlebot3_bringup:/home/dingo/turtlebot3_ws/src/install/turtlebot3_node:/home/dingo/turtlebot3_ws/src/install/turtlebot3_description:/home/dingo/turtlebot3_ws/install/turtlebot3_description:/opt/ros/jazzy PYTHONPATH=/home/dingo/turtlebot3_ws/src/build/turtlebot3_teleop:/home/dingo/turtlebot3_ws/src/install/turtlebot3_teleop/lib/python3.12/site-packages:/home/dingo/turtlebot3_ws/src/build/turtlebot3_example:/home/dingo/turtlebot3_ws/src/install/turtlebot3_example/lib/python3.12/site-packages:${PYTHONPATH} /usr/bin/cmake --build /home/dingo/turtlebot3_ws/src/build/turtlebot3 -- -j4 -l4
[3.641s] Invoked command in '/home/dingo/turtlebot3_ws/src/build/turtlebot3' returned '0': AMENT_PREFIX_PATH=/home/dingo/turtlebot3_ws/src/install/turtlebot3_bringup:/home/dingo/turtlebot3_ws/src/install/turtlebot3_teleop:/home/dingo/turtlebot3_ws/src/install/turtlebot3_node:/home/dingo/turtlebot3_ws/src/install/turtlebot3_example:/home/dingo/turtlebot3_ws/src/install/turtlebot3_description:${AMENT_PREFIX_PATH} CMAKE_PREFIX_PATH=/home/dingo/turtlebot3_ws/src/install/turtlebot3_bringup:/home/dingo/turtlebot3_ws/src/install/turtlebot3_node:/home/dingo/turtlebot3_ws/src/install/turtlebot3_description:/home/dingo/turtlebot3_ws/install/turtlebot3_description:/opt/ros/jazzy PYTHONPATH=/home/dingo/turtlebot3_ws/src/build/turtlebot3_teleop:/home/dingo/turtlebot3_ws/src/install/turtlebot3_teleop/lib/python3.12/site-packages:/home/dingo/turtlebot3_ws/src/build/turtlebot3_example:/home/dingo/turtlebot3_ws/src/install/turtlebot3_example/lib/python3.12/site-packages:${PYTHONPATH} /usr/bin/cmake --build /home/dingo/turtlebot3_ws/src/build/turtlebot3 -- -j4 -l4
[3.647s] Invoking command in '/home/dingo/turtlebot3_ws/src/build/turtlebot3': AMENT_PREFIX_PATH=/home/dingo/turtlebot3_ws/src/install/turtlebot3_bringup:/home/dingo/turtlebot3_ws/src/install/turtlebot3_teleop:/home/dingo/turtlebot3_ws/src/install/turtlebot3_node:/home/dingo/turtlebot3_ws/src/install/turtlebot3_example:/home/dingo/turtlebot3_ws/src/install/turtlebot3_description:${AMENT_PREFIX_PATH} CMAKE_PREFIX_PATH=/home/dingo/turtlebot3_ws/src/install/turtlebot3_bringup:/home/dingo/turtlebot3_ws/src/install/turtlebot3_node:/home/dingo/turtlebot3_ws/src/install/turtlebot3_description:/home/dingo/turtlebot3_ws/install/turtlebot3_description:/opt/ros/jazzy PYTHONPATH=/home/dingo/turtlebot3_ws/src/build/turtlebot3_teleop:/home/dingo/turtlebot3_ws/src/install/turtlebot3_teleop/lib/python3.12/site-packages:/home/dingo/turtlebot3_ws/src/build/turtlebot3_example:/home/dingo/turtlebot3_ws/src/install/turtlebot3_example/lib/python3.12/site-packages:${PYTHONPATH} /usr/bin/cmake --install /home/dingo/turtlebot3_ws/src/build/turtlebot3
[3.680s] -- Install configuration: ""
[3.682s] -- Execute custom install script
[3.683s] -- Symlinking: /home/dingo/turtlebot3_ws/src/install/turtlebot3/share/ament_index/resource_index/package_run_dependencies/turtlebot3
[3.726s] -- Symlinking: /home/dingo/turtlebot3_ws/src/install/turtlebot3/share/ament_index/resource_index/parent_prefix_path/turtlebot3
[3.767s] -- Symlinking: /home/dingo/turtlebot3_ws/src/install/turtlebot3/share/turtlebot3/environment/ament_prefix_path.sh
[3.809s] -- Symlinking: /home/dingo/turtlebot3_ws/src/install/turtlebot3/share/turtlebot3/environment/ament_prefix_path.dsv
[3.850s] -- Symlinking: /home/dingo/turtlebot3_ws/src/install/turtlebot3/share/turtlebot3/environment/path.sh
[3.891s] -- Symlinking: /home/dingo/turtlebot3_ws/src/install/turtlebot3/share/turtlebot3/environment/path.dsv
[3.932s] -- Symlinking: /home/dingo/turtlebot3_ws/src/install/turtlebot3/share/turtlebot3/local_setup.bash
[3.973s] -- Symlinking: /home/dingo/turtlebot3_ws/src/install/turtlebot3/share/turtlebot3/local_setup.sh
[4.014s] -- Symlinking: /home/dingo/turtlebot3_ws/src/install/turtlebot3/share/turtlebot3/local_setup.zsh
[4.055s] -- Symlinking: /home/dingo/turtlebot3_ws/src/install/turtlebot3/share/turtlebot3/local_setup.dsv
[4.096s] -- Symlinking: /home/dingo/turtlebot3_ws/src/install/turtlebot3/share/turtlebot3/package.dsv
[4.138s] -- Symlinking: /home/dingo/turtlebot3_ws/src/install/turtlebot3/share/ament_index/resource_index/packages/turtlebot3
[4.180s] -- Symlinking: /home/dingo/turtlebot3_ws/src/install/turtlebot3/share/turtlebot3/cmake/turtlebot3Config.cmake
[4.220s] -- Symlinking: /home/dingo/turtlebot3_ws/src/install/turtlebot3/share/turtlebot3/cmake/turtlebot3Config-version.cmake
[4.261s] -- Symlinking: /home/dingo/turtlebot3_ws/src/install/turtlebot3/share/turtlebot3/package.xml
[4.309s] Invoked command in '/home/dingo/turtlebot3_ws/src/build/turtlebot3' returned '0': AMENT_PREFIX_PATH=/home/dingo/turtlebot3_ws/src/install/turtlebot3_bringup:/home/dingo/turtlebot3_ws/src/install/turtlebot3_teleop:/home/dingo/turtlebot3_ws/src/install/turtlebot3_node:/home/dingo/turtlebot3_ws/src/install/turtlebot3_example:/home/dingo/turtlebot3_ws/src/install/turtlebot3_description:${AMENT_PREFIX_PATH} CMAKE_PREFIX_PATH=/home/dingo/turtlebot3_ws/src/install/turtlebot3_bringup:/home/dingo/turtlebot3_ws/src/install/turtlebot3_node:/home/dingo/turtlebot3_ws/src/install/turtlebot3_description:/home/dingo/turtlebot3_ws/install/turtlebot3_description:/opt/ros/jazzy PYTHONPATH=/home/dingo/turtlebot3_ws/src/build/turtlebot3_teleop:/home/dingo/turtlebot3_ws/src/install/turtlebot3_teleop/lib/python3.12/site-packages:/home/dingo/turtlebot3_ws/src/build/turtlebot3_example:/home/dingo/turtlebot3_ws/src/install/turtlebot3_example/lib/python3.12/site-packages:${PYTHONPATH} /usr/bin/cmake --install /home/dingo/turtlebot3_ws/src/build/turtlebot3
