[0.056s] Invoking command in '/home/dingo/tb3_autonomy/src/build/turtlebot3': AMENT_PREFIX_PATH=/home/dingo/tb3_autonomy/src/install/turtlebot3_teleop:/home/dingo/tb3_autonomy/src/install/turtlebot3_example:/home/dingo/tb3_autonomy/src/install/turtlebot3:/home/dingo/tb3_autonomy/src/install/turtlebot3_bringup:/home/dingo/tb3_autonomy/src/install/turtlebot3_node:/home/dingo/tb3_autonomy/src/install/turtlebot3_description:/home/dingo/tb3_autonomy/src/install/ld08_driver:/home/dingo/turtlebot3_ws/install/turtlebot3_description:/opt/ros/jazzy CMAKE_PREFIX_PATH=/home/dingo/tb3_autonomy/src/install/turtlebot3_bringup:/home/dingo/tb3_autonomy/src/install/turtlebot3_node:/home/dingo/tb3_autonomy/src/install/turtlebot3_description:/home/dingo/tb3_autonomy/src/install/turtlebot3:/home/dingo/tb3_autonomy/src/install/ld08_driver:/home/dingo/tb3_autonomy/src/install/turtlebot3_teleop:/home/dingo/tb3_autonomy/src/install/turtlebot3_example:/home/dingo/turtlebot3_ws/install/turtlebot3_description:/opt/ros/jazzy PYTHONPATH=/home/dingo/tb3_autonomy/src/build/turtlebot3_teleop:/home/dingo/tb3_autonomy/src/install/turtlebot3_teleop/lib/python3.12/site-packages:/home/dingo/tb3_autonomy/src/build/turtlebot3_example:/home/dingo/tb3_autonomy/src/install/turtlebot3_example/lib/python3.12/site-packages:/opt/ros/jazzy/lib/python3.12/site-packages /usr/bin/cmake /home/dingo/tb3_autonomy/src/turtlebot3/turtlebot3 -DAMENT_CMAKE_SYMLINK_INSTALL=1 -DCMAKE_INSTALL_PREFIX=/home/dingo/tb3_autonomy/src/install/turtlebot3
[0.338s] -- The C compiler identification is GNU 13.3.0
[0.621s] -- The CXX compiler identification is GNU 13.3.0
[0.702s] -- Detecting C compiler ABI info
[1.149s] -- Detecting C compiler ABI info - done
[1.185s] -- Check for working C compiler: /usr/bin/cc - skipped
[1.186s] -- Detecting C compile features
[1.187s] -- Detecting C compile features - done
[1.233s] -- Detecting CXX compiler ABI info
[1.718s] -- Detecting CXX compiler ABI info - done
[1.755s] -- Check for working CXX compiler: /usr/bin/c++ - skipped
[1.756s] -- Detecting CXX compile features
[1.758s] -- Detecting CXX compile features - done
[1.784s] -- Found ament_cmake: 2.5.4 (/opt/ros/jazzy/share/ament_cmake/cmake)
[2.592s] -- Found Python3: /usr/bin/python3 (found version "3.12.3") found components: Interpreter 
[2.938s] -- Override CMake install command with custom implementation using symlinks instead of copying resources
[3.679s] -- Configuring done (3.6s)
[3.701s] -- Generating done (0.0s)
[3.710s] -- Build files have been written to: /home/dingo/tb3_autonomy/src/build/turtlebot3
[3.729s] Invoked command in '/home/dingo/tb3_autonomy/src/build/turtlebot3' returned '0': AMENT_PREFIX_PATH=/home/dingo/tb3_autonomy/src/install/turtlebot3_teleop:/home/dingo/tb3_autonomy/src/install/turtlebot3_example:/home/dingo/tb3_autonomy/src/install/turtlebot3:/home/dingo/tb3_autonomy/src/install/turtlebot3_bringup:/home/dingo/tb3_autonomy/src/install/turtlebot3_node:/home/dingo/tb3_autonomy/src/install/turtlebot3_description:/home/dingo/tb3_autonomy/src/install/ld08_driver:/home/dingo/turtlebot3_ws/install/turtlebot3_description:/opt/ros/jazzy CMAKE_PREFIX_PATH=/home/dingo/tb3_autonomy/src/install/turtlebot3_bringup:/home/dingo/tb3_autonomy/src/install/turtlebot3_node:/home/dingo/tb3_autonomy/src/install/turtlebot3_description:/home/dingo/tb3_autonomy/src/install/turtlebot3:/home/dingo/tb3_autonomy/src/install/ld08_driver:/home/dingo/tb3_autonomy/src/install/turtlebot3_teleop:/home/dingo/tb3_autonomy/src/install/turtlebot3_example:/home/dingo/turtlebot3_ws/install/turtlebot3_description:/opt/ros/jazzy PYTHONPATH=/home/dingo/tb3_autonomy/src/build/turtlebot3_teleop:/home/dingo/tb3_autonomy/src/install/turtlebot3_teleop/lib/python3.12/site-packages:/home/dingo/tb3_autonomy/src/build/turtlebot3_example:/home/dingo/tb3_autonomy/src/install/turtlebot3_example/lib/python3.12/site-packages:/opt/ros/jazzy/lib/python3.12/site-packages /usr/bin/cmake /home/dingo/tb3_autonomy/src/turtlebot3/turtlebot3 -DAMENT_CMAKE_SYMLINK_INSTALL=1 -DCMAKE_INSTALL_PREFIX=/home/dingo/tb3_autonomy/src/install/turtlebot3
[3.734s] Invoking command in '/home/dingo/tb3_autonomy/src/build/turtlebot3': AMENT_PREFIX_PATH=/home/dingo/tb3_autonomy/src/install/turtlebot3_teleop:/home/dingo/tb3_autonomy/src/install/turtlebot3_example:/home/dingo/tb3_autonomy/src/install/turtlebot3:/home/dingo/tb3_autonomy/src/install/turtlebot3_bringup:/home/dingo/tb3_autonomy/src/install/turtlebot3_node:/home/dingo/tb3_autonomy/src/install/turtlebot3_description:/home/dingo/tb3_autonomy/src/install/ld08_driver:/home/dingo/turtlebot3_ws/install/turtlebot3_description:/opt/ros/jazzy CMAKE_PREFIX_PATH=/home/dingo/tb3_autonomy/src/install/turtlebot3_bringup:/home/dingo/tb3_autonomy/src/install/turtlebot3_node:/home/dingo/tb3_autonomy/src/install/turtlebot3_description:/home/dingo/tb3_autonomy/src/install/turtlebot3:/home/dingo/tb3_autonomy/src/install/ld08_driver:/home/dingo/tb3_autonomy/src/install/turtlebot3_teleop:/home/dingo/tb3_autonomy/src/install/turtlebot3_example:/home/dingo/turtlebot3_ws/install/turtlebot3_description:/opt/ros/jazzy PYTHONPATH=/home/dingo/tb3_autonomy/src/build/turtlebot3_teleop:/home/dingo/tb3_autonomy/src/install/turtlebot3_teleop/lib/python3.12/site-packages:/home/dingo/tb3_autonomy/src/build/turtlebot3_example:/home/dingo/tb3_autonomy/src/install/turtlebot3_example/lib/python3.12/site-packages:/opt/ros/jazzy/lib/python3.12/site-packages /usr/bin/cmake --build /home/dingo/tb3_autonomy/src/build/turtlebot3 -- -j4 -l4
[3.915s] Invoked command in '/home/dingo/tb3_autonomy/src/build/turtlebot3' returned '0': AMENT_PREFIX_PATH=/home/dingo/tb3_autonomy/src/install/turtlebot3_teleop:/home/dingo/tb3_autonomy/src/install/turtlebot3_example:/home/dingo/tb3_autonomy/src/install/turtlebot3:/home/dingo/tb3_autonomy/src/install/turtlebot3_bringup:/home/dingo/tb3_autonomy/src/install/turtlebot3_node:/home/dingo/tb3_autonomy/src/install/turtlebot3_description:/home/dingo/tb3_autonomy/src/install/ld08_driver:/home/dingo/turtlebot3_ws/install/turtlebot3_description:/opt/ros/jazzy CMAKE_PREFIX_PATH=/home/dingo/tb3_autonomy/src/install/turtlebot3_bringup:/home/dingo/tb3_autonomy/src/install/turtlebot3_node:/home/dingo/tb3_autonomy/src/install/turtlebot3_description:/home/dingo/tb3_autonomy/src/install/turtlebot3:/home/dingo/tb3_autonomy/src/install/ld08_driver:/home/dingo/tb3_autonomy/src/install/turtlebot3_teleop:/home/dingo/tb3_autonomy/src/install/turtlebot3_example:/home/dingo/turtlebot3_ws/install/turtlebot3_description:/opt/ros/jazzy PYTHONPATH=/home/dingo/tb3_autonomy/src/build/turtlebot3_teleop:/home/dingo/tb3_autonomy/src/install/turtlebot3_teleop/lib/python3.12/site-packages:/home/dingo/tb3_autonomy/src/build/turtlebot3_example:/home/dingo/tb3_autonomy/src/install/turtlebot3_example/lib/python3.12/site-packages:/opt/ros/jazzy/lib/python3.12/site-packages /usr/bin/cmake --build /home/dingo/tb3_autonomy/src/build/turtlebot3 -- -j4 -l4
[3.921s] Invoking command in '/home/dingo/tb3_autonomy/src/build/turtlebot3': AMENT_PREFIX_PATH=/home/dingo/tb3_autonomy/src/install/turtlebot3_teleop:/home/dingo/tb3_autonomy/src/install/turtlebot3_example:/home/dingo/tb3_autonomy/src/install/turtlebot3:/home/dingo/tb3_autonomy/src/install/turtlebot3_bringup:/home/dingo/tb3_autonomy/src/install/turtlebot3_node:/home/dingo/tb3_autonomy/src/install/turtlebot3_description:/home/dingo/tb3_autonomy/src/install/ld08_driver:/home/dingo/turtlebot3_ws/install/turtlebot3_description:/opt/ros/jazzy CMAKE_PREFIX_PATH=/home/dingo/tb3_autonomy/src/install/turtlebot3_bringup:/home/dingo/tb3_autonomy/src/install/turtlebot3_node:/home/dingo/tb3_autonomy/src/install/turtlebot3_description:/home/dingo/tb3_autonomy/src/install/turtlebot3:/home/dingo/tb3_autonomy/src/install/ld08_driver:/home/dingo/tb3_autonomy/src/install/turtlebot3_teleop:/home/dingo/tb3_autonomy/src/install/turtlebot3_example:/home/dingo/turtlebot3_ws/install/turtlebot3_description:/opt/ros/jazzy PYTHONPATH=/home/dingo/tb3_autonomy/src/build/turtlebot3_teleop:/home/dingo/tb3_autonomy/src/install/turtlebot3_teleop/lib/python3.12/site-packages:/home/dingo/tb3_autonomy/src/build/turtlebot3_example:/home/dingo/tb3_autonomy/src/install/turtlebot3_example/lib/python3.12/site-packages:/opt/ros/jazzy/lib/python3.12/site-packages /usr/bin/cmake --install /home/dingo/tb3_autonomy/src/build/turtlebot3
[3.957s] -- Install configuration: ""
[3.959s] -- Execute custom install script
[3.960s] -- Symlinking: /home/dingo/tb3_autonomy/src/install/turtlebot3/share/ament_index/resource_index/package_run_dependencies/turtlebot3
[4.007s] -- Symlinking: /home/dingo/tb3_autonomy/src/install/turtlebot3/share/ament_index/resource_index/parent_prefix_path/turtlebot3
[4.052s] -- Up-to-date symlink: /home/dingo/tb3_autonomy/src/install/turtlebot3/share/turtlebot3/environment/ament_prefix_path.sh
[4.054s] -- Symlinking: /home/dingo/tb3_autonomy/src/install/turtlebot3/share/turtlebot3/environment/ament_prefix_path.dsv
[4.098s] -- Up-to-date symlink: /home/dingo/tb3_autonomy/src/install/turtlebot3/share/turtlebot3/environment/path.sh
[4.100s] -- Symlinking: /home/dingo/tb3_autonomy/src/install/turtlebot3/share/turtlebot3/environment/path.dsv
[4.145s] -- Symlinking: /home/dingo/tb3_autonomy/src/install/turtlebot3/share/turtlebot3/local_setup.bash
[4.190s] -- Symlinking: /home/dingo/tb3_autonomy/src/install/turtlebot3/share/turtlebot3/local_setup.sh
[4.234s] -- Symlinking: /home/dingo/tb3_autonomy/src/install/turtlebot3/share/turtlebot3/local_setup.zsh
[4.279s] -- Symlinking: /home/dingo/tb3_autonomy/src/install/turtlebot3/share/turtlebot3/local_setup.dsv
[4.322s] -- Symlinking: /home/dingo/tb3_autonomy/src/install/turtlebot3/share/turtlebot3/package.dsv
[4.368s] -- Symlinking: /home/dingo/tb3_autonomy/src/install/turtlebot3/share/ament_index/resource_index/packages/turtlebot3
[4.413s] -- Symlinking: /home/dingo/tb3_autonomy/src/install/turtlebot3/share/turtlebot3/cmake/turtlebot3Config.cmake
[4.457s] -- Symlinking: /home/dingo/tb3_autonomy/src/install/turtlebot3/share/turtlebot3/cmake/turtlebot3Config-version.cmake
[4.502s] -- Symlinking: /home/dingo/tb3_autonomy/src/install/turtlebot3/share/turtlebot3/package.xml
[4.553s] Invoked command in '/home/dingo/tb3_autonomy/src/build/turtlebot3' returned '0': AMENT_PREFIX_PATH=/home/dingo/tb3_autonomy/src/install/turtlebot3_teleop:/home/dingo/tb3_autonomy/src/install/turtlebot3_example:/home/dingo/tb3_autonomy/src/install/turtlebot3:/home/dingo/tb3_autonomy/src/install/turtlebot3_bringup:/home/dingo/tb3_autonomy/src/install/turtlebot3_node:/home/dingo/tb3_autonomy/src/install/turtlebot3_description:/home/dingo/tb3_autonomy/src/install/ld08_driver:/home/dingo/turtlebot3_ws/install/turtlebot3_description:/opt/ros/jazzy CMAKE_PREFIX_PATH=/home/dingo/tb3_autonomy/src/install/turtlebot3_bringup:/home/dingo/tb3_autonomy/src/install/turtlebot3_node:/home/dingo/tb3_autonomy/src/install/turtlebot3_description:/home/dingo/tb3_autonomy/src/install/turtlebot3:/home/dingo/tb3_autonomy/src/install/ld08_driver:/home/dingo/tb3_autonomy/src/install/turtlebot3_teleop:/home/dingo/tb3_autonomy/src/install/turtlebot3_example:/home/dingo/turtlebot3_ws/install/turtlebot3_description:/opt/ros/jazzy PYTHONPATH=/home/dingo/tb3_autonomy/src/build/turtlebot3_teleop:/home/dingo/tb3_autonomy/src/install/turtlebot3_teleop/lib/python3.12/site-packages:/home/dingo/tb3_autonomy/src/build/turtlebot3_example:/home/dingo/tb3_autonomy/src/install/turtlebot3_example/lib/python3.12/site-packages:/opt/ros/jazzy/lib/python3.12/site-packages /usr/bin/cmake --install /home/dingo/tb3_autonomy/src/build/turtlebot3
