[5.827s] Invoking command in '/home/dingo/turtlebot3_ws/src/turtlebot3/turtlebot3_teleop': PYTHONPATH=/home/dingo/turtlebot3_ws/src/build/turtlebot3_teleop/prefix_override:/usr/lib/python3/dist-packages/colcon_core/task/python/colcon_distutils_commands:/home/dingo/turtlebot3_ws/src/install/turtlebot3_teleop/lib/python3.12/site-packages:${PYTHONPATH} /usr/bin/python3 -W ignore:setup.py install is deprecated -W ignore:easy_install command is deprecated setup.py egg_info --egg-base ../../build/turtlebot3_teleop build --build-base /home/dingo/turtlebot3_ws/src/build/turtlebot3_teleop/build install --record /home/dingo/turtlebot3_ws/src/build/turtlebot3_teleop/install.log --single-version-externally-managed install_data
[7.026s] running egg_info
[7.109s] writing ../../build/turtlebot3_teleop/turtlebot3_teleop.egg-info/PKG-INFO
[7.113s] writing dependency_links to ../../build/turtlebot3_teleop/turtlebot3_teleop.egg-info/dependency_links.txt
[7.114s] writing entry points to ../../build/turtlebot3_teleop/turtlebot3_teleop.egg-info/entry_points.txt
[7.115s] writing requirements to ../../build/turtlebot3_teleop/turtlebot3_teleop.egg-info/requires.txt
[7.116s] writing top-level names to ../../build/turtlebot3_teleop/turtlebot3_teleop.egg-info/top_level.txt
[7.306s] reading manifest file '../../build/turtlebot3_teleop/turtlebot3_teleop.egg-info/SOURCES.txt'
[7.309s] writing manifest file '../../build/turtlebot3_teleop/turtlebot3_teleop.egg-info/SOURCES.txt'
[7.310s] running build
[7.310s] running build_py
[7.312s] running install
[7.339s] running install_lib
[7.424s] running install_data
[7.425s] running install_egg_info
[7.518s] removing '/home/dingo/turtlebot3_ws/src/install/turtlebot3_teleop/lib/python3.12/site-packages/turtlebot3_teleop-2.3.1-py3.12.egg-info' (and everything under it)
[7.521s] Copying ../../build/turtlebot3_teleop/turtlebot3_teleop.egg-info to /home/dingo/turtlebot3_ws/src/install/turtlebot3_teleop/lib/python3.12/site-packages/turtlebot3_teleop-2.3.1-py3.12.egg-info
[7.533s] running install_scripts
[8.181s] Installing teleop_keyboard script to /home/dingo/turtlebot3_ws/src/install/turtlebot3_teleop/lib/turtlebot3_teleop
[8.184s] writing list of installed files to '/home/dingo/turtlebot3_ws/src/build/turtlebot3_teleop/install.log'
[8.388s] Invoked command in '/home/dingo/turtlebot3_ws/src/turtlebot3/turtlebot3_teleop' returned '0': PYTHONPATH=/home/dingo/turtlebot3_ws/src/build/turtlebot3_teleop/prefix_override:/usr/lib/python3/dist-packages/colcon_core/task/python/colcon_distutils_commands:/home/dingo/turtlebot3_ws/src/install/turtlebot3_teleop/lib/python3.12/site-packages:${PYTHONPATH} /usr/bin/python3 -W ignore:setup.py install is deprecated -W ignore:easy_install command is deprecated setup.py egg_info --egg-base ../../build/turtlebot3_teleop build --build-base /home/dingo/turtlebot3_ws/src/build/turtlebot3_teleop/build install --record /home/dingo/turtlebot3_ws/src/build/turtlebot3_teleop/install.log --single-version-externally-managed install_data
