-- The C compiler identification is GNU 13.3.0
-- The CXX compiler identification is GNU 13.3.0
-- Detecting C compiler ABI info
-- Detecting C compiler ABI info - done
-- Check for working C compiler: /usr/bin/cc - skipped
-- Detecting C compile features
-- Detecting C compile features - done
-- Detecting CXX compiler ABI info
-- Detecting CXX compiler ABI info - done
-- Check for working CXX compiler: /usr/bin/c++ - skipped
-- Detecting CXX compile features
-- Detecting CXX compile features - done
-- Found ament_cmake: 2.5.4 (/opt/ros/jazzy/share/ament_cmake/cmake)
-- Found Python3: /usr/bin/python3 (found version "3.12.3") found components: Interpreter 
-- Override CMake install command with custom implementation using symlinks instead of copying resources
-- Found rclcpp: 28.1.9 (/opt/ros/jazzy/share/rclcpp/cmake)
-- Found rosidl_generator_c: 4.6.5 (/opt/ros/jazzy/share/rosidl_generator_c/cmake)
-- Found rosidl_generator_cpp: 4.6.5 (/opt/ros/jazzy/share/rosidl_generator_cpp/cmake)
-- Using all available rosidl_typesupport_c: rosidl_typesupport_fastrtps_c;rosidl_typesupport_introspection_c
-- Using all available rosidl_typesupport_cpp: rosidl_typesupport_fastrtps_cpp;rosidl_typesupport_introspection_cpp
-- Found rmw_implementation_cmake: 7.3.2 (/opt/ros/jazzy/share/rmw_implementation_cmake/cmake)
-- Found rmw_fastrtps_cpp: 8.4.2 (/opt/ros/jazzy/share/rmw_fastrtps_cpp/cmake)
-- Found OpenSSL: /usr/lib/aarch64-linux-gnu/libcrypto.so (found version "3.0.13")  
-- Found FastRTPS: /opt/ros/jazzy/include (Required is at least version "2.13") 
-- Using RMW implementation 'rmw_fastrtps_cpp' as default
-- Found sensor_msgs: 5.3.6 (/opt/ros/jazzy/share/sensor_msgs/cmake)
-- Found Boost: /usr/lib/aarch64-linux-gnu/cmake/Boost-1.83.0/BoostConfig.cmake (found version "1.83.0") found components: system 
-- Configuring done (5.4s)
-- Generating done (0.0s)
-- Build files have been written to: /home/dingo/turtlebot3_ws/src/build/ld08_driver
[ 16%] [32mBuilding CXX object CMakeFiles/ld08_driver.dir/src/cmd_interface_linux.cpp.o[0m
[ 33%] [32mBuilding CXX object CMakeFiles/ld08_driver.dir/src/lipkg.cpp.o[0m
[ 50%] [32mBuilding CXX object CMakeFiles/ld08_driver.dir/src/main.cpp.o[0m
[ 66%] [32mBuilding CXX object CMakeFiles/ld08_driver.dir/src/slbf.cpp.o[0m
[ 83%] [32mBuilding CXX object CMakeFiles/ld08_driver.dir/src/transform.cpp.o[0m
[100%] [32m[1mLinking CXX executable ld08_driver[0m
[100%] Built target ld08_driver
-- Install configuration: ""
-- Execute custom install script
-- Symlinking: /home/dingo/turtlebot3_ws/src/install/ld08_driver/share/ld08_driver/launch/ld08.launch.py
-- Symlinking: /home/dingo/turtlebot3_ws/src/install/ld08_driver/lib/ld08_driver/ld08_driver
-- Symlinking: /home/dingo/turtlebot3_ws/src/install/ld08_driver/share/ament_index/resource_index/package_run_dependencies/ld08_driver
-- Symlinking: /home/dingo/turtlebot3_ws/src/install/ld08_driver/share/ament_index/resource_index/parent_prefix_path/ld08_driver
-- Symlinking: /home/dingo/turtlebot3_ws/src/install/ld08_driver/share/ld08_driver/environment/ament_prefix_path.sh
-- Symlinking: /home/dingo/turtlebot3_ws/src/install/ld08_driver/share/ld08_driver/environment/ament_prefix_path.dsv
-- Symlinking: /home/dingo/turtlebot3_ws/src/install/ld08_driver/share/ld08_driver/environment/path.sh
-- Symlinking: /home/dingo/turtlebot3_ws/src/install/ld08_driver/share/ld08_driver/environment/path.dsv
-- Symlinking: /home/dingo/turtlebot3_ws/src/install/ld08_driver/share/ld08_driver/local_setup.bash
-- Symlinking: /home/dingo/turtlebot3_ws/src/install/ld08_driver/share/ld08_driver/local_setup.sh
-- Symlinking: /home/dingo/turtlebot3_ws/src/install/ld08_driver/share/ld08_driver/local_setup.zsh
-- Symlinking: /home/dingo/turtlebot3_ws/src/install/ld08_driver/share/ld08_driver/local_setup.dsv
-- Symlinking: /home/dingo/turtlebot3_ws/src/install/ld08_driver/share/ld08_driver/package.dsv
-- Symlinking: /home/dingo/turtlebot3_ws/src/install/ld08_driver/share/ament_index/resource_index/packages/ld08_driver
-- Symlinking: /home/dingo/turtlebot3_ws/src/install/ld08_driver/share/ld08_driver/cmake/ament_cmake_export_dependencies-extras.cmake
-- Symlinking: /home/dingo/turtlebot3_ws/src/install/ld08_driver/share/ld08_driver/cmake/ament_cmake_export_include_directories-extras.cmake
-- Symlinking: /home/dingo/turtlebot3_ws/src/install/ld08_driver/share/ld08_driver/cmake/ld08_driverConfig.cmake
-- Symlinking: /home/dingo/turtlebot3_ws/src/install/ld08_driver/share/ld08_driver/cmake/ld08_driverConfig-version.cmake
-- Symlinking: /home/dingo/turtlebot3_ws/src/install/ld08_driver/share/ld08_driver/package.xml
