[0.084s] Invoking command in '/home/dingo/turtlebot3_ws/src/build/turtlebot3_bringup': AMENT_PREFIX_PATH=/home/dingo/turtlebot3_ws/src/install/turtlebot3_node:/home/dingo/turtlebot3_ws/src/install/turtlebot3_description:${AMENT_PREFIX_PATH} CMAKE_PREFIX_PATH=/home/dingo/turtlebot3_ws/src/install/turtlebot3_node:/home/dingo/turtlebot3_ws/src/install/turtlebot3_description:/home/dingo/turtlebot3_ws/install/turtlebot3_description:/opt/ros/jazzy /usr/bin/cmake /home/dingo/turtlebot3_ws/src/turtlebot3/turtlebot3_bringup -DCMAKE_INSTALL_PREFIX=/home/dingo/turtlebot3_ws/src/install/turtlebot3_bringup
[0.153s] -- Found ament_cmake: 2.5.4 (/opt/ros/jazzy/share/ament_cmake/cmake)
[1.351s] -- Override CMake install command with custom implementation using symlinks instead of copying resources
[1.903s] -- Configuring done (1.8s)
[1.942s] -- Generating done (0.0s)
[1.960s] -- Build files have been written to: /home/dingo/turtlebot3_ws/src/build/turtlebot3_bringup
[1.974s] Invoked command in '/home/dingo/turtlebot3_ws/src/build/turtlebot3_bringup' returned '0': AMENT_PREFIX_PATH=/home/dingo/turtlebot3_ws/src/install/turtlebot3_node:/home/dingo/turtlebot3_ws/src/install/turtlebot3_description:${AMENT_PREFIX_PATH} CMAKE_PREFIX_PATH=/home/dingo/turtlebot3_ws/src/install/turtlebot3_node:/home/dingo/turtlebot3_ws/src/install/turtlebot3_description:/home/dingo/turtlebot3_ws/install/turtlebot3_description:/opt/ros/jazzy /usr/bin/cmake /home/dingo/turtlebot3_ws/src/turtlebot3/turtlebot3_bringup -DCMAKE_INSTALL_PREFIX=/home/dingo/turtlebot3_ws/src/install/turtlebot3_bringup
[1.978s] Invoking command in '/home/dingo/turtlebot3_ws/src/build/turtlebot3_bringup': AMENT_PREFIX_PATH=/home/dingo/turtlebot3_ws/src/install/turtlebot3_node:/home/dingo/turtlebot3_ws/src/install/turtlebot3_description:${AMENT_PREFIX_PATH} CMAKE_PREFIX_PATH=/home/dingo/turtlebot3_ws/src/install/turtlebot3_node:/home/dingo/turtlebot3_ws/src/install/turtlebot3_description:/home/dingo/turtlebot3_ws/install/turtlebot3_description:/opt/ros/jazzy /usr/bin/cmake --build /home/dingo/turtlebot3_ws/src/build/turtlebot3_bringup -- -j4 -l4
[2.189s] Invoked command in '/home/dingo/turtlebot3_ws/src/build/turtlebot3_bringup' returned '0': AMENT_PREFIX_PATH=/home/dingo/turtlebot3_ws/src/install/turtlebot3_node:/home/dingo/turtlebot3_ws/src/install/turtlebot3_description:${AMENT_PREFIX_PATH} CMAKE_PREFIX_PATH=/home/dingo/turtlebot3_ws/src/install/turtlebot3_node:/home/dingo/turtlebot3_ws/src/install/turtlebot3_description:/home/dingo/turtlebot3_ws/install/turtlebot3_description:/opt/ros/jazzy /usr/bin/cmake --build /home/dingo/turtlebot3_ws/src/build/turtlebot3_bringup -- -j4 -l4
[2.195s] Invoking command in '/home/dingo/turtlebot3_ws/src/build/turtlebot3_bringup': AMENT_PREFIX_PATH=/home/dingo/turtlebot3_ws/src/install/turtlebot3_node:/home/dingo/turtlebot3_ws/src/install/turtlebot3_description:${AMENT_PREFIX_PATH} CMAKE_PREFIX_PATH=/home/dingo/turtlebot3_ws/src/install/turtlebot3_node:/home/dingo/turtlebot3_ws/src/install/turtlebot3_description:/home/dingo/turtlebot3_ws/install/turtlebot3_description:/opt/ros/jazzy /usr/bin/cmake --install /home/dingo/turtlebot3_ws/src/build/turtlebot3_bringup
[2.249s] -- Install configuration: ""
[2.256s] -- Execute custom install script
[2.262s] -- Up-to-date symlink: /home/dingo/turtlebot3_ws/src/install/turtlebot3_bringup/share/turtlebot3_bringup/launch/camera.launch.py
[2.266s] -- Symlinking: /home/dingo/turtlebot3_ws/src/install/turtlebot3_bringup/share/turtlebot3_bringup/launch/dingo.robot.launch.py
[2.314s] -- Up-to-date symlink: /home/dingo/turtlebot3_ws/src/install/turtlebot3_bringup/share/turtlebot3_bringup/launch/robot.launch.py
[2.317s] -- Up-to-date symlink: /home/dingo/turtlebot3_ws/src/install/turtlebot3_bringup/share/turtlebot3_bringup/launch/rviz2.launch.py
[2.320s] -- Up-to-date symlink: /home/dingo/turtlebot3_ws/src/install/turtlebot3_bringup/share/turtlebot3_bringup/launch/turtlebot3_state_publisher.launch.py
[2.323s] -- Up-to-date symlink: /home/dingo/turtlebot3_ws/src/install/turtlebot3_bringup/share/turtlebot3_bringup/param/burger.yaml
[2.325s] -- Up-to-date symlink: /home/dingo/turtlebot3_ws/src/install/turtlebot3_bringup/share/turtlebot3_bringup/param/humble/burger.yaml
[2.327s] -- Up-to-date symlink: /home/dingo/turtlebot3_ws/src/install/turtlebot3_bringup/share/turtlebot3_bringup/param/humble/waffle.yaml
[2.328s] -- Up-to-date symlink: /home/dingo/turtlebot3_ws/src/install/turtlebot3_bringup/share/turtlebot3_bringup/param/humble/waffle_pi.yaml
[2.328s] -- Up-to-date symlink: /home/dingo/turtlebot3_ws/src/install/turtlebot3_bringup/share/turtlebot3_bringup/param/waffle.yaml
[2.329s] -- Up-to-date symlink: /home/dingo/turtlebot3_ws/src/install/turtlebot3_bringup/share/turtlebot3_bringup/param/waffle_pi.yaml
[2.332s] -- Up-to-date symlink: /home/dingo/turtlebot3_ws/src/install/turtlebot3_bringup/share/turtlebot3_bringup/script/99-turtlebot3-cdc.rules
[2.335s] -- Up-to-date symlink: /home/dingo/turtlebot3_ws/src/install/turtlebot3_bringup/share/turtlebot3_bringup/script/create_udev_rules
[2.339s] -- Up-to-date symlink: /home/dingo/turtlebot3_ws/src/install/turtlebot3_bringup/share/ament_index/resource_index/package_run_dependencies/turtlebot3_bringup
[2.339s] -- Up-to-date symlink: /home/dingo/turtlebot3_ws/src/install/turtlebot3_bringup/share/ament_index/resource_index/parent_prefix_path/turtlebot3_bringup
[2.342s] -- Up-to-date symlink: /home/dingo/turtlebot3_ws/src/install/turtlebot3_bringup/share/turtlebot3_bringup/environment/ament_prefix_path.sh
[2.346s] -- Up-to-date symlink: /home/dingo/turtlebot3_ws/src/install/turtlebot3_bringup/share/turtlebot3_bringup/environment/ament_prefix_path.dsv
[2.349s] -- Up-to-date symlink: /home/dingo/turtlebot3_ws/src/install/turtlebot3_bringup/share/turtlebot3_bringup/environment/path.sh
[2.351s] -- Up-to-date symlink: /home/dingo/turtlebot3_ws/src/install/turtlebot3_bringup/share/turtlebot3_bringup/environment/path.dsv
[2.352s] -- Up-to-date symlink: /home/dingo/turtlebot3_ws/src/install/turtlebot3_bringup/share/turtlebot3_bringup/local_setup.bash
[2.352s] -- Up-to-date symlink: /home/dingo/turtlebot3_ws/src/install/turtlebot3_bringup/share/turtlebot3_bringup/local_setup.sh
[2.353s] -- Up-to-date symlink: /home/dingo/turtlebot3_ws/src/install/turtlebot3_bringup/share/turtlebot3_bringup/local_setup.zsh
[2.353s] -- Up-to-date symlink: /home/dingo/turtlebot3_ws/src/install/turtlebot3_bringup/share/turtlebot3_bringup/local_setup.dsv
[2.354s] -- Symlinking: /home/dingo/turtlebot3_ws/src/install/turtlebot3_bringup/share/turtlebot3_bringup/package.dsv
[2.397s] -- Up-to-date symlink: /home/dingo/turtlebot3_ws/src/install/turtlebot3_bringup/share/ament_index/resource_index/packages/turtlebot3_bringup
[2.401s] -- Up-to-date symlink: /home/dingo/turtlebot3_ws/src/install/turtlebot3_bringup/share/turtlebot3_bringup/cmake/turtlebot3_bringupConfig.cmake
[2.402s] -- Up-to-date symlink: /home/dingo/turtlebot3_ws/src/install/turtlebot3_bringup/share/turtlebot3_bringup/cmake/turtlebot3_bringupConfig-version.cmake
[2.405s] -- Up-to-date symlink: /home/dingo/turtlebot3_ws/src/install/turtlebot3_bringup/share/turtlebot3_bringup/package.xml
[2.409s] Invoked command in '/home/dingo/turtlebot3_ws/src/build/turtlebot3_bringup' returned '0': AMENT_PREFIX_PATH=/home/dingo/turtlebot3_ws/src/install/turtlebot3_node:/home/dingo/turtlebot3_ws/src/install/turtlebot3_description:${AMENT_PREFIX_PATH} CMAKE_PREFIX_PATH=/home/dingo/turtlebot3_ws/src/install/turtlebot3_node:/home/dingo/turtlebot3_ws/src/install/turtlebot3_description:/home/dingo/turtlebot3_ws/install/turtlebot3_description:/opt/ros/jazzy /usr/bin/cmake --install /home/dingo/turtlebot3_ws/src/build/turtlebot3_bringup
