[8.667s] Invoking command in '/home/dingo/tb3_autonomy/build/turtlebot3_example': PYTHONPATH=/home/dingo/tb3_autonomy/build/turtlebot3_example/prefix_override:/usr/lib/python3/dist-packages/colcon_core/task/python/colcon_distutils_commands:/home/dingo/tb3_autonomy/install/turtlebot3_example/lib/python3.12/site-packages:${PYTHONPATH} /usr/bin/python3 -W ignore:setup.py install is deprecated -W ignore:easy_install command is deprecated setup.py develop --uninstall --editable --build-directory /home/dingo/tb3_autonomy/build/turtlebot3_example/build
[11.185s] running develop
[12.550s] Removing /home/dingo/tb3_autonomy/install/turtlebot3_example/lib/python3.12/site-packages/turtlebot3-example.egg-link (link to .)
[12.791s] Invoked command in '/home/dingo/tb3_autonomy/build/turtlebot3_example' returned '0': PYTHONPATH=/home/dingo/tb3_autonomy/build/turtlebot3_example/prefix_override:/usr/lib/python3/dist-packages/colcon_core/task/python/colcon_distutils_commands:/home/dingo/tb3_autonomy/install/turtlebot3_example/lib/python3.12/site-packages:${PYTHONPATH} /usr/bin/python3 -W ignore:setup.py install is deprecated -W ignore:easy_install command is deprecated setup.py develop --uninstall --editable --build-directory /home/dingo/tb3_autonomy/build/turtlebot3_example/build
[12.798s] Invoking command in '/home/dingo/tb3_autonomy/src/turtlebot3/turtlebot3_example': PYTHONPATH=/home/dingo/tb3_autonomy/build/turtlebot3_example/prefix_override:/usr/lib/python3/dist-packages/colcon_core/task/python/colcon_distutils_commands:/home/dingo/tb3_autonomy/install/turtlebot3_example/lib/python3.12/site-packages:${PYTHONPATH} /usr/bin/python3 -W ignore:setup.py install is deprecated -W ignore:easy_install command is deprecated setup.py egg_info --egg-base ../../../build/turtlebot3_example build --build-base /home/dingo/tb3_autonomy/build/turtlebot3_example/build install --record /home/dingo/tb3_autonomy/build/turtlebot3_example/install.log --single-version-externally-managed install_data --force
[14.424s] running egg_info
[14.534s] writing ../../../build/turtlebot3_example/turtlebot3_example.egg-info/PKG-INFO
[14.535s] writing dependency_links to ../../../build/turtlebot3_example/turtlebot3_example.egg-info/dependency_links.txt
[14.536s] writing entry points to ../../../build/turtlebot3_example/turtlebot3_example.egg-info/entry_points.txt
[14.538s] writing requirements to ../../../build/turtlebot3_example/turtlebot3_example.egg-info/requires.txt
[14.540s] writing top-level names to ../../../build/turtlebot3_example/turtlebot3_example.egg-info/top_level.txt
[14.786s] reading manifest file '../../../build/turtlebot3_example/turtlebot3_example.egg-info/SOURCES.txt'
[14.795s] writing manifest file '../../../build/turtlebot3_example/turtlebot3_example.egg-info/SOURCES.txt'
[14.795s] running build
[14.796s] running build_py
[14.800s] creating /home/dingo/tb3_autonomy/build/turtlebot3_example/build
[14.802s] creating /home/dingo/tb3_autonomy/build/turtlebot3_example/build/lib
[14.802s] creating /home/dingo/tb3_autonomy/build/turtlebot3_example/build/lib/turtlebot3_example
[14.803s] copying turtlebot3_example/__init__.py -> /home/dingo/tb3_autonomy/build/turtlebot3_example/build/lib/turtlebot3_example
[14.803s] creating /home/dingo/tb3_autonomy/build/turtlebot3_example/build/lib/turtlebot3_example/turtlebot3_interactive_marker
[14.804s] copying turtlebot3_example/turtlebot3_interactive_marker/turtlebot3_interactive_marker.py -> /home/dingo/tb3_autonomy/build/turtlebot3_example/build/lib/turtlebot3_example/turtlebot3_interactive_marker
[14.806s] copying turtlebot3_example/turtlebot3_interactive_marker/__init__.py -> /home/dingo/tb3_autonomy/build/turtlebot3_example/build/lib/turtlebot3_example/turtlebot3_interactive_marker
[14.809s] creating /home/dingo/tb3_autonomy/build/turtlebot3_example/build/lib/turtlebot3_example/turtlebot3_relative_move
[14.812s] copying turtlebot3_example/turtlebot3_relative_move/turtlebot3_relative_move.py -> /home/dingo/tb3_autonomy/build/turtlebot3_example/build/lib/turtlebot3_example/turtlebot3_relative_move
[14.815s] copying turtlebot3_example/turtlebot3_relative_move/__init__.py -> /home/dingo/tb3_autonomy/build/turtlebot3_example/build/lib/turtlebot3_example/turtlebot3_relative_move
[14.817s] creating /home/dingo/tb3_autonomy/build/turtlebot3_example/build/lib/turtlebot3_example/turtlebot3_absolute_move
[14.819s] copying turtlebot3_example/turtlebot3_absolute_move/turtlebot3_absolute_move.py -> /home/dingo/tb3_autonomy/build/turtlebot3_example/build/lib/turtlebot3_example/turtlebot3_absolute_move
[14.822s] copying turtlebot3_example/turtlebot3_absolute_move/__init__.py -> /home/dingo/tb3_autonomy/build/turtlebot3_example/build/lib/turtlebot3_example/turtlebot3_absolute_move
[14.825s] creating /home/dingo/tb3_autonomy/build/turtlebot3_example/build/lib/turtlebot3_example/turtlebot3_patrol
[14.825s] copying turtlebot3_example/turtlebot3_patrol/turtlebot3_patrol_client.py -> /home/dingo/tb3_autonomy/build/turtlebot3_example/build/lib/turtlebot3_example/turtlebot3_patrol
[14.829s] copying turtlebot3_example/turtlebot3_patrol/turtlebot3_patrol_server.py -> /home/dingo/tb3_autonomy/build/turtlebot3_example/build/lib/turtlebot3_example/turtlebot3_patrol
[14.830s] copying turtlebot3_example/turtlebot3_patrol/__init__.py -> /home/dingo/tb3_autonomy/build/turtlebot3_example/build/lib/turtlebot3_example/turtlebot3_patrol
[14.835s] creating /home/dingo/tb3_autonomy/build/turtlebot3_example/build/lib/turtlebot3_example/turtlebot3_obstacle_detection
[14.835s] copying turtlebot3_example/turtlebot3_obstacle_detection/__init__.py -> /home/dingo/tb3_autonomy/build/turtlebot3_example/build/lib/turtlebot3_example/turtlebot3_obstacle_detection
[14.836s] copying turtlebot3_example/turtlebot3_obstacle_detection/turtlebot3_obstacle_detection.py -> /home/dingo/tb3_autonomy/build/turtlebot3_example/build/lib/turtlebot3_example/turtlebot3_obstacle_detection
[14.842s] running install
[14.875s] running install_lib
[14.993s] creating /home/dingo/tb3_autonomy/install/turtlebot3_example/lib/python3.12/site-packages/turtlebot3_example
[14.994s] creating /home/dingo/tb3_autonomy/install/turtlebot3_example/lib/python3.12/site-packages/turtlebot3_example/turtlebot3_interactive_marker
[15.003s] copying /home/dingo/tb3_autonomy/build/turtlebot3_example/build/lib/turtlebot3_example/turtlebot3_interactive_marker/turtlebot3_interactive_marker.py -> /home/dingo/tb3_autonomy/install/turtlebot3_example/lib/python3.12/site-packages/turtlebot3_example/turtlebot3_interactive_marker
[15.004s] copying /home/dingo/tb3_autonomy/build/turtlebot3_example/build/lib/turtlebot3_example/turtlebot3_interactive_marker/__init__.py -> /home/dingo/tb3_autonomy/install/turtlebot3_example/lib/python3.12/site-packages/turtlebot3_example/turtlebot3_interactive_marker
[15.005s] creating /home/dingo/tb3_autonomy/install/turtlebot3_example/lib/python3.12/site-packages/turtlebot3_example/turtlebot3_relative_move
[15.010s] copying /home/dingo/tb3_autonomy/build/turtlebot3_example/build/lib/turtlebot3_example/turtlebot3_relative_move/turtlebot3_relative_move.py -> /home/dingo/tb3_autonomy/install/turtlebot3_example/lib/python3.12/site-packages/turtlebot3_example/turtlebot3_relative_move
[15.010s] copying /home/dingo/tb3_autonomy/build/turtlebot3_example/build/lib/turtlebot3_example/turtlebot3_relative_move/__init__.py -> /home/dingo/tb3_autonomy/install/turtlebot3_example/lib/python3.12/site-packages/turtlebot3_example/turtlebot3_relative_move
[15.011s] creating /home/dingo/tb3_autonomy/install/turtlebot3_example/lib/python3.12/site-packages/turtlebot3_example/turtlebot3_absolute_move
[15.012s] copying /home/dingo/tb3_autonomy/build/turtlebot3_example/build/lib/turtlebot3_example/turtlebot3_absolute_move/turtlebot3_absolute_move.py -> /home/dingo/tb3_autonomy/install/turtlebot3_example/lib/python3.12/site-packages/turtlebot3_example/turtlebot3_absolute_move
[15.012s] copying /home/dingo/tb3_autonomy/build/turtlebot3_example/build/lib/turtlebot3_example/turtlebot3_absolute_move/__init__.py -> /home/dingo/tb3_autonomy/install/turtlebot3_example/lib/python3.12/site-packages/turtlebot3_example/turtlebot3_absolute_move
[15.013s] copying /home/dingo/tb3_autonomy/build/turtlebot3_example/build/lib/turtlebot3_example/__init__.py -> /home/dingo/tb3_autonomy/install/turtlebot3_example/lib/python3.12/site-packages/turtlebot3_example
[15.016s] creating /home/dingo/tb3_autonomy/install/turtlebot3_example/lib/python3.12/site-packages/turtlebot3_example/turtlebot3_patrol
[15.016s] copying /home/dingo/tb3_autonomy/build/turtlebot3_example/build/lib/turtlebot3_example/turtlebot3_patrol/turtlebot3_patrol_client.py -> /home/dingo/tb3_autonomy/install/turtlebot3_example/lib/python3.12/site-packages/turtlebot3_example/turtlebot3_patrol
[15.017s] copying /home/dingo/tb3_autonomy/build/turtlebot3_example/build/lib/turtlebot3_example/turtlebot3_patrol/turtlebot3_patrol_server.py -> /home/dingo/tb3_autonomy/install/turtlebot3_example/lib/python3.12/site-packages/turtlebot3_example/turtlebot3_patrol
[15.019s] copying /home/dingo/tb3_autonomy/build/turtlebot3_example/build/lib/turtlebot3_example/turtlebot3_patrol/__init__.py -> /home/dingo/tb3_autonomy/install/turtlebot3_example/lib/python3.12/site-packages/turtlebot3_example/turtlebot3_patrol
[15.020s] creating /home/dingo/tb3_autonomy/install/turtlebot3_example/lib/python3.12/site-packages/turtlebot3_example/turtlebot3_obstacle_detection
[15.020s] copying /home/dingo/tb3_autonomy/build/turtlebot3_example/build/lib/turtlebot3_example/turtlebot3_obstacle_detection/__init__.py -> /home/dingo/tb3_autonomy/install/turtlebot3_example/lib/python3.12/site-packages/turtlebot3_example/turtlebot3_obstacle_detection
[15.021s] copying /home/dingo/tb3_autonomy/build/turtlebot3_example/build/lib/turtlebot3_example/turtlebot3_obstacle_detection/turtlebot3_obstacle_detection.py -> /home/dingo/tb3_autonomy/install/turtlebot3_example/lib/python3.12/site-packages/turtlebot3_example/turtlebot3_obstacle_detection
[15.022s] byte-compiling /home/dingo/tb3_autonomy/install/turtlebot3_example/lib/python3.12/site-packages/turtlebot3_example/turtlebot3_interactive_marker/turtlebot3_interactive_marker.py to turtlebot3_interactive_marker.cpython-312.pyc
[15.022s] byte-compiling /home/dingo/tb3_autonomy/install/turtlebot3_example/lib/python3.12/site-packages/turtlebot3_example/turtlebot3_interactive_marker/__init__.py to __init__.cpython-312.pyc
[15.024s] byte-compiling /home/dingo/tb3_autonomy/install/turtlebot3_example/lib/python3.12/site-packages/turtlebot3_example/turtlebot3_relative_move/turtlebot3_relative_move.py to turtlebot3_relative_move.cpython-312.pyc
[15.031s] byte-compiling /home/dingo/tb3_autonomy/install/turtlebot3_example/lib/python3.12/site-packages/turtlebot3_example/turtlebot3_relative_move/__init__.py to __init__.cpython-312.pyc
[15.032s] byte-compiling /home/dingo/tb3_autonomy/install/turtlebot3_example/lib/python3.12/site-packages/turtlebot3_example/turtlebot3_absolute_move/turtlebot3_absolute_move.py to turtlebot3_absolute_move.cpython-312.pyc
[15.039s] byte-compiling /home/dingo/tb3_autonomy/install/turtlebot3_example/lib/python3.12/site-packages/turtlebot3_example/turtlebot3_absolute_move/__init__.py to __init__.cpython-312.pyc
[15.040s] byte-compiling /home/dingo/tb3_autonomy/install/turtlebot3_example/lib/python3.12/site-packages/turtlebot3_example/__init__.py to __init__.cpython-312.pyc
[15.042s] byte-compiling /home/dingo/tb3_autonomy/install/turtlebot3_example/lib/python3.12/site-packages/turtlebot3_example/turtlebot3_patrol/turtlebot3_patrol_client.py to turtlebot3_patrol_client.cpython-312.pyc
[15.047s] byte-compiling /home/dingo/tb3_autonomy/install/turtlebot3_example/lib/python3.12/site-packages/turtlebot3_example/turtlebot3_patrol/turtlebot3_patrol_server.py to turtlebot3_patrol_server.cpython-312.pyc
[15.058s] byte-compiling /home/dingo/tb3_autonomy/install/turtlebot3_example/lib/python3.12/site-packages/turtlebot3_example/turtlebot3_patrol/__init__.py to __init__.cpython-312.pyc
[15.059s] byte-compiling /home/dingo/tb3_autonomy/install/turtlebot3_example/lib/python3.12/site-packages/turtlebot3_example/turtlebot3_obstacle_detection/__init__.py to __init__.cpython-312.pyc
[15.060s] byte-compiling /home/dingo/tb3_autonomy/install/turtlebot3_example/lib/python3.12/site-packages/turtlebot3_example/turtlebot3_obstacle_detection/turtlebot3_obstacle_detection.py to turtlebot3_obstacle_detection.cpython-312.pyc
[15.067s] running install_data
[15.068s] copying resource/turtlebot3_example -> /home/dingo/tb3_autonomy/install/turtlebot3_example/share/ament_index/resource_index/packages
[15.069s] copying package.xml -> /home/dingo/tb3_autonomy/install/turtlebot3_example/share/turtlebot3_example
[15.074s] running install_egg_info
[15.326s] Copying ../../../build/turtlebot3_example/turtlebot3_example.egg-info to /home/dingo/tb3_autonomy/install/turtlebot3_example/lib/python3.12/site-packages/turtlebot3_example-2.3.1-py3.12.egg-info
[15.336s] running install_scripts
[16.359s] Installing turtlebot3_absolute_move script to /home/dingo/tb3_autonomy/install/turtlebot3_example/lib/turtlebot3_example
[16.368s] Installing turtlebot3_interactive_marker script to /home/dingo/tb3_autonomy/install/turtlebot3_example/lib/turtlebot3_example
[16.370s] Installing turtlebot3_obstacle_detection script to /home/dingo/tb3_autonomy/install/turtlebot3_example/lib/turtlebot3_example
[16.373s] Installing turtlebot3_patrol_client script to /home/dingo/tb3_autonomy/install/turtlebot3_example/lib/turtlebot3_example
[16.373s] Installing turtlebot3_patrol_server script to /home/dingo/tb3_autonomy/install/turtlebot3_example/lib/turtlebot3_example
[16.376s] Installing turtlebot3_relative_move script to /home/dingo/tb3_autonomy/install/turtlebot3_example/lib/turtlebot3_example
[16.380s] writing list of installed files to '/home/dingo/tb3_autonomy/build/turtlebot3_example/install.log'
[16.624s] Invoked command in '/home/dingo/tb3_autonomy/src/turtlebot3/turtlebot3_example' returned '0': PYTHONPATH=/home/dingo/tb3_autonomy/build/turtlebot3_example/prefix_override:/usr/lib/python3/dist-packages/colcon_core/task/python/colcon_distutils_commands:/home/dingo/tb3_autonomy/install/turtlebot3_example/lib/python3.12/site-packages:${PYTHONPATH} /usr/bin/python3 -W ignore:setup.py install is deprecated -W ignore:easy_install command is deprecated setup.py egg_info --egg-base ../../../build/turtlebot3_example build --build-base /home/dingo/tb3_autonomy/build/turtlebot3_example/build install --record /home/dingo/tb3_autonomy/build/turtlebot3_example/install.log --single-version-externally-managed install_data --force
