[1.072s] DEBUG:colcon:Command line arguments: ['/usr/bin/colcon', 'build', '--symlink-install']
[1.072s] DEBUG:colcon:Parsed command line arguments: Namespace(log_base=None, log_level=None, verb_name='build', build_base='build', install_base='install', merge_install=False, symlink_install=True, test_result_base=None, continue_on_error=False, executor='parallel', parallel_workers=4, event_handlers=None, ignore_user_meta=False, metas=['./colcon.meta'], base_paths=['.'], packages_ignore=None, packages_ignore_regex=None, paths=None, packages_up_to=None, packages_up_to_regex=None, packages_above=None, packages_above_and_dependencies=None, packages_above_depth=None, packages_select_by_dep=None, packages_skip_by_dep=None, packages_skip_up_to=None, packages_select_build_failed=False, packages_skip_build_finished=False, packages_select_test_failures=False, packages_skip_test_passed=False, packages_select=None, packages_skip=None, packages_select_regex=None, packages_skip_regex=None, packages_start=None, packages_end=None, allow_overriding=[], cmake_args=None, cmake_target=None, cmake_target_skip_unavailable=False, cmake_clean_cache=False, cmake_clean_first=False, cmake_force_configure=False, ament_cmake_args=None, catkin_cmake_args=None, catkin_skip_building_tests=False, mixin_files=None, mixin=None, verb_parser=<colcon_mixin.mixin.mixin_argument.MixinArgumentDecorator object at 0xffff914f7f50>, verb_extension=<colcon_core.verb.build.BuildVerb object at 0xffff916d4500>, main=<bound method BuildVerb.main of <colcon_core.verb.build.BuildVerb object at 0xffff916d4500>>, mixin_verb=('build',))
[1.333s] Level 1:colcon.colcon_core.package_discovery:discover_packages(colcon_meta) check parameters
[1.334s] Level 1:colcon.colcon_core.package_discovery:discover_packages(recursive) check parameters
[1.334s] Level 1:colcon.colcon_core.package_discovery:discover_packages(ignore) check parameters
[1.334s] Level 1:colcon.colcon_core.package_discovery:discover_packages(path) check parameters
[1.334s] Level 1:colcon.colcon_core.package_discovery:discover_packages(colcon_meta) discover
[1.335s] Level 1:colcon.colcon_core.package_discovery:discover_packages(recursive) discover
[1.335s] INFO:colcon.colcon_core.package_discovery:Crawling recursively for packages in '/home/dingo/tb3_autonomy/src'
[1.335s] Level 1:colcon.colcon_core.package_identification:_identify(.) by extensions ['ignore', 'ignore_ament_install']
[1.336s] Level 1:colcon.colcon_core.package_identification:_identify(.) by extension 'ignore'
[1.336s] Level 1:colcon.colcon_core.package_identification:_identify(.) by extension 'ignore_ament_install'
[1.336s] Level 1:colcon.colcon_core.package_identification:_identify(.) by extensions ['colcon_pkg']
[1.336s] Level 1:colcon.colcon_core.package_identification:_identify(.) by extension 'colcon_pkg'
[1.337s] Level 1:colcon.colcon_core.package_identification:_identify(.) by extensions ['colcon_meta']
[1.337s] Level 1:colcon.colcon_core.package_identification:_identify(.) by extension 'colcon_meta'
[1.337s] Level 1:colcon.colcon_core.package_identification:_identify(.) by extensions ['ros']
[1.337s] Level 1:colcon.colcon_core.package_identification:_identify(.) by extension 'ros'
[1.482s] Level 1:colcon.colcon_core.package_identification:_identify(.) by extensions ['cmake', 'python']
[1.482s] Level 1:colcon.colcon_core.package_identification:_identify(.) by extension 'cmake'
[1.482s] Level 1:colcon.colcon_core.package_identification:_identify(.) by extension 'python'
[1.482s] Level 1:colcon.colcon_core.package_identification:_identify(.) by extensions ['python_setup_py']
[1.483s] Level 1:colcon.colcon_core.package_identification:_identify(.) by extension 'python_setup_py'
[1.483s] Level 1:colcon.colcon_core.package_identification:_identify(build) by extensions ['ignore', 'ignore_ament_install']
[1.484s] Level 1:colcon.colcon_core.package_identification:_identify(build) by extension 'ignore'
[1.484s] Level 1:colcon.colcon_core.package_identification:_identify(build) ignored
[1.485s] Level 1:colcon.colcon_core.package_identification:_identify(install) by extensions ['ignore', 'ignore_ament_install']
[1.485s] Level 1:colcon.colcon_core.package_identification:_identify(install) by extension 'ignore'
[1.485s] Level 1:colcon.colcon_core.package_identification:_identify(install) ignored
[1.486s] Level 1:colcon.colcon_core.package_identification:_identify(log) by extensions ['ignore', 'ignore_ament_install']
[1.486s] Level 1:colcon.colcon_core.package_identification:_identify(log) by extension 'ignore'
[1.486s] Level 1:colcon.colcon_core.package_identification:_identify(log) ignored
[1.487s] Level 1:colcon.colcon_core.package_identification:_identify(rosbag2_2025_06_24-15_07_24) by extensions ['ignore', 'ignore_ament_install']
[1.488s] Level 1:colcon.colcon_core.package_identification:_identify(rosbag2_2025_06_24-15_07_24) by extension 'ignore'
[1.488s] Level 1:colcon.colcon_core.package_identification:_identify(rosbag2_2025_06_24-15_07_24) by extension 'ignore_ament_install'
[1.488s] Level 1:colcon.colcon_core.package_identification:_identify(rosbag2_2025_06_24-15_07_24) by extensions ['colcon_pkg']
[1.489s] Level 1:colcon.colcon_core.package_identification:_identify(rosbag2_2025_06_24-15_07_24) by extension 'colcon_pkg'
[1.489s] Level 1:colcon.colcon_core.package_identification:_identify(rosbag2_2025_06_24-15_07_24) by extensions ['colcon_meta']
[1.489s] Level 1:colcon.colcon_core.package_identification:_identify(rosbag2_2025_06_24-15_07_24) by extension 'colcon_meta'
[1.489s] Level 1:colcon.colcon_core.package_identification:_identify(rosbag2_2025_06_24-15_07_24) by extensions ['ros']
[1.489s] Level 1:colcon.colcon_core.package_identification:_identify(rosbag2_2025_06_24-15_07_24) by extension 'ros'
[1.490s] Level 1:colcon.colcon_core.package_identification:_identify(rosbag2_2025_06_24-15_07_24) by extensions ['cmake', 'python']
[1.490s] Level 1:colcon.colcon_core.package_identification:_identify(rosbag2_2025_06_24-15_07_24) by extension 'cmake'
[1.490s] Level 1:colcon.colcon_core.package_identification:_identify(rosbag2_2025_06_24-15_07_24) by extension 'python'
[1.490s] Level 1:colcon.colcon_core.package_identification:_identify(rosbag2_2025_06_24-15_07_24) by extensions ['python_setup_py']
[1.490s] Level 1:colcon.colcon_core.package_identification:_identify(rosbag2_2025_06_24-15_07_24) by extension 'python_setup_py'
[1.491s] Level 1:colcon.colcon_core.package_identification:_identify(turtlebot3) by extensions ['ignore', 'ignore_ament_install']
[1.492s] Level 1:colcon.colcon_core.package_identification:_identify(turtlebot3) by extension 'ignore'
[1.492s] Level 1:colcon.colcon_core.package_identification:_identify(turtlebot3) by extension 'ignore_ament_install'
[1.492s] Level 1:colcon.colcon_core.package_identification:_identify(turtlebot3) by extensions ['colcon_pkg']
[1.493s] Level 1:colcon.colcon_core.package_identification:_identify(turtlebot3) by extension 'colcon_pkg'
[1.493s] Level 1:colcon.colcon_core.package_identification:_identify(turtlebot3) by extensions ['colcon_meta']
[1.493s] Level 1:colcon.colcon_core.package_identification:_identify(turtlebot3) by extension 'colcon_meta'
[1.493s] Level 1:colcon.colcon_core.package_identification:_identify(turtlebot3) by extensions ['ros']
[1.493s] Level 1:colcon.colcon_core.package_identification:_identify(turtlebot3) by extension 'ros'
[1.494s] Level 1:colcon.colcon_core.package_identification:_identify(turtlebot3) by extensions ['cmake', 'python']
[1.494s] Level 1:colcon.colcon_core.package_identification:_identify(turtlebot3) by extension 'cmake'
[1.494s] Level 1:colcon.colcon_core.package_identification:_identify(turtlebot3) by extension 'python'
[1.494s] Level 1:colcon.colcon_core.package_identification:_identify(turtlebot3) by extensions ['python_setup_py']
[1.494s] Level 1:colcon.colcon_core.package_identification:_identify(turtlebot3) by extension 'python_setup_py'
[1.495s] Level 1:colcon.colcon_core.package_identification:_identify(turtlebot3/turtlebot3) by extensions ['ignore', 'ignore_ament_install']
[1.496s] Level 1:colcon.colcon_core.package_identification:_identify(turtlebot3/turtlebot3) by extension 'ignore'
[1.496s] Level 1:colcon.colcon_core.package_identification:_identify(turtlebot3/turtlebot3) by extension 'ignore_ament_install'
[1.496s] Level 1:colcon.colcon_core.package_identification:_identify(turtlebot3/turtlebot3) by extensions ['colcon_pkg']
[1.496s] Level 1:colcon.colcon_core.package_identification:_identify(turtlebot3/turtlebot3) by extension 'colcon_pkg'
[1.497s] Level 1:colcon.colcon_core.package_identification:_identify(turtlebot3/turtlebot3) by extensions ['colcon_meta']
[1.497s] Level 1:colcon.colcon_core.package_identification:_identify(turtlebot3/turtlebot3) by extension 'colcon_meta'
[1.497s] Level 1:colcon.colcon_core.package_identification:_identify(turtlebot3/turtlebot3) by extensions ['ros']
[1.497s] Level 1:colcon.colcon_core.package_identification:_identify(turtlebot3/turtlebot3) by extension 'ros'
[1.509s] DEBUG:colcon.colcon_core.package_identification:Package 'turtlebot3/turtlebot3' with type 'ros.ament_cmake' and name 'turtlebot3'
[1.510s] Level 1:colcon.colcon_core.package_identification:_identify(turtlebot3/turtlebot3_bringup) by extensions ['ignore', 'ignore_ament_install']
[1.511s] Level 1:colcon.colcon_core.package_identification:_identify(turtlebot3/turtlebot3_bringup) by extension 'ignore'
[1.511s] Level 1:colcon.colcon_core.package_identification:_identify(turtlebot3/turtlebot3_bringup) by extension 'ignore_ament_install'
[1.511s] Level 1:colcon.colcon_core.package_identification:_identify(turtlebot3/turtlebot3_bringup) by extensions ['colcon_pkg']
[1.512s] Level 1:colcon.colcon_core.package_identification:_identify(turtlebot3/turtlebot3_bringup) by extension 'colcon_pkg'
[1.512s] Level 1:colcon.colcon_core.package_identification:_identify(turtlebot3/turtlebot3_bringup) by extensions ['colcon_meta']
[1.512s] Level 1:colcon.colcon_core.package_identification:_identify(turtlebot3/turtlebot3_bringup) by extension 'colcon_meta'
[1.512s] Level 1:colcon.colcon_core.package_identification:_identify(turtlebot3/turtlebot3_bringup) by extensions ['ros']
[1.512s] Level 1:colcon.colcon_core.package_identification:_identify(turtlebot3/turtlebot3_bringup) by extension 'ros'
[1.515s] DEBUG:colcon.colcon_core.package_identification:Package 'turtlebot3/turtlebot3_bringup' with type 'ros.ament_cmake' and name 'turtlebot3_bringup'
[1.516s] Level 1:colcon.colcon_core.package_identification:_identify(turtlebot3/turtlebot3_description) by extensions ['ignore', 'ignore_ament_install']
[1.517s] Level 1:colcon.colcon_core.package_identification:_identify(turtlebot3/turtlebot3_description) by extension 'ignore'
[1.517s] Level 1:colcon.colcon_core.package_identification:_identify(turtlebot3/turtlebot3_description) by extension 'ignore_ament_install'
[1.517s] Level 1:colcon.colcon_core.package_identification:_identify(turtlebot3/turtlebot3_description) by extensions ['colcon_pkg']
[1.517s] Level 1:colcon.colcon_core.package_identification:_identify(turtlebot3/turtlebot3_description) by extension 'colcon_pkg'
[1.518s] Level 1:colcon.colcon_core.package_identification:_identify(turtlebot3/turtlebot3_description) by extensions ['colcon_meta']
[1.518s] Level 1:colcon.colcon_core.package_identification:_identify(turtlebot3/turtlebot3_description) by extension 'colcon_meta'
[1.518s] Level 1:colcon.colcon_core.package_identification:_identify(turtlebot3/turtlebot3_description) by extensions ['ros']
[1.518s] Level 1:colcon.colcon_core.package_identification:_identify(turtlebot3/turtlebot3_description) by extension 'ros'
[1.521s] DEBUG:colcon.colcon_core.package_identification:Package 'turtlebot3/turtlebot3_description' with type 'ros.ament_cmake' and name 'turtlebot3_description'
[1.522s] Level 1:colcon.colcon_core.package_identification:_identify(turtlebot3/turtlebot3_example) by extensions ['ignore', 'ignore_ament_install']
[1.523s] Level 1:colcon.colcon_core.package_identification:_identify(turtlebot3/turtlebot3_example) by extension 'ignore'
[1.523s] Level 1:colcon.colcon_core.package_identification:_identify(turtlebot3/turtlebot3_example) by extension 'ignore_ament_install'
[1.523s] Level 1:colcon.colcon_core.package_identification:_identify(turtlebot3/turtlebot3_example) by extensions ['colcon_pkg']
[1.523s] Level 1:colcon.colcon_core.package_identification:_identify(turtlebot3/turtlebot3_example) by extension 'colcon_pkg'
[1.524s] Level 1:colcon.colcon_core.package_identification:_identify(turtlebot3/turtlebot3_example) by extensions ['colcon_meta']
[1.524s] Level 1:colcon.colcon_core.package_identification:_identify(turtlebot3/turtlebot3_example) by extension 'colcon_meta'
[1.524s] Level 1:colcon.colcon_core.package_identification:_identify(turtlebot3/turtlebot3_example) by extensions ['ros']
[1.524s] Level 1:colcon.colcon_core.package_identification:_identify(turtlebot3/turtlebot3_example) by extension 'ros'
[1.528s] DEBUG:colcon.colcon_core.package_identification:Package 'turtlebot3/turtlebot3_example' with type 'ros.ament_python' and name 'turtlebot3_example'
[1.529s] Level 1:colcon.colcon_core.package_identification:_identify(turtlebot3/turtlebot3_node) by extensions ['ignore', 'ignore_ament_install']
[1.530s] Level 1:colcon.colcon_core.package_identification:_identify(turtlebot3/turtlebot3_node) by extension 'ignore'
[1.530s] Level 1:colcon.colcon_core.package_identification:_identify(turtlebot3/turtlebot3_node) by extension 'ignore_ament_install'
[1.530s] Level 1:colcon.colcon_core.package_identification:_identify(turtlebot3/turtlebot3_node) by extensions ['colcon_pkg']
[1.530s] Level 1:colcon.colcon_core.package_identification:_identify(turtlebot3/turtlebot3_node) by extension 'colcon_pkg'
[1.531s] Level 1:colcon.colcon_core.package_identification:_identify(turtlebot3/turtlebot3_node) by extensions ['colcon_meta']
[1.531s] Level 1:colcon.colcon_core.package_identification:_identify(turtlebot3/turtlebot3_node) by extension 'colcon_meta'
[1.531s] Level 1:colcon.colcon_core.package_identification:_identify(turtlebot3/turtlebot3_node) by extensions ['ros']
[1.531s] Level 1:colcon.colcon_core.package_identification:_identify(turtlebot3/turtlebot3_node) by extension 'ros'
[1.536s] DEBUG:colcon.colcon_core.package_identification:Package 'turtlebot3/turtlebot3_node' with type 'ros.ament_cmake' and name 'turtlebot3_node'
[1.537s] Level 1:colcon.colcon_core.package_identification:_identify(turtlebot3/turtlebot3_teleop) by extensions ['ignore', 'ignore_ament_install']
[1.538s] Level 1:colcon.colcon_core.package_identification:_identify(turtlebot3/turtlebot3_teleop) by extension 'ignore'
[1.538s] Level 1:colcon.colcon_core.package_identification:_identify(turtlebot3/turtlebot3_teleop) by extension 'ignore_ament_install'
[1.538s] Level 1:colcon.colcon_core.package_identification:_identify(turtlebot3/turtlebot3_teleop) by extensions ['colcon_pkg']
[1.538s] Level 1:colcon.colcon_core.package_identification:_identify(turtlebot3/turtlebot3_teleop) by extension 'colcon_pkg'
[1.539s] Level 1:colcon.colcon_core.package_identification:_identify(turtlebot3/turtlebot3_teleop) by extensions ['colcon_meta']
[1.539s] Level 1:colcon.colcon_core.package_identification:_identify(turtlebot3/turtlebot3_teleop) by extension 'colcon_meta'
[1.539s] Level 1:colcon.colcon_core.package_identification:_identify(turtlebot3/turtlebot3_teleop) by extensions ['ros']
[1.539s] Level 1:colcon.colcon_core.package_identification:_identify(turtlebot3/turtlebot3_teleop) by extension 'ros'
[1.542s] DEBUG:colcon.colcon_core.package_identification:Package 'turtlebot3/turtlebot3_teleop' with type 'ros.ament_python' and name 'turtlebot3_teleop'
[1.542s] Level 1:colcon.colcon_core.package_discovery:discover_packages(recursive) using defaults
[1.543s] Level 1:colcon.colcon_core.package_discovery:discover_packages(ignore) discover
[1.543s] Level 1:colcon.colcon_core.package_discovery:discover_packages(ignore) using defaults
[1.543s] Level 1:colcon.colcon_core.package_discovery:discover_packages(path) discover
[1.543s] Level 1:colcon.colcon_core.package_discovery:discover_packages(path) using defaults
[1.651s] Level 1:colcon.colcon_core.package_discovery:discover_packages(prefix_path) check parameters
[1.651s] Level 1:colcon.colcon_core.package_discovery:discover_packages(prefix_path) discover
[1.673s] DEBUG:colcon.colcon_installed_package_information.package_discovery:Found 7 installed packages in /home/dingo/tb3_autonomy/src/install
[1.683s] DEBUG:colcon.colcon_installed_package_information.package_discovery:Found 2 installed packages in /home/dingo/turtlebot3_ws/install
[1.694s] DEBUG:colcon.colcon_installed_package_information.package_discovery:Found 199 installed packages in /opt/ros/jazzy
[1.697s] Level 1:colcon.colcon_core.package_discovery:discover_packages(prefix_path) using defaults
[1.956s] Level 5:colcon.colcon_core.verb:set package 'turtlebot3_description' build argument 'cmake_args' from command line to 'None'
[1.957s] Level 5:colcon.colcon_core.verb:set package 'turtlebot3_description' build argument 'cmake_target' from command line to 'None'
[1.957s] Level 5:colcon.colcon_core.verb:set package 'turtlebot3_description' build argument 'cmake_target_skip_unavailable' from command line to 'False'
[1.957s] Level 5:colcon.colcon_core.verb:set package 'turtlebot3_description' build argument 'cmake_clean_cache' from command line to 'False'
[1.957s] Level 5:colcon.colcon_core.verb:set package 'turtlebot3_description' build argument 'cmake_clean_first' from command line to 'False'
[1.957s] Level 5:colcon.colcon_core.verb:set package 'turtlebot3_description' build argument 'cmake_force_configure' from command line to 'False'
[1.957s] Level 5:colcon.colcon_core.verb:set package 'turtlebot3_description' build argument 'ament_cmake_args' from command line to 'None'
[1.957s] Level 5:colcon.colcon_core.verb:set package 'turtlebot3_description' build argument 'catkin_cmake_args' from command line to 'None'
[1.957s] Level 5:colcon.colcon_core.verb:set package 'turtlebot3_description' build argument 'catkin_skip_building_tests' from command line to 'False'
[1.958s] DEBUG:colcon.colcon_core.verb:Building package 'turtlebot3_description' with the following arguments: {'ament_cmake_args': None, 'build_base': '/home/dingo/tb3_autonomy/src/build/turtlebot3_description', 'catkin_cmake_args': None, 'catkin_skip_building_tests': False, 'cmake_args': None, 'cmake_clean_cache': False, 'cmake_clean_first': False, 'cmake_force_configure': False, 'cmake_target': None, 'cmake_target_skip_unavailable': False, 'install_base': '/home/dingo/tb3_autonomy/src/install/turtlebot3_description', 'merge_install': False, 'path': '/home/dingo/tb3_autonomy/src/turtlebot3/turtlebot3_description', 'symlink_install': True, 'test_result_base': None}
[1.959s] Level 5:colcon.colcon_core.verb:set package 'turtlebot3_example' build argument 'cmake_args' from command line to 'None'
[1.959s] Level 5:colcon.colcon_core.verb:set package 'turtlebot3_example' build argument 'cmake_target' from command line to 'None'
[1.959s] Level 5:colcon.colcon_core.verb:set package 'turtlebot3_example' build argument 'cmake_target_skip_unavailable' from command line to 'False'
[1.959s] Level 5:colcon.colcon_core.verb:set package 'turtlebot3_example' build argument 'cmake_clean_cache' from command line to 'False'
[1.959s] Level 5:colcon.colcon_core.verb:set package 'turtlebot3_example' build argument 'cmake_clean_first' from command line to 'False'
[1.959s] Level 5:colcon.colcon_core.verb:set package 'turtlebot3_example' build argument 'cmake_force_configure' from command line to 'False'
[1.959s] Level 5:colcon.colcon_core.verb:set package 'turtlebot3_example' build argument 'ament_cmake_args' from command line to 'None'
[1.960s] Level 5:colcon.colcon_core.verb:set package 'turtlebot3_example' build argument 'catkin_cmake_args' from command line to 'None'
[1.960s] Level 5:colcon.colcon_core.verb:set package 'turtlebot3_example' build argument 'catkin_skip_building_tests' from command line to 'False'
[1.960s] DEBUG:colcon.colcon_core.verb:Building package 'turtlebot3_example' with the following arguments: {'ament_cmake_args': None, 'build_base': '/home/dingo/tb3_autonomy/src/build/turtlebot3_example', 'catkin_cmake_args': None, 'catkin_skip_building_tests': False, 'cmake_args': None, 'cmake_clean_cache': False, 'cmake_clean_first': False, 'cmake_force_configure': False, 'cmake_target': None, 'cmake_target_skip_unavailable': False, 'install_base': '/home/dingo/tb3_autonomy/src/install/turtlebot3_example', 'merge_install': False, 'path': '/home/dingo/tb3_autonomy/src/turtlebot3/turtlebot3_example', 'symlink_install': True, 'test_result_base': None}
[1.961s] Level 5:colcon.colcon_core.verb:set package 'turtlebot3_node' build argument 'cmake_args' from command line to 'None'
[1.961s] Level 5:colcon.colcon_core.verb:set package 'turtlebot3_node' build argument 'cmake_target' from command line to 'None'
[1.961s] Level 5:colcon.colcon_core.verb:set package 'turtlebot3_node' build argument 'cmake_target_skip_unavailable' from command line to 'False'
[1.961s] Level 5:colcon.colcon_core.verb:set package 'turtlebot3_node' build argument 'cmake_clean_cache' from command line to 'False'
[1.962s] Level 5:colcon.colcon_core.verb:set package 'turtlebot3_node' build argument 'cmake_clean_first' from command line to 'False'
[1.962s] Level 5:colcon.colcon_core.verb:set package 'turtlebot3_node' build argument 'cmake_force_configure' from command line to 'False'
[1.962s] Level 5:colcon.colcon_core.verb:set package 'turtlebot3_node' build argument 'ament_cmake_args' from command line to 'None'
[1.962s] Level 5:colcon.colcon_core.verb:set package 'turtlebot3_node' build argument 'catkin_cmake_args' from command line to 'None'
[1.962s] Level 5:colcon.colcon_core.verb:set package 'turtlebot3_node' build argument 'catkin_skip_building_tests' from command line to 'False'
[1.962s] DEBUG:colcon.colcon_core.verb:Building package 'turtlebot3_node' with the following arguments: {'ament_cmake_args': None, 'build_base': '/home/dingo/tb3_autonomy/src/build/turtlebot3_node', 'catkin_cmake_args': None, 'catkin_skip_building_tests': False, 'cmake_args': None, 'cmake_clean_cache': False, 'cmake_clean_first': False, 'cmake_force_configure': False, 'cmake_target': None, 'cmake_target_skip_unavailable': False, 'install_base': '/home/dingo/tb3_autonomy/src/install/turtlebot3_node', 'merge_install': False, 'path': '/home/dingo/tb3_autonomy/src/turtlebot3/turtlebot3_node', 'symlink_install': True, 'test_result_base': None}
[1.963s] Level 5:colcon.colcon_core.verb:set package 'turtlebot3_teleop' build argument 'cmake_args' from command line to 'None'
[1.963s] Level 5:colcon.colcon_core.verb:set package 'turtlebot3_teleop' build argument 'cmake_target' from command line to 'None'
[1.964s] Level 5:colcon.colcon_core.verb:set package 'turtlebot3_teleop' build argument 'cmake_target_skip_unavailable' from command line to 'False'
[1.964s] Level 5:colcon.colcon_core.verb:set package 'turtlebot3_teleop' build argument 'cmake_clean_cache' from command line to 'False'
[1.964s] Level 5:colcon.colcon_core.verb:set package 'turtlebot3_teleop' build argument 'cmake_clean_first' from command line to 'False'
[1.964s] Level 5:colcon.colcon_core.verb:set package 'turtlebot3_teleop' build argument 'cmake_force_configure' from command line to 'False'
[1.964s] Level 5:colcon.colcon_core.verb:set package 'turtlebot3_teleop' build argument 'ament_cmake_args' from command line to 'None'
[1.964s] Level 5:colcon.colcon_core.verb:set package 'turtlebot3_teleop' build argument 'catkin_cmake_args' from command line to 'None'
[1.964s] Level 5:colcon.colcon_core.verb:set package 'turtlebot3_teleop' build argument 'catkin_skip_building_tests' from command line to 'False'
[1.964s] DEBUG:colcon.colcon_core.verb:Building package 'turtlebot3_teleop' with the following arguments: {'ament_cmake_args': None, 'build_base': '/home/dingo/tb3_autonomy/src/build/turtlebot3_teleop', 'catkin_cmake_args': None, 'catkin_skip_building_tests': False, 'cmake_args': None, 'cmake_clean_cache': False, 'cmake_clean_first': False, 'cmake_force_configure': False, 'cmake_target': None, 'cmake_target_skip_unavailable': False, 'install_base': '/home/dingo/tb3_autonomy/src/install/turtlebot3_teleop', 'merge_install': False, 'path': '/home/dingo/tb3_autonomy/src/turtlebot3/turtlebot3_teleop', 'symlink_install': True, 'test_result_base': None}
[1.965s] Level 5:colcon.colcon_core.verb:set package 'turtlebot3_bringup' build argument 'cmake_args' from command line to 'None'
[1.966s] Level 5:colcon.colcon_core.verb:set package 'turtlebot3_bringup' build argument 'cmake_target' from command line to 'None'
[1.966s] Level 5:colcon.colcon_core.verb:set package 'turtlebot3_bringup' build argument 'cmake_target_skip_unavailable' from command line to 'False'
[1.966s] Level 5:colcon.colcon_core.verb:set package 'turtlebot3_bringup' build argument 'cmake_clean_cache' from command line to 'False'
[1.966s] Level 5:colcon.colcon_core.verb:set package 'turtlebot3_bringup' build argument 'cmake_clean_first' from command line to 'False'
[1.966s] Level 5:colcon.colcon_core.verb:set package 'turtlebot3_bringup' build argument 'cmake_force_configure' from command line to 'False'
[1.966s] Level 5:colcon.colcon_core.verb:set package 'turtlebot3_bringup' build argument 'ament_cmake_args' from command line to 'None'
[1.966s] Level 5:colcon.colcon_core.verb:set package 'turtlebot3_bringup' build argument 'catkin_cmake_args' from command line to 'None'
[1.966s] Level 5:colcon.colcon_core.verb:set package 'turtlebot3_bringup' build argument 'catkin_skip_building_tests' from command line to 'False'
[1.966s] DEBUG:colcon.colcon_core.verb:Building package 'turtlebot3_bringup' with the following arguments: {'ament_cmake_args': None, 'build_base': '/home/dingo/tb3_autonomy/src/build/turtlebot3_bringup', 'catkin_cmake_args': None, 'catkin_skip_building_tests': False, 'cmake_args': None, 'cmake_clean_cache': False, 'cmake_clean_first': False, 'cmake_force_configure': False, 'cmake_target': None, 'cmake_target_skip_unavailable': False, 'install_base': '/home/dingo/tb3_autonomy/src/install/turtlebot3_bringup', 'merge_install': False, 'path': '/home/dingo/tb3_autonomy/src/turtlebot3/turtlebot3_bringup', 'symlink_install': True, 'test_result_base': None}
[1.968s] Level 5:colcon.colcon_core.verb:set package 'turtlebot3' build argument 'cmake_args' from command line to 'None'
[1.968s] Level 5:colcon.colcon_core.verb:set package 'turtlebot3' build argument 'cmake_target' from command line to 'None'
[1.968s] Level 5:colcon.colcon_core.verb:set package 'turtlebot3' build argument 'cmake_target_skip_unavailable' from command line to 'False'
[1.968s] Level 5:colcon.colcon_core.verb:set package 'turtlebot3' build argument 'cmake_clean_cache' from command line to 'False'
[1.968s] Level 5:colcon.colcon_core.verb:set package 'turtlebot3' build argument 'cmake_clean_first' from command line to 'False'
[1.968s] Level 5:colcon.colcon_core.verb:set package 'turtlebot3' build argument 'cmake_force_configure' from command line to 'False'
[1.968s] Level 5:colcon.colcon_core.verb:set package 'turtlebot3' build argument 'ament_cmake_args' from command line to 'None'
[1.968s] Level 5:colcon.colcon_core.verb:set package 'turtlebot3' build argument 'catkin_cmake_args' from command line to 'None'
[1.968s] Level 5:colcon.colcon_core.verb:set package 'turtlebot3' build argument 'catkin_skip_building_tests' from command line to 'False'
[1.969s] DEBUG:colcon.colcon_core.verb:Building package 'turtlebot3' with the following arguments: {'ament_cmake_args': None, 'build_base': '/home/dingo/tb3_autonomy/src/build/turtlebot3', 'catkin_cmake_args': None, 'catkin_skip_building_tests': False, 'cmake_args': None, 'cmake_clean_cache': False, 'cmake_clean_first': False, 'cmake_force_configure': False, 'cmake_target': None, 'cmake_target_skip_unavailable': False, 'install_base': '/home/dingo/tb3_autonomy/src/install/turtlebot3', 'merge_install': False, 'path': '/home/dingo/tb3_autonomy/src/turtlebot3/turtlebot3', 'symlink_install': True, 'test_result_base': None}
[1.969s] INFO:colcon.colcon_core.executor:Executing jobs using 'parallel' executor
[1.972s] DEBUG:colcon.colcon_parallel_executor.executor.parallel:run_until_complete
[1.973s] INFO:colcon.colcon_ros.task.ament_cmake.build:Building ROS package in '/home/dingo/tb3_autonomy/src/turtlebot3/turtlebot3_description' with build type 'ament_cmake'
[1.974s] INFO:colcon.colcon_cmake.task.cmake.build:Building CMake package in '/home/dingo/tb3_autonomy/src/turtlebot3/turtlebot3_description'
[1.989s] INFO:colcon.colcon_core.plugin_system:Skipping extension 'colcon_core.shell.bat': Not used on non-Windows systems
[1.990s] INFO:colcon.colcon_core.shell:Skip shell extension 'powershell' for command environment: Not usable outside of PowerShell
[1.990s] DEBUG:colcon.colcon_core.shell:Skip shell extension 'dsv' for command environment
[2.011s] INFO:colcon.colcon_ros.task.ament_cmake.build:Building ROS package in '/home/dingo/tb3_autonomy/src/turtlebot3/turtlebot3_node' with build type 'ament_cmake'
[2.012s] INFO:colcon.colcon_cmake.task.cmake.build:Building CMake package in '/home/dingo/tb3_autonomy/src/turtlebot3/turtlebot3_node'
[2.013s] INFO:colcon.colcon_core.shell:Skip shell extension 'powershell' for command environment: Not usable outside of PowerShell
[2.013s] DEBUG:colcon.colcon_core.shell:Skip shell extension 'dsv' for command environment
[2.034s] INFO:colcon.colcon_ros.task.ament_python.build:Building ROS package in '/home/dingo/tb3_autonomy/src/turtlebot3/turtlebot3_example' with build type 'ament_python'
[2.034s] Level 1:colcon.colcon_core.shell:create_environment_hook('turtlebot3_example', 'ament_prefix_path')
[2.035s] INFO:colcon.colcon_core.shell:Creating environment hook '/home/dingo/tb3_autonomy/src/install/turtlebot3_example/share/turtlebot3_example/hook/ament_prefix_path.ps1'
[2.041s] INFO:colcon.colcon_core.shell:Creating environment descriptor '/home/dingo/tb3_autonomy/src/install/turtlebot3_example/share/turtlebot3_example/hook/ament_prefix_path.dsv'
[2.043s] INFO:colcon.colcon_core.shell:Creating environment hook '/home/dingo/tb3_autonomy/src/install/turtlebot3_example/share/turtlebot3_example/hook/ament_prefix_path.sh'
[2.046s] INFO:colcon.colcon_core.shell:Skip shell extension 'powershell' for command environment: Not usable outside of PowerShell
[2.046s] DEBUG:colcon.colcon_core.shell:Skip shell extension 'dsv' for command environment
[2.066s] INFO:colcon.colcon_ros.task.ament_python.build:Building ROS package in '/home/dingo/tb3_autonomy/src/turtlebot3/turtlebot3_teleop' with build type 'ament_python'
[2.067s] Level 1:colcon.colcon_core.shell:create_environment_hook('turtlebot3_teleop', 'ament_prefix_path')
[2.068s] INFO:colcon.colcon_core.shell:Creating environment hook '/home/dingo/tb3_autonomy/src/install/turtlebot3_teleop/share/turtlebot3_teleop/hook/ament_prefix_path.ps1'
[2.071s] INFO:colcon.colcon_core.shell:Creating environment descriptor '/home/dingo/tb3_autonomy/src/install/turtlebot3_teleop/share/turtlebot3_teleop/hook/ament_prefix_path.dsv'
[2.074s] INFO:colcon.colcon_core.shell:Creating environment hook '/home/dingo/tb3_autonomy/src/install/turtlebot3_teleop/share/turtlebot3_teleop/hook/ament_prefix_path.sh'
[2.076s] INFO:colcon.colcon_core.shell:Skip shell extension 'powershell' for command environment: Not usable outside of PowerShell
[2.076s] DEBUG:colcon.colcon_core.shell:Skip shell extension 'dsv' for command environment
[2.112s] DEBUG:colcon.colcon_core.event_handler.log_command:Invoking command in '/home/dingo/tb3_autonomy/src/build/turtlebot3_description': CMAKE_PREFIX_PATH=${CMAKE_PREFIX_PATH}:/home/dingo/tb3_autonomy/src/install/turtlebot3_teleop:/home/dingo/tb3_autonomy/src/install/turtlebot3_example:/home/dingo/turtlebot3_ws/install/turtlebot3_description:/opt/ros/jazzy /usr/bin/cmake --build /home/dingo/tb3_autonomy/src/build/turtlebot3_description -- -j4 -l4
[2.135s] DEBUG:colcon.colcon_core.event_handler.log_command:Invoking command in '/home/dingo/tb3_autonomy/src/build/turtlebot3_node': CMAKE_PREFIX_PATH=${CMAKE_PREFIX_PATH}:/home/dingo/tb3_autonomy/src/install/turtlebot3_teleop:/home/dingo/tb3_autonomy/src/install/turtlebot3_example:/home/dingo/turtlebot3_ws/install/turtlebot3_description:/opt/ros/jazzy /usr/bin/cmake --build /home/dingo/tb3_autonomy/src/build/turtlebot3_node -- -j4 -l4
[3.134s] INFO:colcon.colcon_core.task.python.build:Building Python package in '/home/dingo/tb3_autonomy/src/turtlebot3/turtlebot3_example'
[3.135s] INFO:colcon.colcon_core.shell:Skip shell extension 'powershell' for command environment: Not usable outside of PowerShell
[3.135s] DEBUG:colcon.colcon_core.shell:Skip shell extension 'dsv' for command environment
[3.170s] DEBUG:colcon.colcon_core.event_handler.log_command:Invoked command in '/home/dingo/tb3_autonomy/src/build/turtlebot3_description' returned '0': CMAKE_PREFIX_PATH=${CMAKE_PREFIX_PATH}:/home/dingo/tb3_autonomy/src/install/turtlebot3_teleop:/home/dingo/tb3_autonomy/src/install/turtlebot3_example:/home/dingo/turtlebot3_ws/install/turtlebot3_description:/opt/ros/jazzy /usr/bin/cmake --build /home/dingo/tb3_autonomy/src/build/turtlebot3_description -- -j4 -l4
[3.226s] DEBUG:colcon.colcon_core.event_handler.log_command:Invoking command in '/home/dingo/tb3_autonomy/src/build/turtlebot3_description': CMAKE_PREFIX_PATH=${CMAKE_PREFIX_PATH}:/home/dingo/tb3_autonomy/src/install/turtlebot3_teleop:/home/dingo/tb3_autonomy/src/install/turtlebot3_example:/home/dingo/turtlebot3_ws/install/turtlebot3_description:/opt/ros/jazzy /usr/bin/cmake --install /home/dingo/tb3_autonomy/src/build/turtlebot3_description
[4.162s] INFO:colcon.colcon_core.task.python.build:Building Python package in '/home/dingo/tb3_autonomy/src/turtlebot3/turtlebot3_teleop'
[4.162s] INFO:colcon.colcon_core.shell:Skip shell extension 'powershell' for command environment: Not usable outside of PowerShell
[4.163s] DEBUG:colcon.colcon_core.shell:Skip shell extension 'dsv' for command environment
[4.212s] Level 1:colcon.colcon_core.environment:create_environment_scripts_only(turtlebot3_description)
[4.214s] DEBUG:colcon.colcon_core.event_handler.log_command:Invoked command in '/home/dingo/tb3_autonomy/src/build/turtlebot3_description' returned '0': CMAKE_PREFIX_PATH=${CMAKE_PREFIX_PATH}:/home/dingo/tb3_autonomy/src/install/turtlebot3_teleop:/home/dingo/tb3_autonomy/src/install/turtlebot3_example:/home/dingo/turtlebot3_ws/install/turtlebot3_description:/opt/ros/jazzy /usr/bin/cmake --install /home/dingo/tb3_autonomy/src/build/turtlebot3_description
[4.241s] Level 1:colcon.colcon_core.environment:checking '/home/dingo/tb3_autonomy/src/install/turtlebot3_description' for CMake module files
[4.245s] Level 1:colcon.colcon_core.environment:checking '/home/dingo/tb3_autonomy/src/install/turtlebot3_description' for CMake config files
[4.248s] Level 1:colcon.colcon_core.shell:create_environment_hook('turtlebot3_description', 'cmake_prefix_path')
[4.248s] INFO:colcon.colcon_core.shell:Creating environment hook '/home/dingo/tb3_autonomy/src/install/turtlebot3_description/share/turtlebot3_description/hook/cmake_prefix_path.ps1'
[4.251s] INFO:colcon.colcon_core.shell:Creating environment descriptor '/home/dingo/tb3_autonomy/src/install/turtlebot3_description/share/turtlebot3_description/hook/cmake_prefix_path.dsv'
[4.253s] INFO:colcon.colcon_core.shell:Creating environment hook '/home/dingo/tb3_autonomy/src/install/turtlebot3_description/share/turtlebot3_description/hook/cmake_prefix_path.sh'
[4.258s] Level 1:colcon.colcon_core.environment:checking '/home/dingo/tb3_autonomy/src/install/turtlebot3_description/bin'
[4.259s] Level 1:colcon.colcon_core.environment:checking '/home/dingo/tb3_autonomy/src/install/turtlebot3_description/lib/pkgconfig/turtlebot3_description.pc'
[4.260s] Level 1:colcon.colcon_core.environment:checking '/home/dingo/tb3_autonomy/src/install/turtlebot3_description/lib/python3.12/site-packages'
[4.261s] Level 1:colcon.colcon_core.environment:checking '/home/dingo/tb3_autonomy/src/install/turtlebot3_description/bin'
[4.262s] INFO:colcon.colcon_core.shell:Creating package script '/home/dingo/tb3_autonomy/src/install/turtlebot3_description/share/turtlebot3_description/package.ps1'
[4.265s] INFO:colcon.colcon_core.shell:Creating package descriptor '/home/dingo/tb3_autonomy/src/install/turtlebot3_description/share/turtlebot3_description/package.dsv'
[4.268s] INFO:colcon.colcon_core.shell:Creating package script '/home/dingo/tb3_autonomy/src/install/turtlebot3_description/share/turtlebot3_description/package.sh'
[4.272s] INFO:colcon.colcon_core.shell:Creating package script '/home/dingo/tb3_autonomy/src/install/turtlebot3_description/share/turtlebot3_description/package.bash'
[4.275s] INFO:colcon.colcon_core.shell:Creating package script '/home/dingo/tb3_autonomy/src/install/turtlebot3_description/share/turtlebot3_description/package.zsh'
[4.278s] Level 1:colcon.colcon_core.environment:create_file_with_runtime_dependencies(/home/dingo/tb3_autonomy/src/install/turtlebot3_description/share/colcon-core/packages/turtlebot3_description)
[4.281s] Level 1:colcon.colcon_core.environment:create_environment_scripts_only(turtlebot3_description)
[4.282s] Level 1:colcon.colcon_core.environment:checking '/home/dingo/tb3_autonomy/src/install/turtlebot3_description' for CMake module files
[4.285s] Level 1:colcon.colcon_core.environment:checking '/home/dingo/tb3_autonomy/src/install/turtlebot3_description' for CMake config files
[4.288s] Level 1:colcon.colcon_core.shell:create_environment_hook('turtlebot3_description', 'cmake_prefix_path')
[4.289s] INFO:colcon.colcon_core.shell:Creating environment hook '/home/dingo/tb3_autonomy/src/install/turtlebot3_description/share/turtlebot3_description/hook/cmake_prefix_path.ps1'
[4.291s] INFO:colcon.colcon_core.shell:Creating environment descriptor '/home/dingo/tb3_autonomy/src/install/turtlebot3_description/share/turtlebot3_description/hook/cmake_prefix_path.dsv'
[4.293s] INFO:colcon.colcon_core.shell:Creating environment hook '/home/dingo/tb3_autonomy/src/install/turtlebot3_description/share/turtlebot3_description/hook/cmake_prefix_path.sh'
[4.296s] Level 1:colcon.colcon_core.environment:checking '/home/dingo/tb3_autonomy/src/install/turtlebot3_description/bin'
[4.296s] Level 1:colcon.colcon_core.environment:checking '/home/dingo/tb3_autonomy/src/install/turtlebot3_description/lib/pkgconfig/turtlebot3_description.pc'
[4.297s] Level 1:colcon.colcon_core.environment:checking '/home/dingo/tb3_autonomy/src/install/turtlebot3_description/lib/python3.12/site-packages'
[4.298s] Level 1:colcon.colcon_core.environment:checking '/home/dingo/tb3_autonomy/src/install/turtlebot3_description/bin'
[4.299s] INFO:colcon.colcon_core.shell:Creating package script '/home/dingo/tb3_autonomy/src/install/turtlebot3_description/share/turtlebot3_description/package.ps1'
[4.302s] INFO:colcon.colcon_core.shell:Creating package descriptor '/home/dingo/tb3_autonomy/src/install/turtlebot3_description/share/turtlebot3_description/package.dsv'
[4.305s] INFO:colcon.colcon_core.shell:Creating package script '/home/dingo/tb3_autonomy/src/install/turtlebot3_description/share/turtlebot3_description/package.sh'
[4.307s] INFO:colcon.colcon_core.shell:Creating package script '/home/dingo/tb3_autonomy/src/install/turtlebot3_description/share/turtlebot3_description/package.bash'
[4.310s] INFO:colcon.colcon_core.shell:Creating package script '/home/dingo/tb3_autonomy/src/install/turtlebot3_description/share/turtlebot3_description/package.zsh'
[4.313s] Level 1:colcon.colcon_core.environment:create_file_with_runtime_dependencies(/home/dingo/tb3_autonomy/src/install/turtlebot3_description/share/colcon-core/packages/turtlebot3_description)
[7.896s] DEBUG:colcon.colcon_core.event_handler.log_command:Invoking command in '/home/dingo/tb3_autonomy/src/build/turtlebot3_example': PYTHONPATH=/home/dingo/tb3_autonomy/src/build/turtlebot3_example/prefix_override:/usr/lib/python3/dist-packages/colcon_core/task/python/colcon_distutils_commands:/home/dingo/tb3_autonomy/src/install/turtlebot3_example/lib/python3.12/site-packages:${PYTHONPATH} /usr/bin/python3 -W ignore:setup.py install is deprecated -W ignore:easy_install command is deprecated setup.py develop --editable --build-directory /home/dingo/tb3_autonomy/src/build/turtlebot3_example/build --no-deps symlink_data
[7.915s] DEBUG:colcon.colcon_core.event_handler.log_command:Invoking command in '/home/dingo/tb3_autonomy/src/build/turtlebot3_teleop': PYTHONPATH=/home/dingo/tb3_autonomy/src/build/turtlebot3_teleop/prefix_override:/usr/lib/python3/dist-packages/colcon_core/task/python/colcon_distutils_commands:/home/dingo/tb3_autonomy/src/install/turtlebot3_teleop/lib/python3.12/site-packages:${PYTHONPATH} /usr/bin/python3 -W ignore:setup.py install is deprecated -W ignore:easy_install command is deprecated setup.py develop --editable --build-directory /home/dingo/tb3_autonomy/src/build/turtlebot3_teleop/build --no-deps symlink_data
[12.011s] Level 1:colcon.colcon_core.shell:create_environment_hook('turtlebot3_teleop', 'pythonpath_develop')
[12.013s] INFO:colcon.colcon_core.shell:Creating environment hook '/home/dingo/tb3_autonomy/src/build/turtlebot3_teleop/share/turtlebot3_teleop/hook/pythonpath_develop.ps1'
[12.017s] DEBUG:colcon.colcon_core.event_handler.log_command:Invoked command in '/home/dingo/tb3_autonomy/src/build/turtlebot3_teleop' returned '0': PYTHONPATH=/home/dingo/tb3_autonomy/src/build/turtlebot3_teleop/prefix_override:/usr/lib/python3/dist-packages/colcon_core/task/python/colcon_distutils_commands:/home/dingo/tb3_autonomy/src/install/turtlebot3_teleop/lib/python3.12/site-packages:${PYTHONPATH} /usr/bin/python3 -W ignore:setup.py install is deprecated -W ignore:easy_install command is deprecated setup.py develop --editable --build-directory /home/dingo/tb3_autonomy/src/build/turtlebot3_teleop/build --no-deps symlink_data
[12.020s] INFO:colcon.colcon_core.shell:Creating environment descriptor '/home/dingo/tb3_autonomy/src/build/turtlebot3_teleop/share/turtlebot3_teleop/hook/pythonpath_develop.dsv'
[12.022s] INFO:colcon.colcon_core.shell:Creating environment hook '/home/dingo/tb3_autonomy/src/build/turtlebot3_teleop/share/turtlebot3_teleop/hook/pythonpath_develop.sh'
[12.025s] Level 1:colcon.colcon_core.environment:checking '/home/dingo/tb3_autonomy/src/install/turtlebot3_teleop' for CMake module files
[12.029s] Level 1:colcon.colcon_core.environment:checking '/home/dingo/tb3_autonomy/src/install/turtlebot3_teleop' for CMake config files
[12.035s] Level 1:colcon.colcon_core.environment:checking '/home/dingo/tb3_autonomy/src/install/turtlebot3_teleop/lib'
[12.036s] Level 1:colcon.colcon_core.environment:checking '/home/dingo/tb3_autonomy/src/install/turtlebot3_teleop/bin'
[12.037s] Level 1:colcon.colcon_core.environment:checking '/home/dingo/tb3_autonomy/src/install/turtlebot3_teleop/lib/pkgconfig/turtlebot3_teleop.pc'
[12.038s] Level 1:colcon.colcon_core.environment:checking '/home/dingo/tb3_autonomy/src/install/turtlebot3_teleop/lib/python3.12/site-packages'
[12.039s] Level 1:colcon.colcon_core.shell:create_environment_hook('turtlebot3_teleop', 'pythonpath')
[12.040s] INFO:colcon.colcon_core.shell:Creating environment hook '/home/dingo/tb3_autonomy/src/install/turtlebot3_teleop/share/turtlebot3_teleop/hook/pythonpath.ps1'
[12.042s] INFO:colcon.colcon_core.shell:Creating environment descriptor '/home/dingo/tb3_autonomy/src/install/turtlebot3_teleop/share/turtlebot3_teleop/hook/pythonpath.dsv'
[12.044s] INFO:colcon.colcon_core.shell:Creating environment hook '/home/dingo/tb3_autonomy/src/install/turtlebot3_teleop/share/turtlebot3_teleop/hook/pythonpath.sh'
[12.049s] Level 1:colcon.colcon_core.environment:checking '/home/dingo/tb3_autonomy/src/install/turtlebot3_teleop/bin'
[12.049s] Level 1:colcon.colcon_core.environment:create_environment_scripts_only(turtlebot3_teleop)
[12.051s] INFO:colcon.colcon_core.shell:Creating package script '/home/dingo/tb3_autonomy/src/install/turtlebot3_teleop/share/turtlebot3_teleop/package.ps1'
[12.053s] INFO:colcon.colcon_core.shell:Creating package descriptor '/home/dingo/tb3_autonomy/src/install/turtlebot3_teleop/share/turtlebot3_teleop/package.dsv'
[12.056s] INFO:colcon.colcon_core.shell:Creating package script '/home/dingo/tb3_autonomy/src/install/turtlebot3_teleop/share/turtlebot3_teleop/package.sh'
[12.059s] INFO:colcon.colcon_core.shell:Creating package script '/home/dingo/tb3_autonomy/src/install/turtlebot3_teleop/share/turtlebot3_teleop/package.bash'
[12.061s] INFO:colcon.colcon_core.shell:Creating package script '/home/dingo/tb3_autonomy/src/install/turtlebot3_teleop/share/turtlebot3_teleop/package.zsh'
[12.063s] Level 1:colcon.colcon_core.environment:create_file_with_runtime_dependencies(/home/dingo/tb3_autonomy/src/install/turtlebot3_teleop/share/colcon-core/packages/turtlebot3_teleop)
[12.068s] Level 1:colcon.colcon_core.shell:create_environment_hook('turtlebot3_example', 'pythonpath_develop')
[12.070s] INFO:colcon.colcon_core.shell:Creating environment hook '/home/dingo/tb3_autonomy/src/build/turtlebot3_example/share/turtlebot3_example/hook/pythonpath_develop.ps1'
[12.072s] DEBUG:colcon.colcon_core.event_handler.log_command:Invoked command in '/home/dingo/tb3_autonomy/src/build/turtlebot3_example' returned '0': PYTHONPATH=/home/dingo/tb3_autonomy/src/build/turtlebot3_example/prefix_override:/usr/lib/python3/dist-packages/colcon_core/task/python/colcon_distutils_commands:/home/dingo/tb3_autonomy/src/install/turtlebot3_example/lib/python3.12/site-packages:${PYTHONPATH} /usr/bin/python3 -W ignore:setup.py install is deprecated -W ignore:easy_install command is deprecated setup.py develop --editable --build-directory /home/dingo/tb3_autonomy/src/build/turtlebot3_example/build --no-deps symlink_data
[12.076s] INFO:colcon.colcon_core.shell:Creating environment descriptor '/home/dingo/tb3_autonomy/src/build/turtlebot3_example/share/turtlebot3_example/hook/pythonpath_develop.dsv'
[12.078s] INFO:colcon.colcon_core.shell:Creating environment hook '/home/dingo/tb3_autonomy/src/build/turtlebot3_example/share/turtlebot3_example/hook/pythonpath_develop.sh'
[12.081s] Level 1:colcon.colcon_core.environment:checking '/home/dingo/tb3_autonomy/src/install/turtlebot3_example' for CMake module files
[12.084s] Level 1:colcon.colcon_core.environment:checking '/home/dingo/tb3_autonomy/src/install/turtlebot3_example' for CMake config files
[12.097s] Level 1:colcon.colcon_core.environment:checking '/home/dingo/tb3_autonomy/src/install/turtlebot3_example/lib'
[12.097s] Level 1:colcon.colcon_core.environment:checking '/home/dingo/tb3_autonomy/src/install/turtlebot3_example/bin'
[12.098s] Level 1:colcon.colcon_core.environment:checking '/home/dingo/tb3_autonomy/src/install/turtlebot3_example/lib/pkgconfig/turtlebot3_example.pc'
[12.099s] Level 1:colcon.colcon_core.environment:checking '/home/dingo/tb3_autonomy/src/install/turtlebot3_example/lib/python3.12/site-packages'
[12.100s] Level 1:colcon.colcon_core.shell:create_environment_hook('turtlebot3_example', 'pythonpath')
[12.100s] INFO:colcon.colcon_core.shell:Creating environment hook '/home/dingo/tb3_autonomy/src/install/turtlebot3_example/share/turtlebot3_example/hook/pythonpath.ps1'
[12.103s] INFO:colcon.colcon_core.shell:Creating environment descriptor '/home/dingo/tb3_autonomy/src/install/turtlebot3_example/share/turtlebot3_example/hook/pythonpath.dsv'
[12.105s] INFO:colcon.colcon_core.shell:Creating environment hook '/home/dingo/tb3_autonomy/src/install/turtlebot3_example/share/turtlebot3_example/hook/pythonpath.sh'
[12.108s] Level 1:colcon.colcon_core.environment:checking '/home/dingo/tb3_autonomy/src/install/turtlebot3_example/bin'
[12.108s] Level 1:colcon.colcon_core.environment:create_environment_scripts_only(turtlebot3_example)
[12.110s] INFO:colcon.colcon_core.shell:Creating package script '/home/dingo/tb3_autonomy/src/install/turtlebot3_example/share/turtlebot3_example/package.ps1'
[12.112s] INFO:colcon.colcon_core.shell:Creating package descriptor '/home/dingo/tb3_autonomy/src/install/turtlebot3_example/share/turtlebot3_example/package.dsv'
[12.115s] INFO:colcon.colcon_core.shell:Creating package script '/home/dingo/tb3_autonomy/src/install/turtlebot3_example/share/turtlebot3_example/package.sh'
[12.118s] INFO:colcon.colcon_core.shell:Creating package script '/home/dingo/tb3_autonomy/src/install/turtlebot3_example/share/turtlebot3_example/package.bash'
[12.120s] INFO:colcon.colcon_core.shell:Creating package script '/home/dingo/tb3_autonomy/src/install/turtlebot3_example/share/turtlebot3_example/package.zsh'
[12.122s] Level 1:colcon.colcon_core.environment:create_file_with_runtime_dependencies(/home/dingo/tb3_autonomy/src/install/turtlebot3_example/share/colcon-core/packages/turtlebot3_example)
[179.649s] DEBUG:colcon.colcon_core.event_handler.log_command:Invoked command in '/home/dingo/tb3_autonomy/src/build/turtlebot3_node' returned '0': CMAKE_PREFIX_PATH=${CMAKE_PREFIX_PATH}:/home/dingo/tb3_autonomy/src/install/turtlebot3_teleop:/home/dingo/tb3_autonomy/src/install/turtlebot3_example:/home/dingo/turtlebot3_ws/install/turtlebot3_description:/opt/ros/jazzy /usr/bin/cmake --build /home/dingo/tb3_autonomy/src/build/turtlebot3_node -- -j4 -l4
[179.654s] DEBUG:colcon.colcon_core.event_handler.log_command:Invoking command in '/home/dingo/tb3_autonomy/src/build/turtlebot3_node': CMAKE_PREFIX_PATH=${CMAKE_PREFIX_PATH}:/home/dingo/tb3_autonomy/src/install/turtlebot3_teleop:/home/dingo/tb3_autonomy/src/install/turtlebot3_example:/home/dingo/turtlebot3_ws/install/turtlebot3_description:/opt/ros/jazzy /usr/bin/cmake --install /home/dingo/tb3_autonomy/src/build/turtlebot3_node
[180.542s] Level 1:colcon.colcon_core.environment:create_environment_scripts_only(turtlebot3_node)
[180.543s] Level 1:colcon.colcon_core.environment:checking '/home/dingo/tb3_autonomy/src/install/turtlebot3_node' for CMake module files
[180.545s] DEBUG:colcon.colcon_core.event_handler.log_command:Invoked command in '/home/dingo/tb3_autonomy/src/build/turtlebot3_node' returned '0': CMAKE_PREFIX_PATH=${CMAKE_PREFIX_PATH}:/home/dingo/tb3_autonomy/src/install/turtlebot3_teleop:/home/dingo/tb3_autonomy/src/install/turtlebot3_example:/home/dingo/turtlebot3_ws/install/turtlebot3_description:/opt/ros/jazzy /usr/bin/cmake --install /home/dingo/tb3_autonomy/src/build/turtlebot3_node
[180.548s] Level 1:colcon.colcon_core.environment:checking '/home/dingo/tb3_autonomy/src/install/turtlebot3_node' for CMake config files
[180.550s] Level 1:colcon.colcon_core.shell:create_environment_hook('turtlebot3_node', 'cmake_prefix_path')
[180.550s] INFO:colcon.colcon_core.shell:Creating environment hook '/home/dingo/tb3_autonomy/src/install/turtlebot3_node/share/turtlebot3_node/hook/cmake_prefix_path.ps1'
[180.552s] INFO:colcon.colcon_core.shell:Creating environment descriptor '/home/dingo/tb3_autonomy/src/install/turtlebot3_node/share/turtlebot3_node/hook/cmake_prefix_path.dsv'
[180.554s] INFO:colcon.colcon_core.shell:Creating environment hook '/home/dingo/tb3_autonomy/src/install/turtlebot3_node/share/turtlebot3_node/hook/cmake_prefix_path.sh'
[180.557s] Level 1:colcon.colcon_core.environment:checking '/home/dingo/tb3_autonomy/src/install/turtlebot3_node/lib'
[180.557s] Level 1:colcon.colcon_core.environment:checking '/home/dingo/tb3_autonomy/src/install/turtlebot3_node/bin'
[180.558s] Level 1:colcon.colcon_core.environment:checking '/home/dingo/tb3_autonomy/src/install/turtlebot3_node/lib/pkgconfig/turtlebot3_node.pc'
[180.558s] Level 1:colcon.colcon_core.environment:checking '/home/dingo/tb3_autonomy/src/install/turtlebot3_node/lib/python3.12/site-packages'
[180.559s] Level 1:colcon.colcon_core.environment:checking '/home/dingo/tb3_autonomy/src/install/turtlebot3_node/bin'
[180.560s] INFO:colcon.colcon_core.shell:Creating package script '/home/dingo/tb3_autonomy/src/install/turtlebot3_node/share/turtlebot3_node/package.ps1'
[180.562s] INFO:colcon.colcon_core.shell:Creating package descriptor '/home/dingo/tb3_autonomy/src/install/turtlebot3_node/share/turtlebot3_node/package.dsv'
[180.564s] INFO:colcon.colcon_core.shell:Creating package script '/home/dingo/tb3_autonomy/src/install/turtlebot3_node/share/turtlebot3_node/package.sh'
[180.566s] INFO:colcon.colcon_core.shell:Creating package script '/home/dingo/tb3_autonomy/src/install/turtlebot3_node/share/turtlebot3_node/package.bash'
[180.568s] INFO:colcon.colcon_core.shell:Creating package script '/home/dingo/tb3_autonomy/src/install/turtlebot3_node/share/turtlebot3_node/package.zsh'
[180.569s] Level 1:colcon.colcon_core.environment:create_file_with_runtime_dependencies(/home/dingo/tb3_autonomy/src/install/turtlebot3_node/share/colcon-core/packages/turtlebot3_node)
[180.572s] Level 1:colcon.colcon_core.environment:create_environment_scripts_only(turtlebot3_node)
[180.573s] Level 1:colcon.colcon_core.environment:checking '/home/dingo/tb3_autonomy/src/install/turtlebot3_node' for CMake module files
[180.576s] Level 1:colcon.colcon_core.environment:checking '/home/dingo/tb3_autonomy/src/install/turtlebot3_node' for CMake config files
[180.578s] Level 1:colcon.colcon_core.shell:create_environment_hook('turtlebot3_node', 'cmake_prefix_path')
[180.579s] INFO:colcon.colcon_core.shell:Creating environment hook '/home/dingo/tb3_autonomy/src/install/turtlebot3_node/share/turtlebot3_node/hook/cmake_prefix_path.ps1'
[180.581s] INFO:colcon.colcon_core.shell:Creating environment descriptor '/home/dingo/tb3_autonomy/src/install/turtlebot3_node/share/turtlebot3_node/hook/cmake_prefix_path.dsv'
[180.582s] INFO:colcon.colcon_core.shell:Creating environment hook '/home/dingo/tb3_autonomy/src/install/turtlebot3_node/share/turtlebot3_node/hook/cmake_prefix_path.sh'
[180.587s] Level 1:colcon.colcon_core.environment:checking '/home/dingo/tb3_autonomy/src/install/turtlebot3_node/lib'
[180.587s] Level 1:colcon.colcon_core.environment:checking '/home/dingo/tb3_autonomy/src/install/turtlebot3_node/bin'
[180.588s] Level 1:colcon.colcon_core.environment:checking '/home/dingo/tb3_autonomy/src/install/turtlebot3_node/lib/pkgconfig/turtlebot3_node.pc'
[180.589s] Level 1:colcon.colcon_core.environment:checking '/home/dingo/tb3_autonomy/src/install/turtlebot3_node/lib/python3.12/site-packages'
[180.589s] Level 1:colcon.colcon_core.environment:checking '/home/dingo/tb3_autonomy/src/install/turtlebot3_node/bin'
[180.590s] INFO:colcon.colcon_core.shell:Creating package script '/home/dingo/tb3_autonomy/src/install/turtlebot3_node/share/turtlebot3_node/package.ps1'
[180.592s] INFO:colcon.colcon_core.shell:Creating package descriptor '/home/dingo/tb3_autonomy/src/install/turtlebot3_node/share/turtlebot3_node/package.dsv'
[180.595s] INFO:colcon.colcon_core.shell:Creating package script '/home/dingo/tb3_autonomy/src/install/turtlebot3_node/share/turtlebot3_node/package.sh'
[180.597s] INFO:colcon.colcon_core.shell:Creating package script '/home/dingo/tb3_autonomy/src/install/turtlebot3_node/share/turtlebot3_node/package.bash'
[180.599s] INFO:colcon.colcon_core.shell:Creating package script '/home/dingo/tb3_autonomy/src/install/turtlebot3_node/share/turtlebot3_node/package.zsh'
[180.601s] Level 1:colcon.colcon_core.environment:create_file_with_runtime_dependencies(/home/dingo/tb3_autonomy/src/install/turtlebot3_node/share/colcon-core/packages/turtlebot3_node)
[180.602s] INFO:colcon.colcon_ros.task.ament_cmake.build:Building ROS package in '/home/dingo/tb3_autonomy/src/turtlebot3/turtlebot3_bringup' with build type 'ament_cmake'
[180.602s] INFO:colcon.colcon_cmake.task.cmake.build:Building CMake package in '/home/dingo/tb3_autonomy/src/turtlebot3/turtlebot3_bringup'
[180.603s] INFO:colcon.colcon_core.shell:Skip shell extension 'powershell' for command environment: Not usable outside of PowerShell
[180.604s] DEBUG:colcon.colcon_core.shell:Skip shell extension 'dsv' for command environment
[180.652s] DEBUG:colcon.colcon_core.event_handler.log_command:Invoking command in '/home/dingo/tb3_autonomy/src/build/turtlebot3_bringup': CMAKE_PREFIX_PATH=/home/dingo/tb3_autonomy/src/install/turtlebot3_node:/home/dingo/tb3_autonomy/src/install/turtlebot3_description:/home/dingo/tb3_autonomy/src/install/turtlebot3:/home/dingo/tb3_autonomy/src/install/turtlebot3_bringup:/home/dingo/tb3_autonomy/src/install/ld08_driver:/home/dingo/tb3_autonomy/src/install/turtlebot3_teleop:/home/dingo/tb3_autonomy/src/install/turtlebot3_example:/home/dingo/turtlebot3_ws/install/turtlebot3_description:/opt/ros/jazzy /usr/bin/cmake /home/dingo/tb3_autonomy/src/turtlebot3/turtlebot3_bringup -DAMENT_CMAKE_SYMLINK_INSTALL=1 -DCMAKE_INSTALL_PREFIX=/home/dingo/tb3_autonomy/src/install/turtlebot3_bringup
[185.193s] DEBUG:colcon.colcon_core.event_handler.log_command:Invoked command in '/home/dingo/tb3_autonomy/src/build/turtlebot3_bringup' returned '0': CMAKE_PREFIX_PATH=/home/dingo/tb3_autonomy/src/install/turtlebot3_node:/home/dingo/tb3_autonomy/src/install/turtlebot3_description:/home/dingo/tb3_autonomy/src/install/turtlebot3:/home/dingo/tb3_autonomy/src/install/turtlebot3_bringup:/home/dingo/tb3_autonomy/src/install/ld08_driver:/home/dingo/tb3_autonomy/src/install/turtlebot3_teleop:/home/dingo/tb3_autonomy/src/install/turtlebot3_example:/home/dingo/turtlebot3_ws/install/turtlebot3_description:/opt/ros/jazzy /usr/bin/cmake /home/dingo/tb3_autonomy/src/turtlebot3/turtlebot3_bringup -DAMENT_CMAKE_SYMLINK_INSTALL=1 -DCMAKE_INSTALL_PREFIX=/home/dingo/tb3_autonomy/src/install/turtlebot3_bringup
[185.198s] DEBUG:colcon.colcon_core.event_handler.log_command:Invoking command in '/home/dingo/tb3_autonomy/src/build/turtlebot3_bringup': CMAKE_PREFIX_PATH=/home/dingo/tb3_autonomy/src/install/turtlebot3_node:/home/dingo/tb3_autonomy/src/install/turtlebot3_description:/home/dingo/tb3_autonomy/src/install/turtlebot3:/home/dingo/tb3_autonomy/src/install/turtlebot3_bringup:/home/dingo/tb3_autonomy/src/install/ld08_driver:/home/dingo/tb3_autonomy/src/install/turtlebot3_teleop:/home/dingo/tb3_autonomy/src/install/turtlebot3_example:/home/dingo/turtlebot3_ws/install/turtlebot3_description:/opt/ros/jazzy /usr/bin/cmake --build /home/dingo/tb3_autonomy/src/build/turtlebot3_bringup -- -j4 -l4
[185.379s] DEBUG:colcon.colcon_core.event_handler.log_command:Invoked command in '/home/dingo/tb3_autonomy/src/build/turtlebot3_bringup' returned '0': CMAKE_PREFIX_PATH=/home/dingo/tb3_autonomy/src/install/turtlebot3_node:/home/dingo/tb3_autonomy/src/install/turtlebot3_description:/home/dingo/tb3_autonomy/src/install/turtlebot3:/home/dingo/tb3_autonomy/src/install/turtlebot3_bringup:/home/dingo/tb3_autonomy/src/install/ld08_driver:/home/dingo/tb3_autonomy/src/install/turtlebot3_teleop:/home/dingo/tb3_autonomy/src/install/turtlebot3_example:/home/dingo/turtlebot3_ws/install/turtlebot3_description:/opt/ros/jazzy /usr/bin/cmake --build /home/dingo/tb3_autonomy/src/build/turtlebot3_bringup -- -j4 -l4
[185.384s] DEBUG:colcon.colcon_core.event_handler.log_command:Invoking command in '/home/dingo/tb3_autonomy/src/build/turtlebot3_bringup': CMAKE_PREFIX_PATH=/home/dingo/tb3_autonomy/src/install/turtlebot3_node:/home/dingo/tb3_autonomy/src/install/turtlebot3_description:/home/dingo/tb3_autonomy/src/install/turtlebot3:/home/dingo/tb3_autonomy/src/install/turtlebot3_bringup:/home/dingo/tb3_autonomy/src/install/ld08_driver:/home/dingo/tb3_autonomy/src/install/turtlebot3_teleop:/home/dingo/tb3_autonomy/src/install/turtlebot3_example:/home/dingo/turtlebot3_ws/install/turtlebot3_description:/opt/ros/jazzy /usr/bin/cmake --install /home/dingo/tb3_autonomy/src/build/turtlebot3_bringup
[186.636s] Level 1:colcon.colcon_core.environment:create_environment_scripts_only(turtlebot3_bringup)
[186.637s] Level 1:colcon.colcon_core.environment:checking '/home/dingo/tb3_autonomy/src/install/turtlebot3_bringup' for CMake module files
[186.639s] DEBUG:colcon.colcon_core.event_handler.log_command:Invoked command in '/home/dingo/tb3_autonomy/src/build/turtlebot3_bringup' returned '0': CMAKE_PREFIX_PATH=/home/dingo/tb3_autonomy/src/install/turtlebot3_node:/home/dingo/tb3_autonomy/src/install/turtlebot3_description:/home/dingo/tb3_autonomy/src/install/turtlebot3:/home/dingo/tb3_autonomy/src/install/turtlebot3_bringup:/home/dingo/tb3_autonomy/src/install/ld08_driver:/home/dingo/tb3_autonomy/src/install/turtlebot3_teleop:/home/dingo/tb3_autonomy/src/install/turtlebot3_example:/home/dingo/turtlebot3_ws/install/turtlebot3_description:/opt/ros/jazzy /usr/bin/cmake --install /home/dingo/tb3_autonomy/src/build/turtlebot3_bringup
[186.643s] Level 1:colcon.colcon_core.environment:checking '/home/dingo/tb3_autonomy/src/install/turtlebot3_bringup' for CMake config files
[186.646s] Level 1:colcon.colcon_core.shell:create_environment_hook('turtlebot3_bringup', 'cmake_prefix_path')
[186.647s] INFO:colcon.colcon_core.shell:Creating environment hook '/home/dingo/tb3_autonomy/src/install/turtlebot3_bringup/share/turtlebot3_bringup/hook/cmake_prefix_path.ps1'
[186.649s] INFO:colcon.colcon_core.shell:Creating environment descriptor '/home/dingo/tb3_autonomy/src/install/turtlebot3_bringup/share/turtlebot3_bringup/hook/cmake_prefix_path.dsv'
[186.651s] INFO:colcon.colcon_core.shell:Creating environment hook '/home/dingo/tb3_autonomy/src/install/turtlebot3_bringup/share/turtlebot3_bringup/hook/cmake_prefix_path.sh'
[186.654s] Level 1:colcon.colcon_core.environment:checking '/home/dingo/tb3_autonomy/src/install/turtlebot3_bringup/bin'
[186.655s] Level 1:colcon.colcon_core.environment:checking '/home/dingo/tb3_autonomy/src/install/turtlebot3_bringup/lib/pkgconfig/turtlebot3_bringup.pc'
[186.656s] Level 1:colcon.colcon_core.environment:checking '/home/dingo/tb3_autonomy/src/install/turtlebot3_bringup/lib/python3.12/site-packages'
[186.657s] Level 1:colcon.colcon_core.environment:checking '/home/dingo/tb3_autonomy/src/install/turtlebot3_bringup/bin'
[186.658s] INFO:colcon.colcon_core.shell:Creating package script '/home/dingo/tb3_autonomy/src/install/turtlebot3_bringup/share/turtlebot3_bringup/package.ps1'
[186.660s] INFO:colcon.colcon_core.shell:Creating package descriptor '/home/dingo/tb3_autonomy/src/install/turtlebot3_bringup/share/turtlebot3_bringup/package.dsv'
[186.662s] INFO:colcon.colcon_core.shell:Creating package script '/home/dingo/tb3_autonomy/src/install/turtlebot3_bringup/share/turtlebot3_bringup/package.sh'
[186.663s] INFO:colcon.colcon_core.shell:Creating package script '/home/dingo/tb3_autonomy/src/install/turtlebot3_bringup/share/turtlebot3_bringup/package.bash'
[186.665s] INFO:colcon.colcon_core.shell:Creating package script '/home/dingo/tb3_autonomy/src/install/turtlebot3_bringup/share/turtlebot3_bringup/package.zsh'
[186.667s] Level 1:colcon.colcon_core.environment:create_file_with_runtime_dependencies(/home/dingo/tb3_autonomy/src/install/turtlebot3_bringup/share/colcon-core/packages/turtlebot3_bringup)
[186.672s] Level 1:colcon.colcon_core.environment:create_environment_scripts_only(turtlebot3_bringup)
[186.673s] Level 1:colcon.colcon_core.environment:checking '/home/dingo/tb3_autonomy/src/install/turtlebot3_bringup' for CMake module files
[186.676s] Level 1:colcon.colcon_core.environment:checking '/home/dingo/tb3_autonomy/src/install/turtlebot3_bringup' for CMake config files
[186.678s] Level 1:colcon.colcon_core.shell:create_environment_hook('turtlebot3_bringup', 'cmake_prefix_path')
[186.679s] INFO:colcon.colcon_core.shell:Creating environment hook '/home/dingo/tb3_autonomy/src/install/turtlebot3_bringup/share/turtlebot3_bringup/hook/cmake_prefix_path.ps1'
[186.681s] INFO:colcon.colcon_core.shell:Creating environment descriptor '/home/dingo/tb3_autonomy/src/install/turtlebot3_bringup/share/turtlebot3_bringup/hook/cmake_prefix_path.dsv'
[186.682s] INFO:colcon.colcon_core.shell:Creating environment hook '/home/dingo/tb3_autonomy/src/install/turtlebot3_bringup/share/turtlebot3_bringup/hook/cmake_prefix_path.sh'
[186.685s] Level 1:colcon.colcon_core.environment:checking '/home/dingo/tb3_autonomy/src/install/turtlebot3_bringup/bin'
[186.685s] Level 1:colcon.colcon_core.environment:checking '/home/dingo/tb3_autonomy/src/install/turtlebot3_bringup/lib/pkgconfig/turtlebot3_bringup.pc'
[186.686s] Level 1:colcon.colcon_core.environment:checking '/home/dingo/tb3_autonomy/src/install/turtlebot3_bringup/lib/python3.12/site-packages'
[186.687s] Level 1:colcon.colcon_core.environment:checking '/home/dingo/tb3_autonomy/src/install/turtlebot3_bringup/bin'
[186.688s] INFO:colcon.colcon_core.shell:Creating package script '/home/dingo/tb3_autonomy/src/install/turtlebot3_bringup/share/turtlebot3_bringup/package.ps1'
[186.690s] INFO:colcon.colcon_core.shell:Creating package descriptor '/home/dingo/tb3_autonomy/src/install/turtlebot3_bringup/share/turtlebot3_bringup/package.dsv'
[186.692s] INFO:colcon.colcon_core.shell:Creating package script '/home/dingo/tb3_autonomy/src/install/turtlebot3_bringup/share/turtlebot3_bringup/package.sh'
[186.694s] INFO:colcon.colcon_core.shell:Creating package script '/home/dingo/tb3_autonomy/src/install/turtlebot3_bringup/share/turtlebot3_bringup/package.bash'
[186.696s] INFO:colcon.colcon_core.shell:Creating package script '/home/dingo/tb3_autonomy/src/install/turtlebot3_bringup/share/turtlebot3_bringup/package.zsh'
[186.698s] Level 1:colcon.colcon_core.environment:create_file_with_runtime_dependencies(/home/dingo/tb3_autonomy/src/install/turtlebot3_bringup/share/colcon-core/packages/turtlebot3_bringup)
[186.699s] INFO:colcon.colcon_ros.task.ament_cmake.build:Building ROS package in '/home/dingo/tb3_autonomy/src/turtlebot3/turtlebot3' with build type 'ament_cmake'
[186.700s] INFO:colcon.colcon_cmake.task.cmake.build:Building CMake package in '/home/dingo/tb3_autonomy/src/turtlebot3/turtlebot3'
[186.700s] INFO:colcon.colcon_core.shell:Skip shell extension 'powershell' for command environment: Not usable outside of PowerShell
[186.701s] DEBUG:colcon.colcon_core.shell:Skip shell extension 'dsv' for command environment
[186.760s] DEBUG:colcon.colcon_core.event_handler.log_command:Invoking command in '/home/dingo/tb3_autonomy/src/build/turtlebot3': AMENT_PREFIX_PATH=/home/dingo/tb3_autonomy/src/install/turtlebot3_teleop:/home/dingo/tb3_autonomy/src/install/turtlebot3_example:/home/dingo/tb3_autonomy/src/install/turtlebot3:/home/dingo/tb3_autonomy/src/install/turtlebot3_bringup:/home/dingo/tb3_autonomy/src/install/turtlebot3_node:/home/dingo/tb3_autonomy/src/install/turtlebot3_description:/home/dingo/tb3_autonomy/src/install/ld08_driver:/home/dingo/turtlebot3_ws/install/turtlebot3_description:/opt/ros/jazzy CMAKE_PREFIX_PATH=/home/dingo/tb3_autonomy/src/install/turtlebot3_bringup:/home/dingo/tb3_autonomy/src/install/turtlebot3_node:/home/dingo/tb3_autonomy/src/install/turtlebot3_description:/home/dingo/tb3_autonomy/src/install/turtlebot3:/home/dingo/tb3_autonomy/src/install/ld08_driver:/home/dingo/tb3_autonomy/src/install/turtlebot3_teleop:/home/dingo/tb3_autonomy/src/install/turtlebot3_example:/home/dingo/turtlebot3_ws/install/turtlebot3_description:/opt/ros/jazzy PYTHONPATH=/home/dingo/tb3_autonomy/src/build/turtlebot3_teleop:/home/dingo/tb3_autonomy/src/install/turtlebot3_teleop/lib/python3.12/site-packages:/home/dingo/tb3_autonomy/src/build/turtlebot3_example:/home/dingo/tb3_autonomy/src/install/turtlebot3_example/lib/python3.12/site-packages:/opt/ros/jazzy/lib/python3.12/site-packages /usr/bin/cmake /home/dingo/tb3_autonomy/src/turtlebot3/turtlebot3 -DAMENT_CMAKE_SYMLINK_INSTALL=1 -DCMAKE_INSTALL_PREFIX=/home/dingo/tb3_autonomy/src/install/turtlebot3
[190.433s] DEBUG:colcon.colcon_core.event_handler.log_command:Invoked command in '/home/dingo/tb3_autonomy/src/build/turtlebot3' returned '0': AMENT_PREFIX_PATH=/home/dingo/tb3_autonomy/src/install/turtlebot3_teleop:/home/dingo/tb3_autonomy/src/install/turtlebot3_example:/home/dingo/tb3_autonomy/src/install/turtlebot3:/home/dingo/tb3_autonomy/src/install/turtlebot3_bringup:/home/dingo/tb3_autonomy/src/install/turtlebot3_node:/home/dingo/tb3_autonomy/src/install/turtlebot3_description:/home/dingo/tb3_autonomy/src/install/ld08_driver:/home/dingo/turtlebot3_ws/install/turtlebot3_description:/opt/ros/jazzy CMAKE_PREFIX_PATH=/home/dingo/tb3_autonomy/src/install/turtlebot3_bringup:/home/dingo/tb3_autonomy/src/install/turtlebot3_node:/home/dingo/tb3_autonomy/src/install/turtlebot3_description:/home/dingo/tb3_autonomy/src/install/turtlebot3:/home/dingo/tb3_autonomy/src/install/ld08_driver:/home/dingo/tb3_autonomy/src/install/turtlebot3_teleop:/home/dingo/tb3_autonomy/src/install/turtlebot3_example:/home/dingo/turtlebot3_ws/install/turtlebot3_description:/opt/ros/jazzy PYTHONPATH=/home/dingo/tb3_autonomy/src/build/turtlebot3_teleop:/home/dingo/tb3_autonomy/src/install/turtlebot3_teleop/lib/python3.12/site-packages:/home/dingo/tb3_autonomy/src/build/turtlebot3_example:/home/dingo/tb3_autonomy/src/install/turtlebot3_example/lib/python3.12/site-packages:/opt/ros/jazzy/lib/python3.12/site-packages /usr/bin/cmake /home/dingo/tb3_autonomy/src/turtlebot3/turtlebot3 -DAMENT_CMAKE_SYMLINK_INSTALL=1 -DCMAKE_INSTALL_PREFIX=/home/dingo/tb3_autonomy/src/install/turtlebot3
[190.438s] DEBUG:colcon.colcon_core.event_handler.log_command:Invoking command in '/home/dingo/tb3_autonomy/src/build/turtlebot3': AMENT_PREFIX_PATH=/home/dingo/tb3_autonomy/src/install/turtlebot3_teleop:/home/dingo/tb3_autonomy/src/install/turtlebot3_example:/home/dingo/tb3_autonomy/src/install/turtlebot3:/home/dingo/tb3_autonomy/src/install/turtlebot3_bringup:/home/dingo/tb3_autonomy/src/install/turtlebot3_node:/home/dingo/tb3_autonomy/src/install/turtlebot3_description:/home/dingo/tb3_autonomy/src/install/ld08_driver:/home/dingo/turtlebot3_ws/install/turtlebot3_description:/opt/ros/jazzy CMAKE_PREFIX_PATH=/home/dingo/tb3_autonomy/src/install/turtlebot3_bringup:/home/dingo/tb3_autonomy/src/install/turtlebot3_node:/home/dingo/tb3_autonomy/src/install/turtlebot3_description:/home/dingo/tb3_autonomy/src/install/turtlebot3:/home/dingo/tb3_autonomy/src/install/ld08_driver:/home/dingo/tb3_autonomy/src/install/turtlebot3_teleop:/home/dingo/tb3_autonomy/src/install/turtlebot3_example:/home/dingo/turtlebot3_ws/install/turtlebot3_description:/opt/ros/jazzy PYTHONPATH=/home/dingo/tb3_autonomy/src/build/turtlebot3_teleop:/home/dingo/tb3_autonomy/src/install/turtlebot3_teleop/lib/python3.12/site-packages:/home/dingo/tb3_autonomy/src/build/turtlebot3_example:/home/dingo/tb3_autonomy/src/install/turtlebot3_example/lib/python3.12/site-packages:/opt/ros/jazzy/lib/python3.12/site-packages /usr/bin/cmake --build /home/dingo/tb3_autonomy/src/build/turtlebot3 -- -j4 -l4
[190.619s] DEBUG:colcon.colcon_core.event_handler.log_command:Invoked command in '/home/dingo/tb3_autonomy/src/build/turtlebot3' returned '0': AMENT_PREFIX_PATH=/home/dingo/tb3_autonomy/src/install/turtlebot3_teleop:/home/dingo/tb3_autonomy/src/install/turtlebot3_example:/home/dingo/tb3_autonomy/src/install/turtlebot3:/home/dingo/tb3_autonomy/src/install/turtlebot3_bringup:/home/dingo/tb3_autonomy/src/install/turtlebot3_node:/home/dingo/tb3_autonomy/src/install/turtlebot3_description:/home/dingo/tb3_autonomy/src/install/ld08_driver:/home/dingo/turtlebot3_ws/install/turtlebot3_description:/opt/ros/jazzy CMAKE_PREFIX_PATH=/home/dingo/tb3_autonomy/src/install/turtlebot3_bringup:/home/dingo/tb3_autonomy/src/install/turtlebot3_node:/home/dingo/tb3_autonomy/src/install/turtlebot3_description:/home/dingo/tb3_autonomy/src/install/turtlebot3:/home/dingo/tb3_autonomy/src/install/ld08_driver:/home/dingo/tb3_autonomy/src/install/turtlebot3_teleop:/home/dingo/tb3_autonomy/src/install/turtlebot3_example:/home/dingo/turtlebot3_ws/install/turtlebot3_description:/opt/ros/jazzy PYTHONPATH=/home/dingo/tb3_autonomy/src/build/turtlebot3_teleop:/home/dingo/tb3_autonomy/src/install/turtlebot3_teleop/lib/python3.12/site-packages:/home/dingo/tb3_autonomy/src/build/turtlebot3_example:/home/dingo/tb3_autonomy/src/install/turtlebot3_example/lib/python3.12/site-packages:/opt/ros/jazzy/lib/python3.12/site-packages /usr/bin/cmake --build /home/dingo/tb3_autonomy/src/build/turtlebot3 -- -j4 -l4
[190.624s] DEBUG:colcon.colcon_core.event_handler.log_command:Invoking command in '/home/dingo/tb3_autonomy/src/build/turtlebot3': AMENT_PREFIX_PATH=/home/dingo/tb3_autonomy/src/install/turtlebot3_teleop:/home/dingo/tb3_autonomy/src/install/turtlebot3_example:/home/dingo/tb3_autonomy/src/install/turtlebot3:/home/dingo/tb3_autonomy/src/install/turtlebot3_bringup:/home/dingo/tb3_autonomy/src/install/turtlebot3_node:/home/dingo/tb3_autonomy/src/install/turtlebot3_description:/home/dingo/tb3_autonomy/src/install/ld08_driver:/home/dingo/turtlebot3_ws/install/turtlebot3_description:/opt/ros/jazzy CMAKE_PREFIX_PATH=/home/dingo/tb3_autonomy/src/install/turtlebot3_bringup:/home/dingo/tb3_autonomy/src/install/turtlebot3_node:/home/dingo/tb3_autonomy/src/install/turtlebot3_description:/home/dingo/tb3_autonomy/src/install/turtlebot3:/home/dingo/tb3_autonomy/src/install/ld08_driver:/home/dingo/tb3_autonomy/src/install/turtlebot3_teleop:/home/dingo/tb3_autonomy/src/install/turtlebot3_example:/home/dingo/turtlebot3_ws/install/turtlebot3_description:/opt/ros/jazzy PYTHONPATH=/home/dingo/tb3_autonomy/src/build/turtlebot3_teleop:/home/dingo/tb3_autonomy/src/install/turtlebot3_teleop/lib/python3.12/site-packages:/home/dingo/tb3_autonomy/src/build/turtlebot3_example:/home/dingo/tb3_autonomy/src/install/turtlebot3_example/lib/python3.12/site-packages:/opt/ros/jazzy/lib/python3.12/site-packages /usr/bin/cmake --install /home/dingo/tb3_autonomy/src/build/turtlebot3
[191.254s] Level 1:colcon.colcon_core.environment:create_environment_scripts_only(turtlebot3)
[191.255s] Level 1:colcon.colcon_core.environment:checking '/home/dingo/tb3_autonomy/src/install/turtlebot3' for CMake module files
[191.257s] DEBUG:colcon.colcon_core.event_handler.log_command:Invoked command in '/home/dingo/tb3_autonomy/src/build/turtlebot3' returned '0': AMENT_PREFIX_PATH=/home/dingo/tb3_autonomy/src/install/turtlebot3_teleop:/home/dingo/tb3_autonomy/src/install/turtlebot3_example:/home/dingo/tb3_autonomy/src/install/turtlebot3:/home/dingo/tb3_autonomy/src/install/turtlebot3_bringup:/home/dingo/tb3_autonomy/src/install/turtlebot3_node:/home/dingo/tb3_autonomy/src/install/turtlebot3_description:/home/dingo/tb3_autonomy/src/install/ld08_driver:/home/dingo/turtlebot3_ws/install/turtlebot3_description:/opt/ros/jazzy CMAKE_PREFIX_PATH=/home/dingo/tb3_autonomy/src/install/turtlebot3_bringup:/home/dingo/tb3_autonomy/src/install/turtlebot3_node:/home/dingo/tb3_autonomy/src/install/turtlebot3_description:/home/dingo/tb3_autonomy/src/install/turtlebot3:/home/dingo/tb3_autonomy/src/install/ld08_driver:/home/dingo/tb3_autonomy/src/install/turtlebot3_teleop:/home/dingo/tb3_autonomy/src/install/turtlebot3_example:/home/dingo/turtlebot3_ws/install/turtlebot3_description:/opt/ros/jazzy PYTHONPATH=/home/dingo/tb3_autonomy/src/build/turtlebot3_teleop:/home/dingo/tb3_autonomy/src/install/turtlebot3_teleop/lib/python3.12/site-packages:/home/dingo/tb3_autonomy/src/build/turtlebot3_example:/home/dingo/tb3_autonomy/src/install/turtlebot3_example/lib/python3.12/site-packages:/opt/ros/jazzy/lib/python3.12/site-packages /usr/bin/cmake --install /home/dingo/tb3_autonomy/src/build/turtlebot3
[191.260s] Level 1:colcon.colcon_core.environment:checking '/home/dingo/tb3_autonomy/src/install/turtlebot3' for CMake config files
[191.262s] Level 1:colcon.colcon_core.shell:create_environment_hook('turtlebot3', 'cmake_prefix_path')
[191.262s] INFO:colcon.colcon_core.shell:Creating environment hook '/home/dingo/tb3_autonomy/src/install/turtlebot3/share/turtlebot3/hook/cmake_prefix_path.ps1'
[191.264s] INFO:colcon.colcon_core.shell:Creating environment descriptor '/home/dingo/tb3_autonomy/src/install/turtlebot3/share/turtlebot3/hook/cmake_prefix_path.dsv'
[191.266s] INFO:colcon.colcon_core.shell:Creating environment hook '/home/dingo/tb3_autonomy/src/install/turtlebot3/share/turtlebot3/hook/cmake_prefix_path.sh'
[191.269s] Level 1:colcon.colcon_core.environment:checking '/home/dingo/tb3_autonomy/src/install/turtlebot3/bin'
[191.270s] Level 1:colcon.colcon_core.environment:checking '/home/dingo/tb3_autonomy/src/install/turtlebot3/lib/pkgconfig/turtlebot3.pc'
[191.270s] Level 1:colcon.colcon_core.environment:checking '/home/dingo/tb3_autonomy/src/install/turtlebot3/lib/python3.12/site-packages'
[191.271s] Level 1:colcon.colcon_core.environment:checking '/home/dingo/tb3_autonomy/src/install/turtlebot3/bin'
[191.272s] INFO:colcon.colcon_core.shell:Creating package script '/home/dingo/tb3_autonomy/src/install/turtlebot3/share/turtlebot3/package.ps1'
[191.274s] INFO:colcon.colcon_core.shell:Creating package descriptor '/home/dingo/tb3_autonomy/src/install/turtlebot3/share/turtlebot3/package.dsv'
[191.276s] INFO:colcon.colcon_core.shell:Creating package script '/home/dingo/tb3_autonomy/src/install/turtlebot3/share/turtlebot3/package.sh'
[191.278s] INFO:colcon.colcon_core.shell:Creating package script '/home/dingo/tb3_autonomy/src/install/turtlebot3/share/turtlebot3/package.bash'
[191.280s] INFO:colcon.colcon_core.shell:Creating package script '/home/dingo/tb3_autonomy/src/install/turtlebot3/share/turtlebot3/package.zsh'
[191.281s] Level 1:colcon.colcon_core.environment:create_file_with_runtime_dependencies(/home/dingo/tb3_autonomy/src/install/turtlebot3/share/colcon-core/packages/turtlebot3)
[191.284s] Level 1:colcon.colcon_core.environment:create_environment_scripts_only(turtlebot3)
[191.285s] Level 1:colcon.colcon_core.environment:checking '/home/dingo/tb3_autonomy/src/install/turtlebot3' for CMake module files
[191.288s] Level 1:colcon.colcon_core.environment:checking '/home/dingo/tb3_autonomy/src/install/turtlebot3' for CMake config files
[191.289s] Level 1:colcon.colcon_core.shell:create_environment_hook('turtlebot3', 'cmake_prefix_path')
[191.290s] INFO:colcon.colcon_core.shell:Creating environment hook '/home/dingo/tb3_autonomy/src/install/turtlebot3/share/turtlebot3/hook/cmake_prefix_path.ps1'
[191.292s] INFO:colcon.colcon_core.shell:Creating environment descriptor '/home/dingo/tb3_autonomy/src/install/turtlebot3/share/turtlebot3/hook/cmake_prefix_path.dsv'
[191.293s] INFO:colcon.colcon_core.shell:Creating environment hook '/home/dingo/tb3_autonomy/src/install/turtlebot3/share/turtlebot3/hook/cmake_prefix_path.sh'
[191.296s] Level 1:colcon.colcon_core.environment:checking '/home/dingo/tb3_autonomy/src/install/turtlebot3/bin'
[191.296s] Level 1:colcon.colcon_core.environment:checking '/home/dingo/tb3_autonomy/src/install/turtlebot3/lib/pkgconfig/turtlebot3.pc'
[191.297s] Level 1:colcon.colcon_core.environment:checking '/home/dingo/tb3_autonomy/src/install/turtlebot3/lib/python3.12/site-packages'
[191.298s] Level 1:colcon.colcon_core.environment:checking '/home/dingo/tb3_autonomy/src/install/turtlebot3/bin'
[191.299s] INFO:colcon.colcon_core.shell:Creating package script '/home/dingo/tb3_autonomy/src/install/turtlebot3/share/turtlebot3/package.ps1'
[191.301s] INFO:colcon.colcon_core.shell:Creating package descriptor '/home/dingo/tb3_autonomy/src/install/turtlebot3/share/turtlebot3/package.dsv'
[191.303s] INFO:colcon.colcon_core.shell:Creating package script '/home/dingo/tb3_autonomy/src/install/turtlebot3/share/turtlebot3/package.sh'
[191.305s] INFO:colcon.colcon_core.shell:Creating package script '/home/dingo/tb3_autonomy/src/install/turtlebot3/share/turtlebot3/package.bash'
[191.307s] INFO:colcon.colcon_core.shell:Creating package script '/home/dingo/tb3_autonomy/src/install/turtlebot3/share/turtlebot3/package.zsh'
[191.309s] Level 1:colcon.colcon_core.environment:create_file_with_runtime_dependencies(/home/dingo/tb3_autonomy/src/install/turtlebot3/share/colcon-core/packages/turtlebot3)
[191.310s] DEBUG:colcon.colcon_parallel_executor.executor.parallel:closing loop
[191.312s] DEBUG:colcon.colcon_parallel_executor.executor.parallel:loop closed
[191.312s] DEBUG:colcon.colcon_parallel_executor.executor.parallel:run_until_complete finished with '0'
[191.313s] DEBUG:colcon.colcon_core.event_reactor:joining thread
[191.334s] INFO:colcon.colcon_core.plugin_system:Skipping extension 'colcon_notification.desktop_notification.terminal_notifier': Not used on non-Darwin systems
[191.335s] INFO:colcon.colcon_core.plugin_system:Skipping extension 'colcon_notification.desktop_notification.win32': Not used on non-Windows systems
[191.335s] INFO:colcon.colcon_notification.desktop_notification:Sending desktop notification using 'notify2'
[191.338s] DEBUG:colcon.colcon_notification.desktop_notification.notify2:Failed to initialize notify2: org.freedesktop.DBus.Error.ServiceUnknown: The name org.freedesktop.Notifications was not provided by any .service files
[191.339s] DEBUG:colcon.colcon_core.event_reactor:joined thread
[191.339s] INFO:colcon.colcon_core.shell:Creating prefix script '/home/dingo/tb3_autonomy/src/install/local_setup.ps1'
[191.342s] INFO:colcon.colcon_core.shell:Creating prefix util module '/home/dingo/tb3_autonomy/src/install/_local_setup_util_ps1.py'
[191.347s] INFO:colcon.colcon_core.shell:Creating prefix chain script '/home/dingo/tb3_autonomy/src/install/setup.ps1'
[191.352s] INFO:colcon.colcon_core.shell:Creating prefix script '/home/dingo/tb3_autonomy/src/install/local_setup.sh'
[191.355s] INFO:colcon.colcon_core.shell:Creating prefix util module '/home/dingo/tb3_autonomy/src/install/_local_setup_util_sh.py'
[191.358s] INFO:colcon.colcon_core.shell:Creating prefix chain script '/home/dingo/tb3_autonomy/src/install/setup.sh'
[191.364s] INFO:colcon.colcon_core.shell:Creating prefix script '/home/dingo/tb3_autonomy/src/install/local_setup.bash'
[191.366s] INFO:colcon.colcon_core.shell:Creating prefix chain script '/home/dingo/tb3_autonomy/src/install/setup.bash'
[191.372s] INFO:colcon.colcon_core.shell:Creating prefix script '/home/dingo/tb3_autonomy/src/install/local_setup.zsh'
[191.374s] INFO:colcon.colcon_core.shell:Creating prefix chain script '/home/dingo/tb3_autonomy/src/install/setup.zsh'
