[3.811s] Invoking command in '/home/dingo/tb3_autonomy/src/turtlebot3/turtlebot3_teleop': PYTHONPATH=/home/dingo/tb3_autonomy/build/turtlebot3_teleop/prefix_override:/usr/lib/python3/dist-packages/colcon_core/task/python/colcon_distutils_commands:/home/dingo/tb3_autonomy/install/turtlebot3_teleop/lib/python3.12/site-packages:${PYTHONPATH} /usr/bin/python3 -W ignore:setup.py install is deprecated -W ignore:easy_install command is deprecated setup.py egg_info --egg-base ../../../build/turtlebot3_teleop build --build-base /home/dingo/tb3_autonomy/build/turtlebot3_teleop/build install --record /home/dingo/tb3_autonomy/build/turtlebot3_teleop/install.log --single-version-externally-managed install_data
[5.122s] running egg_info
[5.199s] writing ../../../build/turtlebot3_teleop/turtlebot3_teleop.egg-info/PKG-INFO
[5.202s] writing dependency_links to ../../../build/turtlebot3_teleop/turtlebot3_teleop.egg-info/dependency_links.txt
[5.203s] writing entry points to ../../../build/turtlebot3_teleop/turtlebot3_teleop.egg-info/entry_points.txt
[5.204s] writing requirements to ../../../build/turtlebot3_teleop/turtlebot3_teleop.egg-info/requires.txt
[5.206s] writing top-level names to ../../../build/turtlebot3_teleop/turtlebot3_teleop.egg-info/top_level.txt
[5.386s] reading manifest file '../../../build/turtlebot3_teleop/turtlebot3_teleop.egg-info/SOURCES.txt'
[5.389s] writing manifest file '../../../build/turtlebot3_teleop/turtlebot3_teleop.egg-info/SOURCES.txt'
[5.391s] running build
[5.391s] running build_py
[5.392s] copying turtlebot3_teleop/teleop_joy_stamped.py -> /home/dingo/tb3_autonomy/build/turtlebot3_teleop/build/lib/turtlebot3_teleop
[5.394s] running install
[5.419s] running install_lib
[5.518s] copying /home/dingo/tb3_autonomy/build/turtlebot3_teleop/build/lib/turtlebot3_teleop/teleop_joy_stamped.py -> /home/dingo/tb3_autonomy/install/turtlebot3_teleop/lib/python3.12/site-packages/turtlebot3_teleop
[5.522s] byte-compiling /home/dingo/tb3_autonomy/install/turtlebot3_teleop/lib/python3.12/site-packages/turtlebot3_teleop/teleop_joy_stamped.py to teleop_joy_stamped.cpython-312.pyc
[5.534s] running install_data
[5.535s] running install_egg_info
[5.639s] removing '/home/dingo/tb3_autonomy/install/turtlebot3_teleop/lib/python3.12/site-packages/turtlebot3_teleop-2.3.1-py3.12.egg-info' (and everything under it)
[5.640s] Copying ../../../build/turtlebot3_teleop/turtlebot3_teleop.egg-info to /home/dingo/tb3_autonomy/install/turtlebot3_teleop/lib/python3.12/site-packages/turtlebot3_teleop-2.3.1-py3.12.egg-info
[5.648s] running install_scripts
[6.309s] Installing teleop_joy_stamped script to /home/dingo/tb3_autonomy/install/turtlebot3_teleop/lib/turtlebot3_teleop
[6.314s] Installing teleop_keyboard script to /home/dingo/tb3_autonomy/install/turtlebot3_teleop/lib/turtlebot3_teleop
[6.320s] writing list of installed files to '/home/dingo/tb3_autonomy/build/turtlebot3_teleop/install.log'
[6.457s] Invoked command in '/home/dingo/tb3_autonomy/src/turtlebot3/turtlebot3_teleop' returned '0': PYTHONPATH=/home/dingo/tb3_autonomy/build/turtlebot3_teleop/prefix_override:/usr/lib/python3/dist-packages/colcon_core/task/python/colcon_distutils_commands:/home/dingo/tb3_autonomy/install/turtlebot3_teleop/lib/python3.12/site-packages:${PYTHONPATH} /usr/bin/python3 -W ignore:setup.py install is deprecated -W ignore:easy_install command is deprecated setup.py egg_info --egg-base ../../../build/turtlebot3_teleop build --build-base /home/dingo/tb3_autonomy/build/turtlebot3_teleop/build install --record /home/dingo/tb3_autonomy/build/turtlebot3_teleop/install.log --single-version-externally-managed install_data
