[5.845s] Invoking command in '/home/dingo/turtlebot3_ws/src/turtlebot3/turtlebot3_example': PYTHONPATH=/home/dingo/turtlebot3_ws/src/build/turtlebot3_example/prefix_override:/usr/lib/python3/dist-packages/colcon_core/task/python/colcon_distutils_commands:/home/dingo/turtlebot3_ws/src/install/turtlebot3_example/lib/python3.12/site-packages:${PYTHONPATH} /usr/bin/python3 -W ignore:setup.py install is deprecated -W ignore:easy_install command is deprecated setup.py egg_info --egg-base ../../build/turtlebot3_example build --build-base /home/dingo/turtlebot3_ws/src/build/turtlebot3_example/build install --record /home/dingo/turtlebot3_ws/src/build/turtlebot3_example/install.log --single-version-externally-managed install_data
[7.047s] running egg_info
[7.131s] writing ../../build/turtlebot3_example/turtlebot3_example.egg-info/PKG-INFO
[7.132s] writing dependency_links to ../../build/turtlebot3_example/turtlebot3_example.egg-info/dependency_links.txt
[7.134s] writing entry points to ../../build/turtlebot3_example/turtlebot3_example.egg-info/entry_points.txt
[7.136s] writing requirements to ../../build/turtlebot3_example/turtlebot3_example.egg-info/requires.txt
[7.138s] writing top-level names to ../../build/turtlebot3_example/turtlebot3_example.egg-info/top_level.txt
[7.329s] reading manifest file '../../build/turtlebot3_example/turtlebot3_example.egg-info/SOURCES.txt'
[7.335s] writing manifest file '../../build/turtlebot3_example/turtlebot3_example.egg-info/SOURCES.txt'
[7.337s] running build
[7.337s] running build_py
[7.344s] running install
[7.371s] running install_lib
[7.462s] running install_data
[7.463s] running install_egg_info
[7.557s] removing '/home/dingo/turtlebot3_ws/src/install/turtlebot3_example/lib/python3.12/site-packages/turtlebot3_example-2.3.1-py3.12.egg-info' (and everything under it)
[7.563s] Copying ../../build/turtlebot3_example/turtlebot3_example.egg-info to /home/dingo/turtlebot3_ws/src/install/turtlebot3_example/lib/python3.12/site-packages/turtlebot3_example-2.3.1-py3.12.egg-info
[7.568s] running install_scripts
[8.216s] Installing turtlebot3_absolute_move script to /home/dingo/turtlebot3_ws/src/install/turtlebot3_example/lib/turtlebot3_example
[8.218s] Installing turtlebot3_interactive_marker script to /home/dingo/turtlebot3_ws/src/install/turtlebot3_example/lib/turtlebot3_example
[8.219s] Installing turtlebot3_obstacle_detection script to /home/dingo/turtlebot3_ws/src/install/turtlebot3_example/lib/turtlebot3_example
[8.221s] Installing turtlebot3_patrol_client script to /home/dingo/turtlebot3_ws/src/install/turtlebot3_example/lib/turtlebot3_example
[8.224s] Installing turtlebot3_patrol_server script to /home/dingo/turtlebot3_ws/src/install/turtlebot3_example/lib/turtlebot3_example
[8.225s] Installing turtlebot3_relative_move script to /home/dingo/turtlebot3_ws/src/install/turtlebot3_example/lib/turtlebot3_example
[8.232s] writing list of installed files to '/home/dingo/turtlebot3_ws/src/build/turtlebot3_example/install.log'
[8.458s] Invoked command in '/home/dingo/turtlebot3_ws/src/turtlebot3/turtlebot3_example' returned '0': PYTHONPATH=/home/dingo/turtlebot3_ws/src/build/turtlebot3_example/prefix_override:/usr/lib/python3/dist-packages/colcon_core/task/python/colcon_distutils_commands:/home/dingo/turtlebot3_ws/src/install/turtlebot3_example/lib/python3.12/site-packages:${PYTHONPATH} /usr/bin/python3 -W ignore:setup.py install is deprecated -W ignore:easy_install command is deprecated setup.py egg_info --egg-base ../../build/turtlebot3_example build --build-base /home/dingo/turtlebot3_ws/src/build/turtlebot3_example/build install --record /home/dingo/turtlebot3_ws/src/build/turtlebot3_example/install.log --single-version-externally-managed install_data
