[0.108s] Invoking command in '/home/dingo/tb3_autonomy/build/turtlebot3_node': CMAKE_PREFIX_PATH=${CMAKE_PREFIX_PATH}:/home/dingo/turtlebot3_ws/src/install/turtlebot3_teleop:/home/dingo/turtlebot3_ws/src/install/turtlebot3_example:/opt/ros/jazzy /usr/bin/cmake /home/dingo/tb3_autonomy/src/turtlebot3/turtlebot3_node -DAMENT_CMAKE_SYMLINK_INSTALL=1 -DCMAKE_INSTALL_PREFIX=/home/dingo/tb3_autonomy/install/turtlebot3_node
[1.298s] -- The C compiler identification is GNU 13.3.0
[1.912s] -- The CXX compiler identification is GNU 13.3.0
[2.020s] -- Detecting C compiler ABI info
[2.630s] -- Detecting C compiler ABI info - done
[2.695s] -- Check for working C compiler: /usr/bin/cc - skipped
[2.698s] -- Detecting C compile features
[2.700s] -- Detecting C compile features - done
[2.775s] -- Detecting CXX compiler ABI info
[3.597s] -- Detecting CXX compiler ABI info - done
[3.681s] -- Check for working CXX compiler: /usr/bin/c++ - skipped
[3.683s] -- Detecting CXX compile features
[3.689s] -- Detecting CXX compile features - done
[3.727s] -- Found ament_cmake: 2.5.4 (/opt/ros/jazzy/share/ament_cmake/cmake)
[4.831s] -- Found Python3: /usr/bin/python3 (found version "3.12.3") found components: Interpreter 
[5.393s] -- Override CMake install command with custom implementation using symlinks instead of copying resources
[5.804s] -- Found dynamixel_sdk: 3.8.3 (/opt/ros/jazzy/share/dynamixel_sdk/cmake)
[5.842s] -- Found geometry_msgs: 5.3.6 (/opt/ros/jazzy/share/geometry_msgs/cmake)
[6.353s] -- Found rosidl_generator_c: 4.6.5 (/opt/ros/jazzy/share/rosidl_generator_c/cmake)
[6.574s] -- Found rosidl_generator_cpp: 4.6.5 (/opt/ros/jazzy/share/rosidl_generator_cpp/cmake)
[6.766s] -- Using all available rosidl_typesupport_c: rosidl_typesupport_fastrtps_c;rosidl_typesupport_introspection_c
[7.023s] -- Using all available rosidl_typesupport_cpp: rosidl_typesupport_fastrtps_cpp;rosidl_typesupport_introspection_cpp
[7.502s] -- Found message_filters: 4.11.6 (/opt/ros/jazzy/share/message_filters/cmake)
[8.184s] -- Found rmw_implementation_cmake: 7.3.2 (/opt/ros/jazzy/share/rmw_implementation_cmake/cmake)
[8.222s] -- Found rmw_fastrtps_cpp: 8.4.2 (/opt/ros/jazzy/share/rmw_fastrtps_cpp/cmake)
[8.973s] -- Found OpenSSL: /usr/lib/aarch64-linux-gnu/libcrypto.so (found version "3.0.13")  
[9.141s] -- Found FastRTPS: /opt/ros/jazzy/include (Required is at least version "2.13") 
[9.263s] -- Using RMW implementation 'rmw_fastrtps_cpp' as default
[9.809s] -- Found nav_msgs: 5.3.6 (/opt/ros/jazzy/share/nav_msgs/cmake)
[9.968s] -- Found sensor_msgs: 5.3.6 (/opt/ros/jazzy/share/sensor_msgs/cmake)
[10.132s] -- Found std_srvs: 5.3.6 (/opt/ros/jazzy/share/std_srvs/cmake)
[10.257s] -- Found tf2: 0.36.11 (/opt/ros/jazzy/share/tf2/cmake)
[10.308s] -- Found tf2_ros: 0.36.11 (/opt/ros/jazzy/share/tf2_ros/cmake)
[11.158s] -- Found turtlebot3_msgs: 2.4.0 (/opt/ros/jazzy/share/turtlebot3_msgs/cmake)
[11.724s] -- Configuring done (11.6s)
[11.850s] -- Generating done (0.1s)
[11.873s] -- Build files have been written to: /home/dingo/tb3_autonomy/build/turtlebot3_node
[11.918s] Invoked command in '/home/dingo/tb3_autonomy/build/turtlebot3_node' returned '0': CMAKE_PREFIX_PATH=${CMAKE_PREFIX_PATH}:/home/dingo/turtlebot3_ws/src/install/turtlebot3_teleop:/home/dingo/turtlebot3_ws/src/install/turtlebot3_example:/opt/ros/jazzy /usr/bin/cmake /home/dingo/tb3_autonomy/src/turtlebot3/turtlebot3_node -DAMENT_CMAKE_SYMLINK_INSTALL=1 -DCMAKE_INSTALL_PREFIX=/home/dingo/tb3_autonomy/install/turtlebot3_node
[11.923s] Invoking command in '/home/dingo/tb3_autonomy/build/turtlebot3_node': CMAKE_PREFIX_PATH=${CMAKE_PREFIX_PATH}:/home/dingo/turtlebot3_ws/src/install/turtlebot3_teleop:/home/dingo/turtlebot3_ws/src/install/turtlebot3_example:/opt/ros/jazzy /usr/bin/cmake --build /home/dingo/tb3_autonomy/build/turtlebot3_node -- -j4 -l4
[12.204s] [  7%] [32mBuilding CXX object CMakeFiles/turtlebot3_node_lib.dir/src/devices/motor_power.cpp.o[0m
[12.207s] [ 14%] [32mBuilding CXX object CMakeFiles/turtlebot3_node_lib.dir/src/devices/sound.cpp.o[0m
[12.222s] [ 21%] [32mBuilding CXX object CMakeFiles/turtlebot3_node_lib.dir/src/devices/reset.cpp.o[0m
[12.244s] [ 28%] [32mBuilding CXX object CMakeFiles/turtlebot3_node_lib.dir/src/diff_drive_controller.cpp.o[0m
[34.909s] [ 35%] [32mBuilding CXX object CMakeFiles/turtlebot3_node_lib.dir/src/dynamixel_sdk_wrapper.cpp.o[0m
[37.954s] [ 42%] [32mBuilding CXX object CMakeFiles/turtlebot3_node_lib.dir/src/odometry.cpp.o[0m
[38.117s] [ 50%] [32mBuilding CXX object CMakeFiles/turtlebot3_node_lib.dir/src/turtlebot3.cpp.o[0m
[38.300s] [ 57%] [32mBuilding CXX object CMakeFiles/turtlebot3_node_lib.dir/src/sensors/battery_state.cpp.o[0m
[38.763s] [ 64%] [32mBuilding CXX object CMakeFiles/turtlebot3_node_lib.dir/src/sensors/imu.cpp.o[0m
[67.846s] [ 71%] [32mBuilding CXX object CMakeFiles/turtlebot3_node_lib.dir/src/sensors/joint_state.cpp.o[0m
[72.693s] [ 78%] [32mBuilding CXX object CMakeFiles/turtlebot3_node_lib.dir/src/sensors/sensor_state.cpp.o[0m
[122.550s] [ 85%] [32m[1mLinking CXX static library libturtlebot3_node_lib.a[0m
[128.764s] [ 85%] Built target turtlebot3_node_lib
[128.880s] [ 92%] [32mBuilding CXX object CMakeFiles/turtlebot3_ros.dir/src/node_main.cpp.o[0m
[146.684s] [100%] [32m[1mLinking CXX executable turtlebot3_ros[0m
[153.754s] [100%] Built target turtlebot3_ros
[153.812s] Invoked command in '/home/dingo/tb3_autonomy/build/turtlebot3_node' returned '0': CMAKE_PREFIX_PATH=${CMAKE_PREFIX_PATH}:/home/dingo/turtlebot3_ws/src/install/turtlebot3_teleop:/home/dingo/turtlebot3_ws/src/install/turtlebot3_example:/opt/ros/jazzy /usr/bin/cmake --build /home/dingo/tb3_autonomy/build/turtlebot3_node -- -j4 -l4
[153.823s] Invoking command in '/home/dingo/tb3_autonomy/build/turtlebot3_node': CMAKE_PREFIX_PATH=${CMAKE_PREFIX_PATH}:/home/dingo/turtlebot3_ws/src/install/turtlebot3_teleop:/home/dingo/turtlebot3_ws/src/install/turtlebot3_example:/opt/ros/jazzy /usr/bin/cmake --install /home/dingo/tb3_autonomy/build/turtlebot3_node
[153.860s] -- Install configuration: ""
[153.864s] -- Execute custom install script
[153.873s] -- Symlinking: /home/dingo/tb3_autonomy/install/turtlebot3_node/share/turtlebot3_node/param/burger.yaml
[153.916s] -- Symlinking: /home/dingo/tb3_autonomy/install/turtlebot3_node/share/turtlebot3_node/param/waffle.yaml
[153.959s] -- Symlinking: /home/dingo/tb3_autonomy/install/turtlebot3_node/share/turtlebot3_node/param/waffle_pi.yaml
[154.005s] -- Symlinking: /home/dingo/tb3_autonomy/install/turtlebot3_node/lib/turtlebot3_node/turtlebot3_ros
[154.051s] -- Symlinking: /home/dingo/tb3_autonomy/install/turtlebot3_node/share/ament_index/resource_index/package_run_dependencies/turtlebot3_node
[154.096s] -- Symlinking: /home/dingo/tb3_autonomy/install/turtlebot3_node/share/ament_index/resource_index/parent_prefix_path/turtlebot3_node
[154.141s] -- Symlinking: /home/dingo/tb3_autonomy/install/turtlebot3_node/share/turtlebot3_node/environment/ament_prefix_path.sh
[154.185s] -- Symlinking: /home/dingo/tb3_autonomy/install/turtlebot3_node/share/turtlebot3_node/environment/ament_prefix_path.dsv
[154.229s] -- Symlinking: /home/dingo/tb3_autonomy/install/turtlebot3_node/share/turtlebot3_node/environment/path.sh
[154.273s] -- Symlinking: /home/dingo/tb3_autonomy/install/turtlebot3_node/share/turtlebot3_node/environment/path.dsv
[154.318s] -- Symlinking: /home/dingo/tb3_autonomy/install/turtlebot3_node/share/turtlebot3_node/local_setup.bash
[154.364s] -- Symlinking: /home/dingo/tb3_autonomy/install/turtlebot3_node/share/turtlebot3_node/local_setup.sh
[154.408s] -- Symlinking: /home/dingo/tb3_autonomy/install/turtlebot3_node/share/turtlebot3_node/local_setup.zsh
[154.452s] -- Symlinking: /home/dingo/tb3_autonomy/install/turtlebot3_node/share/turtlebot3_node/local_setup.dsv
[154.498s] -- Symlinking: /home/dingo/tb3_autonomy/install/turtlebot3_node/share/turtlebot3_node/package.dsv
[154.566s] -- Symlinking: /home/dingo/tb3_autonomy/install/turtlebot3_node/share/ament_index/resource_index/packages/turtlebot3_node
[154.628s] -- Symlinking: /home/dingo/tb3_autonomy/install/turtlebot3_node/share/turtlebot3_node/cmake/ament_cmake_export_dependencies-extras.cmake
[154.681s] -- Symlinking: /home/dingo/tb3_autonomy/install/turtlebot3_node/share/turtlebot3_node/cmake/ament_cmake_export_include_directories-extras.cmake
[154.727s] -- Symlinking: /home/dingo/tb3_autonomy/install/turtlebot3_node/share/turtlebot3_node/cmake/turtlebot3_nodeConfig.cmake
[154.771s] -- Symlinking: /home/dingo/tb3_autonomy/install/turtlebot3_node/share/turtlebot3_node/cmake/turtlebot3_nodeConfig-version.cmake
[154.818s] -- Symlinking: /home/dingo/tb3_autonomy/install/turtlebot3_node/share/turtlebot3_node/package.xml
[154.870s] Invoked command in '/home/dingo/tb3_autonomy/build/turtlebot3_node' returned '0': CMAKE_PREFIX_PATH=${CMAKE_PREFIX_PATH}:/home/dingo/turtlebot3_ws/src/install/turtlebot3_teleop:/home/dingo/turtlebot3_ws/src/install/turtlebot3_example:/opt/ros/jazzy /usr/bin/cmake --install /home/dingo/tb3_autonomy/build/turtlebot3_node
