[0.130s] Invoking command in '/home/dingo/tb3_autonomy/src/build/turtlebot3_node': CMAKE_PREFIX_PATH=${CMAKE_PREFIX_PATH}:/home/dingo/tb3_autonomy/src/install/turtlebot3_teleop:/home/dingo/tb3_autonomy/src/install/turtlebot3_example:/home/dingo/turtlebot3_ws/install/turtlebot3_description:/opt/ros/jazzy /usr/bin/cmake --build /home/dingo/tb3_autonomy/src/build/turtlebot3_node -- -j4 -l4
[1.241s] [ 85%] Built target turtlebot3_node_lib
[1.243s] [100%] Built target turtlebot3_ros
[1.311s] Invoked command in '/home/dingo/tb3_autonomy/src/build/turtlebot3_node' returned '0': CMAKE_PREFIX_PATH=${CMAKE_PREFIX_PATH}:/home/dingo/tb3_autonomy/src/install/turtlebot3_teleop:/home/dingo/tb3_autonomy/src/install/turtlebot3_example:/home/dingo/turtlebot3_ws/install/turtlebot3_description:/opt/ros/jazzy /usr/bin/cmake --build /home/dingo/tb3_autonomy/src/build/turtlebot3_node -- -j4 -l4
[1.317s] Invoking command in '/home/dingo/tb3_autonomy/src/build/turtlebot3_node': CMAKE_PREFIX_PATH=${CMAKE_PREFIX_PATH}:/home/dingo/tb3_autonomy/src/install/turtlebot3_teleop:/home/dingo/tb3_autonomy/src/install/turtlebot3_example:/home/dingo/turtlebot3_ws/install/turtlebot3_description:/opt/ros/jazzy /usr/bin/cmake --install /home/dingo/tb3_autonomy/src/build/turtlebot3_node
[2.330s] -- Install configuration: ""
[2.331s] -- Execute custom install script
[2.331s] -- Up-to-date symlink: /home/dingo/tb3_autonomy/src/install/turtlebot3_node/share/turtlebot3_node/param/burger.yaml
[2.333s] -- Up-to-date symlink: /home/dingo/tb3_autonomy/src/install/turtlebot3_node/share/turtlebot3_node/param/waffle.yaml
[2.334s] -- Up-to-date symlink: /home/dingo/tb3_autonomy/src/install/turtlebot3_node/share/turtlebot3_node/param/waffle_pi.yaml
[2.335s] -- Up-to-date symlink: /home/dingo/tb3_autonomy/src/install/turtlebot3_node/lib/turtlebot3_node/turtlebot3_ros
[2.336s] -- Up-to-date symlink: /home/dingo/tb3_autonomy/src/install/turtlebot3_node/share/ament_index/resource_index/package_run_dependencies/turtlebot3_node
[2.337s] -- Up-to-date symlink: /home/dingo/tb3_autonomy/src/install/turtlebot3_node/share/ament_index/resource_index/parent_prefix_path/turtlebot3_node
[2.339s] -- Up-to-date symlink: /home/dingo/tb3_autonomy/src/install/turtlebot3_node/share/turtlebot3_node/environment/ament_prefix_path.sh
[2.340s] -- Up-to-date symlink: /home/dingo/tb3_autonomy/src/install/turtlebot3_node/share/turtlebot3_node/environment/ament_prefix_path.dsv
[2.340s] -- Up-to-date symlink: /home/dingo/tb3_autonomy/src/install/turtlebot3_node/share/turtlebot3_node/environment/path.sh
[2.341s] -- Up-to-date symlink: /home/dingo/tb3_autonomy/src/install/turtlebot3_node/share/turtlebot3_node/environment/path.dsv
[2.342s] -- Up-to-date symlink: /home/dingo/tb3_autonomy/src/install/turtlebot3_node/share/turtlebot3_node/local_setup.bash
[2.343s] -- Up-to-date symlink: /home/dingo/tb3_autonomy/src/install/turtlebot3_node/share/turtlebot3_node/local_setup.sh
[2.343s] -- Up-to-date symlink: /home/dingo/tb3_autonomy/src/install/turtlebot3_node/share/turtlebot3_node/local_setup.zsh
[2.344s] -- Up-to-date symlink: /home/dingo/tb3_autonomy/src/install/turtlebot3_node/share/turtlebot3_node/local_setup.dsv
[2.346s] -- Symlinking: /home/dingo/tb3_autonomy/src/install/turtlebot3_node/share/turtlebot3_node/package.dsv
[2.347s] -- Up-to-date symlink: /home/dingo/tb3_autonomy/src/install/turtlebot3_node/share/ament_index/resource_index/packages/turtlebot3_node
[2.347s] -- Up-to-date symlink: /home/dingo/tb3_autonomy/src/install/turtlebot3_node/share/turtlebot3_node/cmake/ament_cmake_export_dependencies-extras.cmake
[2.348s] -- Up-to-date symlink: /home/dingo/tb3_autonomy/src/install/turtlebot3_node/share/turtlebot3_node/cmake/ament_cmake_export_include_directories-extras.cmake
[2.349s] -- Up-to-date symlink: /home/dingo/tb3_autonomy/src/install/turtlebot3_node/share/turtlebot3_node/cmake/turtlebot3_nodeConfig.cmake
[2.350s] -- Up-to-date symlink: /home/dingo/tb3_autonomy/src/install/turtlebot3_node/share/turtlebot3_node/cmake/turtlebot3_nodeConfig-version.cmake
[2.351s] -- Up-to-date symlink: /home/dingo/tb3_autonomy/src/install/turtlebot3_node/share/turtlebot3_node/package.xml
[2.352s] Invoked command in '/home/dingo/tb3_autonomy/src/build/turtlebot3_node' returned '0': CMAKE_PREFIX_PATH=${CMAKE_PREFIX_PATH}:/home/dingo/tb3_autonomy/src/install/turtlebot3_teleop:/home/dingo/tb3_autonomy/src/install/turtlebot3_example:/home/dingo/turtlebot3_ws/install/turtlebot3_description:/opt/ros/jazzy /usr/bin/cmake --install /home/dingo/tb3_autonomy/src/build/turtlebot3_node
