[0.443s] DEBUG:colcon:Command line arguments: ['/usr/bin/colcon', 'build']
[0.444s] DEBUG:colcon:Parsed command line arguments: Namespace(log_base=None, log_level=None, verb_name='build', build_base='build', install_base='install', merge_install=False, symlink_install=False, test_result_base=None, continue_on_error=False, executor='parallel', parallel_workers=4, event_handlers=None, ignore_user_meta=False, metas=['./colcon.meta'], base_paths=['.'], packages_ignore=None, packages_ignore_regex=None, paths=None, packages_up_to=None, packages_up_to_regex=None, packages_above=None, packages_above_and_dependencies=None, packages_above_depth=None, packages_select_by_dep=None, packages_skip_by_dep=None, packages_skip_up_to=None, packages_select_build_failed=False, packages_skip_build_finished=False, packages_select_test_failures=False, packages_skip_test_passed=False, packages_select=None, packages_skip=None, packages_select_regex=None, packages_skip_regex=None, packages_start=None, packages_end=None, allow_overriding=[], cmake_args=None, cmake_target=None, cmake_target_skip_unavailable=False, cmake_clean_cache=False, cmake_clean_first=False, cmake_force_configure=False, ament_cmake_args=None, catkin_cmake_args=None, catkin_skip_building_tests=False, mixin_files=None, mixin=None, verb_parser=<colcon_mixin.mixin.mixin_argument.MixinArgumentDecorator object at 0xffff8e997bc0>, verb_extension=<colcon_core.verb.build.BuildVerb object at 0xffff8eb7c050>, main=<bound method BuildVerb.main of <colcon_core.verb.build.BuildVerb object at 0xffff8eb7c050>>, mixin_verb=('build',))
[0.618s] Level 1:colcon.colcon_core.package_discovery:discover_packages(colcon_meta) check parameters
[0.618s] Level 1:colcon.colcon_core.package_discovery:discover_packages(recursive) check parameters
[0.619s] Level 1:colcon.colcon_core.package_discovery:discover_packages(ignore) check parameters
[0.619s] Level 1:colcon.colcon_core.package_discovery:discover_packages(path) check parameters
[0.619s] Level 1:colcon.colcon_core.package_discovery:discover_packages(colcon_meta) discover
[0.619s] Level 1:colcon.colcon_core.package_discovery:discover_packages(recursive) discover
[0.619s] INFO:colcon.colcon_core.package_discovery:Crawling recursively for packages in '/home/dingo/turtlebot3_ws/src'
[0.620s] Level 1:colcon.colcon_core.package_identification:_identify(.) by extensions ['ignore', 'ignore_ament_install']
[0.620s] Level 1:colcon.colcon_core.package_identification:_identify(.) by extension 'ignore'
[0.620s] Level 1:colcon.colcon_core.package_identification:_identify(.) by extension 'ignore_ament_install'
[0.621s] Level 1:colcon.colcon_core.package_identification:_identify(.) by extensions ['colcon_pkg']
[0.621s] Level 1:colcon.colcon_core.package_identification:_identify(.) by extension 'colcon_pkg'
[0.621s] Level 1:colcon.colcon_core.package_identification:_identify(.) by extensions ['colcon_meta']
[0.621s] Level 1:colcon.colcon_core.package_identification:_identify(.) by extension 'colcon_meta'
[0.621s] Level 1:colcon.colcon_core.package_identification:_identify(.) by extensions ['ros']
[0.621s] Level 1:colcon.colcon_core.package_identification:_identify(.) by extension 'ros'
[0.726s] Level 1:colcon.colcon_core.package_identification:_identify(.) by extensions ['cmake', 'python']
[0.727s] Level 1:colcon.colcon_core.package_identification:_identify(.) by extension 'cmake'
[0.727s] Level 1:colcon.colcon_core.package_identification:_identify(.) by extension 'python'
[0.727s] Level 1:colcon.colcon_core.package_identification:_identify(.) by extensions ['python_setup_py']
[0.727s] Level 1:colcon.colcon_core.package_identification:_identify(.) by extension 'python_setup_py'
[0.728s] Level 1:colcon.colcon_core.package_identification:_identify(build) by extensions ['ignore', 'ignore_ament_install']
[0.728s] Level 1:colcon.colcon_core.package_identification:_identify(build) by extension 'ignore'
[0.728s] Level 1:colcon.colcon_core.package_identification:_identify(build) ignored
[0.729s] Level 1:colcon.colcon_core.package_identification:_identify(install) by extensions ['ignore', 'ignore_ament_install']
[0.730s] Level 1:colcon.colcon_core.package_identification:_identify(install) by extension 'ignore'
[0.730s] Level 1:colcon.colcon_core.package_identification:_identify(install) ignored
[0.730s] Level 1:colcon.colcon_core.package_identification:_identify(ld08_driver) by extensions ['ignore', 'ignore_ament_install']
[0.731s] Level 1:colcon.colcon_core.package_identification:_identify(ld08_driver) by extension 'ignore'
[0.731s] Level 1:colcon.colcon_core.package_identification:_identify(ld08_driver) by extension 'ignore_ament_install'
[0.731s] Level 1:colcon.colcon_core.package_identification:_identify(ld08_driver) by extensions ['colcon_pkg']
[0.731s] Level 1:colcon.colcon_core.package_identification:_identify(ld08_driver) by extension 'colcon_pkg'
[0.731s] Level 1:colcon.colcon_core.package_identification:_identify(ld08_driver) by extensions ['colcon_meta']
[0.732s] Level 1:colcon.colcon_core.package_identification:_identify(ld08_driver) by extension 'colcon_meta'
[0.732s] Level 1:colcon.colcon_core.package_identification:_identify(ld08_driver) by extensions ['ros']
[0.732s] Level 1:colcon.colcon_core.package_identification:_identify(ld08_driver) by extension 'ros'
[0.741s] DEBUG:colcon.colcon_core.package_identification:Package 'ld08_driver' with type 'ros.ament_cmake' and name 'ld08_driver'
[0.742s] Level 1:colcon.colcon_core.package_identification:_identify(log) by extensions ['ignore', 'ignore_ament_install']
[0.742s] Level 1:colcon.colcon_core.package_identification:_identify(log) by extension 'ignore'
[0.742s] Level 1:colcon.colcon_core.package_identification:_identify(log) ignored
[0.743s] Level 1:colcon.colcon_core.package_identification:_identify(rosbag2_2025_06_24-15_07_24) by extensions ['ignore', 'ignore_ament_install']
[0.743s] Level 1:colcon.colcon_core.package_identification:_identify(rosbag2_2025_06_24-15_07_24) by extension 'ignore'
[0.743s] Level 1:colcon.colcon_core.package_identification:_identify(rosbag2_2025_06_24-15_07_24) by extension 'ignore_ament_install'
[0.744s] Level 1:colcon.colcon_core.package_identification:_identify(rosbag2_2025_06_24-15_07_24) by extensions ['colcon_pkg']
[0.744s] Level 1:colcon.colcon_core.package_identification:_identify(rosbag2_2025_06_24-15_07_24) by extension 'colcon_pkg'
[0.744s] Level 1:colcon.colcon_core.package_identification:_identify(rosbag2_2025_06_24-15_07_24) by extensions ['colcon_meta']
[0.744s] Level 1:colcon.colcon_core.package_identification:_identify(rosbag2_2025_06_24-15_07_24) by extension 'colcon_meta'
[0.744s] Level 1:colcon.colcon_core.package_identification:_identify(rosbag2_2025_06_24-15_07_24) by extensions ['ros']
[0.744s] Level 1:colcon.colcon_core.package_identification:_identify(rosbag2_2025_06_24-15_07_24) by extension 'ros'
[0.745s] Level 1:colcon.colcon_core.package_identification:_identify(rosbag2_2025_06_24-15_07_24) by extensions ['cmake', 'python']
[0.745s] Level 1:colcon.colcon_core.package_identification:_identify(rosbag2_2025_06_24-15_07_24) by extension 'cmake'
[0.745s] Level 1:colcon.colcon_core.package_identification:_identify(rosbag2_2025_06_24-15_07_24) by extension 'python'
[0.745s] Level 1:colcon.colcon_core.package_identification:_identify(rosbag2_2025_06_24-15_07_24) by extensions ['python_setup_py']
[0.745s] Level 1:colcon.colcon_core.package_identification:_identify(rosbag2_2025_06_24-15_07_24) by extension 'python_setup_py'
[0.746s] Level 1:colcon.colcon_core.package_identification:_identify(turtlebot3) by extensions ['ignore', 'ignore_ament_install']
[0.746s] Level 1:colcon.colcon_core.package_identification:_identify(turtlebot3) by extension 'ignore'
[0.747s] Level 1:colcon.colcon_core.package_identification:_identify(turtlebot3) by extension 'ignore_ament_install'
[0.747s] Level 1:colcon.colcon_core.package_identification:_identify(turtlebot3) by extensions ['colcon_pkg']
[0.747s] Level 1:colcon.colcon_core.package_identification:_identify(turtlebot3) by extension 'colcon_pkg'
[0.747s] Level 1:colcon.colcon_core.package_identification:_identify(turtlebot3) by extensions ['colcon_meta']
[0.747s] Level 1:colcon.colcon_core.package_identification:_identify(turtlebot3) by extension 'colcon_meta'
[0.748s] Level 1:colcon.colcon_core.package_identification:_identify(turtlebot3) by extensions ['ros']
[0.748s] Level 1:colcon.colcon_core.package_identification:_identify(turtlebot3) by extension 'ros'
[0.748s] Level 1:colcon.colcon_core.package_identification:_identify(turtlebot3) by extensions ['cmake', 'python']
[0.749s] Level 1:colcon.colcon_core.package_identification:_identify(turtlebot3) by extension 'cmake'
[0.749s] Level 1:colcon.colcon_core.package_identification:_identify(turtlebot3) by extension 'python'
[0.749s] Level 1:colcon.colcon_core.package_identification:_identify(turtlebot3) by extensions ['python_setup_py']
[0.749s] Level 1:colcon.colcon_core.package_identification:_identify(turtlebot3) by extension 'python_setup_py'
[0.750s] Level 1:colcon.colcon_core.package_identification:_identify(turtlebot3/turtlebot3) by extensions ['ignore', 'ignore_ament_install']
[0.750s] Level 1:colcon.colcon_core.package_identification:_identify(turtlebot3/turtlebot3) by extension 'ignore'
[0.751s] Level 1:colcon.colcon_core.package_identification:_identify(turtlebot3/turtlebot3) by extension 'ignore_ament_install'
[0.751s] Level 1:colcon.colcon_core.package_identification:_identify(turtlebot3/turtlebot3) by extensions ['colcon_pkg']
[0.751s] Level 1:colcon.colcon_core.package_identification:_identify(turtlebot3/turtlebot3) by extension 'colcon_pkg'
[0.751s] Level 1:colcon.colcon_core.package_identification:_identify(turtlebot3/turtlebot3) by extensions ['colcon_meta']
[0.751s] Level 1:colcon.colcon_core.package_identification:_identify(turtlebot3/turtlebot3) by extension 'colcon_meta'
[0.752s] Level 1:colcon.colcon_core.package_identification:_identify(turtlebot3/turtlebot3) by extensions ['ros']
[0.752s] Level 1:colcon.colcon_core.package_identification:_identify(turtlebot3/turtlebot3) by extension 'ros'
[0.754s] DEBUG:colcon.colcon_core.package_identification:Package 'turtlebot3/turtlebot3' with type 'ros.ament_cmake' and name 'turtlebot3'
[0.755s] Level 1:colcon.colcon_core.package_identification:_identify(turtlebot3/turtlebot3_bringup) by extensions ['ignore', 'ignore_ament_install']
[0.755s] Level 1:colcon.colcon_core.package_identification:_identify(turtlebot3/turtlebot3_bringup) by extension 'ignore'
[0.755s] Level 1:colcon.colcon_core.package_identification:_identify(turtlebot3/turtlebot3_bringup) by extension 'ignore_ament_install'
[0.756s] Level 1:colcon.colcon_core.package_identification:_identify(turtlebot3/turtlebot3_bringup) by extensions ['colcon_pkg']
[0.756s] Level 1:colcon.colcon_core.package_identification:_identify(turtlebot3/turtlebot3_bringup) by extension 'colcon_pkg'
[0.756s] Level 1:colcon.colcon_core.package_identification:_identify(turtlebot3/turtlebot3_bringup) by extensions ['colcon_meta']
[0.756s] Level 1:colcon.colcon_core.package_identification:_identify(turtlebot3/turtlebot3_bringup) by extension 'colcon_meta'
[0.756s] Level 1:colcon.colcon_core.package_identification:_identify(turtlebot3/turtlebot3_bringup) by extensions ['ros']
[0.756s] Level 1:colcon.colcon_core.package_identification:_identify(turtlebot3/turtlebot3_bringup) by extension 'ros'
[0.759s] DEBUG:colcon.colcon_core.package_identification:Package 'turtlebot3/turtlebot3_bringup' with type 'ros.ament_cmake' and name 'turtlebot3_bringup'
[0.759s] Level 1:colcon.colcon_core.package_identification:_identify(turtlebot3/turtlebot3_description) by extensions ['ignore', 'ignore_ament_install']
[0.760s] Level 1:colcon.colcon_core.package_identification:_identify(turtlebot3/turtlebot3_description) by extension 'ignore'
[0.760s] Level 1:colcon.colcon_core.package_identification:_identify(turtlebot3/turtlebot3_description) by extension 'ignore_ament_install'
[0.760s] Level 1:colcon.colcon_core.package_identification:_identify(turtlebot3/turtlebot3_description) by extensions ['colcon_pkg']
[0.761s] Level 1:colcon.colcon_core.package_identification:_identify(turtlebot3/turtlebot3_description) by extension 'colcon_pkg'
[0.761s] Level 1:colcon.colcon_core.package_identification:_identify(turtlebot3/turtlebot3_description) by extensions ['colcon_meta']
[0.761s] Level 1:colcon.colcon_core.package_identification:_identify(turtlebot3/turtlebot3_description) by extension 'colcon_meta'
[0.762s] Level 1:colcon.colcon_core.package_identification:_identify(turtlebot3/turtlebot3_description) by extensions ['ros']
[0.762s] Level 1:colcon.colcon_core.package_identification:_identify(turtlebot3/turtlebot3_description) by extension 'ros'
[0.764s] DEBUG:colcon.colcon_core.package_identification:Package 'turtlebot3/turtlebot3_description' with type 'ros.ament_cmake' and name 'turtlebot3_description'
[0.765s] Level 1:colcon.colcon_core.package_identification:_identify(turtlebot3/turtlebot3_example) by extensions ['ignore', 'ignore_ament_install']
[0.765s] Level 1:colcon.colcon_core.package_identification:_identify(turtlebot3/turtlebot3_example) by extension 'ignore'
[0.766s] Level 1:colcon.colcon_core.package_identification:_identify(turtlebot3/turtlebot3_example) by extension 'ignore_ament_install'
[0.766s] Level 1:colcon.colcon_core.package_identification:_identify(turtlebot3/turtlebot3_example) by extensions ['colcon_pkg']
[0.766s] Level 1:colcon.colcon_core.package_identification:_identify(turtlebot3/turtlebot3_example) by extension 'colcon_pkg'
[0.766s] Level 1:colcon.colcon_core.package_identification:_identify(turtlebot3/turtlebot3_example) by extensions ['colcon_meta']
[0.767s] Level 1:colcon.colcon_core.package_identification:_identify(turtlebot3/turtlebot3_example) by extension 'colcon_meta'
[0.767s] Level 1:colcon.colcon_core.package_identification:_identify(turtlebot3/turtlebot3_example) by extensions ['ros']
[0.767s] Level 1:colcon.colcon_core.package_identification:_identify(turtlebot3/turtlebot3_example) by extension 'ros'
[0.770s] DEBUG:colcon.colcon_core.package_identification:Package 'turtlebot3/turtlebot3_example' with type 'ros.ament_python' and name 'turtlebot3_example'
[0.771s] Level 1:colcon.colcon_core.package_identification:_identify(turtlebot3/turtlebot3_node) by extensions ['ignore', 'ignore_ament_install']
[0.771s] Level 1:colcon.colcon_core.package_identification:_identify(turtlebot3/turtlebot3_node) by extension 'ignore'
[0.772s] Level 1:colcon.colcon_core.package_identification:_identify(turtlebot3/turtlebot3_node) by extension 'ignore_ament_install'
[0.772s] Level 1:colcon.colcon_core.package_identification:_identify(turtlebot3/turtlebot3_node) by extensions ['colcon_pkg']
[0.772s] Level 1:colcon.colcon_core.package_identification:_identify(turtlebot3/turtlebot3_node) by extension 'colcon_pkg'
[0.772s] Level 1:colcon.colcon_core.package_identification:_identify(turtlebot3/turtlebot3_node) by extensions ['colcon_meta']
[0.772s] Level 1:colcon.colcon_core.package_identification:_identify(turtlebot3/turtlebot3_node) by extension 'colcon_meta'
[0.772s] Level 1:colcon.colcon_core.package_identification:_identify(turtlebot3/turtlebot3_node) by extensions ['ros']
[0.773s] Level 1:colcon.colcon_core.package_identification:_identify(turtlebot3/turtlebot3_node) by extension 'ros'
[0.778s] DEBUG:colcon.colcon_core.package_identification:Package 'turtlebot3/turtlebot3_node' with type 'ros.ament_cmake' and name 'turtlebot3_node'
[0.778s] Level 1:colcon.colcon_core.package_identification:_identify(turtlebot3/turtlebot3_teleop) by extensions ['ignore', 'ignore_ament_install']
[0.779s] Level 1:colcon.colcon_core.package_identification:_identify(turtlebot3/turtlebot3_teleop) by extension 'ignore'
[0.779s] Level 1:colcon.colcon_core.package_identification:_identify(turtlebot3/turtlebot3_teleop) by extension 'ignore_ament_install'
[0.779s] Level 1:colcon.colcon_core.package_identification:_identify(turtlebot3/turtlebot3_teleop) by extensions ['colcon_pkg']
[0.779s] Level 1:colcon.colcon_core.package_identification:_identify(turtlebot3/turtlebot3_teleop) by extension 'colcon_pkg'
[0.779s] Level 1:colcon.colcon_core.package_identification:_identify(turtlebot3/turtlebot3_teleop) by extensions ['colcon_meta']
[0.780s] Level 1:colcon.colcon_core.package_identification:_identify(turtlebot3/turtlebot3_teleop) by extension 'colcon_meta'
[0.780s] Level 1:colcon.colcon_core.package_identification:_identify(turtlebot3/turtlebot3_teleop) by extensions ['ros']
[0.780s] Level 1:colcon.colcon_core.package_identification:_identify(turtlebot3/turtlebot3_teleop) by extension 'ros'
[0.782s] DEBUG:colcon.colcon_core.package_identification:Package 'turtlebot3/turtlebot3_teleop' with type 'ros.ament_python' and name 'turtlebot3_teleop'
[0.782s] Level 1:colcon.colcon_core.package_discovery:discover_packages(recursive) using defaults
[0.782s] Level 1:colcon.colcon_core.package_discovery:discover_packages(ignore) discover
[0.782s] Level 1:colcon.colcon_core.package_discovery:discover_packages(ignore) using defaults
[0.782s] Level 1:colcon.colcon_core.package_discovery:discover_packages(path) discover
[0.783s] Level 1:colcon.colcon_core.package_discovery:discover_packages(path) using defaults
[0.855s] Level 1:colcon.colcon_core.package_discovery:discover_packages(prefix_path) check parameters
[0.855s] Level 1:colcon.colcon_core.package_discovery:discover_packages(prefix_path) discover
[0.863s] DEBUG:colcon.colcon_installed_package_information.package_discovery:Found 2 installed packages in /home/dingo/turtlebot3_ws/install
[0.871s] DEBUG:colcon.colcon_installed_package_information.package_discovery:Found 199 installed packages in /opt/ros/jazzy
[0.874s] Level 1:colcon.colcon_core.package_discovery:discover_packages(prefix_path) using defaults
[1.015s] Level 5:colcon.colcon_core.verb:set package 'ld08_driver' build argument 'cmake_args' from command line to 'None'
[1.015s] Level 5:colcon.colcon_core.verb:set package 'ld08_driver' build argument 'cmake_target' from command line to 'None'
[1.016s] Level 5:colcon.colcon_core.verb:set package 'ld08_driver' build argument 'cmake_target_skip_unavailable' from command line to 'False'
[1.016s] Level 5:colcon.colcon_core.verb:set package 'ld08_driver' build argument 'cmake_clean_cache' from command line to 'False'
[1.016s] Level 5:colcon.colcon_core.verb:set package 'ld08_driver' build argument 'cmake_clean_first' from command line to 'False'
[1.016s] Level 5:colcon.colcon_core.verb:set package 'ld08_driver' build argument 'cmake_force_configure' from command line to 'False'
[1.016s] Level 5:colcon.colcon_core.verb:set package 'ld08_driver' build argument 'ament_cmake_args' from command line to 'None'
[1.016s] Level 5:colcon.colcon_core.verb:set package 'ld08_driver' build argument 'catkin_cmake_args' from command line to 'None'
[1.016s] Level 5:colcon.colcon_core.verb:set package 'ld08_driver' build argument 'catkin_skip_building_tests' from command line to 'False'
[1.016s] DEBUG:colcon.colcon_core.verb:Building package 'ld08_driver' with the following arguments: {'ament_cmake_args': None, 'build_base': '/home/dingo/turtlebot3_ws/src/build/ld08_driver', 'catkin_cmake_args': None, 'catkin_skip_building_tests': False, 'cmake_args': None, 'cmake_clean_cache': False, 'cmake_clean_first': False, 'cmake_force_configure': False, 'cmake_target': None, 'cmake_target_skip_unavailable': False, 'install_base': '/home/dingo/turtlebot3_ws/src/install/ld08_driver', 'merge_install': False, 'path': '/home/dingo/turtlebot3_ws/src/ld08_driver', 'symlink_install': False, 'test_result_base': None}
[1.018s] Level 5:colcon.colcon_core.verb:set package 'turtlebot3_description' build argument 'cmake_args' from command line to 'None'
[1.018s] Level 5:colcon.colcon_core.verb:set package 'turtlebot3_description' build argument 'cmake_target' from command line to 'None'
[1.018s] Level 5:colcon.colcon_core.verb:set package 'turtlebot3_description' build argument 'cmake_target_skip_unavailable' from command line to 'False'
[1.018s] Level 5:colcon.colcon_core.verb:set package 'turtlebot3_description' build argument 'cmake_clean_cache' from command line to 'False'
[1.018s] Level 5:colcon.colcon_core.verb:set package 'turtlebot3_description' build argument 'cmake_clean_first' from command line to 'False'
[1.018s] Level 5:colcon.colcon_core.verb:set package 'turtlebot3_description' build argument 'cmake_force_configure' from command line to 'False'
[1.018s] Level 5:colcon.colcon_core.verb:set package 'turtlebot3_description' build argument 'ament_cmake_args' from command line to 'None'
[1.019s] Level 5:colcon.colcon_core.verb:set package 'turtlebot3_description' build argument 'catkin_cmake_args' from command line to 'None'
[1.019s] Level 5:colcon.colcon_core.verb:set package 'turtlebot3_description' build argument 'catkin_skip_building_tests' from command line to 'False'
[1.019s] DEBUG:colcon.colcon_core.verb:Building package 'turtlebot3_description' with the following arguments: {'ament_cmake_args': None, 'build_base': '/home/dingo/turtlebot3_ws/src/build/turtlebot3_description', 'catkin_cmake_args': None, 'catkin_skip_building_tests': False, 'cmake_args': None, 'cmake_clean_cache': False, 'cmake_clean_first': False, 'cmake_force_configure': False, 'cmake_target': None, 'cmake_target_skip_unavailable': False, 'install_base': '/home/dingo/turtlebot3_ws/src/install/turtlebot3_description', 'merge_install': False, 'path': '/home/dingo/turtlebot3_ws/src/turtlebot3/turtlebot3_description', 'symlink_install': False, 'test_result_base': None}
[1.020s] Level 5:colcon.colcon_core.verb:set package 'turtlebot3_example' build argument 'cmake_args' from command line to 'None'
[1.020s] Level 5:colcon.colcon_core.verb:set package 'turtlebot3_example' build argument 'cmake_target' from command line to 'None'
[1.021s] Level 5:colcon.colcon_core.verb:set package 'turtlebot3_example' build argument 'cmake_target_skip_unavailable' from command line to 'False'
[1.021s] Level 5:colcon.colcon_core.verb:set package 'turtlebot3_example' build argument 'cmake_clean_cache' from command line to 'False'
[1.021s] Level 5:colcon.colcon_core.verb:set package 'turtlebot3_example' build argument 'cmake_clean_first' from command line to 'False'
[1.021s] Level 5:colcon.colcon_core.verb:set package 'turtlebot3_example' build argument 'cmake_force_configure' from command line to 'False'
[1.021s] Level 5:colcon.colcon_core.verb:set package 'turtlebot3_example' build argument 'ament_cmake_args' from command line to 'None'
[1.021s] Level 5:colcon.colcon_core.verb:set package 'turtlebot3_example' build argument 'catkin_cmake_args' from command line to 'None'
[1.021s] Level 5:colcon.colcon_core.verb:set package 'turtlebot3_example' build argument 'catkin_skip_building_tests' from command line to 'False'
[1.022s] DEBUG:colcon.colcon_core.verb:Building package 'turtlebot3_example' with the following arguments: {'ament_cmake_args': None, 'build_base': '/home/dingo/turtlebot3_ws/src/build/turtlebot3_example', 'catkin_cmake_args': None, 'catkin_skip_building_tests': False, 'cmake_args': None, 'cmake_clean_cache': False, 'cmake_clean_first': False, 'cmake_force_configure': False, 'cmake_target': None, 'cmake_target_skip_unavailable': False, 'install_base': '/home/dingo/turtlebot3_ws/src/install/turtlebot3_example', 'merge_install': False, 'path': '/home/dingo/turtlebot3_ws/src/turtlebot3/turtlebot3_example', 'symlink_install': False, 'test_result_base': None}
[1.023s] Level 5:colcon.colcon_core.verb:set package 'turtlebot3_node' build argument 'cmake_args' from command line to 'None'
[1.023s] Level 5:colcon.colcon_core.verb:set package 'turtlebot3_node' build argument 'cmake_target' from command line to 'None'
[1.023s] Level 5:colcon.colcon_core.verb:set package 'turtlebot3_node' build argument 'cmake_target_skip_unavailable' from command line to 'False'
[1.023s] Level 5:colcon.colcon_core.verb:set package 'turtlebot3_node' build argument 'cmake_clean_cache' from command line to 'False'
[1.024s] Level 5:colcon.colcon_core.verb:set package 'turtlebot3_node' build argument 'cmake_clean_first' from command line to 'False'
[1.024s] Level 5:colcon.colcon_core.verb:set package 'turtlebot3_node' build argument 'cmake_force_configure' from command line to 'False'
[1.024s] Level 5:colcon.colcon_core.verb:set package 'turtlebot3_node' build argument 'ament_cmake_args' from command line to 'None'
[1.024s] Level 5:colcon.colcon_core.verb:set package 'turtlebot3_node' build argument 'catkin_cmake_args' from command line to 'None'
[1.024s] Level 5:colcon.colcon_core.verb:set package 'turtlebot3_node' build argument 'catkin_skip_building_tests' from command line to 'False'
[1.024s] DEBUG:colcon.colcon_core.verb:Building package 'turtlebot3_node' with the following arguments: {'ament_cmake_args': None, 'build_base': '/home/dingo/turtlebot3_ws/src/build/turtlebot3_node', 'catkin_cmake_args': None, 'catkin_skip_building_tests': False, 'cmake_args': None, 'cmake_clean_cache': False, 'cmake_clean_first': False, 'cmake_force_configure': False, 'cmake_target': None, 'cmake_target_skip_unavailable': False, 'install_base': '/home/dingo/turtlebot3_ws/src/install/turtlebot3_node', 'merge_install': False, 'path': '/home/dingo/turtlebot3_ws/src/turtlebot3/turtlebot3_node', 'symlink_install': False, 'test_result_base': None}
[1.025s] Level 5:colcon.colcon_core.verb:set package 'turtlebot3_teleop' build argument 'cmake_args' from command line to 'None'
[1.026s] Level 5:colcon.colcon_core.verb:set package 'turtlebot3_teleop' build argument 'cmake_target' from command line to 'None'
[1.026s] Level 5:colcon.colcon_core.verb:set package 'turtlebot3_teleop' build argument 'cmake_target_skip_unavailable' from command line to 'False'
[1.026s] Level 5:colcon.colcon_core.verb:set package 'turtlebot3_teleop' build argument 'cmake_clean_cache' from command line to 'False'
[1.026s] Level 5:colcon.colcon_core.verb:set package 'turtlebot3_teleop' build argument 'cmake_clean_first' from command line to 'False'
[1.026s] Level 5:colcon.colcon_core.verb:set package 'turtlebot3_teleop' build argument 'cmake_force_configure' from command line to 'False'
[1.026s] Level 5:colcon.colcon_core.verb:set package 'turtlebot3_teleop' build argument 'ament_cmake_args' from command line to 'None'
[1.026s] Level 5:colcon.colcon_core.verb:set package 'turtlebot3_teleop' build argument 'catkin_cmake_args' from command line to 'None'
[1.026s] Level 5:colcon.colcon_core.verb:set package 'turtlebot3_teleop' build argument 'catkin_skip_building_tests' from command line to 'False'
[1.026s] DEBUG:colcon.colcon_core.verb:Building package 'turtlebot3_teleop' with the following arguments: {'ament_cmake_args': None, 'build_base': '/home/dingo/turtlebot3_ws/src/build/turtlebot3_teleop', 'catkin_cmake_args': None, 'catkin_skip_building_tests': False, 'cmake_args': None, 'cmake_clean_cache': False, 'cmake_clean_first': False, 'cmake_force_configure': False, 'cmake_target': None, 'cmake_target_skip_unavailable': False, 'install_base': '/home/dingo/turtlebot3_ws/src/install/turtlebot3_teleop', 'merge_install': False, 'path': '/home/dingo/turtlebot3_ws/src/turtlebot3/turtlebot3_teleop', 'symlink_install': False, 'test_result_base': None}
[1.028s] Level 5:colcon.colcon_core.verb:set package 'turtlebot3_bringup' build argument 'cmake_args' from command line to 'None'
[1.028s] Level 5:colcon.colcon_core.verb:set package 'turtlebot3_bringup' build argument 'cmake_target' from command line to 'None'
[1.028s] Level 5:colcon.colcon_core.verb:set package 'turtlebot3_bringup' build argument 'cmake_target_skip_unavailable' from command line to 'False'
[1.028s] Level 5:colcon.colcon_core.verb:set package 'turtlebot3_bringup' build argument 'cmake_clean_cache' from command line to 'False'
[1.028s] Level 5:colcon.colcon_core.verb:set package 'turtlebot3_bringup' build argument 'cmake_clean_first' from command line to 'False'
[1.028s] Level 5:colcon.colcon_core.verb:set package 'turtlebot3_bringup' build argument 'cmake_force_configure' from command line to 'False'
[1.029s] Level 5:colcon.colcon_core.verb:set package 'turtlebot3_bringup' build argument 'ament_cmake_args' from command line to 'None'
[1.029s] Level 5:colcon.colcon_core.verb:set package 'turtlebot3_bringup' build argument 'catkin_cmake_args' from command line to 'None'
[1.029s] Level 5:colcon.colcon_core.verb:set package 'turtlebot3_bringup' build argument 'catkin_skip_building_tests' from command line to 'False'
[1.029s] DEBUG:colcon.colcon_core.verb:Building package 'turtlebot3_bringup' with the following arguments: {'ament_cmake_args': None, 'build_base': '/home/dingo/turtlebot3_ws/src/build/turtlebot3_bringup', 'catkin_cmake_args': None, 'catkin_skip_building_tests': False, 'cmake_args': None, 'cmake_clean_cache': False, 'cmake_clean_first': False, 'cmake_force_configure': False, 'cmake_target': None, 'cmake_target_skip_unavailable': False, 'install_base': '/home/dingo/turtlebot3_ws/src/install/turtlebot3_bringup', 'merge_install': False, 'path': '/home/dingo/turtlebot3_ws/src/turtlebot3/turtlebot3_bringup', 'symlink_install': False, 'test_result_base': None}
[1.030s] Level 5:colcon.colcon_core.verb:set package 'turtlebot3' build argument 'cmake_args' from command line to 'None'
[1.031s] Level 5:colcon.colcon_core.verb:set package 'turtlebot3' build argument 'cmake_target' from command line to 'None'
[1.031s] Level 5:colcon.colcon_core.verb:set package 'turtlebot3' build argument 'cmake_target_skip_unavailable' from command line to 'False'
[1.031s] Level 5:colcon.colcon_core.verb:set package 'turtlebot3' build argument 'cmake_clean_cache' from command line to 'False'
[1.031s] Level 5:colcon.colcon_core.verb:set package 'turtlebot3' build argument 'cmake_clean_first' from command line to 'False'
[1.031s] Level 5:colcon.colcon_core.verb:set package 'turtlebot3' build argument 'cmake_force_configure' from command line to 'False'
[1.031s] Level 5:colcon.colcon_core.verb:set package 'turtlebot3' build argument 'ament_cmake_args' from command line to 'None'
[1.031s] Level 5:colcon.colcon_core.verb:set package 'turtlebot3' build argument 'catkin_cmake_args' from command line to 'None'
[1.032s] Level 5:colcon.colcon_core.verb:set package 'turtlebot3' build argument 'catkin_skip_building_tests' from command line to 'False'
[1.032s] DEBUG:colcon.colcon_core.verb:Building package 'turtlebot3' with the following arguments: {'ament_cmake_args': None, 'build_base': '/home/dingo/turtlebot3_ws/src/build/turtlebot3', 'catkin_cmake_args': None, 'catkin_skip_building_tests': False, 'cmake_args': None, 'cmake_clean_cache': False, 'cmake_clean_first': False, 'cmake_force_configure': False, 'cmake_target': None, 'cmake_target_skip_unavailable': False, 'install_base': '/home/dingo/turtlebot3_ws/src/install/turtlebot3', 'merge_install': False, 'path': '/home/dingo/turtlebot3_ws/src/turtlebot3/turtlebot3', 'symlink_install': False, 'test_result_base': None}
[1.032s] INFO:colcon.colcon_core.executor:Executing jobs using 'parallel' executor
[1.036s] DEBUG:colcon.colcon_parallel_executor.executor.parallel:run_until_complete
[1.037s] INFO:colcon.colcon_ros.task.ament_cmake.build:Building ROS package in '/home/dingo/turtlebot3_ws/src/turtlebot3/turtlebot3_description' with build type 'ament_cmake'
[1.039s] INFO:colcon.colcon_cmake.task.cmake.build:Building CMake package in '/home/dingo/turtlebot3_ws/src/turtlebot3/turtlebot3_description'
[1.046s] INFO:colcon.colcon_core.plugin_system:Skipping extension 'colcon_core.shell.bat': Not used on non-Windows systems
[1.047s] INFO:colcon.colcon_core.shell:Skip shell extension 'powershell' for command environment: Not usable outside of PowerShell
[1.047s] DEBUG:colcon.colcon_core.shell:Skip shell extension 'dsv' for command environment
[1.064s] INFO:colcon.colcon_ros.task.ament_cmake.build:Building ROS package in '/home/dingo/turtlebot3_ws/src/turtlebot3/turtlebot3_node' with build type 'ament_cmake'
[1.064s] INFO:colcon.colcon_cmake.task.cmake.build:Building CMake package in '/home/dingo/turtlebot3_ws/src/turtlebot3/turtlebot3_node'
[1.065s] INFO:colcon.colcon_core.shell:Skip shell extension 'powershell' for command environment: Not usable outside of PowerShell
[1.066s] DEBUG:colcon.colcon_core.shell:Skip shell extension 'dsv' for command environment
[1.083s] INFO:colcon.colcon_ros.task.ament_python.build:Building ROS package in '/home/dingo/turtlebot3_ws/src/turtlebot3/turtlebot3_example' with build type 'ament_python'
[1.083s] Level 1:colcon.colcon_core.shell:create_environment_hook('turtlebot3_example', 'ament_prefix_path')
[1.084s] INFO:colcon.colcon_core.shell:Creating environment hook '/home/dingo/turtlebot3_ws/src/install/turtlebot3_example/share/turtlebot3_example/hook/ament_prefix_path.ps1'
[1.087s] INFO:colcon.colcon_core.shell:Creating environment descriptor '/home/dingo/turtlebot3_ws/src/install/turtlebot3_example/share/turtlebot3_example/hook/ament_prefix_path.dsv'
[1.090s] INFO:colcon.colcon_core.shell:Creating environment hook '/home/dingo/turtlebot3_ws/src/install/turtlebot3_example/share/turtlebot3_example/hook/ament_prefix_path.sh'
[1.094s] INFO:colcon.colcon_core.shell:Skip shell extension 'powershell' for command environment: Not usable outside of PowerShell
[1.094s] DEBUG:colcon.colcon_core.shell:Skip shell extension 'dsv' for command environment
[1.110s] INFO:colcon.colcon_ros.task.ament_python.build:Building ROS package in '/home/dingo/turtlebot3_ws/src/turtlebot3/turtlebot3_teleop' with build type 'ament_python'
[1.111s] Level 1:colcon.colcon_core.shell:create_environment_hook('turtlebot3_teleop', 'ament_prefix_path')
[1.112s] INFO:colcon.colcon_core.shell:Creating environment hook '/home/dingo/turtlebot3_ws/src/install/turtlebot3_teleop/share/turtlebot3_teleop/hook/ament_prefix_path.ps1'
[1.115s] INFO:colcon.colcon_core.shell:Creating environment descriptor '/home/dingo/turtlebot3_ws/src/install/turtlebot3_teleop/share/turtlebot3_teleop/hook/ament_prefix_path.dsv'
[1.118s] INFO:colcon.colcon_core.shell:Creating environment hook '/home/dingo/turtlebot3_ws/src/install/turtlebot3_teleop/share/turtlebot3_teleop/hook/ament_prefix_path.sh'
[1.121s] INFO:colcon.colcon_core.shell:Skip shell extension 'powershell' for command environment: Not usable outside of PowerShell
[1.121s] DEBUG:colcon.colcon_core.shell:Skip shell extension 'dsv' for command environment
[1.158s] DEBUG:colcon.colcon_core.event_handler.log_command:Invoking command in '/home/dingo/turtlebot3_ws/src/build/turtlebot3_description': CMAKE_PREFIX_PATH=${CMAKE_PREFIX_PATH}:/opt/ros/jazzy /usr/bin/cmake --build /home/dingo/turtlebot3_ws/src/build/turtlebot3_description -- -j4 -l4
[1.175s] DEBUG:colcon.colcon_core.event_handler.log_command:Invoking command in '/home/dingo/turtlebot3_ws/src/build/turtlebot3_node': CMAKE_PREFIX_PATH=${CMAKE_PREFIX_PATH}:/opt/ros/jazzy /usr/bin/cmake --build /home/dingo/turtlebot3_ws/src/build/turtlebot3_node -- -j4 -l4
[2.280s] INFO:colcon.colcon_core.task.python.build:Building Python package in '/home/dingo/turtlebot3_ws/src/turtlebot3/turtlebot3_example'
[2.280s] INFO:colcon.colcon_core.shell:Skip shell extension 'powershell' for command environment: Not usable outside of PowerShell
[2.281s] DEBUG:colcon.colcon_core.shell:Skip shell extension 'dsv' for command environment
[2.310s] DEBUG:colcon.colcon_core.event_handler.log_command:Invoked command in '/home/dingo/turtlebot3_ws/src/build/turtlebot3_description' returned '0': CMAKE_PREFIX_PATH=${CMAKE_PREFIX_PATH}:/opt/ros/jazzy /usr/bin/cmake --build /home/dingo/turtlebot3_ws/src/build/turtlebot3_description -- -j4 -l4
[2.359s] DEBUG:colcon.colcon_core.event_handler.log_command:Invoking command in '/home/dingo/turtlebot3_ws/src/build/turtlebot3_description': CMAKE_PREFIX_PATH=${CMAKE_PREFIX_PATH}:/opt/ros/jazzy /usr/bin/cmake --install /home/dingo/turtlebot3_ws/src/build/turtlebot3_description
[2.363s] DEBUG:colcon.colcon_core.event_handler.log_command:Invoked command in '/home/dingo/turtlebot3_ws/src/build/turtlebot3_node' returned '0': CMAKE_PREFIX_PATH=${CMAKE_PREFIX_PATH}:/opt/ros/jazzy /usr/bin/cmake --build /home/dingo/turtlebot3_ws/src/build/turtlebot3_node -- -j4 -l4
[2.370s] DEBUG:colcon.colcon_core.event_handler.log_command:Invoking command in '/home/dingo/turtlebot3_ws/src/build/turtlebot3_node': CMAKE_PREFIX_PATH=${CMAKE_PREFIX_PATH}:/opt/ros/jazzy /usr/bin/cmake --install /home/dingo/turtlebot3_ws/src/build/turtlebot3_node
[3.269s] INFO:colcon.colcon_core.task.python.build:Building Python package in '/home/dingo/turtlebot3_ws/src/turtlebot3/turtlebot3_teleop'
[3.270s] INFO:colcon.colcon_core.shell:Skip shell extension 'powershell' for command environment: Not usable outside of PowerShell
[3.270s] DEBUG:colcon.colcon_core.shell:Skip shell extension 'dsv' for command environment
[3.311s] Level 1:colcon.colcon_core.environment:create_environment_scripts_only(turtlebot3_description)
[3.333s] DEBUG:colcon.colcon_core.event_handler.log_command:Invoked command in '/home/dingo/turtlebot3_ws/src/build/turtlebot3_description' returned '0': CMAKE_PREFIX_PATH=${CMAKE_PREFIX_PATH}:/opt/ros/jazzy /usr/bin/cmake --install /home/dingo/turtlebot3_ws/src/build/turtlebot3_description
[3.348s] Level 1:colcon.colcon_core.environment:checking '/home/dingo/turtlebot3_ws/src/install/turtlebot3_description' for CMake module files
[3.352s] Level 1:colcon.colcon_core.environment:checking '/home/dingo/turtlebot3_ws/src/install/turtlebot3_description' for CMake config files
[3.354s] Level 1:colcon.colcon_core.shell:create_environment_hook('turtlebot3_description', 'cmake_prefix_path')
[3.355s] INFO:colcon.colcon_core.shell:Creating environment hook '/home/dingo/turtlebot3_ws/src/install/turtlebot3_description/share/turtlebot3_description/hook/cmake_prefix_path.ps1'
[3.358s] INFO:colcon.colcon_core.shell:Creating environment descriptor '/home/dingo/turtlebot3_ws/src/install/turtlebot3_description/share/turtlebot3_description/hook/cmake_prefix_path.dsv'
[3.360s] INFO:colcon.colcon_core.shell:Creating environment hook '/home/dingo/turtlebot3_ws/src/install/turtlebot3_description/share/turtlebot3_description/hook/cmake_prefix_path.sh'
[3.363s] Level 1:colcon.colcon_core.environment:checking '/home/dingo/turtlebot3_ws/src/install/turtlebot3_description/bin'
[3.364s] Level 1:colcon.colcon_core.environment:checking '/home/dingo/turtlebot3_ws/src/install/turtlebot3_description/lib/pkgconfig/turtlebot3_description.pc'
[3.365s] Level 1:colcon.colcon_core.environment:checking '/home/dingo/turtlebot3_ws/src/install/turtlebot3_description/lib/python3.12/site-packages'
[3.366s] Level 1:colcon.colcon_core.environment:checking '/home/dingo/turtlebot3_ws/src/install/turtlebot3_description/bin'
[3.367s] INFO:colcon.colcon_core.shell:Creating package script '/home/dingo/turtlebot3_ws/src/install/turtlebot3_description/share/turtlebot3_description/package.ps1'
[3.371s] INFO:colcon.colcon_core.shell:Creating package descriptor '/home/dingo/turtlebot3_ws/src/install/turtlebot3_description/share/turtlebot3_description/package.dsv'
[3.375s] INFO:colcon.colcon_core.shell:Creating package script '/home/dingo/turtlebot3_ws/src/install/turtlebot3_description/share/turtlebot3_description/package.sh'
[3.378s] INFO:colcon.colcon_core.shell:Creating package script '/home/dingo/turtlebot3_ws/src/install/turtlebot3_description/share/turtlebot3_description/package.bash'
[3.382s] INFO:colcon.colcon_core.shell:Creating package script '/home/dingo/turtlebot3_ws/src/install/turtlebot3_description/share/turtlebot3_description/package.zsh'
[3.387s] Level 1:colcon.colcon_core.environment:create_file_with_runtime_dependencies(/home/dingo/turtlebot3_ws/src/install/turtlebot3_description/share/colcon-core/packages/turtlebot3_description)
[3.390s] Level 1:colcon.colcon_core.environment:create_environment_scripts_only(turtlebot3_description)
[3.390s] Level 1:colcon.colcon_core.environment:checking '/home/dingo/turtlebot3_ws/src/install/turtlebot3_description' for CMake module files
[3.394s] Level 1:colcon.colcon_core.environment:checking '/home/dingo/turtlebot3_ws/src/install/turtlebot3_description' for CMake config files
[3.396s] Level 1:colcon.colcon_core.shell:create_environment_hook('turtlebot3_description', 'cmake_prefix_path')
[3.397s] INFO:colcon.colcon_core.shell:Creating environment hook '/home/dingo/turtlebot3_ws/src/install/turtlebot3_description/share/turtlebot3_description/hook/cmake_prefix_path.ps1'
[3.400s] INFO:colcon.colcon_core.shell:Creating environment descriptor '/home/dingo/turtlebot3_ws/src/install/turtlebot3_description/share/turtlebot3_description/hook/cmake_prefix_path.dsv'
[3.402s] INFO:colcon.colcon_core.shell:Creating environment hook '/home/dingo/turtlebot3_ws/src/install/turtlebot3_description/share/turtlebot3_description/hook/cmake_prefix_path.sh'
[3.404s] Level 1:colcon.colcon_core.environment:checking '/home/dingo/turtlebot3_ws/src/install/turtlebot3_description/bin'
[3.405s] Level 1:colcon.colcon_core.environment:checking '/home/dingo/turtlebot3_ws/src/install/turtlebot3_description/lib/pkgconfig/turtlebot3_description.pc'
[3.406s] Level 1:colcon.colcon_core.environment:checking '/home/dingo/turtlebot3_ws/src/install/turtlebot3_description/lib/python3.12/site-packages'
[3.407s] Level 1:colcon.colcon_core.environment:checking '/home/dingo/turtlebot3_ws/src/install/turtlebot3_description/bin'
[3.408s] INFO:colcon.colcon_core.shell:Creating package script '/home/dingo/turtlebot3_ws/src/install/turtlebot3_description/share/turtlebot3_description/package.ps1'
[3.411s] INFO:colcon.colcon_core.shell:Creating package descriptor '/home/dingo/turtlebot3_ws/src/install/turtlebot3_description/share/turtlebot3_description/package.dsv'
[3.413s] INFO:colcon.colcon_core.shell:Creating package script '/home/dingo/turtlebot3_ws/src/install/turtlebot3_description/share/turtlebot3_description/package.sh'
[3.415s] INFO:colcon.colcon_core.shell:Creating package script '/home/dingo/turtlebot3_ws/src/install/turtlebot3_description/share/turtlebot3_description/package.bash'
[3.418s] INFO:colcon.colcon_core.shell:Creating package script '/home/dingo/turtlebot3_ws/src/install/turtlebot3_description/share/turtlebot3_description/package.zsh'
[3.420s] Level 1:colcon.colcon_core.environment:create_file_with_runtime_dependencies(/home/dingo/turtlebot3_ws/src/install/turtlebot3_description/share/colcon-core/packages/turtlebot3_description)
[3.422s] Level 1:colcon.colcon_core.environment:create_environment_scripts_only(turtlebot3_node)
[3.424s] Level 1:colcon.colcon_core.environment:checking '/home/dingo/turtlebot3_ws/src/install/turtlebot3_node' for CMake module files
[3.429s] DEBUG:colcon.colcon_core.event_handler.log_command:Invoked command in '/home/dingo/turtlebot3_ws/src/build/turtlebot3_node' returned '0': CMAKE_PREFIX_PATH=${CMAKE_PREFIX_PATH}:/opt/ros/jazzy /usr/bin/cmake --install /home/dingo/turtlebot3_ws/src/build/turtlebot3_node
[3.432s] Level 1:colcon.colcon_core.environment:checking '/home/dingo/turtlebot3_ws/src/install/turtlebot3_node' for CMake config files
[3.434s] Level 1:colcon.colcon_core.shell:create_environment_hook('turtlebot3_node', 'cmake_prefix_path')
[3.435s] INFO:colcon.colcon_core.shell:Creating environment hook '/home/dingo/turtlebot3_ws/src/install/turtlebot3_node/share/turtlebot3_node/hook/cmake_prefix_path.ps1'
[3.437s] INFO:colcon.colcon_core.shell:Creating environment descriptor '/home/dingo/turtlebot3_ws/src/install/turtlebot3_node/share/turtlebot3_node/hook/cmake_prefix_path.dsv'
[3.439s] INFO:colcon.colcon_core.shell:Creating environment hook '/home/dingo/turtlebot3_ws/src/install/turtlebot3_node/share/turtlebot3_node/hook/cmake_prefix_path.sh'
[3.444s] Level 1:colcon.colcon_core.environment:checking '/home/dingo/turtlebot3_ws/src/install/turtlebot3_node/lib'
[3.445s] Level 1:colcon.colcon_core.environment:checking '/home/dingo/turtlebot3_ws/src/install/turtlebot3_node/bin'
[3.445s] Level 1:colcon.colcon_core.environment:checking '/home/dingo/turtlebot3_ws/src/install/turtlebot3_node/lib/pkgconfig/turtlebot3_node.pc'
[3.446s] Level 1:colcon.colcon_core.environment:checking '/home/dingo/turtlebot3_ws/src/install/turtlebot3_node/lib/python3.12/site-packages'
[3.447s] Level 1:colcon.colcon_core.environment:checking '/home/dingo/turtlebot3_ws/src/install/turtlebot3_node/bin'
[3.449s] INFO:colcon.colcon_core.shell:Creating package script '/home/dingo/turtlebot3_ws/src/install/turtlebot3_node/share/turtlebot3_node/package.ps1'
[3.451s] INFO:colcon.colcon_core.shell:Creating package descriptor '/home/dingo/turtlebot3_ws/src/install/turtlebot3_node/share/turtlebot3_node/package.dsv'
[3.454s] INFO:colcon.colcon_core.shell:Creating package script '/home/dingo/turtlebot3_ws/src/install/turtlebot3_node/share/turtlebot3_node/package.sh'
[3.456s] INFO:colcon.colcon_core.shell:Creating package script '/home/dingo/turtlebot3_ws/src/install/turtlebot3_node/share/turtlebot3_node/package.bash'
[3.458s] INFO:colcon.colcon_core.shell:Creating package script '/home/dingo/turtlebot3_ws/src/install/turtlebot3_node/share/turtlebot3_node/package.zsh'
[3.460s] Level 1:colcon.colcon_core.environment:create_file_with_runtime_dependencies(/home/dingo/turtlebot3_ws/src/install/turtlebot3_node/share/colcon-core/packages/turtlebot3_node)
[3.463s] Level 1:colcon.colcon_core.environment:create_environment_scripts_only(turtlebot3_node)
[3.464s] Level 1:colcon.colcon_core.environment:checking '/home/dingo/turtlebot3_ws/src/install/turtlebot3_node' for CMake module files
[3.468s] Level 1:colcon.colcon_core.environment:checking '/home/dingo/turtlebot3_ws/src/install/turtlebot3_node' for CMake config files
[3.470s] Level 1:colcon.colcon_core.shell:create_environment_hook('turtlebot3_node', 'cmake_prefix_path')
[3.471s] INFO:colcon.colcon_core.shell:Creating environment hook '/home/dingo/turtlebot3_ws/src/install/turtlebot3_node/share/turtlebot3_node/hook/cmake_prefix_path.ps1'
[3.473s] INFO:colcon.colcon_core.shell:Creating environment descriptor '/home/dingo/turtlebot3_ws/src/install/turtlebot3_node/share/turtlebot3_node/hook/cmake_prefix_path.dsv'
[3.475s] INFO:colcon.colcon_core.shell:Creating environment hook '/home/dingo/turtlebot3_ws/src/install/turtlebot3_node/share/turtlebot3_node/hook/cmake_prefix_path.sh'
[3.478s] Level 1:colcon.colcon_core.environment:checking '/home/dingo/turtlebot3_ws/src/install/turtlebot3_node/lib'
[3.479s] Level 1:colcon.colcon_core.environment:checking '/home/dingo/turtlebot3_ws/src/install/turtlebot3_node/bin'
[3.479s] Level 1:colcon.colcon_core.environment:checking '/home/dingo/turtlebot3_ws/src/install/turtlebot3_node/lib/pkgconfig/turtlebot3_node.pc'
[3.480s] Level 1:colcon.colcon_core.environment:checking '/home/dingo/turtlebot3_ws/src/install/turtlebot3_node/lib/python3.12/site-packages'
[3.481s] Level 1:colcon.colcon_core.environment:checking '/home/dingo/turtlebot3_ws/src/install/turtlebot3_node/bin'
[3.482s] INFO:colcon.colcon_core.shell:Creating package script '/home/dingo/turtlebot3_ws/src/install/turtlebot3_node/share/turtlebot3_node/package.ps1'
[3.485s] INFO:colcon.colcon_core.shell:Creating package descriptor '/home/dingo/turtlebot3_ws/src/install/turtlebot3_node/share/turtlebot3_node/package.dsv'
[3.487s] INFO:colcon.colcon_core.shell:Creating package script '/home/dingo/turtlebot3_ws/src/install/turtlebot3_node/share/turtlebot3_node/package.sh'
[3.490s] INFO:colcon.colcon_core.shell:Creating package script '/home/dingo/turtlebot3_ws/src/install/turtlebot3_node/share/turtlebot3_node/package.bash'
[3.492s] INFO:colcon.colcon_core.shell:Creating package script '/home/dingo/turtlebot3_ws/src/install/turtlebot3_node/share/turtlebot3_node/package.zsh'
[3.494s] Level 1:colcon.colcon_core.environment:create_file_with_runtime_dependencies(/home/dingo/turtlebot3_ws/src/install/turtlebot3_node/share/colcon-core/packages/turtlebot3_node)
[3.496s] INFO:colcon.colcon_ros.task.ament_cmake.build:Building ROS package in '/home/dingo/turtlebot3_ws/src/turtlebot3/turtlebot3_bringup' with build type 'ament_cmake'
[3.497s] INFO:colcon.colcon_cmake.task.cmake.build:Building CMake package in '/home/dingo/turtlebot3_ws/src/turtlebot3/turtlebot3_bringup'
[3.498s] INFO:colcon.colcon_core.shell:Skip shell extension 'powershell' for command environment: Not usable outside of PowerShell
[3.499s] DEBUG:colcon.colcon_core.shell:Skip shell extension 'dsv' for command environment
[3.518s] INFO:colcon.colcon_ros.task.ament_cmake.build:Building ROS package in '/home/dingo/turtlebot3_ws/src/ld08_driver' with build type 'ament_cmake'
[3.519s] INFO:colcon.colcon_cmake.task.cmake.build:Building CMake package in '/home/dingo/turtlebot3_ws/src/ld08_driver'
[3.519s] INFO:colcon.colcon_core.shell:Skip shell extension 'powershell' for command environment: Not usable outside of PowerShell
[3.520s] DEBUG:colcon.colcon_core.shell:Skip shell extension 'dsv' for command environment
[3.569s] DEBUG:colcon.colcon_core.event_handler.log_command:Invoking command in '/home/dingo/turtlebot3_ws/src/build/turtlebot3_bringup': AMENT_PREFIX_PATH=/home/dingo/turtlebot3_ws/src/install/turtlebot3_node:/home/dingo/turtlebot3_ws/src/install/turtlebot3_description:${AMENT_PREFIX_PATH} CMAKE_PREFIX_PATH=/home/dingo/turtlebot3_ws/src/install/turtlebot3_node:/home/dingo/turtlebot3_ws/src/install/turtlebot3_description:/home/dingo/turtlebot3_ws/install/turtlebot3_description:/opt/ros/jazzy /usr/bin/cmake --build /home/dingo/turtlebot3_ws/src/build/turtlebot3_bringup -- -j4 -l4
[3.583s] DEBUG:colcon.colcon_core.event_handler.log_command:Invoking command in '/home/dingo/turtlebot3_ws/src/build/ld08_driver': CMAKE_PREFIX_PATH=${CMAKE_PREFIX_PATH}:/opt/ros/jazzy /usr/bin/cmake --build /home/dingo/turtlebot3_ws/src/build/ld08_driver -- -j4 -l4
[3.907s] DEBUG:colcon.colcon_core.event_handler.log_command:Invoked command in '/home/dingo/turtlebot3_ws/src/build/turtlebot3_bringup' returned '0': AMENT_PREFIX_PATH=/home/dingo/turtlebot3_ws/src/install/turtlebot3_node:/home/dingo/turtlebot3_ws/src/install/turtlebot3_description:${AMENT_PREFIX_PATH} CMAKE_PREFIX_PATH=/home/dingo/turtlebot3_ws/src/install/turtlebot3_node:/home/dingo/turtlebot3_ws/src/install/turtlebot3_description:/home/dingo/turtlebot3_ws/install/turtlebot3_description:/opt/ros/jazzy /usr/bin/cmake --build /home/dingo/turtlebot3_ws/src/build/turtlebot3_bringup -- -j4 -l4
[3.925s] DEBUG:colcon.colcon_core.event_handler.log_command:Invoking command in '/home/dingo/turtlebot3_ws/src/build/turtlebot3_bringup': AMENT_PREFIX_PATH=/home/dingo/turtlebot3_ws/src/install/turtlebot3_node:/home/dingo/turtlebot3_ws/src/install/turtlebot3_description:${AMENT_PREFIX_PATH} CMAKE_PREFIX_PATH=/home/dingo/turtlebot3_ws/src/install/turtlebot3_node:/home/dingo/turtlebot3_ws/src/install/turtlebot3_description:/home/dingo/turtlebot3_ws/install/turtlebot3_description:/opt/ros/jazzy /usr/bin/cmake --install /home/dingo/turtlebot3_ws/src/build/turtlebot3_bringup
[4.181s] Level 1:colcon.colcon_core.environment:create_environment_scripts_only(turtlebot3_bringup)
[4.183s] Level 1:colcon.colcon_core.environment:checking '/home/dingo/turtlebot3_ws/src/install/turtlebot3_bringup' for CMake module files
[4.184s] DEBUG:colcon.colcon_core.event_handler.log_command:Invoked command in '/home/dingo/turtlebot3_ws/src/build/turtlebot3_bringup' returned '0': AMENT_PREFIX_PATH=/home/dingo/turtlebot3_ws/src/install/turtlebot3_node:/home/dingo/turtlebot3_ws/src/install/turtlebot3_description:${AMENT_PREFIX_PATH} CMAKE_PREFIX_PATH=/home/dingo/turtlebot3_ws/src/install/turtlebot3_node:/home/dingo/turtlebot3_ws/src/install/turtlebot3_description:/home/dingo/turtlebot3_ws/install/turtlebot3_description:/opt/ros/jazzy /usr/bin/cmake --install /home/dingo/turtlebot3_ws/src/build/turtlebot3_bringup
[4.188s] Level 1:colcon.colcon_core.environment:checking '/home/dingo/turtlebot3_ws/src/install/turtlebot3_bringup' for CMake config files
[4.190s] Level 1:colcon.colcon_core.shell:create_environment_hook('turtlebot3_bringup', 'cmake_prefix_path')
[4.191s] INFO:colcon.colcon_core.shell:Creating environment hook '/home/dingo/turtlebot3_ws/src/install/turtlebot3_bringup/share/turtlebot3_bringup/hook/cmake_prefix_path.ps1'
[4.194s] INFO:colcon.colcon_core.shell:Creating environment descriptor '/home/dingo/turtlebot3_ws/src/install/turtlebot3_bringup/share/turtlebot3_bringup/hook/cmake_prefix_path.dsv'
[4.196s] INFO:colcon.colcon_core.shell:Creating environment hook '/home/dingo/turtlebot3_ws/src/install/turtlebot3_bringup/share/turtlebot3_bringup/hook/cmake_prefix_path.sh'
[4.199s] Level 1:colcon.colcon_core.environment:checking '/home/dingo/turtlebot3_ws/src/install/turtlebot3_bringup/bin'
[4.200s] Level 1:colcon.colcon_core.environment:checking '/home/dingo/turtlebot3_ws/src/install/turtlebot3_bringup/lib/pkgconfig/turtlebot3_bringup.pc'
[4.201s] Level 1:colcon.colcon_core.environment:checking '/home/dingo/turtlebot3_ws/src/install/turtlebot3_bringup/lib/python3.12/site-packages'
[4.202s] Level 1:colcon.colcon_core.environment:checking '/home/dingo/turtlebot3_ws/src/install/turtlebot3_bringup/bin'
[4.203s] INFO:colcon.colcon_core.shell:Creating package script '/home/dingo/turtlebot3_ws/src/install/turtlebot3_bringup/share/turtlebot3_bringup/package.ps1'
[4.207s] INFO:colcon.colcon_core.shell:Creating package descriptor '/home/dingo/turtlebot3_ws/src/install/turtlebot3_bringup/share/turtlebot3_bringup/package.dsv'
[4.209s] INFO:colcon.colcon_core.shell:Creating package script '/home/dingo/turtlebot3_ws/src/install/turtlebot3_bringup/share/turtlebot3_bringup/package.sh'
[4.212s] INFO:colcon.colcon_core.shell:Creating package script '/home/dingo/turtlebot3_ws/src/install/turtlebot3_bringup/share/turtlebot3_bringup/package.bash'
[4.214s] INFO:colcon.colcon_core.shell:Creating package script '/home/dingo/turtlebot3_ws/src/install/turtlebot3_bringup/share/turtlebot3_bringup/package.zsh'
[4.216s] Level 1:colcon.colcon_core.environment:create_file_with_runtime_dependencies(/home/dingo/turtlebot3_ws/src/install/turtlebot3_bringup/share/colcon-core/packages/turtlebot3_bringup)
[4.219s] Level 1:colcon.colcon_core.environment:create_environment_scripts_only(turtlebot3_bringup)
[4.220s] Level 1:colcon.colcon_core.environment:checking '/home/dingo/turtlebot3_ws/src/install/turtlebot3_bringup' for CMake module files
[4.224s] Level 1:colcon.colcon_core.environment:checking '/home/dingo/turtlebot3_ws/src/install/turtlebot3_bringup' for CMake config files
[4.226s] Level 1:colcon.colcon_core.shell:create_environment_hook('turtlebot3_bringup', 'cmake_prefix_path')
[4.227s] INFO:colcon.colcon_core.shell:Creating environment hook '/home/dingo/turtlebot3_ws/src/install/turtlebot3_bringup/share/turtlebot3_bringup/hook/cmake_prefix_path.ps1'
[4.229s] INFO:colcon.colcon_core.shell:Creating environment descriptor '/home/dingo/turtlebot3_ws/src/install/turtlebot3_bringup/share/turtlebot3_bringup/hook/cmake_prefix_path.dsv'
[4.232s] INFO:colcon.colcon_core.shell:Creating environment hook '/home/dingo/turtlebot3_ws/src/install/turtlebot3_bringup/share/turtlebot3_bringup/hook/cmake_prefix_path.sh'
[4.235s] Level 1:colcon.colcon_core.environment:checking '/home/dingo/turtlebot3_ws/src/install/turtlebot3_bringup/bin'
[4.235s] Level 1:colcon.colcon_core.environment:checking '/home/dingo/turtlebot3_ws/src/install/turtlebot3_bringup/lib/pkgconfig/turtlebot3_bringup.pc'
[4.236s] Level 1:colcon.colcon_core.environment:checking '/home/dingo/turtlebot3_ws/src/install/turtlebot3_bringup/lib/python3.12/site-packages'
[4.238s] Level 1:colcon.colcon_core.environment:checking '/home/dingo/turtlebot3_ws/src/install/turtlebot3_bringup/bin'
[4.239s] INFO:colcon.colcon_core.shell:Creating package script '/home/dingo/turtlebot3_ws/src/install/turtlebot3_bringup/share/turtlebot3_bringup/package.ps1'
[4.242s] INFO:colcon.colcon_core.shell:Creating package descriptor '/home/dingo/turtlebot3_ws/src/install/turtlebot3_bringup/share/turtlebot3_bringup/package.dsv'
[4.244s] INFO:colcon.colcon_core.shell:Creating package script '/home/dingo/turtlebot3_ws/src/install/turtlebot3_bringup/share/turtlebot3_bringup/package.sh'
[4.247s] INFO:colcon.colcon_core.shell:Creating package script '/home/dingo/turtlebot3_ws/src/install/turtlebot3_bringup/share/turtlebot3_bringup/package.bash'
[4.249s] INFO:colcon.colcon_core.shell:Creating package script '/home/dingo/turtlebot3_ws/src/install/turtlebot3_bringup/share/turtlebot3_bringup/package.zsh'
[4.251s] Level 1:colcon.colcon_core.environment:create_file_with_runtime_dependencies(/home/dingo/turtlebot3_ws/src/install/turtlebot3_bringup/share/colcon-core/packages/turtlebot3_bringup)
[4.259s] DEBUG:colcon.colcon_core.event_handler.log_command:Invoked command in '/home/dingo/turtlebot3_ws/src/build/ld08_driver' returned '0': CMAKE_PREFIX_PATH=${CMAKE_PREFIX_PATH}:/opt/ros/jazzy /usr/bin/cmake --build /home/dingo/turtlebot3_ws/src/build/ld08_driver -- -j4 -l4
[4.265s] DEBUG:colcon.colcon_core.event_handler.log_command:Invoking command in '/home/dingo/turtlebot3_ws/src/build/ld08_driver': CMAKE_PREFIX_PATH=${CMAKE_PREFIX_PATH}:/opt/ros/jazzy /usr/bin/cmake --install /home/dingo/turtlebot3_ws/src/build/ld08_driver
[4.411s] Level 1:colcon.colcon_core.environment:create_environment_scripts_only(ld08_driver)
[4.412s] Level 1:colcon.colcon_core.environment:checking '/home/dingo/turtlebot3_ws/src/install/ld08_driver' for CMake module files
[4.414s] DEBUG:colcon.colcon_core.event_handler.log_command:Invoked command in '/home/dingo/turtlebot3_ws/src/build/ld08_driver' returned '0': CMAKE_PREFIX_PATH=${CMAKE_PREFIX_PATH}:/opt/ros/jazzy /usr/bin/cmake --install /home/dingo/turtlebot3_ws/src/build/ld08_driver
[4.420s] Level 1:colcon.colcon_core.environment:checking '/home/dingo/turtlebot3_ws/src/install/ld08_driver' for CMake config files
[4.423s] Level 1:colcon.colcon_core.shell:create_environment_hook('ld08_driver', 'cmake_prefix_path')
[4.424s] INFO:colcon.colcon_core.shell:Creating environment hook '/home/dingo/turtlebot3_ws/src/install/ld08_driver/share/ld08_driver/hook/cmake_prefix_path.ps1'
[4.426s] INFO:colcon.colcon_core.shell:Creating environment descriptor '/home/dingo/turtlebot3_ws/src/install/ld08_driver/share/ld08_driver/hook/cmake_prefix_path.dsv'
[4.429s] INFO:colcon.colcon_core.shell:Creating environment hook '/home/dingo/turtlebot3_ws/src/install/ld08_driver/share/ld08_driver/hook/cmake_prefix_path.sh'
[4.433s] Level 1:colcon.colcon_core.environment:checking '/home/dingo/turtlebot3_ws/src/install/ld08_driver/lib'
[4.434s] Level 1:colcon.colcon_core.environment:checking '/home/dingo/turtlebot3_ws/src/install/ld08_driver/bin'
[4.434s] Level 1:colcon.colcon_core.environment:checking '/home/dingo/turtlebot3_ws/src/install/ld08_driver/lib/pkgconfig/ld08_driver.pc'
[4.436s] Level 1:colcon.colcon_core.environment:checking '/home/dingo/turtlebot3_ws/src/install/ld08_driver/lib/python3.12/site-packages'
[4.437s] Level 1:colcon.colcon_core.environment:checking '/home/dingo/turtlebot3_ws/src/install/ld08_driver/bin'
[4.438s] INFO:colcon.colcon_core.shell:Creating package script '/home/dingo/turtlebot3_ws/src/install/ld08_driver/share/ld08_driver/package.ps1'
[4.441s] INFO:colcon.colcon_core.shell:Creating package descriptor '/home/dingo/turtlebot3_ws/src/install/ld08_driver/share/ld08_driver/package.dsv'
[4.444s] INFO:colcon.colcon_core.shell:Creating package script '/home/dingo/turtlebot3_ws/src/install/ld08_driver/share/ld08_driver/package.sh'
[4.446s] INFO:colcon.colcon_core.shell:Creating package script '/home/dingo/turtlebot3_ws/src/install/ld08_driver/share/ld08_driver/package.bash'
[4.449s] INFO:colcon.colcon_core.shell:Creating package script '/home/dingo/turtlebot3_ws/src/install/ld08_driver/share/ld08_driver/package.zsh'
[4.452s] Level 1:colcon.colcon_core.environment:create_file_with_runtime_dependencies(/home/dingo/turtlebot3_ws/src/install/ld08_driver/share/colcon-core/packages/ld08_driver)
[4.455s] Level 1:colcon.colcon_core.environment:create_environment_scripts_only(ld08_driver)
[4.456s] Level 1:colcon.colcon_core.environment:checking '/home/dingo/turtlebot3_ws/src/install/ld08_driver' for CMake module files
[4.461s] Level 1:colcon.colcon_core.environment:checking '/home/dingo/turtlebot3_ws/src/install/ld08_driver' for CMake config files
[4.467s] Level 1:colcon.colcon_core.shell:create_environment_hook('ld08_driver', 'cmake_prefix_path')
[4.472s] INFO:colcon.colcon_core.shell:Creating environment hook '/home/dingo/turtlebot3_ws/src/install/ld08_driver/share/ld08_driver/hook/cmake_prefix_path.ps1'
[4.477s] INFO:colcon.colcon_core.shell:Creating environment descriptor '/home/dingo/turtlebot3_ws/src/install/ld08_driver/share/ld08_driver/hook/cmake_prefix_path.dsv'
[4.481s] INFO:colcon.colcon_core.shell:Creating environment hook '/home/dingo/turtlebot3_ws/src/install/ld08_driver/share/ld08_driver/hook/cmake_prefix_path.sh'
[4.489s] Level 1:colcon.colcon_core.environment:checking '/home/dingo/turtlebot3_ws/src/install/ld08_driver/lib'
[4.490s] Level 1:colcon.colcon_core.environment:checking '/home/dingo/turtlebot3_ws/src/install/ld08_driver/bin'
[4.490s] Level 1:colcon.colcon_core.environment:checking '/home/dingo/turtlebot3_ws/src/install/ld08_driver/lib/pkgconfig/ld08_driver.pc'
[4.491s] Level 1:colcon.colcon_core.environment:checking '/home/dingo/turtlebot3_ws/src/install/ld08_driver/lib/python3.12/site-packages'
[4.492s] Level 1:colcon.colcon_core.environment:checking '/home/dingo/turtlebot3_ws/src/install/ld08_driver/bin'
[4.494s] INFO:colcon.colcon_core.shell:Creating package script '/home/dingo/turtlebot3_ws/src/install/ld08_driver/share/ld08_driver/package.ps1'
[4.497s] INFO:colcon.colcon_core.shell:Creating package descriptor '/home/dingo/turtlebot3_ws/src/install/ld08_driver/share/ld08_driver/package.dsv'
[4.501s] INFO:colcon.colcon_core.shell:Creating package script '/home/dingo/turtlebot3_ws/src/install/ld08_driver/share/ld08_driver/package.sh'
[4.504s] INFO:colcon.colcon_core.shell:Creating package script '/home/dingo/turtlebot3_ws/src/install/ld08_driver/share/ld08_driver/package.bash'
[4.508s] INFO:colcon.colcon_core.shell:Creating package script '/home/dingo/turtlebot3_ws/src/install/ld08_driver/share/ld08_driver/package.zsh'
[4.511s] Level 1:colcon.colcon_core.environment:create_file_with_runtime_dependencies(/home/dingo/turtlebot3_ws/src/install/ld08_driver/share/colcon-core/packages/ld08_driver)
[6.929s] DEBUG:colcon.colcon_core.event_handler.log_command:Invoking command in '/home/dingo/turtlebot3_ws/src/turtlebot3/turtlebot3_example': PYTHONPATH=/home/dingo/turtlebot3_ws/src/build/turtlebot3_example/prefix_override:/usr/lib/python3/dist-packages/colcon_core/task/python/colcon_distutils_commands:/home/dingo/turtlebot3_ws/src/install/turtlebot3_example/lib/python3.12/site-packages:${PYTHONPATH} /usr/bin/python3 -W ignore:setup.py install is deprecated -W ignore:easy_install command is deprecated setup.py egg_info --egg-base ../../build/turtlebot3_example build --build-base /home/dingo/turtlebot3_ws/src/build/turtlebot3_example/build install --record /home/dingo/turtlebot3_ws/src/build/turtlebot3_example/install.log --single-version-externally-managed install_data
[6.941s] DEBUG:colcon.colcon_core.event_handler.log_command:Invoking command in '/home/dingo/turtlebot3_ws/src/turtlebot3/turtlebot3_teleop': PYTHONPATH=/home/dingo/turtlebot3_ws/src/build/turtlebot3_teleop/prefix_override:/usr/lib/python3/dist-packages/colcon_core/task/python/colcon_distutils_commands:/home/dingo/turtlebot3_ws/src/install/turtlebot3_teleop/lib/python3.12/site-packages:${PYTHONPATH} /usr/bin/python3 -W ignore:setup.py install is deprecated -W ignore:easy_install command is deprecated setup.py egg_info --egg-base ../../build/turtlebot3_teleop build --build-base /home/dingo/turtlebot3_ws/src/build/turtlebot3_teleop/build install --record /home/dingo/turtlebot3_ws/src/build/turtlebot3_teleop/install.log --single-version-externally-managed install_data
[9.500s] Level 1:colcon.colcon_core.environment:checking '/home/dingo/turtlebot3_ws/src/install/turtlebot3_teleop' for CMake module files
[9.503s] DEBUG:colcon.colcon_core.event_handler.log_command:Invoked command in '/home/dingo/turtlebot3_ws/src/turtlebot3/turtlebot3_teleop' returned '0': PYTHONPATH=/home/dingo/turtlebot3_ws/src/build/turtlebot3_teleop/prefix_override:/usr/lib/python3/dist-packages/colcon_core/task/python/colcon_distutils_commands:/home/dingo/turtlebot3_ws/src/install/turtlebot3_teleop/lib/python3.12/site-packages:${PYTHONPATH} /usr/bin/python3 -W ignore:setup.py install is deprecated -W ignore:easy_install command is deprecated setup.py egg_info --egg-base ../../build/turtlebot3_teleop build --build-base /home/dingo/turtlebot3_ws/src/build/turtlebot3_teleop/build install --record /home/dingo/turtlebot3_ws/src/build/turtlebot3_teleop/install.log --single-version-externally-managed install_data
[9.508s] Level 1:colcon.colcon_core.environment:checking '/home/dingo/turtlebot3_ws/src/install/turtlebot3_teleop' for CMake config files
[9.513s] Level 1:colcon.colcon_core.environment:checking '/home/dingo/turtlebot3_ws/src/install/turtlebot3_teleop/lib'
[9.514s] Level 1:colcon.colcon_core.environment:checking '/home/dingo/turtlebot3_ws/src/install/turtlebot3_teleop/bin'
[9.514s] Level 1:colcon.colcon_core.environment:checking '/home/dingo/turtlebot3_ws/src/install/turtlebot3_teleop/lib/pkgconfig/turtlebot3_teleop.pc'
[9.515s] Level 1:colcon.colcon_core.environment:checking '/home/dingo/turtlebot3_ws/src/install/turtlebot3_teleop/lib/python3.12/site-packages'
[9.516s] Level 1:colcon.colcon_core.shell:create_environment_hook('turtlebot3_teleop', 'pythonpath')
[9.517s] INFO:colcon.colcon_core.shell:Creating environment hook '/home/dingo/turtlebot3_ws/src/install/turtlebot3_teleop/share/turtlebot3_teleop/hook/pythonpath.ps1'
[9.518s] INFO:colcon.colcon_core.shell:Creating environment descriptor '/home/dingo/turtlebot3_ws/src/install/turtlebot3_teleop/share/turtlebot3_teleop/hook/pythonpath.dsv'
[9.520s] INFO:colcon.colcon_core.shell:Creating environment hook '/home/dingo/turtlebot3_ws/src/install/turtlebot3_teleop/share/turtlebot3_teleop/hook/pythonpath.sh'
[9.523s] Level 1:colcon.colcon_core.environment:checking '/home/dingo/turtlebot3_ws/src/install/turtlebot3_teleop/bin'
[9.523s] Level 1:colcon.colcon_core.environment:create_environment_scripts_only(turtlebot3_teleop)
[9.524s] INFO:colcon.colcon_core.shell:Creating package script '/home/dingo/turtlebot3_ws/src/install/turtlebot3_teleop/share/turtlebot3_teleop/package.ps1'
[9.527s] INFO:colcon.colcon_core.shell:Creating package descriptor '/home/dingo/turtlebot3_ws/src/install/turtlebot3_teleop/share/turtlebot3_teleop/package.dsv'
[9.529s] INFO:colcon.colcon_core.shell:Creating package script '/home/dingo/turtlebot3_ws/src/install/turtlebot3_teleop/share/turtlebot3_teleop/package.sh'
[9.531s] INFO:colcon.colcon_core.shell:Creating package script '/home/dingo/turtlebot3_ws/src/install/turtlebot3_teleop/share/turtlebot3_teleop/package.bash'
[9.533s] INFO:colcon.colcon_core.shell:Creating package script '/home/dingo/turtlebot3_ws/src/install/turtlebot3_teleop/share/turtlebot3_teleop/package.zsh'
[9.535s] Level 1:colcon.colcon_core.environment:create_file_with_runtime_dependencies(/home/dingo/turtlebot3_ws/src/install/turtlebot3_teleop/share/colcon-core/packages/turtlebot3_teleop)
[9.540s] Level 1:colcon.colcon_core.environment:checking '/home/dingo/turtlebot3_ws/src/install/turtlebot3_example' for CMake module files
[9.542s] DEBUG:colcon.colcon_core.event_handler.log_command:Invoked command in '/home/dingo/turtlebot3_ws/src/turtlebot3/turtlebot3_example' returned '0': PYTHONPATH=/home/dingo/turtlebot3_ws/src/build/turtlebot3_example/prefix_override:/usr/lib/python3/dist-packages/colcon_core/task/python/colcon_distutils_commands:/home/dingo/turtlebot3_ws/src/install/turtlebot3_example/lib/python3.12/site-packages:${PYTHONPATH} /usr/bin/python3 -W ignore:setup.py install is deprecated -W ignore:easy_install command is deprecated setup.py egg_info --egg-base ../../build/turtlebot3_example build --build-base /home/dingo/turtlebot3_ws/src/build/turtlebot3_example/build install --record /home/dingo/turtlebot3_ws/src/build/turtlebot3_example/install.log --single-version-externally-managed install_data
[9.545s] Level 1:colcon.colcon_core.environment:checking '/home/dingo/turtlebot3_ws/src/install/turtlebot3_example' for CMake config files
[9.550s] Level 1:colcon.colcon_core.environment:checking '/home/dingo/turtlebot3_ws/src/install/turtlebot3_example/lib'
[9.551s] Level 1:colcon.colcon_core.environment:checking '/home/dingo/turtlebot3_ws/src/install/turtlebot3_example/bin'
[9.551s] Level 1:colcon.colcon_core.environment:checking '/home/dingo/turtlebot3_ws/src/install/turtlebot3_example/lib/pkgconfig/turtlebot3_example.pc'
[9.552s] Level 1:colcon.colcon_core.environment:checking '/home/dingo/turtlebot3_ws/src/install/turtlebot3_example/lib/python3.12/site-packages'
[9.553s] Level 1:colcon.colcon_core.shell:create_environment_hook('turtlebot3_example', 'pythonpath')
[9.553s] INFO:colcon.colcon_core.shell:Creating environment hook '/home/dingo/turtlebot3_ws/src/install/turtlebot3_example/share/turtlebot3_example/hook/pythonpath.ps1'
[9.556s] INFO:colcon.colcon_core.shell:Creating environment descriptor '/home/dingo/turtlebot3_ws/src/install/turtlebot3_example/share/turtlebot3_example/hook/pythonpath.dsv'
[9.558s] INFO:colcon.colcon_core.shell:Creating environment hook '/home/dingo/turtlebot3_ws/src/install/turtlebot3_example/share/turtlebot3_example/hook/pythonpath.sh'
[9.560s] Level 1:colcon.colcon_core.environment:checking '/home/dingo/turtlebot3_ws/src/install/turtlebot3_example/bin'
[9.560s] Level 1:colcon.colcon_core.environment:create_environment_scripts_only(turtlebot3_example)
[9.561s] INFO:colcon.colcon_core.shell:Creating package script '/home/dingo/turtlebot3_ws/src/install/turtlebot3_example/share/turtlebot3_example/package.ps1'
[9.564s] INFO:colcon.colcon_core.shell:Creating package descriptor '/home/dingo/turtlebot3_ws/src/install/turtlebot3_example/share/turtlebot3_example/package.dsv'
[9.568s] INFO:colcon.colcon_core.shell:Creating package script '/home/dingo/turtlebot3_ws/src/install/turtlebot3_example/share/turtlebot3_example/package.sh'
[9.570s] INFO:colcon.colcon_core.shell:Creating package script '/home/dingo/turtlebot3_ws/src/install/turtlebot3_example/share/turtlebot3_example/package.bash'
[9.572s] INFO:colcon.colcon_core.shell:Creating package script '/home/dingo/turtlebot3_ws/src/install/turtlebot3_example/share/turtlebot3_example/package.zsh'
[9.574s] Level 1:colcon.colcon_core.environment:create_file_with_runtime_dependencies(/home/dingo/turtlebot3_ws/src/install/turtlebot3_example/share/colcon-core/packages/turtlebot3_example)
[9.575s] INFO:colcon.colcon_ros.task.ament_cmake.build:Building ROS package in '/home/dingo/turtlebot3_ws/src/turtlebot3/turtlebot3' with build type 'ament_cmake'
[9.576s] INFO:colcon.colcon_cmake.task.cmake.build:Building CMake package in '/home/dingo/turtlebot3_ws/src/turtlebot3/turtlebot3'
[9.577s] INFO:colcon.colcon_core.shell:Skip shell extension 'powershell' for command environment: Not usable outside of PowerShell
[9.577s] DEBUG:colcon.colcon_core.shell:Skip shell extension 'dsv' for command environment
[9.632s] DEBUG:colcon.colcon_core.event_handler.log_command:Invoking command in '/home/dingo/turtlebot3_ws/src/build/turtlebot3': AMENT_PREFIX_PATH=/home/dingo/turtlebot3_ws/src/install/turtlebot3_bringup:/home/dingo/turtlebot3_ws/src/install/turtlebot3_teleop:/home/dingo/turtlebot3_ws/src/install/turtlebot3_node:/home/dingo/turtlebot3_ws/src/install/turtlebot3_example:/home/dingo/turtlebot3_ws/src/install/turtlebot3_description:${AMENT_PREFIX_PATH} CMAKE_PREFIX_PATH=/home/dingo/turtlebot3_ws/src/install/turtlebot3_bringup:/home/dingo/turtlebot3_ws/src/install/turtlebot3_node:/home/dingo/turtlebot3_ws/src/install/turtlebot3_description:/home/dingo/turtlebot3_ws/install/turtlebot3_description:/opt/ros/jazzy PYTHONPATH=/home/dingo/turtlebot3_ws/src/install/turtlebot3_teleop/lib/python3.12/site-packages:/home/dingo/turtlebot3_ws/src/install/turtlebot3_example/lib/python3.12/site-packages:${PYTHONPATH} /usr/bin/cmake --build /home/dingo/turtlebot3_ws/src/build/turtlebot3 -- -j4 -l4
[9.815s] DEBUG:colcon.colcon_core.event_handler.log_command:Invoked command in '/home/dingo/turtlebot3_ws/src/build/turtlebot3' returned '0': AMENT_PREFIX_PATH=/home/dingo/turtlebot3_ws/src/install/turtlebot3_bringup:/home/dingo/turtlebot3_ws/src/install/turtlebot3_teleop:/home/dingo/turtlebot3_ws/src/install/turtlebot3_node:/home/dingo/turtlebot3_ws/src/install/turtlebot3_example:/home/dingo/turtlebot3_ws/src/install/turtlebot3_description:${AMENT_PREFIX_PATH} CMAKE_PREFIX_PATH=/home/dingo/turtlebot3_ws/src/install/turtlebot3_bringup:/home/dingo/turtlebot3_ws/src/install/turtlebot3_node:/home/dingo/turtlebot3_ws/src/install/turtlebot3_description:/home/dingo/turtlebot3_ws/install/turtlebot3_description:/opt/ros/jazzy PYTHONPATH=/home/dingo/turtlebot3_ws/src/install/turtlebot3_teleop/lib/python3.12/site-packages:/home/dingo/turtlebot3_ws/src/install/turtlebot3_example/lib/python3.12/site-packages:${PYTHONPATH} /usr/bin/cmake --build /home/dingo/turtlebot3_ws/src/build/turtlebot3 -- -j4 -l4
[9.823s] DEBUG:colcon.colcon_core.event_handler.log_command:Invoking command in '/home/dingo/turtlebot3_ws/src/build/turtlebot3': AMENT_PREFIX_PATH=/home/dingo/turtlebot3_ws/src/install/turtlebot3_bringup:/home/dingo/turtlebot3_ws/src/install/turtlebot3_teleop:/home/dingo/turtlebot3_ws/src/install/turtlebot3_node:/home/dingo/turtlebot3_ws/src/install/turtlebot3_example:/home/dingo/turtlebot3_ws/src/install/turtlebot3_description:${AMENT_PREFIX_PATH} CMAKE_PREFIX_PATH=/home/dingo/turtlebot3_ws/src/install/turtlebot3_bringup:/home/dingo/turtlebot3_ws/src/install/turtlebot3_node:/home/dingo/turtlebot3_ws/src/install/turtlebot3_description:/home/dingo/turtlebot3_ws/install/turtlebot3_description:/opt/ros/jazzy PYTHONPATH=/home/dingo/turtlebot3_ws/src/install/turtlebot3_teleop/lib/python3.12/site-packages:/home/dingo/turtlebot3_ws/src/install/turtlebot3_example/lib/python3.12/site-packages:${PYTHONPATH} /usr/bin/cmake --install /home/dingo/turtlebot3_ws/src/build/turtlebot3
[9.931s] Level 1:colcon.colcon_core.environment:create_environment_scripts_only(turtlebot3)
[9.931s] Level 1:colcon.colcon_core.environment:checking '/home/dingo/turtlebot3_ws/src/install/turtlebot3' for CMake module files
[9.933s] DEBUG:colcon.colcon_core.event_handler.log_command:Invoked command in '/home/dingo/turtlebot3_ws/src/build/turtlebot3' returned '0': AMENT_PREFIX_PATH=/home/dingo/turtlebot3_ws/src/install/turtlebot3_bringup:/home/dingo/turtlebot3_ws/src/install/turtlebot3_teleop:/home/dingo/turtlebot3_ws/src/install/turtlebot3_node:/home/dingo/turtlebot3_ws/src/install/turtlebot3_example:/home/dingo/turtlebot3_ws/src/install/turtlebot3_description:${AMENT_PREFIX_PATH} CMAKE_PREFIX_PATH=/home/dingo/turtlebot3_ws/src/install/turtlebot3_bringup:/home/dingo/turtlebot3_ws/src/install/turtlebot3_node:/home/dingo/turtlebot3_ws/src/install/turtlebot3_description:/home/dingo/turtlebot3_ws/install/turtlebot3_description:/opt/ros/jazzy PYTHONPATH=/home/dingo/turtlebot3_ws/src/install/turtlebot3_teleop/lib/python3.12/site-packages:/home/dingo/turtlebot3_ws/src/install/turtlebot3_example/lib/python3.12/site-packages:${PYTHONPATH} /usr/bin/cmake --install /home/dingo/turtlebot3_ws/src/build/turtlebot3
[9.936s] Level 1:colcon.colcon_core.environment:checking '/home/dingo/turtlebot3_ws/src/install/turtlebot3' for CMake config files
[9.937s] Level 1:colcon.colcon_core.shell:create_environment_hook('turtlebot3', 'cmake_prefix_path')
[9.938s] INFO:colcon.colcon_core.shell:Creating environment hook '/home/dingo/turtlebot3_ws/src/install/turtlebot3/share/turtlebot3/hook/cmake_prefix_path.ps1'
[9.940s] INFO:colcon.colcon_core.shell:Creating environment descriptor '/home/dingo/turtlebot3_ws/src/install/turtlebot3/share/turtlebot3/hook/cmake_prefix_path.dsv'
[9.942s] INFO:colcon.colcon_core.shell:Creating environment hook '/home/dingo/turtlebot3_ws/src/install/turtlebot3/share/turtlebot3/hook/cmake_prefix_path.sh'
[9.944s] Level 1:colcon.colcon_core.environment:checking '/home/dingo/turtlebot3_ws/src/install/turtlebot3/bin'
[9.945s] Level 1:colcon.colcon_core.environment:checking '/home/dingo/turtlebot3_ws/src/install/turtlebot3/lib/pkgconfig/turtlebot3.pc'
[9.946s] Level 1:colcon.colcon_core.environment:checking '/home/dingo/turtlebot3_ws/src/install/turtlebot3/lib/python3.12/site-packages'
[9.947s] Level 1:colcon.colcon_core.environment:checking '/home/dingo/turtlebot3_ws/src/install/turtlebot3/bin'
[9.947s] INFO:colcon.colcon_core.shell:Creating package script '/home/dingo/turtlebot3_ws/src/install/turtlebot3/share/turtlebot3/package.ps1'
[9.949s] INFO:colcon.colcon_core.shell:Creating package descriptor '/home/dingo/turtlebot3_ws/src/install/turtlebot3/share/turtlebot3/package.dsv'
[9.952s] INFO:colcon.colcon_core.shell:Creating package script '/home/dingo/turtlebot3_ws/src/install/turtlebot3/share/turtlebot3/package.sh'
[9.953s] INFO:colcon.colcon_core.shell:Creating package script '/home/dingo/turtlebot3_ws/src/install/turtlebot3/share/turtlebot3/package.bash'
[9.955s] INFO:colcon.colcon_core.shell:Creating package script '/home/dingo/turtlebot3_ws/src/install/turtlebot3/share/turtlebot3/package.zsh'
[9.957s] Level 1:colcon.colcon_core.environment:create_file_with_runtime_dependencies(/home/dingo/turtlebot3_ws/src/install/turtlebot3/share/colcon-core/packages/turtlebot3)
[9.960s] Level 1:colcon.colcon_core.environment:create_environment_scripts_only(turtlebot3)
[9.960s] Level 1:colcon.colcon_core.environment:checking '/home/dingo/turtlebot3_ws/src/install/turtlebot3' for CMake module files
[9.964s] Level 1:colcon.colcon_core.environment:checking '/home/dingo/turtlebot3_ws/src/install/turtlebot3' for CMake config files
[9.965s] Level 1:colcon.colcon_core.shell:create_environment_hook('turtlebot3', 'cmake_prefix_path')
[9.966s] INFO:colcon.colcon_core.shell:Creating environment hook '/home/dingo/turtlebot3_ws/src/install/turtlebot3/share/turtlebot3/hook/cmake_prefix_path.ps1'
[9.967s] INFO:colcon.colcon_core.shell:Creating environment descriptor '/home/dingo/turtlebot3_ws/src/install/turtlebot3/share/turtlebot3/hook/cmake_prefix_path.dsv'
[9.969s] INFO:colcon.colcon_core.shell:Creating environment hook '/home/dingo/turtlebot3_ws/src/install/turtlebot3/share/turtlebot3/hook/cmake_prefix_path.sh'
[9.972s] Level 1:colcon.colcon_core.environment:checking '/home/dingo/turtlebot3_ws/src/install/turtlebot3/bin'
[9.973s] Level 1:colcon.colcon_core.environment:checking '/home/dingo/turtlebot3_ws/src/install/turtlebot3/lib/pkgconfig/turtlebot3.pc'
[9.974s] Level 1:colcon.colcon_core.environment:checking '/home/dingo/turtlebot3_ws/src/install/turtlebot3/lib/python3.12/site-packages'
[9.974s] Level 1:colcon.colcon_core.environment:checking '/home/dingo/turtlebot3_ws/src/install/turtlebot3/bin'
[9.975s] INFO:colcon.colcon_core.shell:Creating package script '/home/dingo/turtlebot3_ws/src/install/turtlebot3/share/turtlebot3/package.ps1'
[9.978s] INFO:colcon.colcon_core.shell:Creating package descriptor '/home/dingo/turtlebot3_ws/src/install/turtlebot3/share/turtlebot3/package.dsv'
[9.980s] INFO:colcon.colcon_core.shell:Creating package script '/home/dingo/turtlebot3_ws/src/install/turtlebot3/share/turtlebot3/package.sh'
[9.982s] INFO:colcon.colcon_core.shell:Creating package script '/home/dingo/turtlebot3_ws/src/install/turtlebot3/share/turtlebot3/package.bash'
[9.984s] INFO:colcon.colcon_core.shell:Creating package script '/home/dingo/turtlebot3_ws/src/install/turtlebot3/share/turtlebot3/package.zsh'
[9.988s] Level 1:colcon.colcon_core.environment:create_file_with_runtime_dependencies(/home/dingo/turtlebot3_ws/src/install/turtlebot3/share/colcon-core/packages/turtlebot3)
[9.990s] DEBUG:colcon.colcon_parallel_executor.executor.parallel:closing loop
[9.991s] DEBUG:colcon.colcon_parallel_executor.executor.parallel:loop closed
[9.992s] DEBUG:colcon.colcon_parallel_executor.executor.parallel:run_until_complete finished with '0'
[9.992s] DEBUG:colcon.colcon_core.event_reactor:joining thread
[10.014s] INFO:colcon.colcon_core.plugin_system:Skipping extension 'colcon_notification.desktop_notification.terminal_notifier': Not used on non-Darwin systems
[10.015s] INFO:colcon.colcon_core.plugin_system:Skipping extension 'colcon_notification.desktop_notification.win32': Not used on non-Windows systems
[10.015s] INFO:colcon.colcon_notification.desktop_notification:Sending desktop notification using 'notify2'
[10.018s] DEBUG:colcon.colcon_notification.desktop_notification.notify2:Failed to initialize notify2: org.freedesktop.DBus.Error.ServiceUnknown: The name org.freedesktop.Notifications was not provided by any .service files
[10.019s] DEBUG:colcon.colcon_core.event_reactor:joined thread
[10.019s] INFO:colcon.colcon_core.shell:Creating prefix script '/home/dingo/turtlebot3_ws/src/install/local_setup.ps1'
[10.022s] INFO:colcon.colcon_core.shell:Creating prefix util module '/home/dingo/turtlebot3_ws/src/install/_local_setup_util_ps1.py'
[10.027s] INFO:colcon.colcon_core.shell:Creating prefix chain script '/home/dingo/turtlebot3_ws/src/install/setup.ps1'
[10.031s] INFO:colcon.colcon_core.shell:Creating prefix script '/home/dingo/turtlebot3_ws/src/install/local_setup.sh'
[10.033s] INFO:colcon.colcon_core.shell:Creating prefix util module '/home/dingo/turtlebot3_ws/src/install/_local_setup_util_sh.py'
[10.036s] INFO:colcon.colcon_core.shell:Creating prefix chain script '/home/dingo/turtlebot3_ws/src/install/setup.sh'
[10.040s] INFO:colcon.colcon_core.shell:Creating prefix script '/home/dingo/turtlebot3_ws/src/install/local_setup.bash'
[10.042s] INFO:colcon.colcon_core.shell:Creating prefix chain script '/home/dingo/turtlebot3_ws/src/install/setup.bash'
[10.046s] INFO:colcon.colcon_core.shell:Creating prefix script '/home/dingo/turtlebot3_ws/src/install/local_setup.zsh'
[10.049s] INFO:colcon.colcon_core.shell:Creating prefix chain script '/home/dingo/turtlebot3_ws/src/install/setup.zsh'
