[0.108s] Invoking command in '/home/dingo/turtlebot3_ws/src/build/turtlebot3_node': CMAKE_PREFIX_PATH=${CMAKE_PREFIX_PATH}:/opt/ros/jazzy /usr/bin/cmake --build /home/dingo/turtlebot3_ws/src/build/turtlebot3_node -- -j4 -l4
[1.241s] [ 85%] Built target turtlebot3_node_lib
[1.242s] [100%] Built target turtlebot3_ros
[1.297s] Invoked command in '/home/dingo/turtlebot3_ws/src/build/turtlebot3_node' returned '0': CMAKE_PREFIX_PATH=${CMAKE_PREFIX_PATH}:/opt/ros/jazzy /usr/bin/cmake --build /home/dingo/turtlebot3_ws/src/build/turtlebot3_node -- -j4 -l4
[1.304s] Invoking command in '/home/dingo/turtlebot3_ws/src/build/turtlebot3_node': CMAKE_PREFIX_PATH=${CMAKE_PREFIX_PATH}:/opt/ros/jazzy /usr/bin/cmake --install /home/dingo/turtlebot3_ws/src/build/turtlebot3_node
[2.251s] -- Install configuration: ""
[2.253s] -- Execute custom install script
[2.254s] -- Up-to-date symlink: /home/dingo/turtlebot3_ws/src/install/turtlebot3_node/share/turtlebot3_node/param/burger.yaml
[2.255s] -- Up-to-date symlink: /home/dingo/turtlebot3_ws/src/install/turtlebot3_node/share/turtlebot3_node/param/waffle.yaml
[2.256s] -- Up-to-date symlink: /home/dingo/turtlebot3_ws/src/install/turtlebot3_node/share/turtlebot3_node/param/waffle_pi.yaml
[2.257s] -- Up-to-date symlink: /home/dingo/turtlebot3_ws/src/install/turtlebot3_node/lib/turtlebot3_node/turtlebot3_ros
[2.258s] -- Up-to-date symlink: /home/dingo/turtlebot3_ws/src/install/turtlebot3_node/share/ament_index/resource_index/package_run_dependencies/turtlebot3_node
[2.259s] -- Up-to-date symlink: /home/dingo/turtlebot3_ws/src/install/turtlebot3_node/share/ament_index/resource_index/parent_prefix_path/turtlebot3_node
[2.259s] -- Up-to-date symlink: /home/dingo/turtlebot3_ws/src/install/turtlebot3_node/share/turtlebot3_node/environment/ament_prefix_path.sh
[2.260s] -- Up-to-date symlink: /home/dingo/turtlebot3_ws/src/install/turtlebot3_node/share/turtlebot3_node/environment/ament_prefix_path.dsv
[2.261s] -- Up-to-date symlink: /home/dingo/turtlebot3_ws/src/install/turtlebot3_node/share/turtlebot3_node/environment/path.sh
[2.262s] -- Up-to-date symlink: /home/dingo/turtlebot3_ws/src/install/turtlebot3_node/share/turtlebot3_node/environment/path.dsv
[2.262s] -- Up-to-date symlink: /home/dingo/turtlebot3_ws/src/install/turtlebot3_node/share/turtlebot3_node/local_setup.bash
[2.263s] -- Up-to-date symlink: /home/dingo/turtlebot3_ws/src/install/turtlebot3_node/share/turtlebot3_node/local_setup.sh
[2.264s] -- Up-to-date symlink: /home/dingo/turtlebot3_ws/src/install/turtlebot3_node/share/turtlebot3_node/local_setup.zsh
[2.264s] -- Up-to-date symlink: /home/dingo/turtlebot3_ws/src/install/turtlebot3_node/share/turtlebot3_node/local_setup.dsv
[2.264s] -- Symlinking: /home/dingo/turtlebot3_ws/src/install/turtlebot3_node/share/turtlebot3_node/package.dsv
[2.265s] -- Up-to-date symlink: /home/dingo/turtlebot3_ws/src/install/turtlebot3_node/share/ament_index/resource_index/packages/turtlebot3_node
[2.265s] -- Up-to-date symlink: /home/dingo/turtlebot3_ws/src/install/turtlebot3_node/share/turtlebot3_node/cmake/ament_cmake_export_dependencies-extras.cmake
[2.265s] -- Up-to-date symlink: /home/dingo/turtlebot3_ws/src/install/turtlebot3_node/share/turtlebot3_node/cmake/ament_cmake_export_include_directories-extras.cmake
[2.266s] -- Up-to-date symlink: /home/dingo/turtlebot3_ws/src/install/turtlebot3_node/share/turtlebot3_node/cmake/turtlebot3_nodeConfig.cmake
[2.266s] -- Up-to-date symlink: /home/dingo/turtlebot3_ws/src/install/turtlebot3_node/share/turtlebot3_node/cmake/turtlebot3_nodeConfig-version.cmake
[2.267s] -- Up-to-date symlink: /home/dingo/turtlebot3_ws/src/install/turtlebot3_node/share/turtlebot3_node/package.xml
[2.363s] Invoked command in '/home/dingo/turtlebot3_ws/src/build/turtlebot3_node' returned '0': CMAKE_PREFIX_PATH=${CMAKE_PREFIX_PATH}:/opt/ros/jazzy /usr/bin/cmake --install /home/dingo/turtlebot3_ws/src/build/turtlebot3_node
