[3.929s] Invoking command in '/home/dingo/turtlebot3_ws/src/build/turtlebot3_example': PYTHONPATH=/home/dingo/turtlebot3_ws/src/build/turtlebot3_example/prefix_override:/usr/lib/python3/dist-packages/colcon_core/task/python/colcon_distutils_commands:/home/dingo/turtlebot3_ws/src/install/turtlebot3_example/lib/python3.12/site-packages:${PYTHONPATH} /usr/bin/python3 -W ignore:setup.py install is deprecated -W ignore:easy_install command is deprecated setup.py develop --editable --build-directory /home/dingo/turtlebot3_ws/src/build/turtlebot3_example/build --no-deps symlink_data
[5.203s] running develop
[5.970s] running egg_info
[5.971s] creating turtlebot3_example.egg-info
[6.037s] writing turtlebot3_example.egg-info/PKG-INFO
[6.038s] writing dependency_links to turtlebot3_example.egg-info/dependency_links.txt
[6.039s] writing entry points to turtlebot3_example.egg-info/entry_points.txt
[6.039s] writing requirements to turtlebot3_example.egg-info/requires.txt
[6.040s] writing top-level names to turtlebot3_example.egg-info/top_level.txt
[6.040s] writing manifest file 'turtlebot3_example.egg-info/SOURCES.txt'
[6.186s] reading manifest file 'turtlebot3_example.egg-info/SOURCES.txt'
[6.189s] writing manifest file 'turtlebot3_example.egg-info/SOURCES.txt'
[6.262s] running build_ext
[6.262s] Creating /home/dingo/turtlebot3_ws/src/install/turtlebot3_example/lib/python3.12/site-packages/turtlebot3-example.egg-link (link to .)
[6.265s] Installing turtlebot3_absolute_move script to /home/dingo/turtlebot3_ws/src/install/turtlebot3_example/lib/turtlebot3_example
[6.266s] Installing turtlebot3_interactive_marker script to /home/dingo/turtlebot3_ws/src/install/turtlebot3_example/lib/turtlebot3_example
[6.267s] Installing turtlebot3_obstacle_detection script to /home/dingo/turtlebot3_ws/src/install/turtlebot3_example/lib/turtlebot3_example
[6.267s] Installing turtlebot3_patrol_client script to /home/dingo/turtlebot3_ws/src/install/turtlebot3_example/lib/turtlebot3_example
[6.268s] Installing turtlebot3_patrol_server script to /home/dingo/turtlebot3_ws/src/install/turtlebot3_example/lib/turtlebot3_example
[6.269s] Installing turtlebot3_relative_move script to /home/dingo/turtlebot3_ws/src/install/turtlebot3_example/lib/turtlebot3_example
[6.270s] 
[6.270s] Installed /home/dingo/turtlebot3_ws/src/build/turtlebot3_example
[6.271s] running symlink_data
[6.271s] creating /home/dingo/turtlebot3_ws/src/install/turtlebot3_example/share/ament_index
[6.272s] creating /home/dingo/turtlebot3_ws/src/install/turtlebot3_example/share/ament_index/resource_index
[6.272s] creating /home/dingo/turtlebot3_ws/src/install/turtlebot3_example/share/ament_index/resource_index/packages
[6.273s] symbolically linking /home/dingo/turtlebot3_ws/src/build/turtlebot3_example/resource/turtlebot3_example -> /home/dingo/turtlebot3_ws/src/install/turtlebot3_example/share/ament_index/resource_index/packages
[6.274s] symbolically linking /home/dingo/turtlebot3_ws/src/build/turtlebot3_example/package.xml -> /home/dingo/turtlebot3_ws/src/install/turtlebot3_example/share/turtlebot3_example
[6.420s] Invoked command in '/home/dingo/turtlebot3_ws/src/build/turtlebot3_example' returned '0': PYTHONPATH=/home/dingo/turtlebot3_ws/src/build/turtlebot3_example/prefix_override:/usr/lib/python3/dist-packages/colcon_core/task/python/colcon_distutils_commands:/home/dingo/turtlebot3_ws/src/install/turtlebot3_example/lib/python3.12/site-packages:${PYTHONPATH} /usr/bin/python3 -W ignore:setup.py install is deprecated -W ignore:easy_install command is deprecated setup.py develop --editable --build-directory /home/dingo/turtlebot3_ws/src/build/turtlebot3_example/build --no-deps symlink_data
