[0.052s] Invoking command in '/home/dingo/turtlebot3_ws/src/build/turtlebot3': AMENT_PREFIX_PATH=/home/dingo/turtlebot3_ws/src/install/turtlebot3_bringup:/home/dingo/turtlebot3_ws/src/install/turtlebot3_teleop:/home/dingo/turtlebot3_ws/src/install/turtlebot3_node:/home/dingo/turtlebot3_ws/src/install/turtlebot3_example:/home/dingo/turtlebot3_ws/src/install/turtlebot3_description:${AMENT_PREFIX_PATH} CMAKE_PREFIX_PATH=/home/dingo/turtlebot3_ws/src/install/turtlebot3_bringup:/home/dingo/turtlebot3_ws/src/install/turtlebot3_node:/home/dingo/turtlebot3_ws/src/install/turtlebot3_description:/home/dingo/turtlebot3_ws/install/turtlebot3_description:/opt/ros/jazzy PYTHONPATH=/home/dingo/turtlebot3_ws/src/install/turtlebot3_teleop/lib/python3.12/site-packages:/home/dingo/turtlebot3_ws/src/install/turtlebot3_example/lib/python3.12/site-packages:${PYTHONPATH} /usr/bin/cmake --build /home/dingo/turtlebot3_ws/src/build/turtlebot3 -- -j4 -l4
[0.235s] Invoked command in '/home/dingo/turtlebot3_ws/src/build/turtlebot3' returned '0': AMENT_PREFIX_PATH=/home/dingo/turtlebot3_ws/src/install/turtlebot3_bringup:/home/dingo/turtlebot3_ws/src/install/turtlebot3_teleop:/home/dingo/turtlebot3_ws/src/install/turtlebot3_node:/home/dingo/turtlebot3_ws/src/install/turtlebot3_example:/home/dingo/turtlebot3_ws/src/install/turtlebot3_description:${AMENT_PREFIX_PATH} CMAKE_PREFIX_PATH=/home/dingo/turtlebot3_ws/src/install/turtlebot3_bringup:/home/dingo/turtlebot3_ws/src/install/turtlebot3_node:/home/dingo/turtlebot3_ws/src/install/turtlebot3_description:/home/dingo/turtlebot3_ws/install/turtlebot3_description:/opt/ros/jazzy PYTHONPATH=/home/dingo/turtlebot3_ws/src/install/turtlebot3_teleop/lib/python3.12/site-packages:/home/dingo/turtlebot3_ws/src/install/turtlebot3_example/lib/python3.12/site-packages:${PYTHONPATH} /usr/bin/cmake --build /home/dingo/turtlebot3_ws/src/build/turtlebot3 -- -j4 -l4
[0.244s] Invoking command in '/home/dingo/turtlebot3_ws/src/build/turtlebot3': AMENT_PREFIX_PATH=/home/dingo/turtlebot3_ws/src/install/turtlebot3_bringup:/home/dingo/turtlebot3_ws/src/install/turtlebot3_teleop:/home/dingo/turtlebot3_ws/src/install/turtlebot3_node:/home/dingo/turtlebot3_ws/src/install/turtlebot3_example:/home/dingo/turtlebot3_ws/src/install/turtlebot3_description:${AMENT_PREFIX_PATH} CMAKE_PREFIX_PATH=/home/dingo/turtlebot3_ws/src/install/turtlebot3_bringup:/home/dingo/turtlebot3_ws/src/install/turtlebot3_node:/home/dingo/turtlebot3_ws/src/install/turtlebot3_description:/home/dingo/turtlebot3_ws/install/turtlebot3_description:/opt/ros/jazzy PYTHONPATH=/home/dingo/turtlebot3_ws/src/install/turtlebot3_teleop/lib/python3.12/site-packages:/home/dingo/turtlebot3_ws/src/install/turtlebot3_example/lib/python3.12/site-packages:${PYTHONPATH} /usr/bin/cmake --install /home/dingo/turtlebot3_ws/src/build/turtlebot3
[0.284s] -- Install configuration: ""
[0.285s] -- Execute custom install script
[0.287s] -- Up-to-date symlink: /home/dingo/turtlebot3_ws/src/install/turtlebot3/share/ament_index/resource_index/package_run_dependencies/turtlebot3
[0.288s] -- Up-to-date symlink: /home/dingo/turtlebot3_ws/src/install/turtlebot3/share/ament_index/resource_index/parent_prefix_path/turtlebot3
[0.290s] -- Up-to-date symlink: /home/dingo/turtlebot3_ws/src/install/turtlebot3/share/turtlebot3/environment/ament_prefix_path.sh
[0.291s] -- Up-to-date symlink: /home/dingo/turtlebot3_ws/src/install/turtlebot3/share/turtlebot3/environment/ament_prefix_path.dsv
[0.292s] -- Up-to-date symlink: /home/dingo/turtlebot3_ws/src/install/turtlebot3/share/turtlebot3/environment/path.sh
[0.293s] -- Up-to-date symlink: /home/dingo/turtlebot3_ws/src/install/turtlebot3/share/turtlebot3/environment/path.dsv
[0.294s] -- Up-to-date symlink: /home/dingo/turtlebot3_ws/src/install/turtlebot3/share/turtlebot3/local_setup.bash
[0.295s] -- Up-to-date symlink: /home/dingo/turtlebot3_ws/src/install/turtlebot3/share/turtlebot3/local_setup.sh
[0.296s] -- Up-to-date symlink: /home/dingo/turtlebot3_ws/src/install/turtlebot3/share/turtlebot3/local_setup.zsh
[0.297s] -- Up-to-date symlink: /home/dingo/turtlebot3_ws/src/install/turtlebot3/share/turtlebot3/local_setup.dsv
[0.298s] -- Symlinking: /home/dingo/turtlebot3_ws/src/install/turtlebot3/share/turtlebot3/package.dsv
[0.342s] -- Up-to-date symlink: /home/dingo/turtlebot3_ws/src/install/turtlebot3/share/ament_index/resource_index/packages/turtlebot3
[0.343s] -- Up-to-date symlink: /home/dingo/turtlebot3_ws/src/install/turtlebot3/share/turtlebot3/cmake/turtlebot3Config.cmake
[0.344s] -- Up-to-date symlink: /home/dingo/turtlebot3_ws/src/install/turtlebot3/share/turtlebot3/cmake/turtlebot3Config-version.cmake
[0.345s] -- Up-to-date symlink: /home/dingo/turtlebot3_ws/src/install/turtlebot3/share/turtlebot3/package.xml
[0.353s] Invoked command in '/home/dingo/turtlebot3_ws/src/build/turtlebot3' returned '0': AMENT_PREFIX_PATH=/home/dingo/turtlebot3_ws/src/install/turtlebot3_bringup:/home/dingo/turtlebot3_ws/src/install/turtlebot3_teleop:/home/dingo/turtlebot3_ws/src/install/turtlebot3_node:/home/dingo/turtlebot3_ws/src/install/turtlebot3_example:/home/dingo/turtlebot3_ws/src/install/turtlebot3_description:${AMENT_PREFIX_PATH} CMAKE_PREFIX_PATH=/home/dingo/turtlebot3_ws/src/install/turtlebot3_bringup:/home/dingo/turtlebot3_ws/src/install/turtlebot3_node:/home/dingo/turtlebot3_ws/src/install/turtlebot3_description:/home/dingo/turtlebot3_ws/install/turtlebot3_description:/opt/ros/jazzy PYTHONPATH=/home/dingo/turtlebot3_ws/src/install/turtlebot3_teleop/lib/python3.12/site-packages:/home/dingo/turtlebot3_ws/src/install/turtlebot3_example/lib/python3.12/site-packages:${PYTHONPATH} /usr/bin/cmake --install /home/dingo/turtlebot3_ws/src/build/turtlebot3
