[5.172s] Invoking command in '/home/dingo/tb3_autonomy/src/build/turtlebot3_example': PYTHONPATH=/home/dingo/tb3_autonomy/src/build/turtlebot3_example/prefix_override:/usr/lib/python3/dist-packages/colcon_core/task/python/colcon_distutils_commands:/home/dingo/tb3_autonomy/src/install/turtlebot3_example/lib/python3.12/site-packages:${PYTHONPATH} /usr/bin/python3 -W ignore:setup.py install is deprecated -W ignore:easy_install command is deprecated setup.py develop --editable --build-directory /home/dingo/tb3_autonomy/src/build/turtlebot3_example/build --no-deps symlink_data
[6.833s] running develop
[7.872s] running egg_info
[7.964s] writing turtlebot3_example.egg-info/PKG-INFO
[7.965s] writing dependency_links to turtlebot3_example.egg-info/dependency_links.txt
[7.967s] writing entry points to turtlebot3_example.egg-info/entry_points.txt
[7.968s] writing requirements to turtlebot3_example.egg-info/requires.txt
[7.969s] writing top-level names to turtlebot3_example.egg-info/top_level.txt
[8.165s] reading manifest file 'turtlebot3_example.egg-info/SOURCES.txt'
[8.172s] writing manifest file 'turtlebot3_example.egg-info/SOURCES.txt'
[8.264s] running build_ext
[8.264s] Creating /home/dingo/tb3_autonomy/src/install/turtlebot3_example/lib/python3.12/site-packages/turtlebot3-example.egg-link (link to .)
[8.269s] Installing turtlebot3_absolute_move script to /home/dingo/tb3_autonomy/src/install/turtlebot3_example/lib/turtlebot3_example
[8.269s] Installing turtlebot3_interactive_marker script to /home/dingo/tb3_autonomy/src/install/turtlebot3_example/lib/turtlebot3_example
[8.273s] Installing turtlebot3_obstacle_detection script to /home/dingo/tb3_autonomy/src/install/turtlebot3_example/lib/turtlebot3_example
[8.273s] Installing turtlebot3_patrol_client script to /home/dingo/tb3_autonomy/src/install/turtlebot3_example/lib/turtlebot3_example
[8.278s] Installing turtlebot3_patrol_server script to /home/dingo/tb3_autonomy/src/install/turtlebot3_example/lib/turtlebot3_example
[8.279s] Installing turtlebot3_relative_move script to /home/dingo/tb3_autonomy/src/install/turtlebot3_example/lib/turtlebot3_example
[8.280s] 
[8.285s] Installed /home/dingo/tb3_autonomy/src/build/turtlebot3_example
[8.288s] running symlink_data
[8.443s] Invoked command in '/home/dingo/tb3_autonomy/src/build/turtlebot3_example' returned '0': PYTHONPATH=/home/dingo/tb3_autonomy/src/build/turtlebot3_example/prefix_override:/usr/lib/python3/dist-packages/colcon_core/task/python/colcon_distutils_commands:/home/dingo/tb3_autonomy/src/install/turtlebot3_example/lib/python3.12/site-packages:${PYTHONPATH} /usr/bin/python3 -W ignore:setup.py install is deprecated -W ignore:easy_install command is deprecated setup.py develop --editable --build-directory /home/dingo/tb3_autonomy/src/build/turtlebot3_example/build --no-deps symlink_data
