[0.116s] Invoking command in '/home/dingo/turtlebot3_ws/src/build/turtlebot3_description': CMAKE_PREFIX_PATH=${CMAKE_PREFIX_PATH}:/opt/ros/jazzy /usr/bin/cmake /home/dingo/turtlebot3_ws/src/turtlebot3/turtlebot3_description -DCMAKE_INSTALL_PREFIX=/home/dingo/turtlebot3_ws/src/install/turtlebot3_description
[1.441s] -- Found ament_cmake: 2.5.4 (/opt/ros/jazzy/share/ament_cmake/cmake)
[1.782s] -- Override CMake install command with custom implementation using symlinks instead of copying resources
[1.889s] -- Found urdf: 2.10.0 (/opt/ros/jazzy/share/urdf/cmake)
[2.063s] -- Found TinyXML2 via Config file: /usr/lib/aarch64-linux-gnu/cmake/tinyxml2
[2.632s] -- Configuring done (2.3s)
[2.720s] -- Generating done (0.1s)
[2.738s] -- Build files have been written to: /home/dingo/turtlebot3_ws/src/build/turtlebot3_description
[2.771s] Invoked command in '/home/dingo/turtlebot3_ws/src/build/turtlebot3_description' returned '0': CMAKE_PREFIX_PATH=${CMAKE_PREFIX_PATH}:/opt/ros/jazzy /usr/bin/cmake /home/dingo/turtlebot3_ws/src/turtlebot3/turtlebot3_description -DCMAKE_INSTALL_PREFIX=/home/dingo/turtlebot3_ws/src/install/turtlebot3_description
[2.782s] Invoking command in '/home/dingo/turtlebot3_ws/src/build/turtlebot3_description': CMAKE_PREFIX_PATH=${CMAKE_PREFIX_PATH}:/opt/ros/jazzy /usr/bin/cmake --build /home/dingo/turtlebot3_ws/src/build/turtlebot3_description -- -j4 -l4
[3.053s] Invoked command in '/home/dingo/turtlebot3_ws/src/build/turtlebot3_description' returned '0': CMAKE_PREFIX_PATH=${CMAKE_PREFIX_PATH}:/opt/ros/jazzy /usr/bin/cmake --build /home/dingo/turtlebot3_ws/src/build/turtlebot3_description -- -j4 -l4
[3.147s] Invoking command in '/home/dingo/turtlebot3_ws/src/build/turtlebot3_description': CMAKE_PREFIX_PATH=${CMAKE_PREFIX_PATH}:/opt/ros/jazzy /usr/bin/cmake --install /home/dingo/turtlebot3_ws/src/build/turtlebot3_description
[3.201s] -- Install configuration: ""
[3.208s] -- Execute custom install script
[3.218s] -- Up-to-date symlink: /home/dingo/turtlebot3_ws/src/install/turtlebot3_description/share/turtlebot3_description/meshes/bases/burger_base.stl
[3.224s] -- Up-to-date symlink: /home/dingo/turtlebot3_ws/src/install/turtlebot3_description/share/turtlebot3_description/meshes/bases/waffle_base.stl
[3.225s] -- Up-to-date symlink: /home/dingo/turtlebot3_ws/src/install/turtlebot3_description/share/turtlebot3_description/meshes/bases/waffle_pi_base.stl
[3.237s] -- Up-to-date symlink: /home/dingo/turtlebot3_ws/src/install/turtlebot3_description/share/turtlebot3_description/meshes/sensors/astra.dae
[3.237s] -- Up-to-date symlink: /home/dingo/turtlebot3_ws/src/install/turtlebot3_description/share/turtlebot3_description/meshes/sensors/astra.jpg
[3.244s] -- Up-to-date symlink: /home/dingo/turtlebot3_ws/src/install/turtlebot3_description/share/turtlebot3_description/meshes/sensors/lds.stl
[3.246s] -- Up-to-date symlink: /home/dingo/turtlebot3_ws/src/install/turtlebot3_description/share/turtlebot3_description/meshes/sensors/r200.dae
[3.247s] -- Up-to-date symlink: /home/dingo/turtlebot3_ws/src/install/turtlebot3_description/share/turtlebot3_description/meshes/sensors/r200.jpg
[3.247s] -- Up-to-date symlink: /home/dingo/turtlebot3_ws/src/install/turtlebot3_description/share/turtlebot3_description/meshes/wheels/left_tire.stl
[3.248s] -- Up-to-date symlink: /home/dingo/turtlebot3_ws/src/install/turtlebot3_description/share/turtlebot3_description/meshes/wheels/right_tire.stl
[3.250s] -- Up-to-date symlink: /home/dingo/turtlebot3_ws/src/install/turtlebot3_description/share/turtlebot3_description/rviz/model.rviz
[3.250s] -- Up-to-date symlink: /home/dingo/turtlebot3_ws/src/install/turtlebot3_description/share/turtlebot3_description/urdf/common_properties.urdf
[3.251s] -- Up-to-date symlink: /home/dingo/turtlebot3_ws/src/install/turtlebot3_description/share/turtlebot3_description/urdf/turtlebot3_burger.urdf
[3.251s] -- Up-to-date symlink: /home/dingo/turtlebot3_ws/src/install/turtlebot3_description/share/turtlebot3_description/urdf/turtlebot3_waffle.urdf
[3.252s] -- Up-to-date symlink: /home/dingo/turtlebot3_ws/src/install/turtlebot3_description/share/turtlebot3_description/urdf/turtlebot3_waffle_pi.urdf
[3.252s] -- Up-to-date symlink: /home/dingo/turtlebot3_ws/src/install/turtlebot3_description/share/ament_index/resource_index/package_run_dependencies/turtlebot3_description
[3.253s] -- Up-to-date symlink: /home/dingo/turtlebot3_ws/src/install/turtlebot3_description/share/ament_index/resource_index/parent_prefix_path/turtlebot3_description
[3.253s] -- Up-to-date symlink: /home/dingo/turtlebot3_ws/src/install/turtlebot3_description/share/turtlebot3_description/environment/ament_prefix_path.sh
[3.254s] -- Up-to-date symlink: /home/dingo/turtlebot3_ws/src/install/turtlebot3_description/share/turtlebot3_description/environment/ament_prefix_path.dsv
[3.255s] -- Up-to-date symlink: /home/dingo/turtlebot3_ws/src/install/turtlebot3_description/share/turtlebot3_description/environment/path.sh
[3.255s] -- Up-to-date symlink: /home/dingo/turtlebot3_ws/src/install/turtlebot3_description/share/turtlebot3_description/environment/path.dsv
[3.256s] -- Up-to-date symlink: /home/dingo/turtlebot3_ws/src/install/turtlebot3_description/share/turtlebot3_description/local_setup.bash
[3.257s] -- Up-to-date symlink: /home/dingo/turtlebot3_ws/src/install/turtlebot3_description/share/turtlebot3_description/local_setup.sh
[3.257s] -- Up-to-date symlink: /home/dingo/turtlebot3_ws/src/install/turtlebot3_description/share/turtlebot3_description/local_setup.zsh
[3.258s] -- Up-to-date symlink: /home/dingo/turtlebot3_ws/src/install/turtlebot3_description/share/turtlebot3_description/local_setup.dsv
[3.259s] -- Symlinking: /home/dingo/turtlebot3_ws/src/install/turtlebot3_description/share/turtlebot3_description/package.dsv
[3.306s] -- Up-to-date symlink: /home/dingo/turtlebot3_ws/src/install/turtlebot3_description/share/ament_index/resource_index/packages/turtlebot3_description
[3.310s] -- Up-to-date symlink: /home/dingo/turtlebot3_ws/src/install/turtlebot3_description/share/turtlebot3_description/cmake/turtlebot3_descriptionConfig.cmake
[3.310s] -- Up-to-date symlink: /home/dingo/turtlebot3_ws/src/install/turtlebot3_description/share/turtlebot3_description/cmake/turtlebot3_descriptionConfig-version.cmake
[3.311s] -- Up-to-date symlink: /home/dingo/turtlebot3_ws/src/install/turtlebot3_description/share/turtlebot3_description/package.xml
[3.322s] Invoked command in '/home/dingo/turtlebot3_ws/src/build/turtlebot3_description' returned '0': CMAKE_PREFIX_PATH=${CMAKE_PREFIX_PATH}:/opt/ros/jazzy /usr/bin/cmake --install /home/dingo/turtlebot3_ws/src/build/turtlebot3_description
