[0.438s] DEBUG:colcon:Command line arguments: ['/usr/bin/colcon', 'build', '--symlink-install', '--parallel-workers', '1']
[0.438s] DEBUG:colcon:Parsed command line arguments: Namespace(log_base=None, log_level=None, verb_name='build', build_base='build', install_base='install', merge_install=False, symlink_install=True, test_result_base=None, continue_on_error=False, executor='parallel', parallel_workers=1, event_handlers=None, ignore_user_meta=False, metas=['./colcon.meta'], base_paths=['.'], packages_ignore=None, packages_ignore_regex=None, paths=None, packages_up_to=None, packages_up_to_regex=None, packages_above=None, packages_above_and_dependencies=None, packages_above_depth=None, packages_select_by_dep=None, packages_skip_by_dep=None, packages_skip_up_to=None, packages_select_build_failed=False, packages_skip_build_finished=False, packages_select_test_failures=False, packages_skip_test_passed=False, packages_select=None, packages_skip=None, packages_select_regex=None, packages_skip_regex=None, packages_start=None, packages_end=None, allow_overriding=[], cmake_args=None, cmake_target=None, cmake_target_skip_unavailable=False, cmake_clean_cache=False, cmake_clean_first=False, cmake_force_configure=False, ament_cmake_args=None, catkin_cmake_args=None, catkin_skip_building_tests=False, mixin_files=None, mixin=None, verb_parser=<colcon_mixin.mixin.mixin_argument.MixinArgumentDecorator object at 0xffffb3502930>, verb_extension=<colcon_core.verb.build.BuildVerb object at 0xffffb36aee70>, main=<bound method BuildVerb.main of <colcon_core.verb.build.BuildVerb object at 0xffffb36aee70>>, mixin_verb=('build',))
[0.607s] Level 1:colcon.colcon_core.package_discovery:discover_packages(colcon_meta) check parameters
[0.608s] Level 1:colcon.colcon_core.package_discovery:discover_packages(recursive) check parameters
[0.608s] Level 1:colcon.colcon_core.package_discovery:discover_packages(ignore) check parameters
[0.608s] Level 1:colcon.colcon_core.package_discovery:discover_packages(path) check parameters
[0.608s] Level 1:colcon.colcon_core.package_discovery:discover_packages(colcon_meta) discover
[0.608s] Level 1:colcon.colcon_core.package_discovery:discover_packages(recursive) discover
[0.609s] INFO:colcon.colcon_core.package_discovery:Crawling recursively for packages in '/home/dingo/turtlebot3_ws/src'
[0.609s] Level 1:colcon.colcon_core.package_identification:_identify(.) by extensions ['ignore', 'ignore_ament_install']
[0.609s] Level 1:colcon.colcon_core.package_identification:_identify(.) by extension 'ignore'
[0.609s] Level 1:colcon.colcon_core.package_identification:_identify(.) by extension 'ignore_ament_install'
[0.610s] Level 1:colcon.colcon_core.package_identification:_identify(.) by extensions ['colcon_pkg']
[0.610s] Level 1:colcon.colcon_core.package_identification:_identify(.) by extension 'colcon_pkg'
[0.610s] Level 1:colcon.colcon_core.package_identification:_identify(.) by extensions ['colcon_meta']
[0.610s] Level 1:colcon.colcon_core.package_identification:_identify(.) by extension 'colcon_meta'
[0.610s] Level 1:colcon.colcon_core.package_identification:_identify(.) by extensions ['ros']
[0.610s] Level 1:colcon.colcon_core.package_identification:_identify(.) by extension 'ros'
[0.716s] Level 1:colcon.colcon_core.package_identification:_identify(.) by extensions ['cmake', 'python']
[0.716s] Level 1:colcon.colcon_core.package_identification:_identify(.) by extension 'cmake'
[0.716s] Level 1:colcon.colcon_core.package_identification:_identify(.) by extension 'python'
[0.716s] Level 1:colcon.colcon_core.package_identification:_identify(.) by extensions ['python_setup_py']
[0.716s] Level 1:colcon.colcon_core.package_identification:_identify(.) by extension 'python_setup_py'
[0.717s] Level 1:colcon.colcon_core.package_identification:_identify(build) by extensions ['ignore', 'ignore_ament_install']
[0.717s] Level 1:colcon.colcon_core.package_identification:_identify(build) by extension 'ignore'
[0.717s] Level 1:colcon.colcon_core.package_identification:_identify(build) ignored
[0.718s] Level 1:colcon.colcon_core.package_identification:_identify(install) by extensions ['ignore', 'ignore_ament_install']
[0.718s] Level 1:colcon.colcon_core.package_identification:_identify(install) by extension 'ignore'
[0.718s] Level 1:colcon.colcon_core.package_identification:_identify(install) ignored
[0.719s] Level 1:colcon.colcon_core.package_identification:_identify(ld08_driver) by extensions ['ignore', 'ignore_ament_install']
[0.719s] Level 1:colcon.colcon_core.package_identification:_identify(ld08_driver) by extension 'ignore'
[0.719s] Level 1:colcon.colcon_core.package_identification:_identify(ld08_driver) by extension 'ignore_ament_install'
[0.719s] Level 1:colcon.colcon_core.package_identification:_identify(ld08_driver) by extensions ['colcon_pkg']
[0.720s] Level 1:colcon.colcon_core.package_identification:_identify(ld08_driver) by extension 'colcon_pkg'
[0.720s] Level 1:colcon.colcon_core.package_identification:_identify(ld08_driver) by extensions ['colcon_meta']
[0.720s] Level 1:colcon.colcon_core.package_identification:_identify(ld08_driver) by extension 'colcon_meta'
[0.720s] Level 1:colcon.colcon_core.package_identification:_identify(ld08_driver) by extensions ['ros']
[0.720s] Level 1:colcon.colcon_core.package_identification:_identify(ld08_driver) by extension 'ros'
[0.729s] DEBUG:colcon.colcon_core.package_identification:Package 'ld08_driver' with type 'ros.ament_cmake' and name 'ld08_driver'
[0.730s] Level 1:colcon.colcon_core.package_identification:_identify(log) by extensions ['ignore', 'ignore_ament_install']
[0.730s] Level 1:colcon.colcon_core.package_identification:_identify(log) by extension 'ignore'
[0.731s] Level 1:colcon.colcon_core.package_identification:_identify(log) ignored
[0.731s] Level 1:colcon.colcon_core.package_identification:_identify(turtlebot3) by extensions ['ignore', 'ignore_ament_install']
[0.731s] Level 1:colcon.colcon_core.package_identification:_identify(turtlebot3) by extension 'ignore'
[0.732s] Level 1:colcon.colcon_core.package_identification:_identify(turtlebot3) by extension 'ignore_ament_install'
[0.732s] Level 1:colcon.colcon_core.package_identification:_identify(turtlebot3) by extensions ['colcon_pkg']
[0.732s] Level 1:colcon.colcon_core.package_identification:_identify(turtlebot3) by extension 'colcon_pkg'
[0.732s] Level 1:colcon.colcon_core.package_identification:_identify(turtlebot3) by extensions ['colcon_meta']
[0.732s] Level 1:colcon.colcon_core.package_identification:_identify(turtlebot3) by extension 'colcon_meta'
[0.732s] Level 1:colcon.colcon_core.package_identification:_identify(turtlebot3) by extensions ['ros']
[0.732s] Level 1:colcon.colcon_core.package_identification:_identify(turtlebot3) by extension 'ros'
[0.733s] Level 1:colcon.colcon_core.package_identification:_identify(turtlebot3) by extensions ['cmake', 'python']
[0.733s] Level 1:colcon.colcon_core.package_identification:_identify(turtlebot3) by extension 'cmake'
[0.733s] Level 1:colcon.colcon_core.package_identification:_identify(turtlebot3) by extension 'python'
[0.733s] Level 1:colcon.colcon_core.package_identification:_identify(turtlebot3) by extensions ['python_setup_py']
[0.733s] Level 1:colcon.colcon_core.package_identification:_identify(turtlebot3) by extension 'python_setup_py'
[0.734s] Level 1:colcon.colcon_core.package_identification:_identify(turtlebot3/turtlebot3) by extensions ['ignore', 'ignore_ament_install']
[0.734s] Level 1:colcon.colcon_core.package_identification:_identify(turtlebot3/turtlebot3) by extension 'ignore'
[0.734s] Level 1:colcon.colcon_core.package_identification:_identify(turtlebot3/turtlebot3) by extension 'ignore_ament_install'
[0.734s] Level 1:colcon.colcon_core.package_identification:_identify(turtlebot3/turtlebot3) by extensions ['colcon_pkg']
[0.735s] Level 1:colcon.colcon_core.package_identification:_identify(turtlebot3/turtlebot3) by extension 'colcon_pkg'
[0.735s] Level 1:colcon.colcon_core.package_identification:_identify(turtlebot3/turtlebot3) by extensions ['colcon_meta']
[0.735s] Level 1:colcon.colcon_core.package_identification:_identify(turtlebot3/turtlebot3) by extension 'colcon_meta'
[0.735s] Level 1:colcon.colcon_core.package_identification:_identify(turtlebot3/turtlebot3) by extensions ['ros']
[0.735s] Level 1:colcon.colcon_core.package_identification:_identify(turtlebot3/turtlebot3) by extension 'ros'
[0.737s] DEBUG:colcon.colcon_core.package_identification:Package 'turtlebot3/turtlebot3' with type 'ros.ament_cmake' and name 'turtlebot3'
[0.738s] Level 1:colcon.colcon_core.package_identification:_identify(turtlebot3/turtlebot3_bringup) by extensions ['ignore', 'ignore_ament_install']
[0.738s] Level 1:colcon.colcon_core.package_identification:_identify(turtlebot3/turtlebot3_bringup) by extension 'ignore'
[0.738s] Level 1:colcon.colcon_core.package_identification:_identify(turtlebot3/turtlebot3_bringup) by extension 'ignore_ament_install'
[0.739s] Level 1:colcon.colcon_core.package_identification:_identify(turtlebot3/turtlebot3_bringup) by extensions ['colcon_pkg']
[0.739s] Level 1:colcon.colcon_core.package_identification:_identify(turtlebot3/turtlebot3_bringup) by extension 'colcon_pkg'
[0.739s] Level 1:colcon.colcon_core.package_identification:_identify(turtlebot3/turtlebot3_bringup) by extensions ['colcon_meta']
[0.739s] Level 1:colcon.colcon_core.package_identification:_identify(turtlebot3/turtlebot3_bringup) by extension 'colcon_meta'
[0.739s] Level 1:colcon.colcon_core.package_identification:_identify(turtlebot3/turtlebot3_bringup) by extensions ['ros']
[0.739s] Level 1:colcon.colcon_core.package_identification:_identify(turtlebot3/turtlebot3_bringup) by extension 'ros'
[0.742s] DEBUG:colcon.colcon_core.package_identification:Package 'turtlebot3/turtlebot3_bringup' with type 'ros.ament_cmake' and name 'turtlebot3_bringup'
[0.742s] Level 1:colcon.colcon_core.package_identification:_identify(turtlebot3/turtlebot3_description) by extensions ['ignore', 'ignore_ament_install']
[0.743s] Level 1:colcon.colcon_core.package_identification:_identify(turtlebot3/turtlebot3_description) by extension 'ignore'
[0.743s] Level 1:colcon.colcon_core.package_identification:_identify(turtlebot3/turtlebot3_description) by extension 'ignore_ament_install'
[0.743s] Level 1:colcon.colcon_core.package_identification:_identify(turtlebot3/turtlebot3_description) by extensions ['colcon_pkg']
[0.744s] Level 1:colcon.colcon_core.package_identification:_identify(turtlebot3/turtlebot3_description) by extension 'colcon_pkg'
[0.744s] Level 1:colcon.colcon_core.package_identification:_identify(turtlebot3/turtlebot3_description) by extensions ['colcon_meta']
[0.744s] Level 1:colcon.colcon_core.package_identification:_identify(turtlebot3/turtlebot3_description) by extension 'colcon_meta'
[0.744s] Level 1:colcon.colcon_core.package_identification:_identify(turtlebot3/turtlebot3_description) by extensions ['ros']
[0.744s] Level 1:colcon.colcon_core.package_identification:_identify(turtlebot3/turtlebot3_description) by extension 'ros'
[0.746s] DEBUG:colcon.colcon_core.package_identification:Package 'turtlebot3/turtlebot3_description' with type 'ros.ament_cmake' and name 'turtlebot3_description'
[0.747s] Level 1:colcon.colcon_core.package_identification:_identify(turtlebot3/turtlebot3_example) by extensions ['ignore', 'ignore_ament_install']
[0.747s] Level 1:colcon.colcon_core.package_identification:_identify(turtlebot3/turtlebot3_example) by extension 'ignore'
[0.747s] Level 1:colcon.colcon_core.package_identification:_identify(turtlebot3/turtlebot3_example) by extension 'ignore_ament_install'
[0.748s] Level 1:colcon.colcon_core.package_identification:_identify(turtlebot3/turtlebot3_example) by extensions ['colcon_pkg']
[0.748s] Level 1:colcon.colcon_core.package_identification:_identify(turtlebot3/turtlebot3_example) by extension 'colcon_pkg'
[0.748s] Level 1:colcon.colcon_core.package_identification:_identify(turtlebot3/turtlebot3_example) by extensions ['colcon_meta']
[0.748s] Level 1:colcon.colcon_core.package_identification:_identify(turtlebot3/turtlebot3_example) by extension 'colcon_meta'
[0.748s] Level 1:colcon.colcon_core.package_identification:_identify(turtlebot3/turtlebot3_example) by extensions ['ros']
[0.748s] Level 1:colcon.colcon_core.package_identification:_identify(turtlebot3/turtlebot3_example) by extension 'ros'
[0.752s] DEBUG:colcon.colcon_core.package_identification:Package 'turtlebot3/turtlebot3_example' with type 'ros.ament_python' and name 'turtlebot3_example'
[0.753s] Level 1:colcon.colcon_core.package_identification:_identify(turtlebot3/turtlebot3_node) by extensions ['ignore', 'ignore_ament_install']
[0.753s] Level 1:colcon.colcon_core.package_identification:_identify(turtlebot3/turtlebot3_node) by extension 'ignore'
[0.754s] Level 1:colcon.colcon_core.package_identification:_identify(turtlebot3/turtlebot3_node) by extension 'ignore_ament_install'
[0.754s] Level 1:colcon.colcon_core.package_identification:_identify(turtlebot3/turtlebot3_node) by extensions ['colcon_pkg']
[0.754s] Level 1:colcon.colcon_core.package_identification:_identify(turtlebot3/turtlebot3_node) by extension 'colcon_pkg'
[0.754s] Level 1:colcon.colcon_core.package_identification:_identify(turtlebot3/turtlebot3_node) by extensions ['colcon_meta']
[0.755s] Level 1:colcon.colcon_core.package_identification:_identify(turtlebot3/turtlebot3_node) by extension 'colcon_meta'
[0.755s] Level 1:colcon.colcon_core.package_identification:_identify(turtlebot3/turtlebot3_node) by extensions ['ros']
[0.755s] Level 1:colcon.colcon_core.package_identification:_identify(turtlebot3/turtlebot3_node) by extension 'ros'
[0.761s] DEBUG:colcon.colcon_core.package_identification:Package 'turtlebot3/turtlebot3_node' with type 'ros.ament_cmake' and name 'turtlebot3_node'
[0.762s] Level 1:colcon.colcon_core.package_identification:_identify(turtlebot3/turtlebot3_teleop) by extensions ['ignore', 'ignore_ament_install']
[0.762s] Level 1:colcon.colcon_core.package_identification:_identify(turtlebot3/turtlebot3_teleop) by extension 'ignore'
[0.762s] Level 1:colcon.colcon_core.package_identification:_identify(turtlebot3/turtlebot3_teleop) by extension 'ignore_ament_install'
[0.762s] Level 1:colcon.colcon_core.package_identification:_identify(turtlebot3/turtlebot3_teleop) by extensions ['colcon_pkg']
[0.763s] Level 1:colcon.colcon_core.package_identification:_identify(turtlebot3/turtlebot3_teleop) by extension 'colcon_pkg'
[0.763s] Level 1:colcon.colcon_core.package_identification:_identify(turtlebot3/turtlebot3_teleop) by extensions ['colcon_meta']
[0.763s] Level 1:colcon.colcon_core.package_identification:_identify(turtlebot3/turtlebot3_teleop) by extension 'colcon_meta'
[0.763s] Level 1:colcon.colcon_core.package_identification:_identify(turtlebot3/turtlebot3_teleop) by extensions ['ros']
[0.764s] Level 1:colcon.colcon_core.package_identification:_identify(turtlebot3/turtlebot3_teleop) by extension 'ros'
[0.765s] DEBUG:colcon.colcon_core.package_identification:Package 'turtlebot3/turtlebot3_teleop' with type 'ros.ament_python' and name 'turtlebot3_teleop'
[0.766s] Level 1:colcon.colcon_core.package_discovery:discover_packages(recursive) using defaults
[0.766s] Level 1:colcon.colcon_core.package_discovery:discover_packages(ignore) discover
[0.766s] Level 1:colcon.colcon_core.package_discovery:discover_packages(ignore) using defaults
[0.766s] Level 1:colcon.colcon_core.package_discovery:discover_packages(path) discover
[0.766s] Level 1:colcon.colcon_core.package_discovery:discover_packages(path) using defaults
[0.839s] Level 1:colcon.colcon_core.package_discovery:discover_packages(prefix_path) check parameters
[0.839s] Level 1:colcon.colcon_core.package_discovery:discover_packages(prefix_path) discover
[0.846s] DEBUG:colcon.colcon_installed_package_information.package_discovery:Found 2 installed packages in /home/dingo/turtlebot3_ws/install
[0.854s] DEBUG:colcon.colcon_installed_package_information.package_discovery:Found 194 installed packages in /opt/ros/jazzy
[0.857s] Level 1:colcon.colcon_core.package_discovery:discover_packages(prefix_path) using defaults
[0.989s] Level 5:colcon.colcon_core.verb:set package 'ld08_driver' build argument 'cmake_args' from command line to 'None'
[0.989s] Level 5:colcon.colcon_core.verb:set package 'ld08_driver' build argument 'cmake_target' from command line to 'None'
[0.989s] Level 5:colcon.colcon_core.verb:set package 'ld08_driver' build argument 'cmake_target_skip_unavailable' from command line to 'False'
[0.989s] Level 5:colcon.colcon_core.verb:set package 'ld08_driver' build argument 'cmake_clean_cache' from command line to 'False'
[0.990s] Level 5:colcon.colcon_core.verb:set package 'ld08_driver' build argument 'cmake_clean_first' from command line to 'False'
[0.990s] Level 5:colcon.colcon_core.verb:set package 'ld08_driver' build argument 'cmake_force_configure' from command line to 'False'
[0.990s] Level 5:colcon.colcon_core.verb:set package 'ld08_driver' build argument 'ament_cmake_args' from command line to 'None'
[0.990s] Level 5:colcon.colcon_core.verb:set package 'ld08_driver' build argument 'catkin_cmake_args' from command line to 'None'
[0.990s] Level 5:colcon.colcon_core.verb:set package 'ld08_driver' build argument 'catkin_skip_building_tests' from command line to 'False'
[0.990s] DEBUG:colcon.colcon_core.verb:Building package 'ld08_driver' with the following arguments: {'ament_cmake_args': None, 'build_base': '/home/dingo/turtlebot3_ws/src/build/ld08_driver', 'catkin_cmake_args': None, 'catkin_skip_building_tests': False, 'cmake_args': None, 'cmake_clean_cache': False, 'cmake_clean_first': False, 'cmake_force_configure': False, 'cmake_target': None, 'cmake_target_skip_unavailable': False, 'install_base': '/home/dingo/turtlebot3_ws/src/install/ld08_driver', 'merge_install': False, 'path': '/home/dingo/turtlebot3_ws/src/ld08_driver', 'symlink_install': True, 'test_result_base': None}
[0.991s] Level 5:colcon.colcon_core.verb:set package 'turtlebot3_description' build argument 'cmake_args' from command line to 'None'
[0.991s] Level 5:colcon.colcon_core.verb:set package 'turtlebot3_description' build argument 'cmake_target' from command line to 'None'
[0.992s] Level 5:colcon.colcon_core.verb:set package 'turtlebot3_description' build argument 'cmake_target_skip_unavailable' from command line to 'False'
[0.992s] Level 5:colcon.colcon_core.verb:set package 'turtlebot3_description' build argument 'cmake_clean_cache' from command line to 'False'
[0.992s] Level 5:colcon.colcon_core.verb:set package 'turtlebot3_description' build argument 'cmake_clean_first' from command line to 'False'
[0.992s] Level 5:colcon.colcon_core.verb:set package 'turtlebot3_description' build argument 'cmake_force_configure' from command line to 'False'
[0.992s] Level 5:colcon.colcon_core.verb:set package 'turtlebot3_description' build argument 'ament_cmake_args' from command line to 'None'
[0.992s] Level 5:colcon.colcon_core.verb:set package 'turtlebot3_description' build argument 'catkin_cmake_args' from command line to 'None'
[0.992s] Level 5:colcon.colcon_core.verb:set package 'turtlebot3_description' build argument 'catkin_skip_building_tests' from command line to 'False'
[0.992s] DEBUG:colcon.colcon_core.verb:Building package 'turtlebot3_description' with the following arguments: {'ament_cmake_args': None, 'build_base': '/home/dingo/turtlebot3_ws/src/build/turtlebot3_description', 'catkin_cmake_args': None, 'catkin_skip_building_tests': False, 'cmake_args': None, 'cmake_clean_cache': False, 'cmake_clean_first': False, 'cmake_force_configure': False, 'cmake_target': None, 'cmake_target_skip_unavailable': False, 'install_base': '/home/dingo/turtlebot3_ws/src/install/turtlebot3_description', 'merge_install': False, 'path': '/home/dingo/turtlebot3_ws/src/turtlebot3/turtlebot3_description', 'symlink_install': True, 'test_result_base': None}
[0.993s] Level 5:colcon.colcon_core.verb:set package 'turtlebot3_example' build argument 'cmake_args' from command line to 'None'
[0.993s] Level 5:colcon.colcon_core.verb:set package 'turtlebot3_example' build argument 'cmake_target' from command line to 'None'
[0.994s] Level 5:colcon.colcon_core.verb:set package 'turtlebot3_example' build argument 'cmake_target_skip_unavailable' from command line to 'False'
[0.994s] Level 5:colcon.colcon_core.verb:set package 'turtlebot3_example' build argument 'cmake_clean_cache' from command line to 'False'
[0.994s] Level 5:colcon.colcon_core.verb:set package 'turtlebot3_example' build argument 'cmake_clean_first' from command line to 'False'
[0.994s] Level 5:colcon.colcon_core.verb:set package 'turtlebot3_example' build argument 'cmake_force_configure' from command line to 'False'
[0.994s] Level 5:colcon.colcon_core.verb:set package 'turtlebot3_example' build argument 'ament_cmake_args' from command line to 'None'
[0.994s] Level 5:colcon.colcon_core.verb:set package 'turtlebot3_example' build argument 'catkin_cmake_args' from command line to 'None'
[0.994s] Level 5:colcon.colcon_core.verb:set package 'turtlebot3_example' build argument 'catkin_skip_building_tests' from command line to 'False'
[0.994s] DEBUG:colcon.colcon_core.verb:Building package 'turtlebot3_example' with the following arguments: {'ament_cmake_args': None, 'build_base': '/home/dingo/turtlebot3_ws/src/build/turtlebot3_example', 'catkin_cmake_args': None, 'catkin_skip_building_tests': False, 'cmake_args': None, 'cmake_clean_cache': False, 'cmake_clean_first': False, 'cmake_force_configure': False, 'cmake_target': None, 'cmake_target_skip_unavailable': False, 'install_base': '/home/dingo/turtlebot3_ws/src/install/turtlebot3_example', 'merge_install': False, 'path': '/home/dingo/turtlebot3_ws/src/turtlebot3/turtlebot3_example', 'symlink_install': True, 'test_result_base': None}
[0.995s] Level 5:colcon.colcon_core.verb:set package 'turtlebot3_node' build argument 'cmake_args' from command line to 'None'
[0.996s] Level 5:colcon.colcon_core.verb:set package 'turtlebot3_node' build argument 'cmake_target' from command line to 'None'
[0.996s] Level 5:colcon.colcon_core.verb:set package 'turtlebot3_node' build argument 'cmake_target_skip_unavailable' from command line to 'False'
[0.996s] Level 5:colcon.colcon_core.verb:set package 'turtlebot3_node' build argument 'cmake_clean_cache' from command line to 'False'
[0.996s] Level 5:colcon.colcon_core.verb:set package 'turtlebot3_node' build argument 'cmake_clean_first' from command line to 'False'
[0.996s] Level 5:colcon.colcon_core.verb:set package 'turtlebot3_node' build argument 'cmake_force_configure' from command line to 'False'
[0.996s] Level 5:colcon.colcon_core.verb:set package 'turtlebot3_node' build argument 'ament_cmake_args' from command line to 'None'
[0.996s] Level 5:colcon.colcon_core.verb:set package 'turtlebot3_node' build argument 'catkin_cmake_args' from command line to 'None'
[0.996s] Level 5:colcon.colcon_core.verb:set package 'turtlebot3_node' build argument 'catkin_skip_building_tests' from command line to 'False'
[0.996s] DEBUG:colcon.colcon_core.verb:Building package 'turtlebot3_node' with the following arguments: {'ament_cmake_args': None, 'build_base': '/home/dingo/turtlebot3_ws/src/build/turtlebot3_node', 'catkin_cmake_args': None, 'catkin_skip_building_tests': False, 'cmake_args': None, 'cmake_clean_cache': False, 'cmake_clean_first': False, 'cmake_force_configure': False, 'cmake_target': None, 'cmake_target_skip_unavailable': False, 'install_base': '/home/dingo/turtlebot3_ws/src/install/turtlebot3_node', 'merge_install': False, 'path': '/home/dingo/turtlebot3_ws/src/turtlebot3/turtlebot3_node', 'symlink_install': True, 'test_result_base': None}
[0.997s] Level 5:colcon.colcon_core.verb:set package 'turtlebot3_teleop' build argument 'cmake_args' from command line to 'None'
[0.997s] Level 5:colcon.colcon_core.verb:set package 'turtlebot3_teleop' build argument 'cmake_target' from command line to 'None'
[0.998s] Level 5:colcon.colcon_core.verb:set package 'turtlebot3_teleop' build argument 'cmake_target_skip_unavailable' from command line to 'False'
[0.998s] Level 5:colcon.colcon_core.verb:set package 'turtlebot3_teleop' build argument 'cmake_clean_cache' from command line to 'False'
[0.998s] Level 5:colcon.colcon_core.verb:set package 'turtlebot3_teleop' build argument 'cmake_clean_first' from command line to 'False'
[0.998s] Level 5:colcon.colcon_core.verb:set package 'turtlebot3_teleop' build argument 'cmake_force_configure' from command line to 'False'
[0.998s] Level 5:colcon.colcon_core.verb:set package 'turtlebot3_teleop' build argument 'ament_cmake_args' from command line to 'None'
[0.998s] Level 5:colcon.colcon_core.verb:set package 'turtlebot3_teleop' build argument 'catkin_cmake_args' from command line to 'None'
[0.998s] Level 5:colcon.colcon_core.verb:set package 'turtlebot3_teleop' build argument 'catkin_skip_building_tests' from command line to 'False'
[0.998s] DEBUG:colcon.colcon_core.verb:Building package 'turtlebot3_teleop' with the following arguments: {'ament_cmake_args': None, 'build_base': '/home/dingo/turtlebot3_ws/src/build/turtlebot3_teleop', 'catkin_cmake_args': None, 'catkin_skip_building_tests': False, 'cmake_args': None, 'cmake_clean_cache': False, 'cmake_clean_first': False, 'cmake_force_configure': False, 'cmake_target': None, 'cmake_target_skip_unavailable': False, 'install_base': '/home/dingo/turtlebot3_ws/src/install/turtlebot3_teleop', 'merge_install': False, 'path': '/home/dingo/turtlebot3_ws/src/turtlebot3/turtlebot3_teleop', 'symlink_install': True, 'test_result_base': None}
[0.999s] Level 5:colcon.colcon_core.verb:set package 'turtlebot3_bringup' build argument 'cmake_args' from command line to 'None'
[0.999s] Level 5:colcon.colcon_core.verb:set package 'turtlebot3_bringup' build argument 'cmake_target' from command line to 'None'
[1.000s] Level 5:colcon.colcon_core.verb:set package 'turtlebot3_bringup' build argument 'cmake_target_skip_unavailable' from command line to 'False'
[1.000s] Level 5:colcon.colcon_core.verb:set package 'turtlebot3_bringup' build argument 'cmake_clean_cache' from command line to 'False'
[1.000s] Level 5:colcon.colcon_core.verb:set package 'turtlebot3_bringup' build argument 'cmake_clean_first' from command line to 'False'
[1.000s] Level 5:colcon.colcon_core.verb:set package 'turtlebot3_bringup' build argument 'cmake_force_configure' from command line to 'False'
[1.000s] Level 5:colcon.colcon_core.verb:set package 'turtlebot3_bringup' build argument 'ament_cmake_args' from command line to 'None'
[1.000s] Level 5:colcon.colcon_core.verb:set package 'turtlebot3_bringup' build argument 'catkin_cmake_args' from command line to 'None'
[1.000s] Level 5:colcon.colcon_core.verb:set package 'turtlebot3_bringup' build argument 'catkin_skip_building_tests' from command line to 'False'
[1.000s] DEBUG:colcon.colcon_core.verb:Building package 'turtlebot3_bringup' with the following arguments: {'ament_cmake_args': None, 'build_base': '/home/dingo/turtlebot3_ws/src/build/turtlebot3_bringup', 'catkin_cmake_args': None, 'catkin_skip_building_tests': False, 'cmake_args': None, 'cmake_clean_cache': False, 'cmake_clean_first': False, 'cmake_force_configure': False, 'cmake_target': None, 'cmake_target_skip_unavailable': False, 'install_base': '/home/dingo/turtlebot3_ws/src/install/turtlebot3_bringup', 'merge_install': False, 'path': '/home/dingo/turtlebot3_ws/src/turtlebot3/turtlebot3_bringup', 'symlink_install': True, 'test_result_base': None}
[1.001s] Level 5:colcon.colcon_core.verb:set package 'turtlebot3' build argument 'cmake_args' from command line to 'None'
[1.002s] Level 5:colcon.colcon_core.verb:set package 'turtlebot3' build argument 'cmake_target' from command line to 'None'
[1.002s] Level 5:colcon.colcon_core.verb:set package 'turtlebot3' build argument 'cmake_target_skip_unavailable' from command line to 'False'
[1.002s] Level 5:colcon.colcon_core.verb:set package 'turtlebot3' build argument 'cmake_clean_cache' from command line to 'False'
[1.002s] Level 5:colcon.colcon_core.verb:set package 'turtlebot3' build argument 'cmake_clean_first' from command line to 'False'
[1.002s] Level 5:colcon.colcon_core.verb:set package 'turtlebot3' build argument 'cmake_force_configure' from command line to 'False'
[1.002s] Level 5:colcon.colcon_core.verb:set package 'turtlebot3' build argument 'ament_cmake_args' from command line to 'None'
[1.002s] Level 5:colcon.colcon_core.verb:set package 'turtlebot3' build argument 'catkin_cmake_args' from command line to 'None'
[1.002s] Level 5:colcon.colcon_core.verb:set package 'turtlebot3' build argument 'catkin_skip_building_tests' from command line to 'False'
[1.002s] DEBUG:colcon.colcon_core.verb:Building package 'turtlebot3' with the following arguments: {'ament_cmake_args': None, 'build_base': '/home/dingo/turtlebot3_ws/src/build/turtlebot3', 'catkin_cmake_args': None, 'catkin_skip_building_tests': False, 'cmake_args': None, 'cmake_clean_cache': False, 'cmake_clean_first': False, 'cmake_force_configure': False, 'cmake_target': None, 'cmake_target_skip_unavailable': False, 'install_base': '/home/dingo/turtlebot3_ws/src/install/turtlebot3', 'merge_install': False, 'path': '/home/dingo/turtlebot3_ws/src/turtlebot3/turtlebot3', 'symlink_install': True, 'test_result_base': None}
[1.003s] INFO:colcon.colcon_core.executor:Executing jobs using 'parallel' executor
[1.006s] DEBUG:colcon.colcon_parallel_executor.executor.parallel:run_until_complete
[1.007s] INFO:colcon.colcon_ros.task.ament_cmake.build:Building ROS package in '/home/dingo/turtlebot3_ws/src/turtlebot3/turtlebot3_description' with build type 'ament_cmake'
[1.008s] INFO:colcon.colcon_cmake.task.cmake.build:Building CMake package in '/home/dingo/turtlebot3_ws/src/turtlebot3/turtlebot3_description'
[1.015s] INFO:colcon.colcon_core.plugin_system:Skipping extension 'colcon_core.shell.bat': Not used on non-Windows systems
[1.016s] INFO:colcon.colcon_core.shell:Skip shell extension 'powershell' for command environment: Not usable outside of PowerShell
[1.016s] DEBUG:colcon.colcon_core.shell:Skip shell extension 'dsv' for command environment
[1.052s] DEBUG:colcon.colcon_core.event_handler.log_command:Invoking command in '/home/dingo/turtlebot3_ws/src/build/turtlebot3_description': CMAKE_PREFIX_PATH=${CMAKE_PREFIX_PATH}:/opt/ros/jazzy /usr/bin/cmake --build /home/dingo/turtlebot3_ws/src/build/turtlebot3_description -- -j4 -l4
[1.227s] DEBUG:colcon.colcon_core.event_handler.log_command:Invoked command in '/home/dingo/turtlebot3_ws/src/build/turtlebot3_description' returned '0': CMAKE_PREFIX_PATH=${CMAKE_PREFIX_PATH}:/opt/ros/jazzy /usr/bin/cmake --build /home/dingo/turtlebot3_ws/src/build/turtlebot3_description -- -j4 -l4
[1.270s] DEBUG:colcon.colcon_core.event_handler.log_command:Invoking command in '/home/dingo/turtlebot3_ws/src/build/turtlebot3_description': CMAKE_PREFIX_PATH=${CMAKE_PREFIX_PATH}:/opt/ros/jazzy /usr/bin/cmake --install /home/dingo/turtlebot3_ws/src/build/turtlebot3_description
[1.384s] Level 1:colcon.colcon_core.environment:create_environment_scripts_only(turtlebot3_description)
[1.386s] DEBUG:colcon.colcon_core.event_handler.log_command:Invoked command in '/home/dingo/turtlebot3_ws/src/build/turtlebot3_description' returned '0': CMAKE_PREFIX_PATH=${CMAKE_PREFIX_PATH}:/opt/ros/jazzy /usr/bin/cmake --install /home/dingo/turtlebot3_ws/src/build/turtlebot3_description
[1.394s] Level 1:colcon.colcon_core.environment:checking '/home/dingo/turtlebot3_ws/src/install/turtlebot3_description' for CMake module files
[1.398s] Level 1:colcon.colcon_core.environment:checking '/home/dingo/turtlebot3_ws/src/install/turtlebot3_description' for CMake config files
[1.399s] Level 1:colcon.colcon_core.shell:create_environment_hook('turtlebot3_description', 'cmake_prefix_path')
[1.400s] INFO:colcon.colcon_core.shell:Creating environment hook '/home/dingo/turtlebot3_ws/src/install/turtlebot3_description/share/turtlebot3_description/hook/cmake_prefix_path.ps1'
[1.402s] INFO:colcon.colcon_core.shell:Creating environment descriptor '/home/dingo/turtlebot3_ws/src/install/turtlebot3_description/share/turtlebot3_description/hook/cmake_prefix_path.dsv'
[1.404s] INFO:colcon.colcon_core.shell:Creating environment hook '/home/dingo/turtlebot3_ws/src/install/turtlebot3_description/share/turtlebot3_description/hook/cmake_prefix_path.sh'
[1.408s] Level 1:colcon.colcon_core.environment:checking '/home/dingo/turtlebot3_ws/src/install/turtlebot3_description/bin'
[1.408s] Level 1:colcon.colcon_core.environment:checking '/home/dingo/turtlebot3_ws/src/install/turtlebot3_description/lib/pkgconfig/turtlebot3_description.pc'
[1.409s] Level 1:colcon.colcon_core.environment:checking '/home/dingo/turtlebot3_ws/src/install/turtlebot3_description/lib/python3.12/site-packages'
[1.410s] Level 1:colcon.colcon_core.environment:checking '/home/dingo/turtlebot3_ws/src/install/turtlebot3_description/bin'
[1.411s] INFO:colcon.colcon_core.shell:Creating package script '/home/dingo/turtlebot3_ws/src/install/turtlebot3_description/share/turtlebot3_description/package.ps1'
[1.413s] INFO:colcon.colcon_core.shell:Creating package descriptor '/home/dingo/turtlebot3_ws/src/install/turtlebot3_description/share/turtlebot3_description/package.dsv'
[1.415s] INFO:colcon.colcon_core.shell:Creating package script '/home/dingo/turtlebot3_ws/src/install/turtlebot3_description/share/turtlebot3_description/package.sh'
[1.418s] INFO:colcon.colcon_core.shell:Creating package script '/home/dingo/turtlebot3_ws/src/install/turtlebot3_description/share/turtlebot3_description/package.bash'
[1.420s] INFO:colcon.colcon_core.shell:Creating package script '/home/dingo/turtlebot3_ws/src/install/turtlebot3_description/share/turtlebot3_description/package.zsh'
[1.424s] Level 1:colcon.colcon_core.environment:create_file_with_runtime_dependencies(/home/dingo/turtlebot3_ws/src/install/turtlebot3_description/share/colcon-core/packages/turtlebot3_description)
[1.427s] Level 1:colcon.colcon_core.environment:create_environment_scripts_only(turtlebot3_description)
[1.427s] Level 1:colcon.colcon_core.environment:checking '/home/dingo/turtlebot3_ws/src/install/turtlebot3_description' for CMake module files
[1.430s] Level 1:colcon.colcon_core.environment:checking '/home/dingo/turtlebot3_ws/src/install/turtlebot3_description' for CMake config files
[1.432s] Level 1:colcon.colcon_core.shell:create_environment_hook('turtlebot3_description', 'cmake_prefix_path')
[1.433s] INFO:colcon.colcon_core.shell:Creating environment hook '/home/dingo/turtlebot3_ws/src/install/turtlebot3_description/share/turtlebot3_description/hook/cmake_prefix_path.ps1'
[1.434s] INFO:colcon.colcon_core.shell:Creating environment descriptor '/home/dingo/turtlebot3_ws/src/install/turtlebot3_description/share/turtlebot3_description/hook/cmake_prefix_path.dsv'
[1.436s] INFO:colcon.colcon_core.shell:Creating environment hook '/home/dingo/turtlebot3_ws/src/install/turtlebot3_description/share/turtlebot3_description/hook/cmake_prefix_path.sh'
[1.438s] Level 1:colcon.colcon_core.environment:checking '/home/dingo/turtlebot3_ws/src/install/turtlebot3_description/bin'
[1.439s] Level 1:colcon.colcon_core.environment:checking '/home/dingo/turtlebot3_ws/src/install/turtlebot3_description/lib/pkgconfig/turtlebot3_description.pc'
[1.439s] Level 1:colcon.colcon_core.environment:checking '/home/dingo/turtlebot3_ws/src/install/turtlebot3_description/lib/python3.12/site-packages'
[1.440s] Level 1:colcon.colcon_core.environment:checking '/home/dingo/turtlebot3_ws/src/install/turtlebot3_description/bin'
[1.441s] INFO:colcon.colcon_core.shell:Creating package script '/home/dingo/turtlebot3_ws/src/install/turtlebot3_description/share/turtlebot3_description/package.ps1'
[1.443s] INFO:colcon.colcon_core.shell:Creating package descriptor '/home/dingo/turtlebot3_ws/src/install/turtlebot3_description/share/turtlebot3_description/package.dsv'
[1.445s] INFO:colcon.colcon_core.shell:Creating package script '/home/dingo/turtlebot3_ws/src/install/turtlebot3_description/share/turtlebot3_description/package.sh'
[1.447s] INFO:colcon.colcon_core.shell:Creating package script '/home/dingo/turtlebot3_ws/src/install/turtlebot3_description/share/turtlebot3_description/package.bash'
[1.449s] INFO:colcon.colcon_core.shell:Creating package script '/home/dingo/turtlebot3_ws/src/install/turtlebot3_description/share/turtlebot3_description/package.zsh'
[1.451s] Level 1:colcon.colcon_core.environment:create_file_with_runtime_dependencies(/home/dingo/turtlebot3_ws/src/install/turtlebot3_description/share/colcon-core/packages/turtlebot3_description)
[1.452s] INFO:colcon.colcon_ros.task.ament_cmake.build:Building ROS package in '/home/dingo/turtlebot3_ws/src/turtlebot3/turtlebot3_node' with build type 'ament_cmake'
[1.453s] INFO:colcon.colcon_cmake.task.cmake.build:Building CMake package in '/home/dingo/turtlebot3_ws/src/turtlebot3/turtlebot3_node'
[1.454s] INFO:colcon.colcon_core.shell:Skip shell extension 'powershell' for command environment: Not usable outside of PowerShell
[1.454s] DEBUG:colcon.colcon_core.shell:Skip shell extension 'dsv' for command environment
[1.487s] DEBUG:colcon.colcon_core.event_handler.log_command:Invoking command in '/home/dingo/turtlebot3_ws/src/build/turtlebot3_node': CMAKE_PREFIX_PATH=${CMAKE_PREFIX_PATH}:/opt/ros/jazzy /usr/bin/cmake /home/dingo/turtlebot3_ws/src/turtlebot3/turtlebot3_node -DAMENT_CMAKE_SYMLINK_INSTALL=1 -DCMAKE_INSTALL_PREFIX=/home/dingo/turtlebot3_ws/src/install/turtlebot3_node
[4.912s] DEBUG:colcon.colcon_core.event_handler.log_command:Invoked command in '/home/dingo/turtlebot3_ws/src/build/turtlebot3_node' returned '0': CMAKE_PREFIX_PATH=${CMAKE_PREFIX_PATH}:/opt/ros/jazzy /usr/bin/cmake /home/dingo/turtlebot3_ws/src/turtlebot3/turtlebot3_node -DAMENT_CMAKE_SYMLINK_INSTALL=1 -DCMAKE_INSTALL_PREFIX=/home/dingo/turtlebot3_ws/src/install/turtlebot3_node
[4.917s] DEBUG:colcon.colcon_core.event_handler.log_command:Invoking command in '/home/dingo/turtlebot3_ws/src/build/turtlebot3_node': CMAKE_PREFIX_PATH=${CMAKE_PREFIX_PATH}:/opt/ros/jazzy /usr/bin/cmake --build /home/dingo/turtlebot3_ws/src/build/turtlebot3_node -- -j4 -l4
[138.381s] DEBUG:colcon.colcon_core.event_handler.log_command:Invoked command in '/home/dingo/turtlebot3_ws/src/build/turtlebot3_node' returned '0': CMAKE_PREFIX_PATH=${CMAKE_PREFIX_PATH}:/opt/ros/jazzy /usr/bin/cmake --build /home/dingo/turtlebot3_ws/src/build/turtlebot3_node -- -j4 -l4
[138.390s] DEBUG:colcon.colcon_core.event_handler.log_command:Invoking command in '/home/dingo/turtlebot3_ws/src/build/turtlebot3_node': CMAKE_PREFIX_PATH=${CMAKE_PREFIX_PATH}:/opt/ros/jazzy /usr/bin/cmake --install /home/dingo/turtlebot3_ws/src/build/turtlebot3_node
[139.298s] Level 1:colcon.colcon_core.environment:create_environment_scripts_only(turtlebot3_node)
[139.299s] Level 1:colcon.colcon_core.environment:checking '/home/dingo/turtlebot3_ws/src/install/turtlebot3_node' for CMake module files
[139.299s] DEBUG:colcon.colcon_core.event_handler.log_command:Invoked command in '/home/dingo/turtlebot3_ws/src/build/turtlebot3_node' returned '0': CMAKE_PREFIX_PATH=${CMAKE_PREFIX_PATH}:/opt/ros/jazzy /usr/bin/cmake --install /home/dingo/turtlebot3_ws/src/build/turtlebot3_node
[139.303s] Level 1:colcon.colcon_core.environment:checking '/home/dingo/turtlebot3_ws/src/install/turtlebot3_node' for CMake config files
[139.305s] Level 1:colcon.colcon_core.shell:create_environment_hook('turtlebot3_node', 'cmake_prefix_path')
[139.305s] INFO:colcon.colcon_core.shell:Creating environment hook '/home/dingo/turtlebot3_ws/src/install/turtlebot3_node/share/turtlebot3_node/hook/cmake_prefix_path.ps1'
[139.308s] INFO:colcon.colcon_core.shell:Creating environment descriptor '/home/dingo/turtlebot3_ws/src/install/turtlebot3_node/share/turtlebot3_node/hook/cmake_prefix_path.dsv'
[139.310s] INFO:colcon.colcon_core.shell:Creating environment hook '/home/dingo/turtlebot3_ws/src/install/turtlebot3_node/share/turtlebot3_node/hook/cmake_prefix_path.sh'
[139.312s] Level 1:colcon.colcon_core.environment:checking '/home/dingo/turtlebot3_ws/src/install/turtlebot3_node/lib'
[139.313s] Level 1:colcon.colcon_core.environment:checking '/home/dingo/turtlebot3_ws/src/install/turtlebot3_node/bin'
[139.313s] Level 1:colcon.colcon_core.environment:checking '/home/dingo/turtlebot3_ws/src/install/turtlebot3_node/lib/pkgconfig/turtlebot3_node.pc'
[139.314s] Level 1:colcon.colcon_core.environment:checking '/home/dingo/turtlebot3_ws/src/install/turtlebot3_node/lib/python3.12/site-packages'
[139.315s] Level 1:colcon.colcon_core.environment:checking '/home/dingo/turtlebot3_ws/src/install/turtlebot3_node/bin'
[139.316s] INFO:colcon.colcon_core.shell:Creating package script '/home/dingo/turtlebot3_ws/src/install/turtlebot3_node/share/turtlebot3_node/package.ps1'
[139.318s] INFO:colcon.colcon_core.shell:Creating package descriptor '/home/dingo/turtlebot3_ws/src/install/turtlebot3_node/share/turtlebot3_node/package.dsv'
[139.319s] INFO:colcon.colcon_core.shell:Creating package script '/home/dingo/turtlebot3_ws/src/install/turtlebot3_node/share/turtlebot3_node/package.sh'
[139.321s] INFO:colcon.colcon_core.shell:Creating package script '/home/dingo/turtlebot3_ws/src/install/turtlebot3_node/share/turtlebot3_node/package.bash'
[139.323s] INFO:colcon.colcon_core.shell:Creating package script '/home/dingo/turtlebot3_ws/src/install/turtlebot3_node/share/turtlebot3_node/package.zsh'
[139.324s] Level 1:colcon.colcon_core.environment:create_file_with_runtime_dependencies(/home/dingo/turtlebot3_ws/src/install/turtlebot3_node/share/colcon-core/packages/turtlebot3_node)
[139.327s] Level 1:colcon.colcon_core.environment:create_environment_scripts_only(turtlebot3_node)
[139.328s] Level 1:colcon.colcon_core.environment:checking '/home/dingo/turtlebot3_ws/src/install/turtlebot3_node' for CMake module files
[139.331s] Level 1:colcon.colcon_core.environment:checking '/home/dingo/turtlebot3_ws/src/install/turtlebot3_node' for CMake config files
[139.333s] Level 1:colcon.colcon_core.shell:create_environment_hook('turtlebot3_node', 'cmake_prefix_path')
[139.333s] INFO:colcon.colcon_core.shell:Creating environment hook '/home/dingo/turtlebot3_ws/src/install/turtlebot3_node/share/turtlebot3_node/hook/cmake_prefix_path.ps1'
[139.335s] INFO:colcon.colcon_core.shell:Creating environment descriptor '/home/dingo/turtlebot3_ws/src/install/turtlebot3_node/share/turtlebot3_node/hook/cmake_prefix_path.dsv'
[139.337s] INFO:colcon.colcon_core.shell:Creating environment hook '/home/dingo/turtlebot3_ws/src/install/turtlebot3_node/share/turtlebot3_node/hook/cmake_prefix_path.sh'
[139.339s] Level 1:colcon.colcon_core.environment:checking '/home/dingo/turtlebot3_ws/src/install/turtlebot3_node/lib'
[139.340s] Level 1:colcon.colcon_core.environment:checking '/home/dingo/turtlebot3_ws/src/install/turtlebot3_node/bin'
[139.340s] Level 1:colcon.colcon_core.environment:checking '/home/dingo/turtlebot3_ws/src/install/turtlebot3_node/lib/pkgconfig/turtlebot3_node.pc'
[139.341s] Level 1:colcon.colcon_core.environment:checking '/home/dingo/turtlebot3_ws/src/install/turtlebot3_node/lib/python3.12/site-packages'
[139.341s] Level 1:colcon.colcon_core.environment:checking '/home/dingo/turtlebot3_ws/src/install/turtlebot3_node/bin'
[139.342s] INFO:colcon.colcon_core.shell:Creating package script '/home/dingo/turtlebot3_ws/src/install/turtlebot3_node/share/turtlebot3_node/package.ps1'
[139.344s] INFO:colcon.colcon_core.shell:Creating package descriptor '/home/dingo/turtlebot3_ws/src/install/turtlebot3_node/share/turtlebot3_node/package.dsv'
[139.346s] INFO:colcon.colcon_core.shell:Creating package script '/home/dingo/turtlebot3_ws/src/install/turtlebot3_node/share/turtlebot3_node/package.sh'
[139.351s] INFO:colcon.colcon_core.shell:Creating package script '/home/dingo/turtlebot3_ws/src/install/turtlebot3_node/share/turtlebot3_node/package.bash'
[139.353s] INFO:colcon.colcon_core.shell:Creating package script '/home/dingo/turtlebot3_ws/src/install/turtlebot3_node/share/turtlebot3_node/package.zsh'
[139.354s] Level 1:colcon.colcon_core.environment:create_file_with_runtime_dependencies(/home/dingo/turtlebot3_ws/src/install/turtlebot3_node/share/colcon-core/packages/turtlebot3_node)
[139.358s] INFO:colcon.colcon_ros.task.ament_python.build:Building ROS package in '/home/dingo/turtlebot3_ws/src/turtlebot3/turtlebot3_example' with build type 'ament_python'
[139.359s] Level 1:colcon.colcon_core.shell:create_environment_hook('turtlebot3_example', 'ament_prefix_path')
[139.360s] INFO:colcon.colcon_core.shell:Creating environment hook '/home/dingo/turtlebot3_ws/src/install/turtlebot3_example/share/turtlebot3_example/hook/ament_prefix_path.ps1'
[139.363s] INFO:colcon.colcon_core.shell:Creating environment descriptor '/home/dingo/turtlebot3_ws/src/install/turtlebot3_example/share/turtlebot3_example/hook/ament_prefix_path.dsv'
[139.364s] INFO:colcon.colcon_core.shell:Creating environment hook '/home/dingo/turtlebot3_ws/src/install/turtlebot3_example/share/turtlebot3_example/hook/ament_prefix_path.sh'
[139.366s] INFO:colcon.colcon_core.shell:Skip shell extension 'powershell' for command environment: Not usable outside of PowerShell
[139.367s] DEBUG:colcon.colcon_core.shell:Skip shell extension 'dsv' for command environment
[140.473s] INFO:colcon.colcon_core.task.python.build:Building Python package in '/home/dingo/turtlebot3_ws/src/turtlebot3/turtlebot3_example'
[140.473s] INFO:colcon.colcon_core.shell:Skip shell extension 'powershell' for command environment: Not usable outside of PowerShell
[140.474s] DEBUG:colcon.colcon_core.shell:Skip shell extension 'dsv' for command environment
[143.291s] DEBUG:colcon.colcon_core.event_handler.log_command:Invoking command in '/home/dingo/turtlebot3_ws/src/build/turtlebot3_example': PYTHONPATH=/home/dingo/turtlebot3_ws/src/build/turtlebot3_example/prefix_override:/usr/lib/python3/dist-packages/colcon_core/task/python/colcon_distutils_commands:/home/dingo/turtlebot3_ws/src/install/turtlebot3_example/lib/python3.12/site-packages:${PYTHONPATH} /usr/bin/python3 -W ignore:setup.py install is deprecated -W ignore:easy_install command is deprecated setup.py develop --editable --build-directory /home/dingo/turtlebot3_ws/src/build/turtlebot3_example/build --no-deps symlink_data
[145.781s] Level 1:colcon.colcon_core.shell:create_environment_hook('turtlebot3_example', 'pythonpath_develop')
[145.782s] INFO:colcon.colcon_core.shell:Creating environment hook '/home/dingo/turtlebot3_ws/src/build/turtlebot3_example/share/turtlebot3_example/hook/pythonpath_develop.ps1'
[145.783s] DEBUG:colcon.colcon_core.event_handler.log_command:Invoked command in '/home/dingo/turtlebot3_ws/src/build/turtlebot3_example' returned '0': PYTHONPATH=/home/dingo/turtlebot3_ws/src/build/turtlebot3_example/prefix_override:/usr/lib/python3/dist-packages/colcon_core/task/python/colcon_distutils_commands:/home/dingo/turtlebot3_ws/src/install/turtlebot3_example/lib/python3.12/site-packages:${PYTHONPATH} /usr/bin/python3 -W ignore:setup.py install is deprecated -W ignore:easy_install command is deprecated setup.py develop --editable --build-directory /home/dingo/turtlebot3_ws/src/build/turtlebot3_example/build --no-deps symlink_data
[145.785s] INFO:colcon.colcon_core.shell:Creating environment descriptor '/home/dingo/turtlebot3_ws/src/build/turtlebot3_example/share/turtlebot3_example/hook/pythonpath_develop.dsv'
[145.786s] INFO:colcon.colcon_core.shell:Creating environment hook '/home/dingo/turtlebot3_ws/src/build/turtlebot3_example/share/turtlebot3_example/hook/pythonpath_develop.sh'
[145.788s] Level 1:colcon.colcon_core.environment:checking '/home/dingo/turtlebot3_ws/src/install/turtlebot3_example' for CMake module files
[145.791s] Level 1:colcon.colcon_core.environment:checking '/home/dingo/turtlebot3_ws/src/install/turtlebot3_example' for CMake config files
[145.793s] Level 1:colcon.colcon_core.environment:checking '/home/dingo/turtlebot3_ws/src/install/turtlebot3_example/lib'
[145.794s] Level 1:colcon.colcon_core.environment:checking '/home/dingo/turtlebot3_ws/src/install/turtlebot3_example/bin'
[145.794s] Level 1:colcon.colcon_core.environment:checking '/home/dingo/turtlebot3_ws/src/install/turtlebot3_example/lib/pkgconfig/turtlebot3_example.pc'
[145.795s] Level 1:colcon.colcon_core.environment:checking '/home/dingo/turtlebot3_ws/src/install/turtlebot3_example/lib/python3.12/site-packages'
[145.795s] Level 1:colcon.colcon_core.shell:create_environment_hook('turtlebot3_example', 'pythonpath')
[145.796s] INFO:colcon.colcon_core.shell:Creating environment hook '/home/dingo/turtlebot3_ws/src/install/turtlebot3_example/share/turtlebot3_example/hook/pythonpath.ps1'
[145.798s] INFO:colcon.colcon_core.shell:Creating environment descriptor '/home/dingo/turtlebot3_ws/src/install/turtlebot3_example/share/turtlebot3_example/hook/pythonpath.dsv'
[145.799s] INFO:colcon.colcon_core.shell:Creating environment hook '/home/dingo/turtlebot3_ws/src/install/turtlebot3_example/share/turtlebot3_example/hook/pythonpath.sh'
[145.801s] Level 1:colcon.colcon_core.environment:checking '/home/dingo/turtlebot3_ws/src/install/turtlebot3_example/bin'
[145.801s] Level 1:colcon.colcon_core.environment:create_environment_scripts_only(turtlebot3_example)
[145.802s] INFO:colcon.colcon_core.shell:Creating package script '/home/dingo/turtlebot3_ws/src/install/turtlebot3_example/share/turtlebot3_example/package.ps1'
[145.804s] INFO:colcon.colcon_core.shell:Creating package descriptor '/home/dingo/turtlebot3_ws/src/install/turtlebot3_example/share/turtlebot3_example/package.dsv'
[145.806s] INFO:colcon.colcon_core.shell:Creating package script '/home/dingo/turtlebot3_ws/src/install/turtlebot3_example/share/turtlebot3_example/package.sh'
[145.808s] INFO:colcon.colcon_core.shell:Creating package script '/home/dingo/turtlebot3_ws/src/install/turtlebot3_example/share/turtlebot3_example/package.bash'
[145.809s] INFO:colcon.colcon_core.shell:Creating package script '/home/dingo/turtlebot3_ws/src/install/turtlebot3_example/share/turtlebot3_example/package.zsh'
[145.810s] Level 1:colcon.colcon_core.environment:create_file_with_runtime_dependencies(/home/dingo/turtlebot3_ws/src/install/turtlebot3_example/share/colcon-core/packages/turtlebot3_example)
[145.812s] INFO:colcon.colcon_ros.task.ament_python.build:Building ROS package in '/home/dingo/turtlebot3_ws/src/turtlebot3/turtlebot3_teleop' with build type 'ament_python'
[145.813s] Level 1:colcon.colcon_core.shell:create_environment_hook('turtlebot3_teleop', 'ament_prefix_path')
[145.814s] INFO:colcon.colcon_core.shell:Creating environment hook '/home/dingo/turtlebot3_ws/src/install/turtlebot3_teleop/share/turtlebot3_teleop/hook/ament_prefix_path.ps1'
[145.817s] INFO:colcon.colcon_core.shell:Creating environment descriptor '/home/dingo/turtlebot3_ws/src/install/turtlebot3_teleop/share/turtlebot3_teleop/hook/ament_prefix_path.dsv'
[145.818s] INFO:colcon.colcon_core.shell:Creating environment hook '/home/dingo/turtlebot3_ws/src/install/turtlebot3_teleop/share/turtlebot3_teleop/hook/ament_prefix_path.sh'
[145.820s] INFO:colcon.colcon_core.shell:Skip shell extension 'powershell' for command environment: Not usable outside of PowerShell
[145.820s] DEBUG:colcon.colcon_core.shell:Skip shell extension 'dsv' for command environment
[146.689s] INFO:colcon.colcon_core.task.python.build:Building Python package in '/home/dingo/turtlebot3_ws/src/turtlebot3/turtlebot3_teleop'
[146.690s] INFO:colcon.colcon_core.shell:Skip shell extension 'powershell' for command environment: Not usable outside of PowerShell
[146.690s] DEBUG:colcon.colcon_core.shell:Skip shell extension 'dsv' for command environment
[148.919s] DEBUG:colcon.colcon_core.event_handler.log_command:Invoking command in '/home/dingo/turtlebot3_ws/src/build/turtlebot3_teleop': PYTHONPATH=/home/dingo/turtlebot3_ws/src/build/turtlebot3_teleop/prefix_override:/usr/lib/python3/dist-packages/colcon_core/task/python/colcon_distutils_commands:/home/dingo/turtlebot3_ws/src/install/turtlebot3_teleop/lib/python3.12/site-packages:${PYTHONPATH} /usr/bin/python3 -W ignore:setup.py install is deprecated -W ignore:easy_install command is deprecated setup.py develop --editable --build-directory /home/dingo/turtlebot3_ws/src/build/turtlebot3_teleop/build --no-deps symlink_data
[151.406s] Level 1:colcon.colcon_core.shell:create_environment_hook('turtlebot3_teleop', 'pythonpath_develop')
[151.407s] INFO:colcon.colcon_core.shell:Creating environment hook '/home/dingo/turtlebot3_ws/src/build/turtlebot3_teleop/share/turtlebot3_teleop/hook/pythonpath_develop.ps1'
[151.408s] DEBUG:colcon.colcon_core.event_handler.log_command:Invoked command in '/home/dingo/turtlebot3_ws/src/build/turtlebot3_teleop' returned '0': PYTHONPATH=/home/dingo/turtlebot3_ws/src/build/turtlebot3_teleop/prefix_override:/usr/lib/python3/dist-packages/colcon_core/task/python/colcon_distutils_commands:/home/dingo/turtlebot3_ws/src/install/turtlebot3_teleop/lib/python3.12/site-packages:${PYTHONPATH} /usr/bin/python3 -W ignore:setup.py install is deprecated -W ignore:easy_install command is deprecated setup.py develop --editable --build-directory /home/dingo/turtlebot3_ws/src/build/turtlebot3_teleop/build --no-deps symlink_data
[151.410s] INFO:colcon.colcon_core.shell:Creating environment descriptor '/home/dingo/turtlebot3_ws/src/build/turtlebot3_teleop/share/turtlebot3_teleop/hook/pythonpath_develop.dsv'
[151.411s] INFO:colcon.colcon_core.shell:Creating environment hook '/home/dingo/turtlebot3_ws/src/build/turtlebot3_teleop/share/turtlebot3_teleop/hook/pythonpath_develop.sh'
[151.413s] Level 1:colcon.colcon_core.environment:checking '/home/dingo/turtlebot3_ws/src/install/turtlebot3_teleop' for CMake module files
[151.416s] Level 1:colcon.colcon_core.environment:checking '/home/dingo/turtlebot3_ws/src/install/turtlebot3_teleop' for CMake config files
[151.418s] Level 1:colcon.colcon_core.environment:checking '/home/dingo/turtlebot3_ws/src/install/turtlebot3_teleop/lib'
[151.419s] Level 1:colcon.colcon_core.environment:checking '/home/dingo/turtlebot3_ws/src/install/turtlebot3_teleop/bin'
[151.419s] Level 1:colcon.colcon_core.environment:checking '/home/dingo/turtlebot3_ws/src/install/turtlebot3_teleop/lib/pkgconfig/turtlebot3_teleop.pc'
[151.420s] Level 1:colcon.colcon_core.environment:checking '/home/dingo/turtlebot3_ws/src/install/turtlebot3_teleop/lib/python3.12/site-packages'
[151.420s] Level 1:colcon.colcon_core.shell:create_environment_hook('turtlebot3_teleop', 'pythonpath')
[151.421s] INFO:colcon.colcon_core.shell:Creating environment hook '/home/dingo/turtlebot3_ws/src/install/turtlebot3_teleop/share/turtlebot3_teleop/hook/pythonpath.ps1'
[151.422s] INFO:colcon.colcon_core.shell:Creating environment descriptor '/home/dingo/turtlebot3_ws/src/install/turtlebot3_teleop/share/turtlebot3_teleop/hook/pythonpath.dsv'
[151.424s] INFO:colcon.colcon_core.shell:Creating environment hook '/home/dingo/turtlebot3_ws/src/install/turtlebot3_teleop/share/turtlebot3_teleop/hook/pythonpath.sh'
[151.426s] Level 1:colcon.colcon_core.environment:checking '/home/dingo/turtlebot3_ws/src/install/turtlebot3_teleop/bin'
[151.426s] Level 1:colcon.colcon_core.environment:create_environment_scripts_only(turtlebot3_teleop)
[151.427s] INFO:colcon.colcon_core.shell:Creating package script '/home/dingo/turtlebot3_ws/src/install/turtlebot3_teleop/share/turtlebot3_teleop/package.ps1'
[151.429s] INFO:colcon.colcon_core.shell:Creating package descriptor '/home/dingo/turtlebot3_ws/src/install/turtlebot3_teleop/share/turtlebot3_teleop/package.dsv'
[151.431s] INFO:colcon.colcon_core.shell:Creating package script '/home/dingo/turtlebot3_ws/src/install/turtlebot3_teleop/share/turtlebot3_teleop/package.sh'
[151.433s] INFO:colcon.colcon_core.shell:Creating package script '/home/dingo/turtlebot3_ws/src/install/turtlebot3_teleop/share/turtlebot3_teleop/package.bash'
[151.434s] INFO:colcon.colcon_core.shell:Creating package script '/home/dingo/turtlebot3_ws/src/install/turtlebot3_teleop/share/turtlebot3_teleop/package.zsh'
[151.435s] Level 1:colcon.colcon_core.environment:create_file_with_runtime_dependencies(/home/dingo/turtlebot3_ws/src/install/turtlebot3_teleop/share/colcon-core/packages/turtlebot3_teleop)
[151.437s] INFO:colcon.colcon_ros.task.ament_cmake.build:Building ROS package in '/home/dingo/turtlebot3_ws/src/turtlebot3/turtlebot3_bringup' with build type 'ament_cmake'
[151.438s] INFO:colcon.colcon_cmake.task.cmake.build:Building CMake package in '/home/dingo/turtlebot3_ws/src/turtlebot3/turtlebot3_bringup'
[151.438s] INFO:colcon.colcon_core.shell:Skip shell extension 'powershell' for command environment: Not usable outside of PowerShell
[151.438s] DEBUG:colcon.colcon_core.shell:Skip shell extension 'dsv' for command environment
[151.479s] DEBUG:colcon.colcon_core.event_handler.log_command:Invoking command in '/home/dingo/turtlebot3_ws/src/build/turtlebot3_bringup': AMENT_PREFIX_PATH=/home/dingo/turtlebot3_ws/src/install/turtlebot3_node:/home/dingo/turtlebot3_ws/src/install/turtlebot3_description:${AMENT_PREFIX_PATH} CMAKE_PREFIX_PATH=/home/dingo/turtlebot3_ws/src/install/turtlebot3_node:/home/dingo/turtlebot3_ws/src/install/turtlebot3_description:/home/dingo/turtlebot3_ws/install/turtlebot3_description:/opt/ros/jazzy /usr/bin/cmake /home/dingo/turtlebot3_ws/src/turtlebot3/turtlebot3_bringup -DAMENT_CMAKE_SYMLINK_INSTALL=1 -DCMAKE_INSTALL_PREFIX=/home/dingo/turtlebot3_ws/src/install/turtlebot3_bringup
[154.859s] DEBUG:colcon.colcon_core.event_handler.log_command:Invoked command in '/home/dingo/turtlebot3_ws/src/build/turtlebot3_bringup' returned '0': AMENT_PREFIX_PATH=/home/dingo/turtlebot3_ws/src/install/turtlebot3_node:/home/dingo/turtlebot3_ws/src/install/turtlebot3_description:${AMENT_PREFIX_PATH} CMAKE_PREFIX_PATH=/home/dingo/turtlebot3_ws/src/install/turtlebot3_node:/home/dingo/turtlebot3_ws/src/install/turtlebot3_description:/home/dingo/turtlebot3_ws/install/turtlebot3_description:/opt/ros/jazzy /usr/bin/cmake /home/dingo/turtlebot3_ws/src/turtlebot3/turtlebot3_bringup -DAMENT_CMAKE_SYMLINK_INSTALL=1 -DCMAKE_INSTALL_PREFIX=/home/dingo/turtlebot3_ws/src/install/turtlebot3_bringup
[154.864s] DEBUG:colcon.colcon_core.event_handler.log_command:Invoking command in '/home/dingo/turtlebot3_ws/src/build/turtlebot3_bringup': AMENT_PREFIX_PATH=/home/dingo/turtlebot3_ws/src/install/turtlebot3_node:/home/dingo/turtlebot3_ws/src/install/turtlebot3_description:${AMENT_PREFIX_PATH} CMAKE_PREFIX_PATH=/home/dingo/turtlebot3_ws/src/install/turtlebot3_node:/home/dingo/turtlebot3_ws/src/install/turtlebot3_description:/home/dingo/turtlebot3_ws/install/turtlebot3_description:/opt/ros/jazzy /usr/bin/cmake --build /home/dingo/turtlebot3_ws/src/build/turtlebot3_bringup -- -j4 -l4
[155.037s] DEBUG:colcon.colcon_core.event_handler.log_command:Invoked command in '/home/dingo/turtlebot3_ws/src/build/turtlebot3_bringup' returned '0': AMENT_PREFIX_PATH=/home/dingo/turtlebot3_ws/src/install/turtlebot3_node:/home/dingo/turtlebot3_ws/src/install/turtlebot3_description:${AMENT_PREFIX_PATH} CMAKE_PREFIX_PATH=/home/dingo/turtlebot3_ws/src/install/turtlebot3_node:/home/dingo/turtlebot3_ws/src/install/turtlebot3_description:/home/dingo/turtlebot3_ws/install/turtlebot3_description:/opt/ros/jazzy /usr/bin/cmake --build /home/dingo/turtlebot3_ws/src/build/turtlebot3_bringup -- -j4 -l4
[155.042s] DEBUG:colcon.colcon_core.event_handler.log_command:Invoking command in '/home/dingo/turtlebot3_ws/src/build/turtlebot3_bringup': AMENT_PREFIX_PATH=/home/dingo/turtlebot3_ws/src/install/turtlebot3_node:/home/dingo/turtlebot3_ws/src/install/turtlebot3_description:${AMENT_PREFIX_PATH} CMAKE_PREFIX_PATH=/home/dingo/turtlebot3_ws/src/install/turtlebot3_node:/home/dingo/turtlebot3_ws/src/install/turtlebot3_description:/home/dingo/turtlebot3_ws/install/turtlebot3_description:/opt/ros/jazzy /usr/bin/cmake --install /home/dingo/turtlebot3_ws/src/build/turtlebot3_bringup
[156.196s] Level 1:colcon.colcon_core.environment:create_environment_scripts_only(turtlebot3_bringup)
[156.197s] Level 1:colcon.colcon_core.environment:checking '/home/dingo/turtlebot3_ws/src/install/turtlebot3_bringup' for CMake module files
[156.198s] DEBUG:colcon.colcon_core.event_handler.log_command:Invoked command in '/home/dingo/turtlebot3_ws/src/build/turtlebot3_bringup' returned '0': AMENT_PREFIX_PATH=/home/dingo/turtlebot3_ws/src/install/turtlebot3_node:/home/dingo/turtlebot3_ws/src/install/turtlebot3_description:${AMENT_PREFIX_PATH} CMAKE_PREFIX_PATH=/home/dingo/turtlebot3_ws/src/install/turtlebot3_node:/home/dingo/turtlebot3_ws/src/install/turtlebot3_description:/home/dingo/turtlebot3_ws/install/turtlebot3_description:/opt/ros/jazzy /usr/bin/cmake --install /home/dingo/turtlebot3_ws/src/build/turtlebot3_bringup
[156.201s] Level 1:colcon.colcon_core.environment:checking '/home/dingo/turtlebot3_ws/src/install/turtlebot3_bringup' for CMake config files
[156.202s] Level 1:colcon.colcon_core.shell:create_environment_hook('turtlebot3_bringup', 'cmake_prefix_path')
[156.203s] INFO:colcon.colcon_core.shell:Creating environment hook '/home/dingo/turtlebot3_ws/src/install/turtlebot3_bringup/share/turtlebot3_bringup/hook/cmake_prefix_path.ps1'
[156.205s] INFO:colcon.colcon_core.shell:Creating environment descriptor '/home/dingo/turtlebot3_ws/src/install/turtlebot3_bringup/share/turtlebot3_bringup/hook/cmake_prefix_path.dsv'
[156.206s] INFO:colcon.colcon_core.shell:Creating environment hook '/home/dingo/turtlebot3_ws/src/install/turtlebot3_bringup/share/turtlebot3_bringup/hook/cmake_prefix_path.sh'
[156.209s] Level 1:colcon.colcon_core.environment:checking '/home/dingo/turtlebot3_ws/src/install/turtlebot3_bringup/bin'
[156.209s] Level 1:colcon.colcon_core.environment:checking '/home/dingo/turtlebot3_ws/src/install/turtlebot3_bringup/lib/pkgconfig/turtlebot3_bringup.pc'
[156.210s] Level 1:colcon.colcon_core.environment:checking '/home/dingo/turtlebot3_ws/src/install/turtlebot3_bringup/lib/python3.12/site-packages'
[156.210s] Level 1:colcon.colcon_core.environment:checking '/home/dingo/turtlebot3_ws/src/install/turtlebot3_bringup/bin'
[156.211s] INFO:colcon.colcon_core.shell:Creating package script '/home/dingo/turtlebot3_ws/src/install/turtlebot3_bringup/share/turtlebot3_bringup/package.ps1'
[156.213s] INFO:colcon.colcon_core.shell:Creating package descriptor '/home/dingo/turtlebot3_ws/src/install/turtlebot3_bringup/share/turtlebot3_bringup/package.dsv'
[156.215s] INFO:colcon.colcon_core.shell:Creating package script '/home/dingo/turtlebot3_ws/src/install/turtlebot3_bringup/share/turtlebot3_bringup/package.sh'
[156.216s] INFO:colcon.colcon_core.shell:Creating package script '/home/dingo/turtlebot3_ws/src/install/turtlebot3_bringup/share/turtlebot3_bringup/package.bash'
[156.218s] INFO:colcon.colcon_core.shell:Creating package script '/home/dingo/turtlebot3_ws/src/install/turtlebot3_bringup/share/turtlebot3_bringup/package.zsh'
[156.219s] Level 1:colcon.colcon_core.environment:create_file_with_runtime_dependencies(/home/dingo/turtlebot3_ws/src/install/turtlebot3_bringup/share/colcon-core/packages/turtlebot3_bringup)
[156.221s] Level 1:colcon.colcon_core.environment:create_environment_scripts_only(turtlebot3_bringup)
[156.222s] Level 1:colcon.colcon_core.environment:checking '/home/dingo/turtlebot3_ws/src/install/turtlebot3_bringup' for CMake module files
[156.225s] Level 1:colcon.colcon_core.environment:checking '/home/dingo/turtlebot3_ws/src/install/turtlebot3_bringup' for CMake config files
[156.226s] Level 1:colcon.colcon_core.shell:create_environment_hook('turtlebot3_bringup', 'cmake_prefix_path')
[156.227s] INFO:colcon.colcon_core.shell:Creating environment hook '/home/dingo/turtlebot3_ws/src/install/turtlebot3_bringup/share/turtlebot3_bringup/hook/cmake_prefix_path.ps1'
[156.229s] INFO:colcon.colcon_core.shell:Creating environment descriptor '/home/dingo/turtlebot3_ws/src/install/turtlebot3_bringup/share/turtlebot3_bringup/hook/cmake_prefix_path.dsv'
[156.230s] INFO:colcon.colcon_core.shell:Creating environment hook '/home/dingo/turtlebot3_ws/src/install/turtlebot3_bringup/share/turtlebot3_bringup/hook/cmake_prefix_path.sh'
[156.233s] Level 1:colcon.colcon_core.environment:checking '/home/dingo/turtlebot3_ws/src/install/turtlebot3_bringup/bin'
[156.233s] Level 1:colcon.colcon_core.environment:checking '/home/dingo/turtlebot3_ws/src/install/turtlebot3_bringup/lib/pkgconfig/turtlebot3_bringup.pc'
[156.234s] Level 1:colcon.colcon_core.environment:checking '/home/dingo/turtlebot3_ws/src/install/turtlebot3_bringup/lib/python3.12/site-packages'
[156.235s] Level 1:colcon.colcon_core.environment:checking '/home/dingo/turtlebot3_ws/src/install/turtlebot3_bringup/bin'
[156.235s] INFO:colcon.colcon_core.shell:Creating package script '/home/dingo/turtlebot3_ws/src/install/turtlebot3_bringup/share/turtlebot3_bringup/package.ps1'
[156.238s] INFO:colcon.colcon_core.shell:Creating package descriptor '/home/dingo/turtlebot3_ws/src/install/turtlebot3_bringup/share/turtlebot3_bringup/package.dsv'
[156.239s] INFO:colcon.colcon_core.shell:Creating package script '/home/dingo/turtlebot3_ws/src/install/turtlebot3_bringup/share/turtlebot3_bringup/package.sh'
[156.241s] INFO:colcon.colcon_core.shell:Creating package script '/home/dingo/turtlebot3_ws/src/install/turtlebot3_bringup/share/turtlebot3_bringup/package.bash'
[156.243s] INFO:colcon.colcon_core.shell:Creating package script '/home/dingo/turtlebot3_ws/src/install/turtlebot3_bringup/share/turtlebot3_bringup/package.zsh'
[156.245s] Level 1:colcon.colcon_core.environment:create_file_with_runtime_dependencies(/home/dingo/turtlebot3_ws/src/install/turtlebot3_bringup/share/colcon-core/packages/turtlebot3_bringup)
[156.247s] INFO:colcon.colcon_ros.task.ament_cmake.build:Building ROS package in '/home/dingo/turtlebot3_ws/src/ld08_driver' with build type 'ament_cmake'
[156.248s] INFO:colcon.colcon_cmake.task.cmake.build:Building CMake package in '/home/dingo/turtlebot3_ws/src/ld08_driver'
[156.248s] INFO:colcon.colcon_core.shell:Skip shell extension 'powershell' for command environment: Not usable outside of PowerShell
[156.249s] DEBUG:colcon.colcon_core.shell:Skip shell extension 'dsv' for command environment
[156.280s] DEBUG:colcon.colcon_core.event_handler.log_command:Invoking command in '/home/dingo/turtlebot3_ws/src/build/ld08_driver': CMAKE_PREFIX_PATH=${CMAKE_PREFIX_PATH}:/opt/ros/jazzy /usr/bin/cmake /home/dingo/turtlebot3_ws/src/ld08_driver -DAMENT_CMAKE_SYMLINK_INSTALL=1 -DCMAKE_INSTALL_PREFIX=/home/dingo/turtlebot3_ws/src/install/ld08_driver
[161.855s] DEBUG:colcon.colcon_core.event_handler.log_command:Invoked command in '/home/dingo/turtlebot3_ws/src/build/ld08_driver' returned '0': CMAKE_PREFIX_PATH=${CMAKE_PREFIX_PATH}:/opt/ros/jazzy /usr/bin/cmake /home/dingo/turtlebot3_ws/src/ld08_driver -DAMENT_CMAKE_SYMLINK_INSTALL=1 -DCMAKE_INSTALL_PREFIX=/home/dingo/turtlebot3_ws/src/install/ld08_driver
[161.860s] DEBUG:colcon.colcon_core.event_handler.log_command:Invoking command in '/home/dingo/turtlebot3_ws/src/build/ld08_driver': CMAKE_PREFIX_PATH=${CMAKE_PREFIX_PATH}:/opt/ros/jazzy /usr/bin/cmake --build /home/dingo/turtlebot3_ws/src/build/ld08_driver -- -j4 -l4
[189.198s] DEBUG:colcon.colcon_core.event_handler.log_command:Invoked command in '/home/dingo/turtlebot3_ws/src/build/ld08_driver' returned '0': CMAKE_PREFIX_PATH=${CMAKE_PREFIX_PATH}:/opt/ros/jazzy /usr/bin/cmake --build /home/dingo/turtlebot3_ws/src/build/ld08_driver -- -j4 -l4
[189.203s] DEBUG:colcon.colcon_core.event_handler.log_command:Invoking command in '/home/dingo/turtlebot3_ws/src/build/ld08_driver': CMAKE_PREFIX_PATH=${CMAKE_PREFIX_PATH}:/opt/ros/jazzy /usr/bin/cmake --install /home/dingo/turtlebot3_ws/src/build/ld08_driver
[190.024s] Level 1:colcon.colcon_core.environment:create_environment_scripts_only(ld08_driver)
[190.025s] Level 1:colcon.colcon_core.environment:checking '/home/dingo/turtlebot3_ws/src/install/ld08_driver' for CMake module files
[190.026s] DEBUG:colcon.colcon_core.event_handler.log_command:Invoked command in '/home/dingo/turtlebot3_ws/src/build/ld08_driver' returned '0': CMAKE_PREFIX_PATH=${CMAKE_PREFIX_PATH}:/opt/ros/jazzy /usr/bin/cmake --install /home/dingo/turtlebot3_ws/src/build/ld08_driver
[190.029s] Level 1:colcon.colcon_core.environment:checking '/home/dingo/turtlebot3_ws/src/install/ld08_driver' for CMake config files
[190.030s] Level 1:colcon.colcon_core.shell:create_environment_hook('ld08_driver', 'cmake_prefix_path')
[190.031s] INFO:colcon.colcon_core.shell:Creating environment hook '/home/dingo/turtlebot3_ws/src/install/ld08_driver/share/ld08_driver/hook/cmake_prefix_path.ps1'
[190.033s] INFO:colcon.colcon_core.shell:Creating environment descriptor '/home/dingo/turtlebot3_ws/src/install/ld08_driver/share/ld08_driver/hook/cmake_prefix_path.dsv'
[190.034s] INFO:colcon.colcon_core.shell:Creating environment hook '/home/dingo/turtlebot3_ws/src/install/ld08_driver/share/ld08_driver/hook/cmake_prefix_path.sh'
[190.036s] Level 1:colcon.colcon_core.environment:checking '/home/dingo/turtlebot3_ws/src/install/ld08_driver/lib'
[190.037s] Level 1:colcon.colcon_core.environment:checking '/home/dingo/turtlebot3_ws/src/install/ld08_driver/bin'
[190.037s] Level 1:colcon.colcon_core.environment:checking '/home/dingo/turtlebot3_ws/src/install/ld08_driver/lib/pkgconfig/ld08_driver.pc'
[190.038s] Level 1:colcon.colcon_core.environment:checking '/home/dingo/turtlebot3_ws/src/install/ld08_driver/lib/python3.12/site-packages'
[190.038s] Level 1:colcon.colcon_core.environment:checking '/home/dingo/turtlebot3_ws/src/install/ld08_driver/bin'
[190.039s] INFO:colcon.colcon_core.shell:Creating package script '/home/dingo/turtlebot3_ws/src/install/ld08_driver/share/ld08_driver/package.ps1'
[190.041s] INFO:colcon.colcon_core.shell:Creating package descriptor '/home/dingo/turtlebot3_ws/src/install/ld08_driver/share/ld08_driver/package.dsv'
[190.043s] INFO:colcon.colcon_core.shell:Creating package script '/home/dingo/turtlebot3_ws/src/install/ld08_driver/share/ld08_driver/package.sh'
[190.044s] INFO:colcon.colcon_core.shell:Creating package script '/home/dingo/turtlebot3_ws/src/install/ld08_driver/share/ld08_driver/package.bash'
[190.046s] INFO:colcon.colcon_core.shell:Creating package script '/home/dingo/turtlebot3_ws/src/install/ld08_driver/share/ld08_driver/package.zsh'
[190.047s] Level 1:colcon.colcon_core.environment:create_file_with_runtime_dependencies(/home/dingo/turtlebot3_ws/src/install/ld08_driver/share/colcon-core/packages/ld08_driver)
[190.050s] Level 1:colcon.colcon_core.environment:create_environment_scripts_only(ld08_driver)
[190.050s] Level 1:colcon.colcon_core.environment:checking '/home/dingo/turtlebot3_ws/src/install/ld08_driver' for CMake module files
[190.053s] Level 1:colcon.colcon_core.environment:checking '/home/dingo/turtlebot3_ws/src/install/ld08_driver' for CMake config files
[190.055s] Level 1:colcon.colcon_core.shell:create_environment_hook('ld08_driver', 'cmake_prefix_path')
[190.056s] INFO:colcon.colcon_core.shell:Creating environment hook '/home/dingo/turtlebot3_ws/src/install/ld08_driver/share/ld08_driver/hook/cmake_prefix_path.ps1'
[190.058s] INFO:colcon.colcon_core.shell:Creating environment descriptor '/home/dingo/turtlebot3_ws/src/install/ld08_driver/share/ld08_driver/hook/cmake_prefix_path.dsv'
[190.059s] INFO:colcon.colcon_core.shell:Creating environment hook '/home/dingo/turtlebot3_ws/src/install/ld08_driver/share/ld08_driver/hook/cmake_prefix_path.sh'
[190.062s] Level 1:colcon.colcon_core.environment:checking '/home/dingo/turtlebot3_ws/src/install/ld08_driver/lib'
[190.062s] Level 1:colcon.colcon_core.environment:checking '/home/dingo/turtlebot3_ws/src/install/ld08_driver/bin'
[190.062s] Level 1:colcon.colcon_core.environment:checking '/home/dingo/turtlebot3_ws/src/install/ld08_driver/lib/pkgconfig/ld08_driver.pc'
[190.063s] Level 1:colcon.colcon_core.environment:checking '/home/dingo/turtlebot3_ws/src/install/ld08_driver/lib/python3.12/site-packages'
[190.064s] Level 1:colcon.colcon_core.environment:checking '/home/dingo/turtlebot3_ws/src/install/ld08_driver/bin'
[190.065s] INFO:colcon.colcon_core.shell:Creating package script '/home/dingo/turtlebot3_ws/src/install/ld08_driver/share/ld08_driver/package.ps1'
[190.067s] INFO:colcon.colcon_core.shell:Creating package descriptor '/home/dingo/turtlebot3_ws/src/install/ld08_driver/share/ld08_driver/package.dsv'
[190.069s] INFO:colcon.colcon_core.shell:Creating package script '/home/dingo/turtlebot3_ws/src/install/ld08_driver/share/ld08_driver/package.sh'
[190.070s] INFO:colcon.colcon_core.shell:Creating package script '/home/dingo/turtlebot3_ws/src/install/ld08_driver/share/ld08_driver/package.bash'
[190.072s] INFO:colcon.colcon_core.shell:Creating package script '/home/dingo/turtlebot3_ws/src/install/ld08_driver/share/ld08_driver/package.zsh'
[190.074s] Level 1:colcon.colcon_core.environment:create_file_with_runtime_dependencies(/home/dingo/turtlebot3_ws/src/install/ld08_driver/share/colcon-core/packages/ld08_driver)
[190.075s] INFO:colcon.colcon_ros.task.ament_cmake.build:Building ROS package in '/home/dingo/turtlebot3_ws/src/turtlebot3/turtlebot3' with build type 'ament_cmake'
[190.077s] INFO:colcon.colcon_cmake.task.cmake.build:Building CMake package in '/home/dingo/turtlebot3_ws/src/turtlebot3/turtlebot3'
[190.077s] INFO:colcon.colcon_core.shell:Skip shell extension 'powershell' for command environment: Not usable outside of PowerShell
[190.078s] DEBUG:colcon.colcon_core.shell:Skip shell extension 'dsv' for command environment
[190.128s] DEBUG:colcon.colcon_core.event_handler.log_command:Invoking command in '/home/dingo/turtlebot3_ws/src/build/turtlebot3': AMENT_PREFIX_PATH=/home/dingo/turtlebot3_ws/src/install/turtlebot3_bringup:/home/dingo/turtlebot3_ws/src/install/turtlebot3_teleop:/home/dingo/turtlebot3_ws/src/install/turtlebot3_node:/home/dingo/turtlebot3_ws/src/install/turtlebot3_example:/home/dingo/turtlebot3_ws/src/install/turtlebot3_description:${AMENT_PREFIX_PATH} CMAKE_PREFIX_PATH=/home/dingo/turtlebot3_ws/src/install/turtlebot3_bringup:/home/dingo/turtlebot3_ws/src/install/turtlebot3_node:/home/dingo/turtlebot3_ws/src/install/turtlebot3_description:/home/dingo/turtlebot3_ws/install/turtlebot3_description:/opt/ros/jazzy PYTHONPATH=/home/dingo/turtlebot3_ws/src/build/turtlebot3_teleop:/home/dingo/turtlebot3_ws/src/install/turtlebot3_teleop/lib/python3.12/site-packages:/home/dingo/turtlebot3_ws/src/build/turtlebot3_example:/home/dingo/turtlebot3_ws/src/install/turtlebot3_example/lib/python3.12/site-packages:${PYTHONPATH} /usr/bin/cmake /home/dingo/turtlebot3_ws/src/turtlebot3/turtlebot3 -DAMENT_CMAKE_SYMLINK_INSTALL=1 -DCMAKE_INSTALL_PREFIX=/home/dingo/turtlebot3_ws/src/install/turtlebot3
[193.542s] DEBUG:colcon.colcon_core.event_handler.log_command:Invoked command in '/home/dingo/turtlebot3_ws/src/build/turtlebot3' returned '0': AMENT_PREFIX_PATH=/home/dingo/turtlebot3_ws/src/install/turtlebot3_bringup:/home/dingo/turtlebot3_ws/src/install/turtlebot3_teleop:/home/dingo/turtlebot3_ws/src/install/turtlebot3_node:/home/dingo/turtlebot3_ws/src/install/turtlebot3_example:/home/dingo/turtlebot3_ws/src/install/turtlebot3_description:${AMENT_PREFIX_PATH} CMAKE_PREFIX_PATH=/home/dingo/turtlebot3_ws/src/install/turtlebot3_bringup:/home/dingo/turtlebot3_ws/src/install/turtlebot3_node:/home/dingo/turtlebot3_ws/src/install/turtlebot3_description:/home/dingo/turtlebot3_ws/install/turtlebot3_description:/opt/ros/jazzy PYTHONPATH=/home/dingo/turtlebot3_ws/src/build/turtlebot3_teleop:/home/dingo/turtlebot3_ws/src/install/turtlebot3_teleop/lib/python3.12/site-packages:/home/dingo/turtlebot3_ws/src/build/turtlebot3_example:/home/dingo/turtlebot3_ws/src/install/turtlebot3_example/lib/python3.12/site-packages:${PYTHONPATH} /usr/bin/cmake /home/dingo/turtlebot3_ws/src/turtlebot3/turtlebot3 -DAMENT_CMAKE_SYMLINK_INSTALL=1 -DCMAKE_INSTALL_PREFIX=/home/dingo/turtlebot3_ws/src/install/turtlebot3
[193.546s] DEBUG:colcon.colcon_core.event_handler.log_command:Invoking command in '/home/dingo/turtlebot3_ws/src/build/turtlebot3': AMENT_PREFIX_PATH=/home/dingo/turtlebot3_ws/src/install/turtlebot3_bringup:/home/dingo/turtlebot3_ws/src/install/turtlebot3_teleop:/home/dingo/turtlebot3_ws/src/install/turtlebot3_node:/home/dingo/turtlebot3_ws/src/install/turtlebot3_example:/home/dingo/turtlebot3_ws/src/install/turtlebot3_description:${AMENT_PREFIX_PATH} CMAKE_PREFIX_PATH=/home/dingo/turtlebot3_ws/src/install/turtlebot3_bringup:/home/dingo/turtlebot3_ws/src/install/turtlebot3_node:/home/dingo/turtlebot3_ws/src/install/turtlebot3_description:/home/dingo/turtlebot3_ws/install/turtlebot3_description:/opt/ros/jazzy PYTHONPATH=/home/dingo/turtlebot3_ws/src/build/turtlebot3_teleop:/home/dingo/turtlebot3_ws/src/install/turtlebot3_teleop/lib/python3.12/site-packages:/home/dingo/turtlebot3_ws/src/build/turtlebot3_example:/home/dingo/turtlebot3_ws/src/install/turtlebot3_example/lib/python3.12/site-packages:${PYTHONPATH} /usr/bin/cmake --build /home/dingo/turtlebot3_ws/src/build/turtlebot3 -- -j4 -l4
[193.721s] DEBUG:colcon.colcon_core.event_handler.log_command:Invoked command in '/home/dingo/turtlebot3_ws/src/build/turtlebot3' returned '0': AMENT_PREFIX_PATH=/home/dingo/turtlebot3_ws/src/install/turtlebot3_bringup:/home/dingo/turtlebot3_ws/src/install/turtlebot3_teleop:/home/dingo/turtlebot3_ws/src/install/turtlebot3_node:/home/dingo/turtlebot3_ws/src/install/turtlebot3_example:/home/dingo/turtlebot3_ws/src/install/turtlebot3_description:${AMENT_PREFIX_PATH} CMAKE_PREFIX_PATH=/home/dingo/turtlebot3_ws/src/install/turtlebot3_bringup:/home/dingo/turtlebot3_ws/src/install/turtlebot3_node:/home/dingo/turtlebot3_ws/src/install/turtlebot3_description:/home/dingo/turtlebot3_ws/install/turtlebot3_description:/opt/ros/jazzy PYTHONPATH=/home/dingo/turtlebot3_ws/src/build/turtlebot3_teleop:/home/dingo/turtlebot3_ws/src/install/turtlebot3_teleop/lib/python3.12/site-packages:/home/dingo/turtlebot3_ws/src/build/turtlebot3_example:/home/dingo/turtlebot3_ws/src/install/turtlebot3_example/lib/python3.12/site-packages:${PYTHONPATH} /usr/bin/cmake --build /home/dingo/turtlebot3_ws/src/build/turtlebot3 -- -j4 -l4
[193.726s] DEBUG:colcon.colcon_core.event_handler.log_command:Invoking command in '/home/dingo/turtlebot3_ws/src/build/turtlebot3': AMENT_PREFIX_PATH=/home/dingo/turtlebot3_ws/src/install/turtlebot3_bringup:/home/dingo/turtlebot3_ws/src/install/turtlebot3_teleop:/home/dingo/turtlebot3_ws/src/install/turtlebot3_node:/home/dingo/turtlebot3_ws/src/install/turtlebot3_example:/home/dingo/turtlebot3_ws/src/install/turtlebot3_description:${AMENT_PREFIX_PATH} CMAKE_PREFIX_PATH=/home/dingo/turtlebot3_ws/src/install/turtlebot3_bringup:/home/dingo/turtlebot3_ws/src/install/turtlebot3_node:/home/dingo/turtlebot3_ws/src/install/turtlebot3_description:/home/dingo/turtlebot3_ws/install/turtlebot3_description:/opt/ros/jazzy PYTHONPATH=/home/dingo/turtlebot3_ws/src/build/turtlebot3_teleop:/home/dingo/turtlebot3_ws/src/install/turtlebot3_teleop/lib/python3.12/site-packages:/home/dingo/turtlebot3_ws/src/build/turtlebot3_example:/home/dingo/turtlebot3_ws/src/install/turtlebot3_example/lib/python3.12/site-packages:${PYTHONPATH} /usr/bin/cmake --install /home/dingo/turtlebot3_ws/src/build/turtlebot3
[194.386s] Level 1:colcon.colcon_core.environment:create_environment_scripts_only(turtlebot3)
[194.388s] Level 1:colcon.colcon_core.environment:checking '/home/dingo/turtlebot3_ws/src/install/turtlebot3' for CMake module files
[194.388s] DEBUG:colcon.colcon_core.event_handler.log_command:Invoked command in '/home/dingo/turtlebot3_ws/src/build/turtlebot3' returned '0': AMENT_PREFIX_PATH=/home/dingo/turtlebot3_ws/src/install/turtlebot3_bringup:/home/dingo/turtlebot3_ws/src/install/turtlebot3_teleop:/home/dingo/turtlebot3_ws/src/install/turtlebot3_node:/home/dingo/turtlebot3_ws/src/install/turtlebot3_example:/home/dingo/turtlebot3_ws/src/install/turtlebot3_description:${AMENT_PREFIX_PATH} CMAKE_PREFIX_PATH=/home/dingo/turtlebot3_ws/src/install/turtlebot3_bringup:/home/dingo/turtlebot3_ws/src/install/turtlebot3_node:/home/dingo/turtlebot3_ws/src/install/turtlebot3_description:/home/dingo/turtlebot3_ws/install/turtlebot3_description:/opt/ros/jazzy PYTHONPATH=/home/dingo/turtlebot3_ws/src/build/turtlebot3_teleop:/home/dingo/turtlebot3_ws/src/install/turtlebot3_teleop/lib/python3.12/site-packages:/home/dingo/turtlebot3_ws/src/build/turtlebot3_example:/home/dingo/turtlebot3_ws/src/install/turtlebot3_example/lib/python3.12/site-packages:${PYTHONPATH} /usr/bin/cmake --install /home/dingo/turtlebot3_ws/src/build/turtlebot3
[194.391s] Level 1:colcon.colcon_core.environment:checking '/home/dingo/turtlebot3_ws/src/install/turtlebot3' for CMake config files
[194.392s] Level 1:colcon.colcon_core.shell:create_environment_hook('turtlebot3', 'cmake_prefix_path')
[194.393s] INFO:colcon.colcon_core.shell:Creating environment hook '/home/dingo/turtlebot3_ws/src/install/turtlebot3/share/turtlebot3/hook/cmake_prefix_path.ps1'
[194.395s] INFO:colcon.colcon_core.shell:Creating environment descriptor '/home/dingo/turtlebot3_ws/src/install/turtlebot3/share/turtlebot3/hook/cmake_prefix_path.dsv'
[194.396s] INFO:colcon.colcon_core.shell:Creating environment hook '/home/dingo/turtlebot3_ws/src/install/turtlebot3/share/turtlebot3/hook/cmake_prefix_path.sh'
[194.399s] Level 1:colcon.colcon_core.environment:checking '/home/dingo/turtlebot3_ws/src/install/turtlebot3/bin'
[194.399s] Level 1:colcon.colcon_core.environment:checking '/home/dingo/turtlebot3_ws/src/install/turtlebot3/lib/pkgconfig/turtlebot3.pc'
[194.400s] Level 1:colcon.colcon_core.environment:checking '/home/dingo/turtlebot3_ws/src/install/turtlebot3/lib/python3.12/site-packages'
[194.400s] Level 1:colcon.colcon_core.environment:checking '/home/dingo/turtlebot3_ws/src/install/turtlebot3/bin'
[194.401s] INFO:colcon.colcon_core.shell:Creating package script '/home/dingo/turtlebot3_ws/src/install/turtlebot3/share/turtlebot3/package.ps1'
[194.403s] INFO:colcon.colcon_core.shell:Creating package descriptor '/home/dingo/turtlebot3_ws/src/install/turtlebot3/share/turtlebot3/package.dsv'
[194.405s] INFO:colcon.colcon_core.shell:Creating package script '/home/dingo/turtlebot3_ws/src/install/turtlebot3/share/turtlebot3/package.sh'
[194.407s] INFO:colcon.colcon_core.shell:Creating package script '/home/dingo/turtlebot3_ws/src/install/turtlebot3/share/turtlebot3/package.bash'
[194.408s] INFO:colcon.colcon_core.shell:Creating package script '/home/dingo/turtlebot3_ws/src/install/turtlebot3/share/turtlebot3/package.zsh'
[194.409s] Level 1:colcon.colcon_core.environment:create_file_with_runtime_dependencies(/home/dingo/turtlebot3_ws/src/install/turtlebot3/share/colcon-core/packages/turtlebot3)
[194.411s] Level 1:colcon.colcon_core.environment:create_environment_scripts_only(turtlebot3)
[194.412s] Level 1:colcon.colcon_core.environment:checking '/home/dingo/turtlebot3_ws/src/install/turtlebot3' for CMake module files
[194.415s] Level 1:colcon.colcon_core.environment:checking '/home/dingo/turtlebot3_ws/src/install/turtlebot3' for CMake config files
[194.416s] Level 1:colcon.colcon_core.shell:create_environment_hook('turtlebot3', 'cmake_prefix_path')
[194.417s] INFO:colcon.colcon_core.shell:Creating environment hook '/home/dingo/turtlebot3_ws/src/install/turtlebot3/share/turtlebot3/hook/cmake_prefix_path.ps1'
[194.418s] INFO:colcon.colcon_core.shell:Creating environment descriptor '/home/dingo/turtlebot3_ws/src/install/turtlebot3/share/turtlebot3/hook/cmake_prefix_path.dsv'
[194.420s] INFO:colcon.colcon_core.shell:Creating environment hook '/home/dingo/turtlebot3_ws/src/install/turtlebot3/share/turtlebot3/hook/cmake_prefix_path.sh'
[194.423s] Level 1:colcon.colcon_core.environment:checking '/home/dingo/turtlebot3_ws/src/install/turtlebot3/bin'
[194.423s] Level 1:colcon.colcon_core.environment:checking '/home/dingo/turtlebot3_ws/src/install/turtlebot3/lib/pkgconfig/turtlebot3.pc'
[194.424s] Level 1:colcon.colcon_core.environment:checking '/home/dingo/turtlebot3_ws/src/install/turtlebot3/lib/python3.12/site-packages'
[194.424s] Level 1:colcon.colcon_core.environment:checking '/home/dingo/turtlebot3_ws/src/install/turtlebot3/bin'
[194.425s] INFO:colcon.colcon_core.shell:Creating package script '/home/dingo/turtlebot3_ws/src/install/turtlebot3/share/turtlebot3/package.ps1'
[194.427s] INFO:colcon.colcon_core.shell:Creating package descriptor '/home/dingo/turtlebot3_ws/src/install/turtlebot3/share/turtlebot3/package.dsv'
[194.429s] INFO:colcon.colcon_core.shell:Creating package script '/home/dingo/turtlebot3_ws/src/install/turtlebot3/share/turtlebot3/package.sh'
[194.431s] INFO:colcon.colcon_core.shell:Creating package script '/home/dingo/turtlebot3_ws/src/install/turtlebot3/share/turtlebot3/package.bash'
[194.433s] INFO:colcon.colcon_core.shell:Creating package script '/home/dingo/turtlebot3_ws/src/install/turtlebot3/share/turtlebot3/package.zsh'
[194.435s] Level 1:colcon.colcon_core.environment:create_file_with_runtime_dependencies(/home/dingo/turtlebot3_ws/src/install/turtlebot3/share/colcon-core/packages/turtlebot3)
[194.436s] DEBUG:colcon.colcon_parallel_executor.executor.parallel:closing loop
[194.438s] DEBUG:colcon.colcon_parallel_executor.executor.parallel:loop closed
[194.438s] DEBUG:colcon.colcon_parallel_executor.executor.parallel:run_until_complete finished with '0'
[194.438s] DEBUG:colcon.colcon_core.event_reactor:joining thread
[194.470s] INFO:colcon.colcon_core.plugin_system:Skipping extension 'colcon_notification.desktop_notification.notify_send': Could not find 'notify-send'
[194.470s] INFO:colcon.colcon_core.plugin_system:Skipping extension 'colcon_notification.desktop_notification.terminal_notifier': Not used on non-Darwin systems
[194.470s] INFO:colcon.colcon_core.plugin_system:Skipping extension 'colcon_notification.desktop_notification.win32': Not used on non-Windows systems
[194.470s] INFO:colcon.colcon_notification.desktop_notification:Sending desktop notification using 'notify2'
[194.474s] DEBUG:colcon.colcon_notification.desktop_notification.notify2:Failed to initialize notify2: org.freedesktop.DBus.Error.ServiceUnknown: The name org.freedesktop.Notifications was not provided by any .service files
[194.474s] DEBUG:colcon.colcon_core.event_reactor:joined thread
[194.475s] INFO:colcon.colcon_core.shell:Creating prefix script '/home/dingo/turtlebot3_ws/src/install/local_setup.ps1'
[194.478s] INFO:colcon.colcon_core.shell:Creating prefix util module '/home/dingo/turtlebot3_ws/src/install/_local_setup_util_ps1.py'
[194.482s] INFO:colcon.colcon_core.shell:Creating prefix chain script '/home/dingo/turtlebot3_ws/src/install/setup.ps1'
[194.487s] INFO:colcon.colcon_core.shell:Creating prefix script '/home/dingo/turtlebot3_ws/src/install/local_setup.sh'
[194.491s] INFO:colcon.colcon_core.shell:Creating prefix util module '/home/dingo/turtlebot3_ws/src/install/_local_setup_util_sh.py'
[194.495s] INFO:colcon.colcon_core.shell:Creating prefix chain script '/home/dingo/turtlebot3_ws/src/install/setup.sh'
[194.500s] INFO:colcon.colcon_core.shell:Creating prefix script '/home/dingo/turtlebot3_ws/src/install/local_setup.bash'
[194.503s] INFO:colcon.colcon_core.shell:Creating prefix chain script '/home/dingo/turtlebot3_ws/src/install/setup.bash'
[194.508s] INFO:colcon.colcon_core.shell:Creating prefix script '/home/dingo/turtlebot3_ws/src/install/local_setup.zsh'
[194.514s] INFO:colcon.colcon_core.shell:Creating prefix chain script '/home/dingo/turtlebot3_ws/src/install/setup.zsh'
