[5.529s] Invoking command in '/home/dingo/tb3_autonomy/src/build/turtlebot3_example': PYTHONPATH=/home/dingo/tb3_autonomy/src/build/turtlebot3_example/prefix_override:/usr/lib/python3/dist-packages/colcon_core/task/python/colcon_distutils_commands:/home/dingo/tb3_autonomy/src/install/turtlebot3_example/lib/python3.12/site-packages:${PYTHONPATH} /usr/bin/python3 -W ignore:setup.py install is deprecated -W ignore:easy_install command is deprecated setup.py develop --editable --build-directory /home/dingo/tb3_autonomy/src/build/turtlebot3_example/build --no-deps symlink_data
[7.212s] running develop
[8.276s] running egg_info
[8.367s] writing turtlebot3_example.egg-info/PKG-INFO
[8.368s] writing dependency_links to turtlebot3_example.egg-info/dependency_links.txt
[8.370s] writing entry points to turtlebot3_example.egg-info/entry_points.txt
[8.371s] writing requirements to turtlebot3_example.egg-info/requires.txt
[8.371s] writing top-level names to turtlebot3_example.egg-info/top_level.txt
[8.559s] reading manifest file 'turtlebot3_example.egg-info/SOURCES.txt'
[8.563s] writing manifest file 'turtlebot3_example.egg-info/SOURCES.txt'
[8.665s] running build_ext
[8.666s] Creating /home/dingo/tb3_autonomy/src/install/turtlebot3_example/lib/python3.12/site-packages/turtlebot3-example.egg-link (link to .)
[8.669s] Installing turtlebot3_absolute_move script to /home/dingo/tb3_autonomy/src/install/turtlebot3_example/lib/turtlebot3_example
[8.670s] Installing turtlebot3_interactive_marker script to /home/dingo/tb3_autonomy/src/install/turtlebot3_example/lib/turtlebot3_example
[8.671s] Installing turtlebot3_obstacle_detection script to /home/dingo/tb3_autonomy/src/install/turtlebot3_example/lib/turtlebot3_example
[8.672s] Installing turtlebot3_patrol_client script to /home/dingo/tb3_autonomy/src/install/turtlebot3_example/lib/turtlebot3_example
[8.673s] Installing turtlebot3_patrol_server script to /home/dingo/tb3_autonomy/src/install/turtlebot3_example/lib/turtlebot3_example
[8.674s] Installing turtlebot3_relative_move script to /home/dingo/tb3_autonomy/src/install/turtlebot3_example/lib/turtlebot3_example
[8.676s] 
[8.676s] Installed /home/dingo/tb3_autonomy/src/build/turtlebot3_example
[8.678s] running symlink_data
[8.843s] Invoked command in '/home/dingo/tb3_autonomy/src/build/turtlebot3_example' returned '0': PYTHONPATH=/home/dingo/tb3_autonomy/src/build/turtlebot3_example/prefix_override:/usr/lib/python3/dist-packages/colcon_core/task/python/colcon_distutils_commands:/home/dingo/tb3_autonomy/src/install/turtlebot3_example/lib/python3.12/site-packages:${PYTHONPATH} /usr/bin/python3 -W ignore:setup.py install is deprecated -W ignore:easy_install command is deprecated setup.py develop --editable --build-directory /home/dingo/tb3_autonomy/src/build/turtlebot3_example/build --no-deps symlink_data
