[0.069s] Invoking command in '/home/dingo/tb3_autonomy/build/turtlebot3': AMENT_PREFIX_PATH=/home/dingo/tb3_autonomy/install/turtlebot3_bringup:/home/dingo/tb3_autonomy/install/turtlebot3_teleop:/home/dingo/tb3_autonomy/install/turtlebot3_node:/home/dingo/tb3_autonomy/install/turtlebot3_example:/home/dingo/tb3_autonomy/install/turtlebot3_description:${AMENT_PREFIX_PATH} CMAKE_PREFIX_PATH=/home/dingo/tb3_autonomy/install/turtlebot3_bringup:/home/dingo/tb3_autonomy/install/turtlebot3_node:/home/dingo/tb3_autonomy/install/turtlebot3_description:/home/dingo/turtlebot3_ws/src/install/turtlebot3:/home/dingo/turtlebot3_ws/src/install/turtlebot3_bringup:/home/dingo/turtlebot3_ws/src/install/turtlebot3_node:/home/dingo/turtlebot3_ws/src/install/turtlebot3_description:/home/dingo/turtlebot3_ws/src/install/ld08_driver:/home/dingo/turtlebot3_ws/install/turtlebot3_description:/home/dingo/turtlebot3_ws/src/install/turtlebot3_teleop:/home/dingo/turtlebot3_ws/src/install/turtlebot3_example:/opt/ros/jazzy PYTHONPATH=/home/dingo/tb3_autonomy/build/turtlebot3_teleop:/home/dingo/tb3_autonomy/install/turtlebot3_teleop/lib/python3.12/site-packages:/home/dingo/tb3_autonomy/build/turtlebot3_example:/home/dingo/tb3_autonomy/install/turtlebot3_example/lib/python3.12/site-packages:${PYTHONPATH} /usr/bin/cmake /home/dingo/tb3_autonomy/src/turtlebot3/turtlebot3 -DAMENT_CMAKE_SYMLINK_INSTALL=1 -DCMAKE_INSTALL_PREFIX=/home/dingo/tb3_autonomy/install/turtlebot3
[0.397s] -- The C compiler identification is GNU 13.3.0
[0.715s] -- The CXX compiler identification is GNU 13.3.0
[0.808s] -- Detecting C compiler ABI info
[1.306s] -- Detecting C compiler ABI info - done
[1.342s] -- Check for working C compiler: /usr/bin/cc - skipped
[1.343s] -- Detecting C compile features
[1.344s] -- Detecting C compile features - done
[1.391s] -- Detecting CXX compiler ABI info
[1.896s] -- Detecting CXX compiler ABI info - done
[1.933s] -- Check for working CXX compiler: /usr/bin/c++ - skipped
[1.934s] -- Detecting CXX compile features
[1.936s] -- Detecting CXX compile features - done
[1.965s] -- Found ament_cmake: 2.5.4 (/opt/ros/jazzy/share/ament_cmake/cmake)
[2.932s] -- Found Python3: /usr/bin/python3 (found version "3.12.3") found components: Interpreter 
[3.341s] -- Override CMake install command with custom implementation using symlinks instead of copying resources
[4.235s] -- Configuring done (4.1s)
[4.261s] -- Generating done (0.0s)
[4.271s] -- Build files have been written to: /home/dingo/tb3_autonomy/build/turtlebot3
[4.290s] Invoked command in '/home/dingo/tb3_autonomy/build/turtlebot3' returned '0': AMENT_PREFIX_PATH=/home/dingo/tb3_autonomy/install/turtlebot3_bringup:/home/dingo/tb3_autonomy/install/turtlebot3_teleop:/home/dingo/tb3_autonomy/install/turtlebot3_node:/home/dingo/tb3_autonomy/install/turtlebot3_example:/home/dingo/tb3_autonomy/install/turtlebot3_description:${AMENT_PREFIX_PATH} CMAKE_PREFIX_PATH=/home/dingo/tb3_autonomy/install/turtlebot3_bringup:/home/dingo/tb3_autonomy/install/turtlebot3_node:/home/dingo/tb3_autonomy/install/turtlebot3_description:/home/dingo/turtlebot3_ws/src/install/turtlebot3:/home/dingo/turtlebot3_ws/src/install/turtlebot3_bringup:/home/dingo/turtlebot3_ws/src/install/turtlebot3_node:/home/dingo/turtlebot3_ws/src/install/turtlebot3_description:/home/dingo/turtlebot3_ws/src/install/ld08_driver:/home/dingo/turtlebot3_ws/install/turtlebot3_description:/home/dingo/turtlebot3_ws/src/install/turtlebot3_teleop:/home/dingo/turtlebot3_ws/src/install/turtlebot3_example:/opt/ros/jazzy PYTHONPATH=/home/dingo/tb3_autonomy/build/turtlebot3_teleop:/home/dingo/tb3_autonomy/install/turtlebot3_teleop/lib/python3.12/site-packages:/home/dingo/tb3_autonomy/build/turtlebot3_example:/home/dingo/tb3_autonomy/install/turtlebot3_example/lib/python3.12/site-packages:${PYTHONPATH} /usr/bin/cmake /home/dingo/tb3_autonomy/src/turtlebot3/turtlebot3 -DAMENT_CMAKE_SYMLINK_INSTALL=1 -DCMAKE_INSTALL_PREFIX=/home/dingo/tb3_autonomy/install/turtlebot3
[4.295s] Invoking command in '/home/dingo/tb3_autonomy/build/turtlebot3': AMENT_PREFIX_PATH=/home/dingo/tb3_autonomy/install/turtlebot3_bringup:/home/dingo/tb3_autonomy/install/turtlebot3_teleop:/home/dingo/tb3_autonomy/install/turtlebot3_node:/home/dingo/tb3_autonomy/install/turtlebot3_example:/home/dingo/tb3_autonomy/install/turtlebot3_description:${AMENT_PREFIX_PATH} CMAKE_PREFIX_PATH=/home/dingo/tb3_autonomy/install/turtlebot3_bringup:/home/dingo/tb3_autonomy/install/turtlebot3_node:/home/dingo/tb3_autonomy/install/turtlebot3_description:/home/dingo/turtlebot3_ws/src/install/turtlebot3:/home/dingo/turtlebot3_ws/src/install/turtlebot3_bringup:/home/dingo/turtlebot3_ws/src/install/turtlebot3_node:/home/dingo/turtlebot3_ws/src/install/turtlebot3_description:/home/dingo/turtlebot3_ws/src/install/ld08_driver:/home/dingo/turtlebot3_ws/install/turtlebot3_description:/home/dingo/turtlebot3_ws/src/install/turtlebot3_teleop:/home/dingo/turtlebot3_ws/src/install/turtlebot3_example:/opt/ros/jazzy PYTHONPATH=/home/dingo/tb3_autonomy/build/turtlebot3_teleop:/home/dingo/tb3_autonomy/install/turtlebot3_teleop/lib/python3.12/site-packages:/home/dingo/tb3_autonomy/build/turtlebot3_example:/home/dingo/tb3_autonomy/install/turtlebot3_example/lib/python3.12/site-packages:${PYTHONPATH} /usr/bin/cmake --build /home/dingo/tb3_autonomy/build/turtlebot3 -- -j4 -l4
[4.487s] Invoked command in '/home/dingo/tb3_autonomy/build/turtlebot3' returned '0': AMENT_PREFIX_PATH=/home/dingo/tb3_autonomy/install/turtlebot3_bringup:/home/dingo/tb3_autonomy/install/turtlebot3_teleop:/home/dingo/tb3_autonomy/install/turtlebot3_node:/home/dingo/tb3_autonomy/install/turtlebot3_example:/home/dingo/tb3_autonomy/install/turtlebot3_description:${AMENT_PREFIX_PATH} CMAKE_PREFIX_PATH=/home/dingo/tb3_autonomy/install/turtlebot3_bringup:/home/dingo/tb3_autonomy/install/turtlebot3_node:/home/dingo/tb3_autonomy/install/turtlebot3_description:/home/dingo/turtlebot3_ws/src/install/turtlebot3:/home/dingo/turtlebot3_ws/src/install/turtlebot3_bringup:/home/dingo/turtlebot3_ws/src/install/turtlebot3_node:/home/dingo/turtlebot3_ws/src/install/turtlebot3_description:/home/dingo/turtlebot3_ws/src/install/ld08_driver:/home/dingo/turtlebot3_ws/install/turtlebot3_description:/home/dingo/turtlebot3_ws/src/install/turtlebot3_teleop:/home/dingo/turtlebot3_ws/src/install/turtlebot3_example:/opt/ros/jazzy PYTHONPATH=/home/dingo/tb3_autonomy/build/turtlebot3_teleop:/home/dingo/tb3_autonomy/install/turtlebot3_teleop/lib/python3.12/site-packages:/home/dingo/tb3_autonomy/build/turtlebot3_example:/home/dingo/tb3_autonomy/install/turtlebot3_example/lib/python3.12/site-packages:${PYTHONPATH} /usr/bin/cmake --build /home/dingo/tb3_autonomy/build/turtlebot3 -- -j4 -l4
[4.494s] Invoking command in '/home/dingo/tb3_autonomy/build/turtlebot3': AMENT_PREFIX_PATH=/home/dingo/tb3_autonomy/install/turtlebot3_bringup:/home/dingo/tb3_autonomy/install/turtlebot3_teleop:/home/dingo/tb3_autonomy/install/turtlebot3_node:/home/dingo/tb3_autonomy/install/turtlebot3_example:/home/dingo/tb3_autonomy/install/turtlebot3_description:${AMENT_PREFIX_PATH} CMAKE_PREFIX_PATH=/home/dingo/tb3_autonomy/install/turtlebot3_bringup:/home/dingo/tb3_autonomy/install/turtlebot3_node:/home/dingo/tb3_autonomy/install/turtlebot3_description:/home/dingo/turtlebot3_ws/src/install/turtlebot3:/home/dingo/turtlebot3_ws/src/install/turtlebot3_bringup:/home/dingo/turtlebot3_ws/src/install/turtlebot3_node:/home/dingo/turtlebot3_ws/src/install/turtlebot3_description:/home/dingo/turtlebot3_ws/src/install/ld08_driver:/home/dingo/turtlebot3_ws/install/turtlebot3_description:/home/dingo/turtlebot3_ws/src/install/turtlebot3_teleop:/home/dingo/turtlebot3_ws/src/install/turtlebot3_example:/opt/ros/jazzy PYTHONPATH=/home/dingo/tb3_autonomy/build/turtlebot3_teleop:/home/dingo/tb3_autonomy/install/turtlebot3_teleop/lib/python3.12/site-packages:/home/dingo/tb3_autonomy/build/turtlebot3_example:/home/dingo/tb3_autonomy/install/turtlebot3_example/lib/python3.12/site-packages:${PYTHONPATH} /usr/bin/cmake --install /home/dingo/tb3_autonomy/build/turtlebot3
[4.533s] -- Install configuration: ""
[4.535s] -- Execute custom install script
[4.537s] -- Symlinking: /home/dingo/tb3_autonomy/install/turtlebot3/share/ament_index/resource_index/package_run_dependencies/turtlebot3
[4.582s] -- Symlinking: /home/dingo/tb3_autonomy/install/turtlebot3/share/ament_index/resource_index/parent_prefix_path/turtlebot3
[4.627s] -- Symlinking: /home/dingo/tb3_autonomy/install/turtlebot3/share/turtlebot3/environment/ament_prefix_path.sh
[4.671s] -- Symlinking: /home/dingo/tb3_autonomy/install/turtlebot3/share/turtlebot3/environment/ament_prefix_path.dsv
[4.715s] -- Symlinking: /home/dingo/tb3_autonomy/install/turtlebot3/share/turtlebot3/environment/path.sh
[4.760s] -- Symlinking: /home/dingo/tb3_autonomy/install/turtlebot3/share/turtlebot3/environment/path.dsv
[4.805s] -- Symlinking: /home/dingo/tb3_autonomy/install/turtlebot3/share/turtlebot3/local_setup.bash
[4.849s] -- Symlinking: /home/dingo/tb3_autonomy/install/turtlebot3/share/turtlebot3/local_setup.sh
[4.893s] -- Symlinking: /home/dingo/tb3_autonomy/install/turtlebot3/share/turtlebot3/local_setup.zsh
[4.938s] -- Symlinking: /home/dingo/tb3_autonomy/install/turtlebot3/share/turtlebot3/local_setup.dsv
[4.982s] -- Symlinking: /home/dingo/tb3_autonomy/install/turtlebot3/share/turtlebot3/package.dsv
[5.028s] -- Symlinking: /home/dingo/tb3_autonomy/install/turtlebot3/share/ament_index/resource_index/packages/turtlebot3
[5.073s] -- Symlinking: /home/dingo/tb3_autonomy/install/turtlebot3/share/turtlebot3/cmake/turtlebot3Config.cmake
[5.117s] -- Symlinking: /home/dingo/tb3_autonomy/install/turtlebot3/share/turtlebot3/cmake/turtlebot3Config-version.cmake
[5.161s] -- Symlinking: /home/dingo/tb3_autonomy/install/turtlebot3/share/turtlebot3/package.xml
[5.213s] Invoked command in '/home/dingo/tb3_autonomy/build/turtlebot3' returned '0': AMENT_PREFIX_PATH=/home/dingo/tb3_autonomy/install/turtlebot3_bringup:/home/dingo/tb3_autonomy/install/turtlebot3_teleop:/home/dingo/tb3_autonomy/install/turtlebot3_node:/home/dingo/tb3_autonomy/install/turtlebot3_example:/home/dingo/tb3_autonomy/install/turtlebot3_description:${AMENT_PREFIX_PATH} CMAKE_PREFIX_PATH=/home/dingo/tb3_autonomy/install/turtlebot3_bringup:/home/dingo/tb3_autonomy/install/turtlebot3_node:/home/dingo/tb3_autonomy/install/turtlebot3_description:/home/dingo/turtlebot3_ws/src/install/turtlebot3:/home/dingo/turtlebot3_ws/src/install/turtlebot3_bringup:/home/dingo/turtlebot3_ws/src/install/turtlebot3_node:/home/dingo/turtlebot3_ws/src/install/turtlebot3_description:/home/dingo/turtlebot3_ws/src/install/ld08_driver:/home/dingo/turtlebot3_ws/install/turtlebot3_description:/home/dingo/turtlebot3_ws/src/install/turtlebot3_teleop:/home/dingo/turtlebot3_ws/src/install/turtlebot3_example:/opt/ros/jazzy PYTHONPATH=/home/dingo/tb3_autonomy/build/turtlebot3_teleop:/home/dingo/tb3_autonomy/install/turtlebot3_teleop/lib/python3.12/site-packages:/home/dingo/tb3_autonomy/build/turtlebot3_example:/home/dingo/tb3_autonomy/install/turtlebot3_example/lib/python3.12/site-packages:${PYTHONPATH} /usr/bin/cmake --install /home/dingo/tb3_autonomy/build/turtlebot3
