[0.597s] DEBUG:colcon:Command line arguments: ['/usr/bin/colcon', 'build']
[0.597s] DEBUG:colcon:Parsed command line arguments: Namespace(log_base=None, log_level=None, verb_name='build', build_base='build', install_base='install', merge_install=False, symlink_install=False, test_result_base=None, continue_on_error=False, executor='parallel', parallel_workers=4, event_handlers=None, ignore_user_meta=False, metas=['./colcon.meta'], base_paths=['.'], packages_ignore=None, packages_ignore_regex=None, paths=None, packages_up_to=None, packages_up_to_regex=None, packages_above=None, packages_above_and_dependencies=None, packages_above_depth=None, packages_select_by_dep=None, packages_skip_by_dep=None, packages_skip_up_to=None, packages_select_build_failed=False, packages_skip_build_finished=False, packages_select_test_failures=False, packages_skip_test_passed=False, packages_select=None, packages_skip=None, packages_select_regex=None, packages_skip_regex=None, packages_start=None, packages_end=None, allow_overriding=[], cmake_args=None, cmake_target=None, cmake_target_skip_unavailable=False, cmake_clean_cache=False, cmake_clean_first=False, cmake_force_configure=False, ament_cmake_args=None, catkin_cmake_args=None, catkin_skip_building_tests=False, mixin_files=None, mixin=None, verb_parser=<colcon_mixin.mixin.mixin_argument.MixinArgumentDecorator object at 0xffffab443980>, verb_extension=<colcon_core.verb.build.BuildVerb object at 0xffffab6200b0>, main=<bound method BuildVerb.main of <colcon_core.verb.build.BuildVerb object at 0xffffab6200b0>>, mixin_verb=('build',))
[0.852s] Level 1:colcon.colcon_core.package_discovery:discover_packages(colcon_meta) check parameters
[0.852s] Level 1:colcon.colcon_core.package_discovery:discover_packages(recursive) check parameters
[0.852s] Level 1:colcon.colcon_core.package_discovery:discover_packages(ignore) check parameters
[0.852s] Level 1:colcon.colcon_core.package_discovery:discover_packages(path) check parameters
[0.852s] Level 1:colcon.colcon_core.package_discovery:discover_packages(colcon_meta) discover
[0.853s] Level 1:colcon.colcon_core.package_discovery:discover_packages(recursive) discover
[0.853s] INFO:colcon.colcon_core.package_discovery:Crawling recursively for packages in '/home/dingo/turtlebot3_ws/src'
[0.853s] Level 1:colcon.colcon_core.package_identification:_identify(.) by extensions ['ignore', 'ignore_ament_install']
[0.854s] Level 1:colcon.colcon_core.package_identification:_identify(.) by extension 'ignore'
[0.854s] Level 1:colcon.colcon_core.package_identification:_identify(.) by extension 'ignore_ament_install'
[0.854s] Level 1:colcon.colcon_core.package_identification:_identify(.) by extensions ['colcon_pkg']
[0.854s] Level 1:colcon.colcon_core.package_identification:_identify(.) by extension 'colcon_pkg'
[0.855s] Level 1:colcon.colcon_core.package_identification:_identify(.) by extensions ['colcon_meta']
[0.855s] Level 1:colcon.colcon_core.package_identification:_identify(.) by extension 'colcon_meta'
[0.855s] Level 1:colcon.colcon_core.package_identification:_identify(.) by extensions ['ros']
[0.855s] Level 1:colcon.colcon_core.package_identification:_identify(.) by extension 'ros'
[0.982s] Level 1:colcon.colcon_core.package_identification:_identify(.) by extensions ['cmake', 'python']
[0.983s] Level 1:colcon.colcon_core.package_identification:_identify(.) by extension 'cmake'
[0.983s] Level 1:colcon.colcon_core.package_identification:_identify(.) by extension 'python'
[0.983s] Level 1:colcon.colcon_core.package_identification:_identify(.) by extensions ['python_setup_py']
[0.983s] Level 1:colcon.colcon_core.package_identification:_identify(.) by extension 'python_setup_py'
[0.984s] Level 1:colcon.colcon_core.package_identification:_identify(build) by extensions ['ignore', 'ignore_ament_install']
[0.985s] Level 1:colcon.colcon_core.package_identification:_identify(build) by extension 'ignore'
[0.985s] Level 1:colcon.colcon_core.package_identification:_identify(build) ignored
[0.985s] Level 1:colcon.colcon_core.package_identification:_identify(install) by extensions ['ignore', 'ignore_ament_install']
[0.986s] Level 1:colcon.colcon_core.package_identification:_identify(install) by extension 'ignore'
[0.986s] Level 1:colcon.colcon_core.package_identification:_identify(install) ignored
[0.987s] Level 1:colcon.colcon_core.package_identification:_identify(ld08_driver) by extensions ['ignore', 'ignore_ament_install']
[0.987s] Level 1:colcon.colcon_core.package_identification:_identify(ld08_driver) by extension 'ignore'
[0.987s] Level 1:colcon.colcon_core.package_identification:_identify(ld08_driver) by extension 'ignore_ament_install'
[0.987s] Level 1:colcon.colcon_core.package_identification:_identify(ld08_driver) by extensions ['colcon_pkg']
[0.988s] Level 1:colcon.colcon_core.package_identification:_identify(ld08_driver) by extension 'colcon_pkg'
[0.988s] Level 1:colcon.colcon_core.package_identification:_identify(ld08_driver) by extensions ['colcon_meta']
[0.988s] Level 1:colcon.colcon_core.package_identification:_identify(ld08_driver) by extension 'colcon_meta'
[0.988s] Level 1:colcon.colcon_core.package_identification:_identify(ld08_driver) by extensions ['ros']
[0.988s] Level 1:colcon.colcon_core.package_identification:_identify(ld08_driver) by extension 'ros'
[1.001s] DEBUG:colcon.colcon_core.package_identification:Package 'ld08_driver' with type 'ros.ament_cmake' and name 'ld08_driver'
[1.002s] Level 1:colcon.colcon_core.package_identification:_identify(log) by extensions ['ignore', 'ignore_ament_install']
[1.002s] Level 1:colcon.colcon_core.package_identification:_identify(log) by extension 'ignore'
[1.002s] Level 1:colcon.colcon_core.package_identification:_identify(log) ignored
[1.003s] Level 1:colcon.colcon_core.package_identification:_identify(rosbag2_2025_06_24-15_07_24) by extensions ['ignore', 'ignore_ament_install']
[1.003s] Level 1:colcon.colcon_core.package_identification:_identify(rosbag2_2025_06_24-15_07_24) by extension 'ignore'
[1.003s] Level 1:colcon.colcon_core.package_identification:_identify(rosbag2_2025_06_24-15_07_24) by extension 'ignore_ament_install'
[1.004s] Level 1:colcon.colcon_core.package_identification:_identify(rosbag2_2025_06_24-15_07_24) by extensions ['colcon_pkg']
[1.004s] Level 1:colcon.colcon_core.package_identification:_identify(rosbag2_2025_06_24-15_07_24) by extension 'colcon_pkg'
[1.004s] Level 1:colcon.colcon_core.package_identification:_identify(rosbag2_2025_06_24-15_07_24) by extensions ['colcon_meta']
[1.004s] Level 1:colcon.colcon_core.package_identification:_identify(rosbag2_2025_06_24-15_07_24) by extension 'colcon_meta'
[1.004s] Level 1:colcon.colcon_core.package_identification:_identify(rosbag2_2025_06_24-15_07_24) by extensions ['ros']
[1.005s] Level 1:colcon.colcon_core.package_identification:_identify(rosbag2_2025_06_24-15_07_24) by extension 'ros'
[1.005s] Level 1:colcon.colcon_core.package_identification:_identify(rosbag2_2025_06_24-15_07_24) by extensions ['cmake', 'python']
[1.005s] Level 1:colcon.colcon_core.package_identification:_identify(rosbag2_2025_06_24-15_07_24) by extension 'cmake'
[1.005s] Level 1:colcon.colcon_core.package_identification:_identify(rosbag2_2025_06_24-15_07_24) by extension 'python'
[1.006s] Level 1:colcon.colcon_core.package_identification:_identify(rosbag2_2025_06_24-15_07_24) by extensions ['python_setup_py']
[1.006s] Level 1:colcon.colcon_core.package_identification:_identify(rosbag2_2025_06_24-15_07_24) by extension 'python_setup_py'
[1.006s] Level 1:colcon.colcon_core.package_identification:_identify(turtlebot3) by extensions ['ignore', 'ignore_ament_install']
[1.007s] Level 1:colcon.colcon_core.package_identification:_identify(turtlebot3) by extension 'ignore'
[1.007s] Level 1:colcon.colcon_core.package_identification:_identify(turtlebot3) by extension 'ignore_ament_install'
[1.007s] Level 1:colcon.colcon_core.package_identification:_identify(turtlebot3) by extensions ['colcon_pkg']
[1.007s] Level 1:colcon.colcon_core.package_identification:_identify(turtlebot3) by extension 'colcon_pkg'
[1.007s] Level 1:colcon.colcon_core.package_identification:_identify(turtlebot3) by extensions ['colcon_meta']
[1.008s] Level 1:colcon.colcon_core.package_identification:_identify(turtlebot3) by extension 'colcon_meta'
[1.008s] Level 1:colcon.colcon_core.package_identification:_identify(turtlebot3) by extensions ['ros']
[1.008s] Level 1:colcon.colcon_core.package_identification:_identify(turtlebot3) by extension 'ros'
[1.008s] Level 1:colcon.colcon_core.package_identification:_identify(turtlebot3) by extensions ['cmake', 'python']
[1.008s] Level 1:colcon.colcon_core.package_identification:_identify(turtlebot3) by extension 'cmake'
[1.009s] Level 1:colcon.colcon_core.package_identification:_identify(turtlebot3) by extension 'python'
[1.009s] Level 1:colcon.colcon_core.package_identification:_identify(turtlebot3) by extensions ['python_setup_py']
[1.009s] Level 1:colcon.colcon_core.package_identification:_identify(turtlebot3) by extension 'python_setup_py'
[1.010s] Level 1:colcon.colcon_core.package_identification:_identify(turtlebot3/turtlebot3) by extensions ['ignore', 'ignore_ament_install']
[1.010s] Level 1:colcon.colcon_core.package_identification:_identify(turtlebot3/turtlebot3) by extension 'ignore'
[1.010s] Level 1:colcon.colcon_core.package_identification:_identify(turtlebot3/turtlebot3) by extension 'ignore_ament_install'
[1.010s] Level 1:colcon.colcon_core.package_identification:_identify(turtlebot3/turtlebot3) by extensions ['colcon_pkg']
[1.011s] Level 1:colcon.colcon_core.package_identification:_identify(turtlebot3/turtlebot3) by extension 'colcon_pkg'
[1.011s] Level 1:colcon.colcon_core.package_identification:_identify(turtlebot3/turtlebot3) by extensions ['colcon_meta']
[1.011s] Level 1:colcon.colcon_core.package_identification:_identify(turtlebot3/turtlebot3) by extension 'colcon_meta'
[1.011s] Level 1:colcon.colcon_core.package_identification:_identify(turtlebot3/turtlebot3) by extensions ['ros']
[1.011s] Level 1:colcon.colcon_core.package_identification:_identify(turtlebot3/turtlebot3) by extension 'ros'
[1.013s] DEBUG:colcon.colcon_core.package_identification:Package 'turtlebot3/turtlebot3' with type 'ros.ament_cmake' and name 'turtlebot3'
[1.014s] Level 1:colcon.colcon_core.package_identification:_identify(turtlebot3/turtlebot3_bringup) by extensions ['ignore', 'ignore_ament_install']
[1.014s] Level 1:colcon.colcon_core.package_identification:_identify(turtlebot3/turtlebot3_bringup) by extension 'ignore'
[1.015s] Level 1:colcon.colcon_core.package_identification:_identify(turtlebot3/turtlebot3_bringup) by extension 'ignore_ament_install'
[1.015s] Level 1:colcon.colcon_core.package_identification:_identify(turtlebot3/turtlebot3_bringup) by extensions ['colcon_pkg']
[1.015s] Level 1:colcon.colcon_core.package_identification:_identify(turtlebot3/turtlebot3_bringup) by extension 'colcon_pkg'
[1.015s] Level 1:colcon.colcon_core.package_identification:_identify(turtlebot3/turtlebot3_bringup) by extensions ['colcon_meta']
[1.016s] Level 1:colcon.colcon_core.package_identification:_identify(turtlebot3/turtlebot3_bringup) by extension 'colcon_meta'
[1.016s] Level 1:colcon.colcon_core.package_identification:_identify(turtlebot3/turtlebot3_bringup) by extensions ['ros']
[1.016s] Level 1:colcon.colcon_core.package_identification:_identify(turtlebot3/turtlebot3_bringup) by extension 'ros'
[1.018s] DEBUG:colcon.colcon_core.package_identification:Package 'turtlebot3/turtlebot3_bringup' with type 'ros.ament_cmake' and name 'turtlebot3_bringup'
[1.019s] Level 1:colcon.colcon_core.package_identification:_identify(turtlebot3/turtlebot3_description) by extensions ['ignore', 'ignore_ament_install']
[1.019s] Level 1:colcon.colcon_core.package_identification:_identify(turtlebot3/turtlebot3_description) by extension 'ignore'
[1.020s] Level 1:colcon.colcon_core.package_identification:_identify(turtlebot3/turtlebot3_description) by extension 'ignore_ament_install'
[1.020s] Level 1:colcon.colcon_core.package_identification:_identify(turtlebot3/turtlebot3_description) by extensions ['colcon_pkg']
[1.020s] Level 1:colcon.colcon_core.package_identification:_identify(turtlebot3/turtlebot3_description) by extension 'colcon_pkg'
[1.020s] Level 1:colcon.colcon_core.package_identification:_identify(turtlebot3/turtlebot3_description) by extensions ['colcon_meta']
[1.021s] Level 1:colcon.colcon_core.package_identification:_identify(turtlebot3/turtlebot3_description) by extension 'colcon_meta'
[1.021s] Level 1:colcon.colcon_core.package_identification:_identify(turtlebot3/turtlebot3_description) by extensions ['ros']
[1.021s] Level 1:colcon.colcon_core.package_identification:_identify(turtlebot3/turtlebot3_description) by extension 'ros'
[1.023s] DEBUG:colcon.colcon_core.package_identification:Package 'turtlebot3/turtlebot3_description' with type 'ros.ament_cmake' and name 'turtlebot3_description'
[1.023s] Level 1:colcon.colcon_core.package_identification:_identify(turtlebot3/turtlebot3_example) by extensions ['ignore', 'ignore_ament_install']
[1.024s] Level 1:colcon.colcon_core.package_identification:_identify(turtlebot3/turtlebot3_example) by extension 'ignore'
[1.024s] Level 1:colcon.colcon_core.package_identification:_identify(turtlebot3/turtlebot3_example) by extension 'ignore_ament_install'
[1.024s] Level 1:colcon.colcon_core.package_identification:_identify(turtlebot3/turtlebot3_example) by extensions ['colcon_pkg']
[1.025s] Level 1:colcon.colcon_core.package_identification:_identify(turtlebot3/turtlebot3_example) by extension 'colcon_pkg'
[1.025s] Level 1:colcon.colcon_core.package_identification:_identify(turtlebot3/turtlebot3_example) by extensions ['colcon_meta']
[1.025s] Level 1:colcon.colcon_core.package_identification:_identify(turtlebot3/turtlebot3_example) by extension 'colcon_meta'
[1.025s] Level 1:colcon.colcon_core.package_identification:_identify(turtlebot3/turtlebot3_example) by extensions ['ros']
[1.025s] Level 1:colcon.colcon_core.package_identification:_identify(turtlebot3/turtlebot3_example) by extension 'ros'
[1.029s] DEBUG:colcon.colcon_core.package_identification:Package 'turtlebot3/turtlebot3_example' with type 'ros.ament_python' and name 'turtlebot3_example'
[1.029s] Level 1:colcon.colcon_core.package_identification:_identify(turtlebot3/turtlebot3_node) by extensions ['ignore', 'ignore_ament_install']
[1.030s] Level 1:colcon.colcon_core.package_identification:_identify(turtlebot3/turtlebot3_node) by extension 'ignore'
[1.030s] Level 1:colcon.colcon_core.package_identification:_identify(turtlebot3/turtlebot3_node) by extension 'ignore_ament_install'
[1.030s] Level 1:colcon.colcon_core.package_identification:_identify(turtlebot3/turtlebot3_node) by extensions ['colcon_pkg']
[1.030s] Level 1:colcon.colcon_core.package_identification:_identify(turtlebot3/turtlebot3_node) by extension 'colcon_pkg'
[1.031s] Level 1:colcon.colcon_core.package_identification:_identify(turtlebot3/turtlebot3_node) by extensions ['colcon_meta']
[1.031s] Level 1:colcon.colcon_core.package_identification:_identify(turtlebot3/turtlebot3_node) by extension 'colcon_meta'
[1.031s] Level 1:colcon.colcon_core.package_identification:_identify(turtlebot3/turtlebot3_node) by extensions ['ros']
[1.031s] Level 1:colcon.colcon_core.package_identification:_identify(turtlebot3/turtlebot3_node) by extension 'ros'
[1.036s] DEBUG:colcon.colcon_core.package_identification:Package 'turtlebot3/turtlebot3_node' with type 'ros.ament_cmake' and name 'turtlebot3_node'
[1.037s] Level 1:colcon.colcon_core.package_identification:_identify(turtlebot3/turtlebot3_teleop) by extensions ['ignore', 'ignore_ament_install']
[1.037s] Level 1:colcon.colcon_core.package_identification:_identify(turtlebot3/turtlebot3_teleop) by extension 'ignore'
[1.037s] Level 1:colcon.colcon_core.package_identification:_identify(turtlebot3/turtlebot3_teleop) by extension 'ignore_ament_install'
[1.038s] Level 1:colcon.colcon_core.package_identification:_identify(turtlebot3/turtlebot3_teleop) by extensions ['colcon_pkg']
[1.038s] Level 1:colcon.colcon_core.package_identification:_identify(turtlebot3/turtlebot3_teleop) by extension 'colcon_pkg'
[1.038s] Level 1:colcon.colcon_core.package_identification:_identify(turtlebot3/turtlebot3_teleop) by extensions ['colcon_meta']
[1.038s] Level 1:colcon.colcon_core.package_identification:_identify(turtlebot3/turtlebot3_teleop) by extension 'colcon_meta'
[1.038s] Level 1:colcon.colcon_core.package_identification:_identify(turtlebot3/turtlebot3_teleop) by extensions ['ros']
[1.039s] Level 1:colcon.colcon_core.package_identification:_identify(turtlebot3/turtlebot3_teleop) by extension 'ros'
[1.040s] DEBUG:colcon.colcon_core.package_identification:Package 'turtlebot3/turtlebot3_teleop' with type 'ros.ament_python' and name 'turtlebot3_teleop'
[1.041s] Level 1:colcon.colcon_core.package_discovery:discover_packages(recursive) using defaults
[1.041s] Level 1:colcon.colcon_core.package_discovery:discover_packages(ignore) discover
[1.041s] Level 1:colcon.colcon_core.package_discovery:discover_packages(ignore) using defaults
[1.041s] Level 1:colcon.colcon_core.package_discovery:discover_packages(path) discover
[1.041s] Level 1:colcon.colcon_core.package_discovery:discover_packages(path) using defaults
[1.140s] Level 1:colcon.colcon_core.package_discovery:discover_packages(prefix_path) check parameters
[1.140s] Level 1:colcon.colcon_core.package_discovery:discover_packages(prefix_path) discover
[1.152s] DEBUG:colcon.colcon_installed_package_information.package_discovery:Found 2 installed packages in /home/dingo/turtlebot3_ws/install
[1.160s] DEBUG:colcon.colcon_installed_package_information.package_discovery:Found 199 installed packages in /opt/ros/jazzy
[1.162s] Level 1:colcon.colcon_core.package_discovery:discover_packages(prefix_path) using defaults
[1.311s] Level 5:colcon.colcon_core.verb:set package 'ld08_driver' build argument 'cmake_args' from command line to 'None'
[1.311s] Level 5:colcon.colcon_core.verb:set package 'ld08_driver' build argument 'cmake_target' from command line to 'None'
[1.311s] Level 5:colcon.colcon_core.verb:set package 'ld08_driver' build argument 'cmake_target_skip_unavailable' from command line to 'False'
[1.311s] Level 5:colcon.colcon_core.verb:set package 'ld08_driver' build argument 'cmake_clean_cache' from command line to 'False'
[1.311s] Level 5:colcon.colcon_core.verb:set package 'ld08_driver' build argument 'cmake_clean_first' from command line to 'False'
[1.311s] Level 5:colcon.colcon_core.verb:set package 'ld08_driver' build argument 'cmake_force_configure' from command line to 'False'
[1.311s] Level 5:colcon.colcon_core.verb:set package 'ld08_driver' build argument 'ament_cmake_args' from command line to 'None'
[1.312s] Level 5:colcon.colcon_core.verb:set package 'ld08_driver' build argument 'catkin_cmake_args' from command line to 'None'
[1.312s] Level 5:colcon.colcon_core.verb:set package 'ld08_driver' build argument 'catkin_skip_building_tests' from command line to 'False'
[1.312s] DEBUG:colcon.colcon_core.verb:Building package 'ld08_driver' with the following arguments: {'ament_cmake_args': None, 'build_base': '/home/dingo/turtlebot3_ws/src/build/ld08_driver', 'catkin_cmake_args': None, 'catkin_skip_building_tests': False, 'cmake_args': None, 'cmake_clean_cache': False, 'cmake_clean_first': False, 'cmake_force_configure': False, 'cmake_target': None, 'cmake_target_skip_unavailable': False, 'install_base': '/home/dingo/turtlebot3_ws/src/install/ld08_driver', 'merge_install': False, 'path': '/home/dingo/turtlebot3_ws/src/ld08_driver', 'symlink_install': False, 'test_result_base': None}
[1.313s] Level 5:colcon.colcon_core.verb:set package 'turtlebot3_description' build argument 'cmake_args' from command line to 'None'
[1.313s] Level 5:colcon.colcon_core.verb:set package 'turtlebot3_description' build argument 'cmake_target' from command line to 'None'
[1.314s] Level 5:colcon.colcon_core.verb:set package 'turtlebot3_description' build argument 'cmake_target_skip_unavailable' from command line to 'False'
[1.314s] Level 5:colcon.colcon_core.verb:set package 'turtlebot3_description' build argument 'cmake_clean_cache' from command line to 'False'
[1.314s] Level 5:colcon.colcon_core.verb:set package 'turtlebot3_description' build argument 'cmake_clean_first' from command line to 'False'
[1.314s] Level 5:colcon.colcon_core.verb:set package 'turtlebot3_description' build argument 'cmake_force_configure' from command line to 'False'
[1.314s] Level 5:colcon.colcon_core.verb:set package 'turtlebot3_description' build argument 'ament_cmake_args' from command line to 'None'
[1.314s] Level 5:colcon.colcon_core.verb:set package 'turtlebot3_description' build argument 'catkin_cmake_args' from command line to 'None'
[1.314s] Level 5:colcon.colcon_core.verb:set package 'turtlebot3_description' build argument 'catkin_skip_building_tests' from command line to 'False'
[1.314s] DEBUG:colcon.colcon_core.verb:Building package 'turtlebot3_description' with the following arguments: {'ament_cmake_args': None, 'build_base': '/home/dingo/turtlebot3_ws/src/build/turtlebot3_description', 'catkin_cmake_args': None, 'catkin_skip_building_tests': False, 'cmake_args': None, 'cmake_clean_cache': False, 'cmake_clean_first': False, 'cmake_force_configure': False, 'cmake_target': None, 'cmake_target_skip_unavailable': False, 'install_base': '/home/dingo/turtlebot3_ws/src/install/turtlebot3_description', 'merge_install': False, 'path': '/home/dingo/turtlebot3_ws/src/turtlebot3/turtlebot3_description', 'symlink_install': False, 'test_result_base': None}
[1.316s] Level 5:colcon.colcon_core.verb:set package 'turtlebot3_example' build argument 'cmake_args' from command line to 'None'
[1.316s] Level 5:colcon.colcon_core.verb:set package 'turtlebot3_example' build argument 'cmake_target' from command line to 'None'
[1.316s] Level 5:colcon.colcon_core.verb:set package 'turtlebot3_example' build argument 'cmake_target_skip_unavailable' from command line to 'False'
[1.316s] Level 5:colcon.colcon_core.verb:set package 'turtlebot3_example' build argument 'cmake_clean_cache' from command line to 'False'
[1.316s] Level 5:colcon.colcon_core.verb:set package 'turtlebot3_example' build argument 'cmake_clean_first' from command line to 'False'
[1.316s] Level 5:colcon.colcon_core.verb:set package 'turtlebot3_example' build argument 'cmake_force_configure' from command line to 'False'
[1.316s] Level 5:colcon.colcon_core.verb:set package 'turtlebot3_example' build argument 'ament_cmake_args' from command line to 'None'
[1.316s] Level 5:colcon.colcon_core.verb:set package 'turtlebot3_example' build argument 'catkin_cmake_args' from command line to 'None'
[1.317s] Level 5:colcon.colcon_core.verb:set package 'turtlebot3_example' build argument 'catkin_skip_building_tests' from command line to 'False'
[1.317s] DEBUG:colcon.colcon_core.verb:Building package 'turtlebot3_example' with the following arguments: {'ament_cmake_args': None, 'build_base': '/home/dingo/turtlebot3_ws/src/build/turtlebot3_example', 'catkin_cmake_args': None, 'catkin_skip_building_tests': False, 'cmake_args': None, 'cmake_clean_cache': False, 'cmake_clean_first': False, 'cmake_force_configure': False, 'cmake_target': None, 'cmake_target_skip_unavailable': False, 'install_base': '/home/dingo/turtlebot3_ws/src/install/turtlebot3_example', 'merge_install': False, 'path': '/home/dingo/turtlebot3_ws/src/turtlebot3/turtlebot3_example', 'symlink_install': False, 'test_result_base': None}
[1.318s] Level 5:colcon.colcon_core.verb:set package 'turtlebot3_node' build argument 'cmake_args' from command line to 'None'
[1.318s] Level 5:colcon.colcon_core.verb:set package 'turtlebot3_node' build argument 'cmake_target' from command line to 'None'
[1.319s] Level 5:colcon.colcon_core.verb:set package 'turtlebot3_node' build argument 'cmake_target_skip_unavailable' from command line to 'False'
[1.319s] Level 5:colcon.colcon_core.verb:set package 'turtlebot3_node' build argument 'cmake_clean_cache' from command line to 'False'
[1.319s] Level 5:colcon.colcon_core.verb:set package 'turtlebot3_node' build argument 'cmake_clean_first' from command line to 'False'
[1.319s] Level 5:colcon.colcon_core.verb:set package 'turtlebot3_node' build argument 'cmake_force_configure' from command line to 'False'
[1.319s] Level 5:colcon.colcon_core.verb:set package 'turtlebot3_node' build argument 'ament_cmake_args' from command line to 'None'
[1.319s] Level 5:colcon.colcon_core.verb:set package 'turtlebot3_node' build argument 'catkin_cmake_args' from command line to 'None'
[1.319s] Level 5:colcon.colcon_core.verb:set package 'turtlebot3_node' build argument 'catkin_skip_building_tests' from command line to 'False'
[1.320s] DEBUG:colcon.colcon_core.verb:Building package 'turtlebot3_node' with the following arguments: {'ament_cmake_args': None, 'build_base': '/home/dingo/turtlebot3_ws/src/build/turtlebot3_node', 'catkin_cmake_args': None, 'catkin_skip_building_tests': False, 'cmake_args': None, 'cmake_clean_cache': False, 'cmake_clean_first': False, 'cmake_force_configure': False, 'cmake_target': None, 'cmake_target_skip_unavailable': False, 'install_base': '/home/dingo/turtlebot3_ws/src/install/turtlebot3_node', 'merge_install': False, 'path': '/home/dingo/turtlebot3_ws/src/turtlebot3/turtlebot3_node', 'symlink_install': False, 'test_result_base': None}
[1.321s] Level 5:colcon.colcon_core.verb:set package 'turtlebot3_teleop' build argument 'cmake_args' from command line to 'None'
[1.321s] Level 5:colcon.colcon_core.verb:set package 'turtlebot3_teleop' build argument 'cmake_target' from command line to 'None'
[1.321s] Level 5:colcon.colcon_core.verb:set package 'turtlebot3_teleop' build argument 'cmake_target_skip_unavailable' from command line to 'False'
[1.321s] Level 5:colcon.colcon_core.verb:set package 'turtlebot3_teleop' build argument 'cmake_clean_cache' from command line to 'False'
[1.321s] Level 5:colcon.colcon_core.verb:set package 'turtlebot3_teleop' build argument 'cmake_clean_first' from command line to 'False'
[1.321s] Level 5:colcon.colcon_core.verb:set package 'turtlebot3_teleop' build argument 'cmake_force_configure' from command line to 'False'
[1.322s] Level 5:colcon.colcon_core.verb:set package 'turtlebot3_teleop' build argument 'ament_cmake_args' from command line to 'None'
[1.322s] Level 5:colcon.colcon_core.verb:set package 'turtlebot3_teleop' build argument 'catkin_cmake_args' from command line to 'None'
[1.322s] Level 5:colcon.colcon_core.verb:set package 'turtlebot3_teleop' build argument 'catkin_skip_building_tests' from command line to 'False'
[1.322s] DEBUG:colcon.colcon_core.verb:Building package 'turtlebot3_teleop' with the following arguments: {'ament_cmake_args': None, 'build_base': '/home/dingo/turtlebot3_ws/src/build/turtlebot3_teleop', 'catkin_cmake_args': None, 'catkin_skip_building_tests': False, 'cmake_args': None, 'cmake_clean_cache': False, 'cmake_clean_first': False, 'cmake_force_configure': False, 'cmake_target': None, 'cmake_target_skip_unavailable': False, 'install_base': '/home/dingo/turtlebot3_ws/src/install/turtlebot3_teleop', 'merge_install': False, 'path': '/home/dingo/turtlebot3_ws/src/turtlebot3/turtlebot3_teleop', 'symlink_install': False, 'test_result_base': None}
[1.323s] Level 5:colcon.colcon_core.verb:set package 'turtlebot3_bringup' build argument 'cmake_args' from command line to 'None'
[1.323s] Level 5:colcon.colcon_core.verb:set package 'turtlebot3_bringup' build argument 'cmake_target' from command line to 'None'
[1.323s] Level 5:colcon.colcon_core.verb:set package 'turtlebot3_bringup' build argument 'cmake_target_skip_unavailable' from command line to 'False'
[1.323s] Level 5:colcon.colcon_core.verb:set package 'turtlebot3_bringup' build argument 'cmake_clean_cache' from command line to 'False'
[1.324s] Level 5:colcon.colcon_core.verb:set package 'turtlebot3_bringup' build argument 'cmake_clean_first' from command line to 'False'
[1.324s] Level 5:colcon.colcon_core.verb:set package 'turtlebot3_bringup' build argument 'cmake_force_configure' from command line to 'False'
[1.324s] Level 5:colcon.colcon_core.verb:set package 'turtlebot3_bringup' build argument 'ament_cmake_args' from command line to 'None'
[1.324s] Level 5:colcon.colcon_core.verb:set package 'turtlebot3_bringup' build argument 'catkin_cmake_args' from command line to 'None'
[1.324s] Level 5:colcon.colcon_core.verb:set package 'turtlebot3_bringup' build argument 'catkin_skip_building_tests' from command line to 'False'
[1.324s] DEBUG:colcon.colcon_core.verb:Building package 'turtlebot3_bringup' with the following arguments: {'ament_cmake_args': None, 'build_base': '/home/dingo/turtlebot3_ws/src/build/turtlebot3_bringup', 'catkin_cmake_args': None, 'catkin_skip_building_tests': False, 'cmake_args': None, 'cmake_clean_cache': False, 'cmake_clean_first': False, 'cmake_force_configure': False, 'cmake_target': None, 'cmake_target_skip_unavailable': False, 'install_base': '/home/dingo/turtlebot3_ws/src/install/turtlebot3_bringup', 'merge_install': False, 'path': '/home/dingo/turtlebot3_ws/src/turtlebot3/turtlebot3_bringup', 'symlink_install': False, 'test_result_base': None}
[1.325s] Level 5:colcon.colcon_core.verb:set package 'turtlebot3' build argument 'cmake_args' from command line to 'None'
[1.326s] Level 5:colcon.colcon_core.verb:set package 'turtlebot3' build argument 'cmake_target' from command line to 'None'
[1.326s] Level 5:colcon.colcon_core.verb:set package 'turtlebot3' build argument 'cmake_target_skip_unavailable' from command line to 'False'
[1.326s] Level 5:colcon.colcon_core.verb:set package 'turtlebot3' build argument 'cmake_clean_cache' from command line to 'False'
[1.326s] Level 5:colcon.colcon_core.verb:set package 'turtlebot3' build argument 'cmake_clean_first' from command line to 'False'
[1.326s] Level 5:colcon.colcon_core.verb:set package 'turtlebot3' build argument 'cmake_force_configure' from command line to 'False'
[1.326s] Level 5:colcon.colcon_core.verb:set package 'turtlebot3' build argument 'ament_cmake_args' from command line to 'None'
[1.326s] Level 5:colcon.colcon_core.verb:set package 'turtlebot3' build argument 'catkin_cmake_args' from command line to 'None'
[1.326s] Level 5:colcon.colcon_core.verb:set package 'turtlebot3' build argument 'catkin_skip_building_tests' from command line to 'False'
[1.326s] DEBUG:colcon.colcon_core.verb:Building package 'turtlebot3' with the following arguments: {'ament_cmake_args': None, 'build_base': '/home/dingo/turtlebot3_ws/src/build/turtlebot3', 'catkin_cmake_args': None, 'catkin_skip_building_tests': False, 'cmake_args': None, 'cmake_clean_cache': False, 'cmake_clean_first': False, 'cmake_force_configure': False, 'cmake_target': None, 'cmake_target_skip_unavailable': False, 'install_base': '/home/dingo/turtlebot3_ws/src/install/turtlebot3', 'merge_install': False, 'path': '/home/dingo/turtlebot3_ws/src/turtlebot3/turtlebot3', 'symlink_install': False, 'test_result_base': None}
[1.327s] INFO:colcon.colcon_core.executor:Executing jobs using 'parallel' executor
[1.330s] DEBUG:colcon.colcon_parallel_executor.executor.parallel:run_until_complete
[1.331s] INFO:colcon.colcon_ros.task.ament_cmake.build:Building ROS package in '/home/dingo/turtlebot3_ws/src/turtlebot3/turtlebot3_description' with build type 'ament_cmake'
[1.331s] INFO:colcon.colcon_cmake.task.cmake.build:Building CMake package in '/home/dingo/turtlebot3_ws/src/turtlebot3/turtlebot3_description'
[1.348s] INFO:colcon.colcon_core.plugin_system:Skipping extension 'colcon_core.shell.bat': Not used on non-Windows systems
[1.349s] INFO:colcon.colcon_core.shell:Skip shell extension 'powershell' for command environment: Not usable outside of PowerShell
[1.349s] DEBUG:colcon.colcon_core.shell:Skip shell extension 'dsv' for command environment
[1.365s] INFO:colcon.colcon_ros.task.ament_cmake.build:Building ROS package in '/home/dingo/turtlebot3_ws/src/turtlebot3/turtlebot3_node' with build type 'ament_cmake'
[1.366s] INFO:colcon.colcon_cmake.task.cmake.build:Building CMake package in '/home/dingo/turtlebot3_ws/src/turtlebot3/turtlebot3_node'
[1.367s] INFO:colcon.colcon_core.shell:Skip shell extension 'powershell' for command environment: Not usable outside of PowerShell
[1.367s] DEBUG:colcon.colcon_core.shell:Skip shell extension 'dsv' for command environment
[1.382s] INFO:colcon.colcon_ros.task.ament_python.build:Building ROS package in '/home/dingo/turtlebot3_ws/src/turtlebot3/turtlebot3_example' with build type 'ament_python'
[1.383s] Level 1:colcon.colcon_core.shell:create_environment_hook('turtlebot3_example', 'ament_prefix_path')
[1.384s] INFO:colcon.colcon_core.shell:Creating environment hook '/home/dingo/turtlebot3_ws/src/install/turtlebot3_example/share/turtlebot3_example/hook/ament_prefix_path.ps1'
[1.388s] INFO:colcon.colcon_core.shell:Creating environment descriptor '/home/dingo/turtlebot3_ws/src/install/turtlebot3_example/share/turtlebot3_example/hook/ament_prefix_path.dsv'
[1.391s] INFO:colcon.colcon_core.shell:Creating environment hook '/home/dingo/turtlebot3_ws/src/install/turtlebot3_example/share/turtlebot3_example/hook/ament_prefix_path.sh'
[1.395s] INFO:colcon.colcon_core.shell:Skip shell extension 'powershell' for command environment: Not usable outside of PowerShell
[1.395s] DEBUG:colcon.colcon_core.shell:Skip shell extension 'dsv' for command environment
[1.410s] INFO:colcon.colcon_ros.task.ament_python.build:Building ROS package in '/home/dingo/turtlebot3_ws/src/turtlebot3/turtlebot3_teleop' with build type 'ament_python'
[1.411s] Level 1:colcon.colcon_core.shell:create_environment_hook('turtlebot3_teleop', 'ament_prefix_path')
[1.412s] INFO:colcon.colcon_core.shell:Creating environment hook '/home/dingo/turtlebot3_ws/src/install/turtlebot3_teleop/share/turtlebot3_teleop/hook/ament_prefix_path.ps1'
[1.414s] INFO:colcon.colcon_core.shell:Creating environment descriptor '/home/dingo/turtlebot3_ws/src/install/turtlebot3_teleop/share/turtlebot3_teleop/hook/ament_prefix_path.dsv'
[1.416s] INFO:colcon.colcon_core.shell:Creating environment hook '/home/dingo/turtlebot3_ws/src/install/turtlebot3_teleop/share/turtlebot3_teleop/hook/ament_prefix_path.sh'
[1.419s] INFO:colcon.colcon_core.shell:Skip shell extension 'powershell' for command environment: Not usable outside of PowerShell
[1.419s] DEBUG:colcon.colcon_core.shell:Skip shell extension 'dsv' for command environment
[1.450s] DEBUG:colcon.colcon_core.event_handler.log_command:Invoking command in '/home/dingo/turtlebot3_ws/src/build/turtlebot3_description': CMAKE_PREFIX_PATH=${CMAKE_PREFIX_PATH}:/opt/ros/jazzy /usr/bin/cmake /home/dingo/turtlebot3_ws/src/turtlebot3/turtlebot3_description -DCMAKE_INSTALL_PREFIX=/home/dingo/turtlebot3_ws/src/install/turtlebot3_description
[1.466s] DEBUG:colcon.colcon_core.event_handler.log_command:Invoking command in '/home/dingo/turtlebot3_ws/src/build/turtlebot3_node': CMAKE_PREFIX_PATH=${CMAKE_PREFIX_PATH}:/opt/ros/jazzy /usr/bin/cmake /home/dingo/turtlebot3_ws/src/turtlebot3/turtlebot3_node -DCMAKE_INSTALL_PREFIX=/home/dingo/turtlebot3_ws/src/install/turtlebot3_node
[2.738s] INFO:colcon.colcon_core.task.python.build:Building Python package in '/home/dingo/turtlebot3_ws/src/turtlebot3/turtlebot3_example'
[2.739s] INFO:colcon.colcon_core.shell:Skip shell extension 'powershell' for command environment: Not usable outside of PowerShell
[2.739s] DEBUG:colcon.colcon_core.shell:Skip shell extension 'dsv' for command environment
[4.057s] INFO:colcon.colcon_core.task.python.build:Building Python package in '/home/dingo/turtlebot3_ws/src/turtlebot3/turtlebot3_teleop'
[4.058s] INFO:colcon.colcon_core.shell:Skip shell extension 'powershell' for command environment: Not usable outside of PowerShell
[4.058s] DEBUG:colcon.colcon_core.shell:Skip shell extension 'dsv' for command environment
[4.105s] DEBUG:colcon.colcon_core.event_handler.log_command:Invoked command in '/home/dingo/turtlebot3_ws/src/build/turtlebot3_description' returned '0': CMAKE_PREFIX_PATH=${CMAKE_PREFIX_PATH}:/opt/ros/jazzy /usr/bin/cmake /home/dingo/turtlebot3_ws/src/turtlebot3/turtlebot3_description -DCMAKE_INSTALL_PREFIX=/home/dingo/turtlebot3_ws/src/install/turtlebot3_description
[4.116s] DEBUG:colcon.colcon_core.event_handler.log_command:Invoking command in '/home/dingo/turtlebot3_ws/src/build/turtlebot3_description': CMAKE_PREFIX_PATH=${CMAKE_PREFIX_PATH}:/opt/ros/jazzy /usr/bin/cmake --build /home/dingo/turtlebot3_ws/src/build/turtlebot3_description -- -j4 -l4
[4.388s] DEBUG:colcon.colcon_core.event_handler.log_command:Invoked command in '/home/dingo/turtlebot3_ws/src/build/turtlebot3_description' returned '0': CMAKE_PREFIX_PATH=${CMAKE_PREFIX_PATH}:/opt/ros/jazzy /usr/bin/cmake --build /home/dingo/turtlebot3_ws/src/build/turtlebot3_description -- -j4 -l4
[4.481s] DEBUG:colcon.colcon_core.event_handler.log_command:Invoking command in '/home/dingo/turtlebot3_ws/src/build/turtlebot3_description': CMAKE_PREFIX_PATH=${CMAKE_PREFIX_PATH}:/opt/ros/jazzy /usr/bin/cmake --install /home/dingo/turtlebot3_ws/src/build/turtlebot3_description
[4.651s] Level 1:colcon.colcon_core.environment:create_environment_scripts_only(turtlebot3_description)
[4.656s] DEBUG:colcon.colcon_core.event_handler.log_command:Invoked command in '/home/dingo/turtlebot3_ws/src/build/turtlebot3_description' returned '0': CMAKE_PREFIX_PATH=${CMAKE_PREFIX_PATH}:/opt/ros/jazzy /usr/bin/cmake --install /home/dingo/turtlebot3_ws/src/build/turtlebot3_description
[4.681s] Level 1:colcon.colcon_core.environment:checking '/home/dingo/turtlebot3_ws/src/install/turtlebot3_description' for CMake module files
[4.686s] Level 1:colcon.colcon_core.environment:checking '/home/dingo/turtlebot3_ws/src/install/turtlebot3_description' for CMake config files
[4.689s] Level 1:colcon.colcon_core.shell:create_environment_hook('turtlebot3_description', 'cmake_prefix_path')
[4.690s] INFO:colcon.colcon_core.shell:Creating environment hook '/home/dingo/turtlebot3_ws/src/install/turtlebot3_description/share/turtlebot3_description/hook/cmake_prefix_path.ps1'
[4.696s] INFO:colcon.colcon_core.shell:Creating environment descriptor '/home/dingo/turtlebot3_ws/src/install/turtlebot3_description/share/turtlebot3_description/hook/cmake_prefix_path.dsv'
[4.700s] INFO:colcon.colcon_core.shell:Creating environment hook '/home/dingo/turtlebot3_ws/src/install/turtlebot3_description/share/turtlebot3_description/hook/cmake_prefix_path.sh'
[4.708s] Level 1:colcon.colcon_core.environment:checking '/home/dingo/turtlebot3_ws/src/install/turtlebot3_description/bin'
[4.709s] Level 1:colcon.colcon_core.environment:checking '/home/dingo/turtlebot3_ws/src/install/turtlebot3_description/lib/pkgconfig/turtlebot3_description.pc'
[4.710s] Level 1:colcon.colcon_core.environment:checking '/home/dingo/turtlebot3_ws/src/install/turtlebot3_description/lib/python3.12/site-packages'
[4.712s] Level 1:colcon.colcon_core.environment:checking '/home/dingo/turtlebot3_ws/src/install/turtlebot3_description/bin'
[4.714s] INFO:colcon.colcon_core.shell:Creating package script '/home/dingo/turtlebot3_ws/src/install/turtlebot3_description/share/turtlebot3_description/package.ps1'
[4.720s] INFO:colcon.colcon_core.shell:Creating package descriptor '/home/dingo/turtlebot3_ws/src/install/turtlebot3_description/share/turtlebot3_description/package.dsv'
[4.726s] INFO:colcon.colcon_core.shell:Creating package script '/home/dingo/turtlebot3_ws/src/install/turtlebot3_description/share/turtlebot3_description/package.sh'
[4.731s] INFO:colcon.colcon_core.shell:Creating package script '/home/dingo/turtlebot3_ws/src/install/turtlebot3_description/share/turtlebot3_description/package.bash'
[4.738s] INFO:colcon.colcon_core.shell:Creating package script '/home/dingo/turtlebot3_ws/src/install/turtlebot3_description/share/turtlebot3_description/package.zsh'
[4.744s] Level 1:colcon.colcon_core.environment:create_file_with_runtime_dependencies(/home/dingo/turtlebot3_ws/src/install/turtlebot3_description/share/colcon-core/packages/turtlebot3_description)
[4.748s] Level 1:colcon.colcon_core.environment:create_environment_scripts_only(turtlebot3_description)
[4.750s] Level 1:colcon.colcon_core.environment:checking '/home/dingo/turtlebot3_ws/src/install/turtlebot3_description' for CMake module files
[4.754s] Level 1:colcon.colcon_core.environment:checking '/home/dingo/turtlebot3_ws/src/install/turtlebot3_description' for CMake config files
[4.757s] Level 1:colcon.colcon_core.shell:create_environment_hook('turtlebot3_description', 'cmake_prefix_path')
[4.758s] INFO:colcon.colcon_core.shell:Creating environment hook '/home/dingo/turtlebot3_ws/src/install/turtlebot3_description/share/turtlebot3_description/hook/cmake_prefix_path.ps1'
[4.762s] INFO:colcon.colcon_core.shell:Creating environment descriptor '/home/dingo/turtlebot3_ws/src/install/turtlebot3_description/share/turtlebot3_description/hook/cmake_prefix_path.dsv'
[4.764s] INFO:colcon.colcon_core.shell:Creating environment hook '/home/dingo/turtlebot3_ws/src/install/turtlebot3_description/share/turtlebot3_description/hook/cmake_prefix_path.sh'
[4.767s] Level 1:colcon.colcon_core.environment:checking '/home/dingo/turtlebot3_ws/src/install/turtlebot3_description/bin'
[4.767s] Level 1:colcon.colcon_core.environment:checking '/home/dingo/turtlebot3_ws/src/install/turtlebot3_description/lib/pkgconfig/turtlebot3_description.pc'
[4.769s] Level 1:colcon.colcon_core.environment:checking '/home/dingo/turtlebot3_ws/src/install/turtlebot3_description/lib/python3.12/site-packages'
[4.770s] Level 1:colcon.colcon_core.environment:checking '/home/dingo/turtlebot3_ws/src/install/turtlebot3_description/bin'
[4.771s] INFO:colcon.colcon_core.shell:Creating package script '/home/dingo/turtlebot3_ws/src/install/turtlebot3_description/share/turtlebot3_description/package.ps1'
[4.774s] INFO:colcon.colcon_core.shell:Creating package descriptor '/home/dingo/turtlebot3_ws/src/install/turtlebot3_description/share/turtlebot3_description/package.dsv'
[4.776s] INFO:colcon.colcon_core.shell:Creating package script '/home/dingo/turtlebot3_ws/src/install/turtlebot3_description/share/turtlebot3_description/package.sh'
[4.779s] INFO:colcon.colcon_core.shell:Creating package script '/home/dingo/turtlebot3_ws/src/install/turtlebot3_description/share/turtlebot3_description/package.bash'
[4.782s] INFO:colcon.colcon_core.shell:Creating package script '/home/dingo/turtlebot3_ws/src/install/turtlebot3_description/share/turtlebot3_description/package.zsh'
[4.785s] Level 1:colcon.colcon_core.environment:create_file_with_runtime_dependencies(/home/dingo/turtlebot3_ws/src/install/turtlebot3_description/share/colcon-core/packages/turtlebot3_description)
[4.789s] INFO:colcon.colcon_ros.task.ament_cmake.build:Building ROS package in '/home/dingo/turtlebot3_ws/src/ld08_driver' with build type 'ament_cmake'
[4.790s] INFO:colcon.colcon_cmake.task.cmake.build:Building CMake package in '/home/dingo/turtlebot3_ws/src/ld08_driver'
[4.790s] INFO:colcon.colcon_core.shell:Skip shell extension 'powershell' for command environment: Not usable outside of PowerShell
[4.791s] DEBUG:colcon.colcon_core.shell:Skip shell extension 'dsv' for command environment
[4.840s] DEBUG:colcon.colcon_core.event_handler.log_command:Invoking command in '/home/dingo/turtlebot3_ws/src/build/ld08_driver': CMAKE_PREFIX_PATH=${CMAKE_PREFIX_PATH}:/opt/ros/jazzy /usr/bin/cmake /home/dingo/turtlebot3_ws/src/ld08_driver -DCMAKE_INSTALL_PREFIX=/home/dingo/turtlebot3_ws/src/install/ld08_driver
[7.863s] DEBUG:colcon.colcon_core.event_handler.log_command:Invoked command in '/home/dingo/turtlebot3_ws/src/build/turtlebot3_node' returned '0': CMAKE_PREFIX_PATH=${CMAKE_PREFIX_PATH}:/opt/ros/jazzy /usr/bin/cmake /home/dingo/turtlebot3_ws/src/turtlebot3/turtlebot3_node -DCMAKE_INSTALL_PREFIX=/home/dingo/turtlebot3_ws/src/install/turtlebot3_node
[7.870s] DEBUG:colcon.colcon_core.event_handler.log_command:Invoking command in '/home/dingo/turtlebot3_ws/src/build/turtlebot3_node': CMAKE_PREFIX_PATH=${CMAKE_PREFIX_PATH}:/opt/ros/jazzy /usr/bin/cmake --build /home/dingo/turtlebot3_ws/src/build/turtlebot3_node -- -j4 -l4
[8.880s] DEBUG:colcon.colcon_core.event_handler.log_command:Invoking command in '/home/dingo/turtlebot3_ws/src/build/turtlebot3_teleop': PYTHONPATH=/home/dingo/turtlebot3_ws/src/build/turtlebot3_teleop/prefix_override:/usr/lib/python3/dist-packages/colcon_core/task/python/colcon_distutils_commands:/home/dingo/turtlebot3_ws/src/install/turtlebot3_teleop/lib/python3.12/site-packages:${PYTHONPATH} /usr/bin/python3 -W ignore:setup.py install is deprecated -W ignore:easy_install command is deprecated setup.py develop --uninstall --editable --build-directory /home/dingo/turtlebot3_ws/src/build/turtlebot3_teleop/build
[8.901s] DEBUG:colcon.colcon_core.event_handler.log_command:Invoking command in '/home/dingo/turtlebot3_ws/src/build/turtlebot3_example': PYTHONPATH=/home/dingo/turtlebot3_ws/src/build/turtlebot3_example/prefix_override:/usr/lib/python3/dist-packages/colcon_core/task/python/colcon_distutils_commands:/home/dingo/turtlebot3_ws/src/install/turtlebot3_example/lib/python3.12/site-packages:${PYTHONPATH} /usr/bin/python3 -W ignore:setup.py install is deprecated -W ignore:easy_install command is deprecated setup.py develop --uninstall --editable --build-directory /home/dingo/turtlebot3_ws/src/build/turtlebot3_example/build
[8.994s] DEBUG:colcon.colcon_core.event_handler.log_command:Invoked command in '/home/dingo/turtlebot3_ws/src/build/ld08_driver' returned '0': CMAKE_PREFIX_PATH=${CMAKE_PREFIX_PATH}:/opt/ros/jazzy /usr/bin/cmake /home/dingo/turtlebot3_ws/src/ld08_driver -DCMAKE_INSTALL_PREFIX=/home/dingo/turtlebot3_ws/src/install/ld08_driver
[9.000s] DEBUG:colcon.colcon_core.event_handler.log_command:Invoking command in '/home/dingo/turtlebot3_ws/src/build/ld08_driver': CMAKE_PREFIX_PATH=${CMAKE_PREFIX_PATH}:/opt/ros/jazzy /usr/bin/cmake --build /home/dingo/turtlebot3_ws/src/build/ld08_driver -- -j4 -l4
[9.116s] DEBUG:colcon.colcon_core.event_handler.log_command:Invoked command in '/home/dingo/turtlebot3_ws/src/build/turtlebot3_node' returned '0': CMAKE_PREFIX_PATH=${CMAKE_PREFIX_PATH}:/opt/ros/jazzy /usr/bin/cmake --build /home/dingo/turtlebot3_ws/src/build/turtlebot3_node -- -j4 -l4
[9.124s] DEBUG:colcon.colcon_core.event_handler.log_command:Invoking command in '/home/dingo/turtlebot3_ws/src/build/turtlebot3_node': CMAKE_PREFIX_PATH=${CMAKE_PREFIX_PATH}:/opt/ros/jazzy /usr/bin/cmake --install /home/dingo/turtlebot3_ws/src/build/turtlebot3_node
[9.373s] Level 1:colcon.colcon_core.environment:create_environment_scripts_only(turtlebot3_node)
[9.374s] DEBUG:colcon.colcon_core.event_handler.log_command:Invoked command in '/home/dingo/turtlebot3_ws/src/build/turtlebot3_node' returned '0': CMAKE_PREFIX_PATH=${CMAKE_PREFIX_PATH}:/opt/ros/jazzy /usr/bin/cmake --install /home/dingo/turtlebot3_ws/src/build/turtlebot3_node
[9.376s] Level 1:colcon.colcon_core.environment:checking '/home/dingo/turtlebot3_ws/src/install/turtlebot3_node' for CMake module files
[9.392s] Level 1:colcon.colcon_core.environment:checking '/home/dingo/turtlebot3_ws/src/install/turtlebot3_node' for CMake config files
[9.403s] Level 1:colcon.colcon_core.shell:create_environment_hook('turtlebot3_node', 'cmake_prefix_path')
[9.404s] INFO:colcon.colcon_core.shell:Creating environment hook '/home/dingo/turtlebot3_ws/src/install/turtlebot3_node/share/turtlebot3_node/hook/cmake_prefix_path.ps1'
[9.412s] INFO:colcon.colcon_core.shell:Creating environment descriptor '/home/dingo/turtlebot3_ws/src/install/turtlebot3_node/share/turtlebot3_node/hook/cmake_prefix_path.dsv'
[9.417s] INFO:colcon.colcon_core.shell:Creating environment hook '/home/dingo/turtlebot3_ws/src/install/turtlebot3_node/share/turtlebot3_node/hook/cmake_prefix_path.sh'
[9.427s] Level 1:colcon.colcon_core.environment:checking '/home/dingo/turtlebot3_ws/src/install/turtlebot3_node/lib'
[9.428s] Level 1:colcon.colcon_core.environment:checking '/home/dingo/turtlebot3_ws/src/install/turtlebot3_node/bin'
[9.428s] Level 1:colcon.colcon_core.environment:checking '/home/dingo/turtlebot3_ws/src/install/turtlebot3_node/lib/pkgconfig/turtlebot3_node.pc'
[9.429s] Level 1:colcon.colcon_core.environment:checking '/home/dingo/turtlebot3_ws/src/install/turtlebot3_node/lib/python3.12/site-packages'
[9.437s] Level 1:colcon.colcon_core.environment:checking '/home/dingo/turtlebot3_ws/src/install/turtlebot3_node/bin'
[9.438s] INFO:colcon.colcon_core.shell:Creating package script '/home/dingo/turtlebot3_ws/src/install/turtlebot3_node/share/turtlebot3_node/package.ps1'
[9.446s] INFO:colcon.colcon_core.shell:Creating package descriptor '/home/dingo/turtlebot3_ws/src/install/turtlebot3_node/share/turtlebot3_node/package.dsv'
[9.451s] INFO:colcon.colcon_core.shell:Creating package script '/home/dingo/turtlebot3_ws/src/install/turtlebot3_node/share/turtlebot3_node/package.sh'
[9.457s] INFO:colcon.colcon_core.shell:Creating package script '/home/dingo/turtlebot3_ws/src/install/turtlebot3_node/share/turtlebot3_node/package.bash'
[9.461s] INFO:colcon.colcon_core.shell:Creating package script '/home/dingo/turtlebot3_ws/src/install/turtlebot3_node/share/turtlebot3_node/package.zsh'
[9.465s] Level 1:colcon.colcon_core.environment:create_file_with_runtime_dependencies(/home/dingo/turtlebot3_ws/src/install/turtlebot3_node/share/colcon-core/packages/turtlebot3_node)
[9.470s] Level 1:colcon.colcon_core.environment:create_environment_scripts_only(turtlebot3_node)
[9.472s] Level 1:colcon.colcon_core.environment:checking '/home/dingo/turtlebot3_ws/src/install/turtlebot3_node' for CMake module files
[9.477s] Level 1:colcon.colcon_core.environment:checking '/home/dingo/turtlebot3_ws/src/install/turtlebot3_node' for CMake config files
[9.479s] Level 1:colcon.colcon_core.shell:create_environment_hook('turtlebot3_node', 'cmake_prefix_path')
[9.481s] INFO:colcon.colcon_core.shell:Creating environment hook '/home/dingo/turtlebot3_ws/src/install/turtlebot3_node/share/turtlebot3_node/hook/cmake_prefix_path.ps1'
[9.485s] INFO:colcon.colcon_core.shell:Creating environment descriptor '/home/dingo/turtlebot3_ws/src/install/turtlebot3_node/share/turtlebot3_node/hook/cmake_prefix_path.dsv'
[9.489s] INFO:colcon.colcon_core.shell:Creating environment hook '/home/dingo/turtlebot3_ws/src/install/turtlebot3_node/share/turtlebot3_node/hook/cmake_prefix_path.sh'
[9.496s] Level 1:colcon.colcon_core.environment:checking '/home/dingo/turtlebot3_ws/src/install/turtlebot3_node/lib'
[9.497s] Level 1:colcon.colcon_core.environment:checking '/home/dingo/turtlebot3_ws/src/install/turtlebot3_node/bin'
[9.498s] Level 1:colcon.colcon_core.environment:checking '/home/dingo/turtlebot3_ws/src/install/turtlebot3_node/lib/pkgconfig/turtlebot3_node.pc'
[9.500s] Level 1:colcon.colcon_core.environment:checking '/home/dingo/turtlebot3_ws/src/install/turtlebot3_node/lib/python3.12/site-packages'
[9.501s] Level 1:colcon.colcon_core.environment:checking '/home/dingo/turtlebot3_ws/src/install/turtlebot3_node/bin'
[9.503s] INFO:colcon.colcon_core.shell:Creating package script '/home/dingo/turtlebot3_ws/src/install/turtlebot3_node/share/turtlebot3_node/package.ps1'
[9.508s] INFO:colcon.colcon_core.shell:Creating package descriptor '/home/dingo/turtlebot3_ws/src/install/turtlebot3_node/share/turtlebot3_node/package.dsv'
[9.512s] INFO:colcon.colcon_core.shell:Creating package script '/home/dingo/turtlebot3_ws/src/install/turtlebot3_node/share/turtlebot3_node/package.sh'
[9.516s] INFO:colcon.colcon_core.shell:Creating package script '/home/dingo/turtlebot3_ws/src/install/turtlebot3_node/share/turtlebot3_node/package.bash'
[9.521s] INFO:colcon.colcon_core.shell:Creating package script '/home/dingo/turtlebot3_ws/src/install/turtlebot3_node/share/turtlebot3_node/package.zsh'
[9.524s] Level 1:colcon.colcon_core.environment:create_file_with_runtime_dependencies(/home/dingo/turtlebot3_ws/src/install/turtlebot3_node/share/colcon-core/packages/turtlebot3_node)
[9.531s] INFO:colcon.colcon_ros.task.ament_cmake.build:Building ROS package in '/home/dingo/turtlebot3_ws/src/turtlebot3/turtlebot3_bringup' with build type 'ament_cmake'
[9.533s] INFO:colcon.colcon_cmake.task.cmake.build:Building CMake package in '/home/dingo/turtlebot3_ws/src/turtlebot3/turtlebot3_bringup'
[9.535s] INFO:colcon.colcon_core.shell:Skip shell extension 'powershell' for command environment: Not usable outside of PowerShell
[9.538s] DEBUG:colcon.colcon_core.shell:Skip shell extension 'dsv' for command environment
[9.625s] DEBUG:colcon.colcon_core.event_handler.log_command:Invoking command in '/home/dingo/turtlebot3_ws/src/build/turtlebot3_bringup': AMENT_PREFIX_PATH=/home/dingo/turtlebot3_ws/src/install/turtlebot3_node:/home/dingo/turtlebot3_ws/src/install/turtlebot3_description:${AMENT_PREFIX_PATH} CMAKE_PREFIX_PATH=/home/dingo/turtlebot3_ws/src/install/turtlebot3_node:/home/dingo/turtlebot3_ws/src/install/turtlebot3_description:/home/dingo/turtlebot3_ws/install/turtlebot3_description:/opt/ros/jazzy /usr/bin/cmake /home/dingo/turtlebot3_ws/src/turtlebot3/turtlebot3_bringup -DCMAKE_INSTALL_PREFIX=/home/dingo/turtlebot3_ws/src/install/turtlebot3_bringup
[9.653s] DEBUG:colcon.colcon_core.event_handler.log_command:Invoked command in '/home/dingo/turtlebot3_ws/src/build/ld08_driver' returned '0': CMAKE_PREFIX_PATH=${CMAKE_PREFIX_PATH}:/opt/ros/jazzy /usr/bin/cmake --build /home/dingo/turtlebot3_ws/src/build/ld08_driver -- -j4 -l4
[9.666s] DEBUG:colcon.colcon_core.event_handler.log_command:Invoking command in '/home/dingo/turtlebot3_ws/src/build/ld08_driver': CMAKE_PREFIX_PATH=${CMAKE_PREFIX_PATH}:/opt/ros/jazzy /usr/bin/cmake --install /home/dingo/turtlebot3_ws/src/build/ld08_driver
[9.816s] Level 1:colcon.colcon_core.environment:create_environment_scripts_only(ld08_driver)
[9.818s] Level 1:colcon.colcon_core.environment:checking '/home/dingo/turtlebot3_ws/src/install/ld08_driver' for CMake module files
[9.822s] DEBUG:colcon.colcon_core.event_handler.log_command:Invoked command in '/home/dingo/turtlebot3_ws/src/build/ld08_driver' returned '0': CMAKE_PREFIX_PATH=${CMAKE_PREFIX_PATH}:/opt/ros/jazzy /usr/bin/cmake --install /home/dingo/turtlebot3_ws/src/build/ld08_driver
[9.826s] Level 1:colcon.colcon_core.environment:checking '/home/dingo/turtlebot3_ws/src/install/ld08_driver' for CMake config files
[9.830s] Level 1:colcon.colcon_core.shell:create_environment_hook('ld08_driver', 'cmake_prefix_path')
[9.831s] INFO:colcon.colcon_core.shell:Creating environment hook '/home/dingo/turtlebot3_ws/src/install/ld08_driver/share/ld08_driver/hook/cmake_prefix_path.ps1'
[9.836s] INFO:colcon.colcon_core.shell:Creating environment descriptor '/home/dingo/turtlebot3_ws/src/install/ld08_driver/share/ld08_driver/hook/cmake_prefix_path.dsv'
[9.842s] INFO:colcon.colcon_core.shell:Creating environment hook '/home/dingo/turtlebot3_ws/src/install/ld08_driver/share/ld08_driver/hook/cmake_prefix_path.sh'
[9.849s] Level 1:colcon.colcon_core.environment:checking '/home/dingo/turtlebot3_ws/src/install/ld08_driver/lib'
[9.851s] Level 1:colcon.colcon_core.environment:checking '/home/dingo/turtlebot3_ws/src/install/ld08_driver/bin'
[9.852s] Level 1:colcon.colcon_core.environment:checking '/home/dingo/turtlebot3_ws/src/install/ld08_driver/lib/pkgconfig/ld08_driver.pc'
[9.854s] Level 1:colcon.colcon_core.environment:checking '/home/dingo/turtlebot3_ws/src/install/ld08_driver/lib/python3.12/site-packages'
[9.856s] Level 1:colcon.colcon_core.environment:checking '/home/dingo/turtlebot3_ws/src/install/ld08_driver/bin'
[9.858s] INFO:colcon.colcon_core.shell:Creating package script '/home/dingo/turtlebot3_ws/src/install/ld08_driver/share/ld08_driver/package.ps1'
[9.862s] INFO:colcon.colcon_core.shell:Creating package descriptor '/home/dingo/turtlebot3_ws/src/install/ld08_driver/share/ld08_driver/package.dsv'
[9.866s] INFO:colcon.colcon_core.shell:Creating package script '/home/dingo/turtlebot3_ws/src/install/ld08_driver/share/ld08_driver/package.sh'
[9.870s] INFO:colcon.colcon_core.shell:Creating package script '/home/dingo/turtlebot3_ws/src/install/ld08_driver/share/ld08_driver/package.bash'
[9.874s] INFO:colcon.colcon_core.shell:Creating package script '/home/dingo/turtlebot3_ws/src/install/ld08_driver/share/ld08_driver/package.zsh'
[9.878s] Level 1:colcon.colcon_core.environment:create_file_with_runtime_dependencies(/home/dingo/turtlebot3_ws/src/install/ld08_driver/share/colcon-core/packages/ld08_driver)
[9.882s] Level 1:colcon.colcon_core.environment:create_environment_scripts_only(ld08_driver)
[9.884s] Level 1:colcon.colcon_core.environment:checking '/home/dingo/turtlebot3_ws/src/install/ld08_driver' for CMake module files
[9.888s] Level 1:colcon.colcon_core.environment:checking '/home/dingo/turtlebot3_ws/src/install/ld08_driver' for CMake config files
[9.892s] Level 1:colcon.colcon_core.shell:create_environment_hook('ld08_driver', 'cmake_prefix_path')
[9.893s] INFO:colcon.colcon_core.shell:Creating environment hook '/home/dingo/turtlebot3_ws/src/install/ld08_driver/share/ld08_driver/hook/cmake_prefix_path.ps1'
[9.896s] INFO:colcon.colcon_core.shell:Creating environment descriptor '/home/dingo/turtlebot3_ws/src/install/ld08_driver/share/ld08_driver/hook/cmake_prefix_path.dsv'
[9.901s] INFO:colcon.colcon_core.shell:Creating environment hook '/home/dingo/turtlebot3_ws/src/install/ld08_driver/share/ld08_driver/hook/cmake_prefix_path.sh'
[9.905s] Level 1:colcon.colcon_core.environment:checking '/home/dingo/turtlebot3_ws/src/install/ld08_driver/lib'
[9.906s] Level 1:colcon.colcon_core.environment:checking '/home/dingo/turtlebot3_ws/src/install/ld08_driver/bin'
[9.907s] Level 1:colcon.colcon_core.environment:checking '/home/dingo/turtlebot3_ws/src/install/ld08_driver/lib/pkgconfig/ld08_driver.pc'
[9.909s] Level 1:colcon.colcon_core.environment:checking '/home/dingo/turtlebot3_ws/src/install/ld08_driver/lib/python3.12/site-packages'
[9.911s] Level 1:colcon.colcon_core.environment:checking '/home/dingo/turtlebot3_ws/src/install/ld08_driver/bin'
[9.912s] INFO:colcon.colcon_core.shell:Creating package script '/home/dingo/turtlebot3_ws/src/install/ld08_driver/share/ld08_driver/package.ps1'
[9.916s] INFO:colcon.colcon_core.shell:Creating package descriptor '/home/dingo/turtlebot3_ws/src/install/ld08_driver/share/ld08_driver/package.dsv'
[9.920s] INFO:colcon.colcon_core.shell:Creating package script '/home/dingo/turtlebot3_ws/src/install/ld08_driver/share/ld08_driver/package.sh'
[9.924s] INFO:colcon.colcon_core.shell:Creating package script '/home/dingo/turtlebot3_ws/src/install/ld08_driver/share/ld08_driver/package.bash'
[9.928s] INFO:colcon.colcon_core.shell:Creating package script '/home/dingo/turtlebot3_ws/src/install/ld08_driver/share/ld08_driver/package.zsh'
[9.932s] Level 1:colcon.colcon_core.environment:create_file_with_runtime_dependencies(/home/dingo/turtlebot3_ws/src/install/ld08_driver/share/colcon-core/packages/ld08_driver)
[11.515s] DEBUG:colcon.colcon_core.event_handler.log_command:Invoked command in '/home/dingo/turtlebot3_ws/src/build/turtlebot3_bringup' returned '0': AMENT_PREFIX_PATH=/home/dingo/turtlebot3_ws/src/install/turtlebot3_node:/home/dingo/turtlebot3_ws/src/install/turtlebot3_description:${AMENT_PREFIX_PATH} CMAKE_PREFIX_PATH=/home/dingo/turtlebot3_ws/src/install/turtlebot3_node:/home/dingo/turtlebot3_ws/src/install/turtlebot3_description:/home/dingo/turtlebot3_ws/install/turtlebot3_description:/opt/ros/jazzy /usr/bin/cmake /home/dingo/turtlebot3_ws/src/turtlebot3/turtlebot3_bringup -DCMAKE_INSTALL_PREFIX=/home/dingo/turtlebot3_ws/src/install/turtlebot3_bringup
[11.520s] DEBUG:colcon.colcon_core.event_handler.log_command:Invoking command in '/home/dingo/turtlebot3_ws/src/build/turtlebot3_bringup': AMENT_PREFIX_PATH=/home/dingo/turtlebot3_ws/src/install/turtlebot3_node:/home/dingo/turtlebot3_ws/src/install/turtlebot3_description:${AMENT_PREFIX_PATH} CMAKE_PREFIX_PATH=/home/dingo/turtlebot3_ws/src/install/turtlebot3_node:/home/dingo/turtlebot3_ws/src/install/turtlebot3_description:/home/dingo/turtlebot3_ws/install/turtlebot3_description:/opt/ros/jazzy /usr/bin/cmake --build /home/dingo/turtlebot3_ws/src/build/turtlebot3_bringup -- -j4 -l4
[11.730s] DEBUG:colcon.colcon_core.event_handler.log_command:Invoked command in '/home/dingo/turtlebot3_ws/src/build/turtlebot3_bringup' returned '0': AMENT_PREFIX_PATH=/home/dingo/turtlebot3_ws/src/install/turtlebot3_node:/home/dingo/turtlebot3_ws/src/install/turtlebot3_description:${AMENT_PREFIX_PATH} CMAKE_PREFIX_PATH=/home/dingo/turtlebot3_ws/src/install/turtlebot3_node:/home/dingo/turtlebot3_ws/src/install/turtlebot3_description:/home/dingo/turtlebot3_ws/install/turtlebot3_description:/opt/ros/jazzy /usr/bin/cmake --build /home/dingo/turtlebot3_ws/src/build/turtlebot3_bringup -- -j4 -l4
[11.736s] DEBUG:colcon.colcon_core.event_handler.log_command:Invoking command in '/home/dingo/turtlebot3_ws/src/build/turtlebot3_bringup': AMENT_PREFIX_PATH=/home/dingo/turtlebot3_ws/src/install/turtlebot3_node:/home/dingo/turtlebot3_ws/src/install/turtlebot3_description:${AMENT_PREFIX_PATH} CMAKE_PREFIX_PATH=/home/dingo/turtlebot3_ws/src/install/turtlebot3_node:/home/dingo/turtlebot3_ws/src/install/turtlebot3_description:/home/dingo/turtlebot3_ws/install/turtlebot3_description:/opt/ros/jazzy /usr/bin/cmake --install /home/dingo/turtlebot3_ws/src/build/turtlebot3_bringup
[11.948s] Level 1:colcon.colcon_core.environment:create_environment_scripts_only(turtlebot3_bringup)
[11.950s] Level 1:colcon.colcon_core.environment:checking '/home/dingo/turtlebot3_ws/src/install/turtlebot3_bringup' for CMake module files
[11.950s] DEBUG:colcon.colcon_core.event_handler.log_command:Invoked command in '/home/dingo/turtlebot3_ws/src/build/turtlebot3_bringup' returned '0': AMENT_PREFIX_PATH=/home/dingo/turtlebot3_ws/src/install/turtlebot3_node:/home/dingo/turtlebot3_ws/src/install/turtlebot3_description:${AMENT_PREFIX_PATH} CMAKE_PREFIX_PATH=/home/dingo/turtlebot3_ws/src/install/turtlebot3_node:/home/dingo/turtlebot3_ws/src/install/turtlebot3_description:/home/dingo/turtlebot3_ws/install/turtlebot3_description:/opt/ros/jazzy /usr/bin/cmake --install /home/dingo/turtlebot3_ws/src/build/turtlebot3_bringup
[11.955s] Level 1:colcon.colcon_core.environment:checking '/home/dingo/turtlebot3_ws/src/install/turtlebot3_bringup' for CMake config files
[11.957s] Level 1:colcon.colcon_core.shell:create_environment_hook('turtlebot3_bringup', 'cmake_prefix_path')
[11.958s] INFO:colcon.colcon_core.shell:Creating environment hook '/home/dingo/turtlebot3_ws/src/install/turtlebot3_bringup/share/turtlebot3_bringup/hook/cmake_prefix_path.ps1'
[11.960s] INFO:colcon.colcon_core.shell:Creating environment descriptor '/home/dingo/turtlebot3_ws/src/install/turtlebot3_bringup/share/turtlebot3_bringup/hook/cmake_prefix_path.dsv'
[11.962s] INFO:colcon.colcon_core.shell:Creating environment hook '/home/dingo/turtlebot3_ws/src/install/turtlebot3_bringup/share/turtlebot3_bringup/hook/cmake_prefix_path.sh'
[11.965s] Level 1:colcon.colcon_core.environment:checking '/home/dingo/turtlebot3_ws/src/install/turtlebot3_bringup/bin'
[11.966s] Level 1:colcon.colcon_core.environment:checking '/home/dingo/turtlebot3_ws/src/install/turtlebot3_bringup/lib/pkgconfig/turtlebot3_bringup.pc'
[11.967s] Level 1:colcon.colcon_core.environment:checking '/home/dingo/turtlebot3_ws/src/install/turtlebot3_bringup/lib/python3.12/site-packages'
[11.968s] Level 1:colcon.colcon_core.environment:checking '/home/dingo/turtlebot3_ws/src/install/turtlebot3_bringup/bin'
[11.969s] INFO:colcon.colcon_core.shell:Creating package script '/home/dingo/turtlebot3_ws/src/install/turtlebot3_bringup/share/turtlebot3_bringup/package.ps1'
[11.971s] INFO:colcon.colcon_core.shell:Creating package descriptor '/home/dingo/turtlebot3_ws/src/install/turtlebot3_bringup/share/turtlebot3_bringup/package.dsv'
[11.974s] INFO:colcon.colcon_core.shell:Creating package script '/home/dingo/turtlebot3_ws/src/install/turtlebot3_bringup/share/turtlebot3_bringup/package.sh'
[11.976s] INFO:colcon.colcon_core.shell:Creating package script '/home/dingo/turtlebot3_ws/src/install/turtlebot3_bringup/share/turtlebot3_bringup/package.bash'
[11.978s] INFO:colcon.colcon_core.shell:Creating package script '/home/dingo/turtlebot3_ws/src/install/turtlebot3_bringup/share/turtlebot3_bringup/package.zsh'
[11.980s] Level 1:colcon.colcon_core.environment:create_file_with_runtime_dependencies(/home/dingo/turtlebot3_ws/src/install/turtlebot3_bringup/share/colcon-core/packages/turtlebot3_bringup)
[11.983s] Level 1:colcon.colcon_core.environment:create_environment_scripts_only(turtlebot3_bringup)
[11.984s] Level 1:colcon.colcon_core.environment:checking '/home/dingo/turtlebot3_ws/src/install/turtlebot3_bringup' for CMake module files
[11.987s] Level 1:colcon.colcon_core.environment:checking '/home/dingo/turtlebot3_ws/src/install/turtlebot3_bringup' for CMake config files
[11.989s] Level 1:colcon.colcon_core.shell:create_environment_hook('turtlebot3_bringup', 'cmake_prefix_path')
[11.990s] INFO:colcon.colcon_core.shell:Creating environment hook '/home/dingo/turtlebot3_ws/src/install/turtlebot3_bringup/share/turtlebot3_bringup/hook/cmake_prefix_path.ps1'
[11.992s] INFO:colcon.colcon_core.shell:Creating environment descriptor '/home/dingo/turtlebot3_ws/src/install/turtlebot3_bringup/share/turtlebot3_bringup/hook/cmake_prefix_path.dsv'
[11.994s] INFO:colcon.colcon_core.shell:Creating environment hook '/home/dingo/turtlebot3_ws/src/install/turtlebot3_bringup/share/turtlebot3_bringup/hook/cmake_prefix_path.sh'
[11.997s] Level 1:colcon.colcon_core.environment:checking '/home/dingo/turtlebot3_ws/src/install/turtlebot3_bringup/bin'
[11.998s] Level 1:colcon.colcon_core.environment:checking '/home/dingo/turtlebot3_ws/src/install/turtlebot3_bringup/lib/pkgconfig/turtlebot3_bringup.pc'
[11.999s] Level 1:colcon.colcon_core.environment:checking '/home/dingo/turtlebot3_ws/src/install/turtlebot3_bringup/lib/python3.12/site-packages'
[12.000s] Level 1:colcon.colcon_core.environment:checking '/home/dingo/turtlebot3_ws/src/install/turtlebot3_bringup/bin'
[12.001s] INFO:colcon.colcon_core.shell:Creating package script '/home/dingo/turtlebot3_ws/src/install/turtlebot3_bringup/share/turtlebot3_bringup/package.ps1'
[12.003s] INFO:colcon.colcon_core.shell:Creating package descriptor '/home/dingo/turtlebot3_ws/src/install/turtlebot3_bringup/share/turtlebot3_bringup/package.dsv'
[12.006s] INFO:colcon.colcon_core.shell:Creating package script '/home/dingo/turtlebot3_ws/src/install/turtlebot3_bringup/share/turtlebot3_bringup/package.sh'
[12.008s] INFO:colcon.colcon_core.shell:Creating package script '/home/dingo/turtlebot3_ws/src/install/turtlebot3_bringup/share/turtlebot3_bringup/package.bash'
[12.010s] INFO:colcon.colcon_core.shell:Creating package script '/home/dingo/turtlebot3_ws/src/install/turtlebot3_bringup/share/turtlebot3_bringup/package.zsh'
[12.013s] Level 1:colcon.colcon_core.environment:create_file_with_runtime_dependencies(/home/dingo/turtlebot3_ws/src/install/turtlebot3_bringup/share/colcon-core/packages/turtlebot3_bringup)
[12.272s] DEBUG:colcon.colcon_core.event_handler.log_command:Invoked command in '/home/dingo/turtlebot3_ws/src/build/turtlebot3_teleop' returned '0': PYTHONPATH=/home/dingo/turtlebot3_ws/src/build/turtlebot3_teleop/prefix_override:/usr/lib/python3/dist-packages/colcon_core/task/python/colcon_distutils_commands:/home/dingo/turtlebot3_ws/src/install/turtlebot3_teleop/lib/python3.12/site-packages:${PYTHONPATH} /usr/bin/python3 -W ignore:setup.py install is deprecated -W ignore:easy_install command is deprecated setup.py develop --uninstall --editable --build-directory /home/dingo/turtlebot3_ws/src/build/turtlebot3_teleop/build
[12.277s] DEBUG:colcon.colcon_core.event_handler.log_command:Invoking command in '/home/dingo/turtlebot3_ws/src/turtlebot3/turtlebot3_teleop': PYTHONPATH=/home/dingo/turtlebot3_ws/src/build/turtlebot3_teleop/prefix_override:/usr/lib/python3/dist-packages/colcon_core/task/python/colcon_distutils_commands:/home/dingo/turtlebot3_ws/src/install/turtlebot3_teleop/lib/python3.12/site-packages:${PYTHONPATH} /usr/bin/python3 -W ignore:setup.py install is deprecated -W ignore:easy_install command is deprecated setup.py egg_info --egg-base ../../build/turtlebot3_teleop build --build-base /home/dingo/turtlebot3_ws/src/build/turtlebot3_teleop/build install --record /home/dingo/turtlebot3_ws/src/build/turtlebot3_teleop/install.log --single-version-externally-managed install_data --force
[12.412s] DEBUG:colcon.colcon_core.event_handler.log_command:Invoked command in '/home/dingo/turtlebot3_ws/src/build/turtlebot3_example' returned '0': PYTHONPATH=/home/dingo/turtlebot3_ws/src/build/turtlebot3_example/prefix_override:/usr/lib/python3/dist-packages/colcon_core/task/python/colcon_distutils_commands:/home/dingo/turtlebot3_ws/src/install/turtlebot3_example/lib/python3.12/site-packages:${PYTHONPATH} /usr/bin/python3 -W ignore:setup.py install is deprecated -W ignore:easy_install command is deprecated setup.py develop --uninstall --editable --build-directory /home/dingo/turtlebot3_ws/src/build/turtlebot3_example/build
[12.418s] DEBUG:colcon.colcon_core.event_handler.log_command:Invoking command in '/home/dingo/turtlebot3_ws/src/turtlebot3/turtlebot3_example': PYTHONPATH=/home/dingo/turtlebot3_ws/src/build/turtlebot3_example/prefix_override:/usr/lib/python3/dist-packages/colcon_core/task/python/colcon_distutils_commands:/home/dingo/turtlebot3_ws/src/install/turtlebot3_example/lib/python3.12/site-packages:${PYTHONPATH} /usr/bin/python3 -W ignore:setup.py install is deprecated -W ignore:easy_install command is deprecated setup.py egg_info --egg-base ../../build/turtlebot3_example build --build-base /home/dingo/turtlebot3_ws/src/build/turtlebot3_example/build install --record /home/dingo/turtlebot3_ws/src/build/turtlebot3_example/install.log --single-version-externally-managed install_data --force
[14.882s] Level 1:colcon.colcon_core.environment:checking '/home/dingo/turtlebot3_ws/src/install/turtlebot3_teleop' for CMake module files
[14.884s] DEBUG:colcon.colcon_core.event_handler.log_command:Invoked command in '/home/dingo/turtlebot3_ws/src/turtlebot3/turtlebot3_teleop' returned '0': PYTHONPATH=/home/dingo/turtlebot3_ws/src/build/turtlebot3_teleop/prefix_override:/usr/lib/python3/dist-packages/colcon_core/task/python/colcon_distutils_commands:/home/dingo/turtlebot3_ws/src/install/turtlebot3_teleop/lib/python3.12/site-packages:${PYTHONPATH} /usr/bin/python3 -W ignore:setup.py install is deprecated -W ignore:easy_install command is deprecated setup.py egg_info --egg-base ../../build/turtlebot3_teleop build --build-base /home/dingo/turtlebot3_ws/src/build/turtlebot3_teleop/build install --record /home/dingo/turtlebot3_ws/src/build/turtlebot3_teleop/install.log --single-version-externally-managed install_data --force
[14.886s] Level 1:colcon.colcon_core.environment:checking '/home/dingo/turtlebot3_ws/src/install/turtlebot3_teleop' for CMake config files
[14.890s] Level 1:colcon.colcon_core.environment:checking '/home/dingo/turtlebot3_ws/src/install/turtlebot3_teleop/lib'
[14.890s] Level 1:colcon.colcon_core.environment:checking '/home/dingo/turtlebot3_ws/src/install/turtlebot3_teleop/bin'
[14.891s] Level 1:colcon.colcon_core.environment:checking '/home/dingo/turtlebot3_ws/src/install/turtlebot3_teleop/lib/pkgconfig/turtlebot3_teleop.pc'
[14.892s] Level 1:colcon.colcon_core.environment:checking '/home/dingo/turtlebot3_ws/src/install/turtlebot3_teleop/lib/python3.12/site-packages'
[14.893s] Level 1:colcon.colcon_core.shell:create_environment_hook('turtlebot3_teleop', 'pythonpath')
[14.894s] INFO:colcon.colcon_core.shell:Creating environment hook '/home/dingo/turtlebot3_ws/src/install/turtlebot3_teleop/share/turtlebot3_teleop/hook/pythonpath.ps1'
[14.896s] INFO:colcon.colcon_core.shell:Creating environment descriptor '/home/dingo/turtlebot3_ws/src/install/turtlebot3_teleop/share/turtlebot3_teleop/hook/pythonpath.dsv'
[14.898s] INFO:colcon.colcon_core.shell:Creating environment hook '/home/dingo/turtlebot3_ws/src/install/turtlebot3_teleop/share/turtlebot3_teleop/hook/pythonpath.sh'
[14.901s] Level 1:colcon.colcon_core.environment:checking '/home/dingo/turtlebot3_ws/src/install/turtlebot3_teleop/bin'
[14.902s] Level 1:colcon.colcon_core.environment:create_environment_scripts_only(turtlebot3_teleop)
[14.903s] INFO:colcon.colcon_core.shell:Creating package script '/home/dingo/turtlebot3_ws/src/install/turtlebot3_teleop/share/turtlebot3_teleop/package.ps1'
[14.905s] INFO:colcon.colcon_core.shell:Creating package descriptor '/home/dingo/turtlebot3_ws/src/install/turtlebot3_teleop/share/turtlebot3_teleop/package.dsv'
[14.908s] INFO:colcon.colcon_core.shell:Creating package script '/home/dingo/turtlebot3_ws/src/install/turtlebot3_teleop/share/turtlebot3_teleop/package.sh'
[14.910s] INFO:colcon.colcon_core.shell:Creating package script '/home/dingo/turtlebot3_ws/src/install/turtlebot3_teleop/share/turtlebot3_teleop/package.bash'
[14.912s] INFO:colcon.colcon_core.shell:Creating package script '/home/dingo/turtlebot3_ws/src/install/turtlebot3_teleop/share/turtlebot3_teleop/package.zsh'
[14.914s] Level 1:colcon.colcon_core.environment:create_file_with_runtime_dependencies(/home/dingo/turtlebot3_ws/src/install/turtlebot3_teleop/share/colcon-core/packages/turtlebot3_teleop)
[15.079s] Level 1:colcon.colcon_core.environment:checking '/home/dingo/turtlebot3_ws/src/install/turtlebot3_example' for CMake module files
[15.081s] DEBUG:colcon.colcon_core.event_handler.log_command:Invoked command in '/home/dingo/turtlebot3_ws/src/turtlebot3/turtlebot3_example' returned '0': PYTHONPATH=/home/dingo/turtlebot3_ws/src/build/turtlebot3_example/prefix_override:/usr/lib/python3/dist-packages/colcon_core/task/python/colcon_distutils_commands:/home/dingo/turtlebot3_ws/src/install/turtlebot3_example/lib/python3.12/site-packages:${PYTHONPATH} /usr/bin/python3 -W ignore:setup.py install is deprecated -W ignore:easy_install command is deprecated setup.py egg_info --egg-base ../../build/turtlebot3_example build --build-base /home/dingo/turtlebot3_ws/src/build/turtlebot3_example/build install --record /home/dingo/turtlebot3_ws/src/build/turtlebot3_example/install.log --single-version-externally-managed install_data --force
[15.083s] Level 1:colcon.colcon_core.environment:checking '/home/dingo/turtlebot3_ws/src/install/turtlebot3_example' for CMake config files
[15.088s] Level 1:colcon.colcon_core.environment:checking '/home/dingo/turtlebot3_ws/src/install/turtlebot3_example/lib'
[15.089s] Level 1:colcon.colcon_core.environment:checking '/home/dingo/turtlebot3_ws/src/install/turtlebot3_example/bin'
[15.089s] Level 1:colcon.colcon_core.environment:checking '/home/dingo/turtlebot3_ws/src/install/turtlebot3_example/lib/pkgconfig/turtlebot3_example.pc'
[15.090s] Level 1:colcon.colcon_core.environment:checking '/home/dingo/turtlebot3_ws/src/install/turtlebot3_example/lib/python3.12/site-packages'
[15.091s] Level 1:colcon.colcon_core.shell:create_environment_hook('turtlebot3_example', 'pythonpath')
[15.091s] INFO:colcon.colcon_core.shell:Creating environment hook '/home/dingo/turtlebot3_ws/src/install/turtlebot3_example/share/turtlebot3_example/hook/pythonpath.ps1'
[15.093s] INFO:colcon.colcon_core.shell:Creating environment descriptor '/home/dingo/turtlebot3_ws/src/install/turtlebot3_example/share/turtlebot3_example/hook/pythonpath.dsv'
[15.095s] INFO:colcon.colcon_core.shell:Creating environment hook '/home/dingo/turtlebot3_ws/src/install/turtlebot3_example/share/turtlebot3_example/hook/pythonpath.sh'
[15.098s] Level 1:colcon.colcon_core.environment:checking '/home/dingo/turtlebot3_ws/src/install/turtlebot3_example/bin'
[15.099s] Level 1:colcon.colcon_core.environment:create_environment_scripts_only(turtlebot3_example)
[15.100s] INFO:colcon.colcon_core.shell:Creating package script '/home/dingo/turtlebot3_ws/src/install/turtlebot3_example/share/turtlebot3_example/package.ps1'
[15.103s] INFO:colcon.colcon_core.shell:Creating package descriptor '/home/dingo/turtlebot3_ws/src/install/turtlebot3_example/share/turtlebot3_example/package.dsv'
[15.105s] INFO:colcon.colcon_core.shell:Creating package script '/home/dingo/turtlebot3_ws/src/install/turtlebot3_example/share/turtlebot3_example/package.sh'
[15.108s] INFO:colcon.colcon_core.shell:Creating package script '/home/dingo/turtlebot3_ws/src/install/turtlebot3_example/share/turtlebot3_example/package.bash'
[15.110s] INFO:colcon.colcon_core.shell:Creating package script '/home/dingo/turtlebot3_ws/src/install/turtlebot3_example/share/turtlebot3_example/package.zsh'
[15.112s] Level 1:colcon.colcon_core.environment:create_file_with_runtime_dependencies(/home/dingo/turtlebot3_ws/src/install/turtlebot3_example/share/colcon-core/packages/turtlebot3_example)
[15.114s] INFO:colcon.colcon_ros.task.ament_cmake.build:Building ROS package in '/home/dingo/turtlebot3_ws/src/turtlebot3/turtlebot3' with build type 'ament_cmake'
[15.116s] INFO:colcon.colcon_cmake.task.cmake.build:Building CMake package in '/home/dingo/turtlebot3_ws/src/turtlebot3/turtlebot3'
[15.117s] INFO:colcon.colcon_core.shell:Skip shell extension 'powershell' for command environment: Not usable outside of PowerShell
[15.118s] DEBUG:colcon.colcon_core.shell:Skip shell extension 'dsv' for command environment
[15.174s] DEBUG:colcon.colcon_core.event_handler.log_command:Invoking command in '/home/dingo/turtlebot3_ws/src/build/turtlebot3': AMENT_PREFIX_PATH=/home/dingo/turtlebot3_ws/src/install/turtlebot3_bringup:/home/dingo/turtlebot3_ws/src/install/turtlebot3_teleop:/home/dingo/turtlebot3_ws/src/install/turtlebot3_node:/home/dingo/turtlebot3_ws/src/install/turtlebot3_example:/home/dingo/turtlebot3_ws/src/install/turtlebot3_description:${AMENT_PREFIX_PATH} CMAKE_PREFIX_PATH=/home/dingo/turtlebot3_ws/src/install/turtlebot3_bringup:/home/dingo/turtlebot3_ws/src/install/turtlebot3_node:/home/dingo/turtlebot3_ws/src/install/turtlebot3_description:/home/dingo/turtlebot3_ws/install/turtlebot3_description:/opt/ros/jazzy PYTHONPATH=/home/dingo/turtlebot3_ws/src/install/turtlebot3_teleop/lib/python3.12/site-packages:/home/dingo/turtlebot3_ws/src/install/turtlebot3_example/lib/python3.12/site-packages:${PYTHONPATH} /usr/bin/cmake /home/dingo/turtlebot3_ws/src/turtlebot3/turtlebot3 -DCMAKE_INSTALL_PREFIX=/home/dingo/turtlebot3_ws/src/install/turtlebot3
[16.694s] DEBUG:colcon.colcon_core.event_handler.log_command:Invoked command in '/home/dingo/turtlebot3_ws/src/build/turtlebot3' returned '0': AMENT_PREFIX_PATH=/home/dingo/turtlebot3_ws/src/install/turtlebot3_bringup:/home/dingo/turtlebot3_ws/src/install/turtlebot3_teleop:/home/dingo/turtlebot3_ws/src/install/turtlebot3_node:/home/dingo/turtlebot3_ws/src/install/turtlebot3_example:/home/dingo/turtlebot3_ws/src/install/turtlebot3_description:${AMENT_PREFIX_PATH} CMAKE_PREFIX_PATH=/home/dingo/turtlebot3_ws/src/install/turtlebot3_bringup:/home/dingo/turtlebot3_ws/src/install/turtlebot3_node:/home/dingo/turtlebot3_ws/src/install/turtlebot3_description:/home/dingo/turtlebot3_ws/install/turtlebot3_description:/opt/ros/jazzy PYTHONPATH=/home/dingo/turtlebot3_ws/src/install/turtlebot3_teleop/lib/python3.12/site-packages:/home/dingo/turtlebot3_ws/src/install/turtlebot3_example/lib/python3.12/site-packages:${PYTHONPATH} /usr/bin/cmake /home/dingo/turtlebot3_ws/src/turtlebot3/turtlebot3 -DCMAKE_INSTALL_PREFIX=/home/dingo/turtlebot3_ws/src/install/turtlebot3
[16.699s] DEBUG:colcon.colcon_core.event_handler.log_command:Invoking command in '/home/dingo/turtlebot3_ws/src/build/turtlebot3': AMENT_PREFIX_PATH=/home/dingo/turtlebot3_ws/src/install/turtlebot3_bringup:/home/dingo/turtlebot3_ws/src/install/turtlebot3_teleop:/home/dingo/turtlebot3_ws/src/install/turtlebot3_node:/home/dingo/turtlebot3_ws/src/install/turtlebot3_example:/home/dingo/turtlebot3_ws/src/install/turtlebot3_description:${AMENT_PREFIX_PATH} CMAKE_PREFIX_PATH=/home/dingo/turtlebot3_ws/src/install/turtlebot3_bringup:/home/dingo/turtlebot3_ws/src/install/turtlebot3_node:/home/dingo/turtlebot3_ws/src/install/turtlebot3_description:/home/dingo/turtlebot3_ws/install/turtlebot3_description:/opt/ros/jazzy PYTHONPATH=/home/dingo/turtlebot3_ws/src/install/turtlebot3_teleop/lib/python3.12/site-packages:/home/dingo/turtlebot3_ws/src/install/turtlebot3_example/lib/python3.12/site-packages:${PYTHONPATH} /usr/bin/cmake --build /home/dingo/turtlebot3_ws/src/build/turtlebot3 -- -j4 -l4
[16.872s] DEBUG:colcon.colcon_core.event_handler.log_command:Invoked command in '/home/dingo/turtlebot3_ws/src/build/turtlebot3' returned '0': AMENT_PREFIX_PATH=/home/dingo/turtlebot3_ws/src/install/turtlebot3_bringup:/home/dingo/turtlebot3_ws/src/install/turtlebot3_teleop:/home/dingo/turtlebot3_ws/src/install/turtlebot3_node:/home/dingo/turtlebot3_ws/src/install/turtlebot3_example:/home/dingo/turtlebot3_ws/src/install/turtlebot3_description:${AMENT_PREFIX_PATH} CMAKE_PREFIX_PATH=/home/dingo/turtlebot3_ws/src/install/turtlebot3_bringup:/home/dingo/turtlebot3_ws/src/install/turtlebot3_node:/home/dingo/turtlebot3_ws/src/install/turtlebot3_description:/home/dingo/turtlebot3_ws/install/turtlebot3_description:/opt/ros/jazzy PYTHONPATH=/home/dingo/turtlebot3_ws/src/install/turtlebot3_teleop/lib/python3.12/site-packages:/home/dingo/turtlebot3_ws/src/install/turtlebot3_example/lib/python3.12/site-packages:${PYTHONPATH} /usr/bin/cmake --build /home/dingo/turtlebot3_ws/src/build/turtlebot3 -- -j4 -l4
[16.878s] DEBUG:colcon.colcon_core.event_handler.log_command:Invoking command in '/home/dingo/turtlebot3_ws/src/build/turtlebot3': AMENT_PREFIX_PATH=/home/dingo/turtlebot3_ws/src/install/turtlebot3_bringup:/home/dingo/turtlebot3_ws/src/install/turtlebot3_teleop:/home/dingo/turtlebot3_ws/src/install/turtlebot3_node:/home/dingo/turtlebot3_ws/src/install/turtlebot3_example:/home/dingo/turtlebot3_ws/src/install/turtlebot3_description:${AMENT_PREFIX_PATH} CMAKE_PREFIX_PATH=/home/dingo/turtlebot3_ws/src/install/turtlebot3_bringup:/home/dingo/turtlebot3_ws/src/install/turtlebot3_node:/home/dingo/turtlebot3_ws/src/install/turtlebot3_description:/home/dingo/turtlebot3_ws/install/turtlebot3_description:/opt/ros/jazzy PYTHONPATH=/home/dingo/turtlebot3_ws/src/install/turtlebot3_teleop/lib/python3.12/site-packages:/home/dingo/turtlebot3_ws/src/install/turtlebot3_example/lib/python3.12/site-packages:${PYTHONPATH} /usr/bin/cmake --install /home/dingo/turtlebot3_ws/src/build/turtlebot3
[16.975s] Level 1:colcon.colcon_core.environment:create_environment_scripts_only(turtlebot3)
[16.976s] Level 1:colcon.colcon_core.environment:checking '/home/dingo/turtlebot3_ws/src/install/turtlebot3' for CMake module files
[16.978s] DEBUG:colcon.colcon_core.event_handler.log_command:Invoked command in '/home/dingo/turtlebot3_ws/src/build/turtlebot3' returned '0': AMENT_PREFIX_PATH=/home/dingo/turtlebot3_ws/src/install/turtlebot3_bringup:/home/dingo/turtlebot3_ws/src/install/turtlebot3_teleop:/home/dingo/turtlebot3_ws/src/install/turtlebot3_node:/home/dingo/turtlebot3_ws/src/install/turtlebot3_example:/home/dingo/turtlebot3_ws/src/install/turtlebot3_description:${AMENT_PREFIX_PATH} CMAKE_PREFIX_PATH=/home/dingo/turtlebot3_ws/src/install/turtlebot3_bringup:/home/dingo/turtlebot3_ws/src/install/turtlebot3_node:/home/dingo/turtlebot3_ws/src/install/turtlebot3_description:/home/dingo/turtlebot3_ws/install/turtlebot3_description:/opt/ros/jazzy PYTHONPATH=/home/dingo/turtlebot3_ws/src/install/turtlebot3_teleop/lib/python3.12/site-packages:/home/dingo/turtlebot3_ws/src/install/turtlebot3_example/lib/python3.12/site-packages:${PYTHONPATH} /usr/bin/cmake --install /home/dingo/turtlebot3_ws/src/build/turtlebot3
[16.980s] Level 1:colcon.colcon_core.environment:checking '/home/dingo/turtlebot3_ws/src/install/turtlebot3' for CMake config files
[16.982s] Level 1:colcon.colcon_core.shell:create_environment_hook('turtlebot3', 'cmake_prefix_path')
[16.982s] INFO:colcon.colcon_core.shell:Creating environment hook '/home/dingo/turtlebot3_ws/src/install/turtlebot3/share/turtlebot3/hook/cmake_prefix_path.ps1'
[16.984s] INFO:colcon.colcon_core.shell:Creating environment descriptor '/home/dingo/turtlebot3_ws/src/install/turtlebot3/share/turtlebot3/hook/cmake_prefix_path.dsv'
[16.988s] INFO:colcon.colcon_core.shell:Creating environment hook '/home/dingo/turtlebot3_ws/src/install/turtlebot3/share/turtlebot3/hook/cmake_prefix_path.sh'
[16.991s] Level 1:colcon.colcon_core.environment:checking '/home/dingo/turtlebot3_ws/src/install/turtlebot3/bin'
[16.992s] Level 1:colcon.colcon_core.environment:checking '/home/dingo/turtlebot3_ws/src/install/turtlebot3/lib/pkgconfig/turtlebot3.pc'
[16.993s] Level 1:colcon.colcon_core.environment:checking '/home/dingo/turtlebot3_ws/src/install/turtlebot3/lib/python3.12/site-packages'
[16.993s] Level 1:colcon.colcon_core.environment:checking '/home/dingo/turtlebot3_ws/src/install/turtlebot3/bin'
[16.994s] INFO:colcon.colcon_core.shell:Creating package script '/home/dingo/turtlebot3_ws/src/install/turtlebot3/share/turtlebot3/package.ps1'
[16.996s] INFO:colcon.colcon_core.shell:Creating package descriptor '/home/dingo/turtlebot3_ws/src/install/turtlebot3/share/turtlebot3/package.dsv'
[16.998s] INFO:colcon.colcon_core.shell:Creating package script '/home/dingo/turtlebot3_ws/src/install/turtlebot3/share/turtlebot3/package.sh'
[17.000s] INFO:colcon.colcon_core.shell:Creating package script '/home/dingo/turtlebot3_ws/src/install/turtlebot3/share/turtlebot3/package.bash'
[17.002s] INFO:colcon.colcon_core.shell:Creating package script '/home/dingo/turtlebot3_ws/src/install/turtlebot3/share/turtlebot3/package.zsh'
[17.004s] Level 1:colcon.colcon_core.environment:create_file_with_runtime_dependencies(/home/dingo/turtlebot3_ws/src/install/turtlebot3/share/colcon-core/packages/turtlebot3)
[17.006s] Level 1:colcon.colcon_core.environment:create_environment_scripts_only(turtlebot3)
[17.007s] Level 1:colcon.colcon_core.environment:checking '/home/dingo/turtlebot3_ws/src/install/turtlebot3' for CMake module files
[17.010s] Level 1:colcon.colcon_core.environment:checking '/home/dingo/turtlebot3_ws/src/install/turtlebot3' for CMake config files
[17.011s] Level 1:colcon.colcon_core.shell:create_environment_hook('turtlebot3', 'cmake_prefix_path')
[17.012s] INFO:colcon.colcon_core.shell:Creating environment hook '/home/dingo/turtlebot3_ws/src/install/turtlebot3/share/turtlebot3/hook/cmake_prefix_path.ps1'
[17.014s] INFO:colcon.colcon_core.shell:Creating environment descriptor '/home/dingo/turtlebot3_ws/src/install/turtlebot3/share/turtlebot3/hook/cmake_prefix_path.dsv'
[17.016s] INFO:colcon.colcon_core.shell:Creating environment hook '/home/dingo/turtlebot3_ws/src/install/turtlebot3/share/turtlebot3/hook/cmake_prefix_path.sh'
[17.018s] Level 1:colcon.colcon_core.environment:checking '/home/dingo/turtlebot3_ws/src/install/turtlebot3/bin'
[17.019s] Level 1:colcon.colcon_core.environment:checking '/home/dingo/turtlebot3_ws/src/install/turtlebot3/lib/pkgconfig/turtlebot3.pc'
[17.020s] Level 1:colcon.colcon_core.environment:checking '/home/dingo/turtlebot3_ws/src/install/turtlebot3/lib/python3.12/site-packages'
[17.020s] Level 1:colcon.colcon_core.environment:checking '/home/dingo/turtlebot3_ws/src/install/turtlebot3/bin'
[17.021s] INFO:colcon.colcon_core.shell:Creating package script '/home/dingo/turtlebot3_ws/src/install/turtlebot3/share/turtlebot3/package.ps1'
[17.023s] INFO:colcon.colcon_core.shell:Creating package descriptor '/home/dingo/turtlebot3_ws/src/install/turtlebot3/share/turtlebot3/package.dsv'
[17.026s] INFO:colcon.colcon_core.shell:Creating package script '/home/dingo/turtlebot3_ws/src/install/turtlebot3/share/turtlebot3/package.sh'
[17.028s] INFO:colcon.colcon_core.shell:Creating package script '/home/dingo/turtlebot3_ws/src/install/turtlebot3/share/turtlebot3/package.bash'
[17.030s] INFO:colcon.colcon_core.shell:Creating package script '/home/dingo/turtlebot3_ws/src/install/turtlebot3/share/turtlebot3/package.zsh'
[17.032s] Level 1:colcon.colcon_core.environment:create_file_with_runtime_dependencies(/home/dingo/turtlebot3_ws/src/install/turtlebot3/share/colcon-core/packages/turtlebot3)
[17.033s] DEBUG:colcon.colcon_parallel_executor.executor.parallel:closing loop
[17.035s] DEBUG:colcon.colcon_parallel_executor.executor.parallel:loop closed
[17.035s] DEBUG:colcon.colcon_parallel_executor.executor.parallel:run_until_complete finished with '0'
[17.036s] DEBUG:colcon.colcon_core.event_reactor:joining thread
[17.061s] INFO:colcon.colcon_core.plugin_system:Skipping extension 'colcon_notification.desktop_notification.terminal_notifier': Not used on non-Darwin systems
[17.062s] INFO:colcon.colcon_core.plugin_system:Skipping extension 'colcon_notification.desktop_notification.win32': Not used on non-Windows systems
[17.062s] INFO:colcon.colcon_notification.desktop_notification:Sending desktop notification using 'notify2'
[17.107s] DEBUG:colcon.colcon_notification.desktop_notification.notify2:Failed to initialize notify2: org.freedesktop.DBus.Error.ServiceUnknown: The name org.freedesktop.Notifications was not provided by any .service files
[17.108s] DEBUG:colcon.colcon_core.event_reactor:joined thread
[17.109s] INFO:colcon.colcon_core.shell:Creating prefix script '/home/dingo/turtlebot3_ws/src/install/local_setup.ps1'
[17.113s] INFO:colcon.colcon_core.shell:Creating prefix util module '/home/dingo/turtlebot3_ws/src/install/_local_setup_util_ps1.py'
[17.119s] INFO:colcon.colcon_core.shell:Creating prefix chain script '/home/dingo/turtlebot3_ws/src/install/setup.ps1'
[17.124s] INFO:colcon.colcon_core.shell:Creating prefix script '/home/dingo/turtlebot3_ws/src/install/local_setup.sh'
[17.128s] INFO:colcon.colcon_core.shell:Creating prefix util module '/home/dingo/turtlebot3_ws/src/install/_local_setup_util_sh.py'
[17.131s] INFO:colcon.colcon_core.shell:Creating prefix chain script '/home/dingo/turtlebot3_ws/src/install/setup.sh'
[17.138s] INFO:colcon.colcon_core.shell:Creating prefix script '/home/dingo/turtlebot3_ws/src/install/local_setup.bash'
[17.141s] INFO:colcon.colcon_core.shell:Creating prefix chain script '/home/dingo/turtlebot3_ws/src/install/setup.bash'
[17.145s] INFO:colcon.colcon_core.shell:Creating prefix script '/home/dingo/turtlebot3_ws/src/install/local_setup.zsh'
[17.149s] INFO:colcon.colcon_core.shell:Creating prefix chain script '/home/dingo/turtlebot3_ws/src/install/setup.zsh'
