[0.458s] DEBUG:colcon:Command line arguments: ['/usr/bin/colcon', 'build', '--symlink-install']
[0.458s] DEBUG:colcon:Parsed command line arguments: Namespace(log_base=None, log_level=None, verb_name='build', build_base='build', install_base='install', merge_install=False, symlink_install=True, test_result_base=None, continue_on_error=False, executor='parallel', parallel_workers=4, event_handlers=None, ignore_user_meta=False, metas=['./colcon.meta'], base_paths=['.'], packages_ignore=None, packages_ignore_regex=None, paths=None, packages_up_to=None, packages_up_to_regex=None, packages_above=None, packages_above_and_dependencies=None, packages_above_depth=None, packages_select_by_dep=None, packages_skip_by_dep=None, packages_skip_up_to=None, packages_select_build_failed=False, packages_skip_build_finished=False, packages_select_test_failures=False, packages_skip_test_passed=False, packages_select=None, packages_skip=None, packages_select_regex=None, packages_skip_regex=None, packages_start=None, packages_end=None, allow_overriding=[], cmake_args=None, cmake_target=None, cmake_target_skip_unavailable=False, cmake_clean_cache=False, cmake_clean_first=False, cmake_force_configure=False, ament_cmake_args=None, catkin_cmake_args=None, catkin_skip_building_tests=False, mixin_files=None, mixin=None, verb_parser=<colcon_mixin.mixin.mixin_argument.MixinArgumentDecorator object at 0xffff95eb9610>, verb_extension=<colcon_core.verb.build.BuildVerb object at 0xffff96062150>, main=<bound method BuildVerb.main of <colcon_core.verb.build.BuildVerb object at 0xffff96062150>>, mixin_verb=('build',))
[0.630s] Level 1:colcon.colcon_core.package_discovery:discover_packages(colcon_meta) check parameters
[0.630s] Level 1:colcon.colcon_core.package_discovery:discover_packages(recursive) check parameters
[0.631s] Level 1:colcon.colcon_core.package_discovery:discover_packages(ignore) check parameters
[0.631s] Level 1:colcon.colcon_core.package_discovery:discover_packages(path) check parameters
[0.631s] Level 1:colcon.colcon_core.package_discovery:discover_packages(colcon_meta) discover
[0.631s] Level 1:colcon.colcon_core.package_discovery:discover_packages(recursive) discover
[0.631s] INFO:colcon.colcon_core.package_discovery:Crawling recursively for packages in '/home/dingo/tb3_autonomy/src'
[0.632s] Level 1:colcon.colcon_core.package_identification:_identify(.) by extensions ['ignore', 'ignore_ament_install']
[0.632s] Level 1:colcon.colcon_core.package_identification:_identify(.) by extension 'ignore'
[0.632s] Level 1:colcon.colcon_core.package_identification:_identify(.) by extension 'ignore_ament_install'
[0.633s] Level 1:colcon.colcon_core.package_identification:_identify(.) by extensions ['colcon_pkg']
[0.633s] Level 1:colcon.colcon_core.package_identification:_identify(.) by extension 'colcon_pkg'
[0.633s] Level 1:colcon.colcon_core.package_identification:_identify(.) by extensions ['colcon_meta']
[0.633s] Level 1:colcon.colcon_core.package_identification:_identify(.) by extension 'colcon_meta'
[0.633s] Level 1:colcon.colcon_core.package_identification:_identify(.) by extensions ['ros']
[0.633s] Level 1:colcon.colcon_core.package_identification:_identify(.) by extension 'ros'
[0.738s] Level 1:colcon.colcon_core.package_identification:_identify(.) by extensions ['cmake', 'python']
[0.738s] Level 1:colcon.colcon_core.package_identification:_identify(.) by extension 'cmake'
[0.739s] Level 1:colcon.colcon_core.package_identification:_identify(.) by extension 'python'
[0.739s] Level 1:colcon.colcon_core.package_identification:_identify(.) by extensions ['python_setup_py']
[0.739s] Level 1:colcon.colcon_core.package_identification:_identify(.) by extension 'python_setup_py'
[0.740s] Level 1:colcon.colcon_core.package_identification:_identify(build) by extensions ['ignore', 'ignore_ament_install']
[0.740s] Level 1:colcon.colcon_core.package_identification:_identify(build) by extension 'ignore'
[0.740s] Level 1:colcon.colcon_core.package_identification:_identify(build) ignored
[0.741s] Level 1:colcon.colcon_core.package_identification:_identify(install) by extensions ['ignore', 'ignore_ament_install']
[0.741s] Level 1:colcon.colcon_core.package_identification:_identify(install) by extension 'ignore'
[0.742s] Level 1:colcon.colcon_core.package_identification:_identify(install) ignored
[0.742s] Level 1:colcon.colcon_core.package_identification:_identify(log) by extensions ['ignore', 'ignore_ament_install']
[0.743s] Level 1:colcon.colcon_core.package_identification:_identify(log) by extension 'ignore'
[0.743s] Level 1:colcon.colcon_core.package_identification:_identify(log) ignored
[0.743s] Level 1:colcon.colcon_core.package_identification:_identify(rosbag2_2025_06_24-15_07_24) by extensions ['ignore', 'ignore_ament_install']
[0.743s] Level 1:colcon.colcon_core.package_identification:_identify(rosbag2_2025_06_24-15_07_24) by extension 'ignore'
[0.744s] Level 1:colcon.colcon_core.package_identification:_identify(rosbag2_2025_06_24-15_07_24) by extension 'ignore_ament_install'
[0.744s] Level 1:colcon.colcon_core.package_identification:_identify(rosbag2_2025_06_24-15_07_24) by extensions ['colcon_pkg']
[0.744s] Level 1:colcon.colcon_core.package_identification:_identify(rosbag2_2025_06_24-15_07_24) by extension 'colcon_pkg'
[0.744s] Level 1:colcon.colcon_core.package_identification:_identify(rosbag2_2025_06_24-15_07_24) by extensions ['colcon_meta']
[0.744s] Level 1:colcon.colcon_core.package_identification:_identify(rosbag2_2025_06_24-15_07_24) by extension 'colcon_meta'
[0.745s] Level 1:colcon.colcon_core.package_identification:_identify(rosbag2_2025_06_24-15_07_24) by extensions ['ros']
[0.745s] Level 1:colcon.colcon_core.package_identification:_identify(rosbag2_2025_06_24-15_07_24) by extension 'ros'
[0.745s] Level 1:colcon.colcon_core.package_identification:_identify(rosbag2_2025_06_24-15_07_24) by extensions ['cmake', 'python']
[0.745s] Level 1:colcon.colcon_core.package_identification:_identify(rosbag2_2025_06_24-15_07_24) by extension 'cmake'
[0.745s] Level 1:colcon.colcon_core.package_identification:_identify(rosbag2_2025_06_24-15_07_24) by extension 'python'
[0.746s] Level 1:colcon.colcon_core.package_identification:_identify(rosbag2_2025_06_24-15_07_24) by extensions ['python_setup_py']
[0.746s] Level 1:colcon.colcon_core.package_identification:_identify(rosbag2_2025_06_24-15_07_24) by extension 'python_setup_py'
[0.746s] Level 1:colcon.colcon_core.package_identification:_identify(turtlebot3) by extensions ['ignore', 'ignore_ament_install']
[0.747s] Level 1:colcon.colcon_core.package_identification:_identify(turtlebot3) by extension 'ignore'
[0.747s] Level 1:colcon.colcon_core.package_identification:_identify(turtlebot3) by extension 'ignore_ament_install'
[0.747s] Level 1:colcon.colcon_core.package_identification:_identify(turtlebot3) by extensions ['colcon_pkg']
[0.747s] Level 1:colcon.colcon_core.package_identification:_identify(turtlebot3) by extension 'colcon_pkg'
[0.748s] Level 1:colcon.colcon_core.package_identification:_identify(turtlebot3) by extensions ['colcon_meta']
[0.748s] Level 1:colcon.colcon_core.package_identification:_identify(turtlebot3) by extension 'colcon_meta'
[0.748s] Level 1:colcon.colcon_core.package_identification:_identify(turtlebot3) by extensions ['ros']
[0.748s] Level 1:colcon.colcon_core.package_identification:_identify(turtlebot3) by extension 'ros'
[0.748s] Level 1:colcon.colcon_core.package_identification:_identify(turtlebot3) by extensions ['cmake', 'python']
[0.748s] Level 1:colcon.colcon_core.package_identification:_identify(turtlebot3) by extension 'cmake'
[0.749s] Level 1:colcon.colcon_core.package_identification:_identify(turtlebot3) by extension 'python'
[0.749s] Level 1:colcon.colcon_core.package_identification:_identify(turtlebot3) by extensions ['python_setup_py']
[0.749s] Level 1:colcon.colcon_core.package_identification:_identify(turtlebot3) by extension 'python_setup_py'
[0.749s] Level 1:colcon.colcon_core.package_identification:_identify(turtlebot3/turtlebot3) by extensions ['ignore', 'ignore_ament_install']
[0.750s] Level 1:colcon.colcon_core.package_identification:_identify(turtlebot3/turtlebot3) by extension 'ignore'
[0.750s] Level 1:colcon.colcon_core.package_identification:_identify(turtlebot3/turtlebot3) by extension 'ignore_ament_install'
[0.750s] Level 1:colcon.colcon_core.package_identification:_identify(turtlebot3/turtlebot3) by extensions ['colcon_pkg']
[0.750s] Level 1:colcon.colcon_core.package_identification:_identify(turtlebot3/turtlebot3) by extension 'colcon_pkg'
[0.751s] Level 1:colcon.colcon_core.package_identification:_identify(turtlebot3/turtlebot3) by extensions ['colcon_meta']
[0.751s] Level 1:colcon.colcon_core.package_identification:_identify(turtlebot3/turtlebot3) by extension 'colcon_meta'
[0.751s] Level 1:colcon.colcon_core.package_identification:_identify(turtlebot3/turtlebot3) by extensions ['ros']
[0.751s] Level 1:colcon.colcon_core.package_identification:_identify(turtlebot3/turtlebot3) by extension 'ros'
[0.760s] DEBUG:colcon.colcon_core.package_identification:Package 'turtlebot3/turtlebot3' with type 'ros.ament_cmake' and name 'turtlebot3'
[0.761s] Level 1:colcon.colcon_core.package_identification:_identify(turtlebot3/turtlebot3_bringup) by extensions ['ignore', 'ignore_ament_install']
[0.761s] Level 1:colcon.colcon_core.package_identification:_identify(turtlebot3/turtlebot3_bringup) by extension 'ignore'
[0.761s] Level 1:colcon.colcon_core.package_identification:_identify(turtlebot3/turtlebot3_bringup) by extension 'ignore_ament_install'
[0.762s] Level 1:colcon.colcon_core.package_identification:_identify(turtlebot3/turtlebot3_bringup) by extensions ['colcon_pkg']
[0.762s] Level 1:colcon.colcon_core.package_identification:_identify(turtlebot3/turtlebot3_bringup) by extension 'colcon_pkg'
[0.762s] Level 1:colcon.colcon_core.package_identification:_identify(turtlebot3/turtlebot3_bringup) by extensions ['colcon_meta']
[0.762s] Level 1:colcon.colcon_core.package_identification:_identify(turtlebot3/turtlebot3_bringup) by extension 'colcon_meta'
[0.762s] Level 1:colcon.colcon_core.package_identification:_identify(turtlebot3/turtlebot3_bringup) by extensions ['ros']
[0.763s] Level 1:colcon.colcon_core.package_identification:_identify(turtlebot3/turtlebot3_bringup) by extension 'ros'
[0.765s] DEBUG:colcon.colcon_core.package_identification:Package 'turtlebot3/turtlebot3_bringup' with type 'ros.ament_cmake' and name 'turtlebot3_bringup'
[0.765s] Level 1:colcon.colcon_core.package_identification:_identify(turtlebot3/turtlebot3_description) by extensions ['ignore', 'ignore_ament_install']
[0.766s] Level 1:colcon.colcon_core.package_identification:_identify(turtlebot3/turtlebot3_description) by extension 'ignore'
[0.766s] Level 1:colcon.colcon_core.package_identification:_identify(turtlebot3/turtlebot3_description) by extension 'ignore_ament_install'
[0.766s] Level 1:colcon.colcon_core.package_identification:_identify(turtlebot3/turtlebot3_description) by extensions ['colcon_pkg']
[0.766s] Level 1:colcon.colcon_core.package_identification:_identify(turtlebot3/turtlebot3_description) by extension 'colcon_pkg'
[0.767s] Level 1:colcon.colcon_core.package_identification:_identify(turtlebot3/turtlebot3_description) by extensions ['colcon_meta']
[0.767s] Level 1:colcon.colcon_core.package_identification:_identify(turtlebot3/turtlebot3_description) by extension 'colcon_meta'
[0.767s] Level 1:colcon.colcon_core.package_identification:_identify(turtlebot3/turtlebot3_description) by extensions ['ros']
[0.767s] Level 1:colcon.colcon_core.package_identification:_identify(turtlebot3/turtlebot3_description) by extension 'ros'
[0.769s] DEBUG:colcon.colcon_core.package_identification:Package 'turtlebot3/turtlebot3_description' with type 'ros.ament_cmake' and name 'turtlebot3_description'
[0.770s] Level 1:colcon.colcon_core.package_identification:_identify(turtlebot3/turtlebot3_example) by extensions ['ignore', 'ignore_ament_install']
[0.770s] Level 1:colcon.colcon_core.package_identification:_identify(turtlebot3/turtlebot3_example) by extension 'ignore'
[0.771s] Level 1:colcon.colcon_core.package_identification:_identify(turtlebot3/turtlebot3_example) by extension 'ignore_ament_install'
[0.771s] Level 1:colcon.colcon_core.package_identification:_identify(turtlebot3/turtlebot3_example) by extensions ['colcon_pkg']
[0.771s] Level 1:colcon.colcon_core.package_identification:_identify(turtlebot3/turtlebot3_example) by extension 'colcon_pkg'
[0.771s] Level 1:colcon.colcon_core.package_identification:_identify(turtlebot3/turtlebot3_example) by extensions ['colcon_meta']
[0.772s] Level 1:colcon.colcon_core.package_identification:_identify(turtlebot3/turtlebot3_example) by extension 'colcon_meta'
[0.772s] Level 1:colcon.colcon_core.package_identification:_identify(turtlebot3/turtlebot3_example) by extensions ['ros']
[0.772s] Level 1:colcon.colcon_core.package_identification:_identify(turtlebot3/turtlebot3_example) by extension 'ros'
[0.775s] DEBUG:colcon.colcon_core.package_identification:Package 'turtlebot3/turtlebot3_example' with type 'ros.ament_python' and name 'turtlebot3_example'
[0.776s] Level 1:colcon.colcon_core.package_identification:_identify(turtlebot3/turtlebot3_node) by extensions ['ignore', 'ignore_ament_install']
[0.776s] Level 1:colcon.colcon_core.package_identification:_identify(turtlebot3/turtlebot3_node) by extension 'ignore'
[0.777s] Level 1:colcon.colcon_core.package_identification:_identify(turtlebot3/turtlebot3_node) by extension 'ignore_ament_install'
[0.777s] Level 1:colcon.colcon_core.package_identification:_identify(turtlebot3/turtlebot3_node) by extensions ['colcon_pkg']
[0.777s] Level 1:colcon.colcon_core.package_identification:_identify(turtlebot3/turtlebot3_node) by extension 'colcon_pkg'
[0.778s] Level 1:colcon.colcon_core.package_identification:_identify(turtlebot3/turtlebot3_node) by extensions ['colcon_meta']
[0.778s] Level 1:colcon.colcon_core.package_identification:_identify(turtlebot3/turtlebot3_node) by extension 'colcon_meta'
[0.778s] Level 1:colcon.colcon_core.package_identification:_identify(turtlebot3/turtlebot3_node) by extensions ['ros']
[0.778s] Level 1:colcon.colcon_core.package_identification:_identify(turtlebot3/turtlebot3_node) by extension 'ros'
[0.783s] DEBUG:colcon.colcon_core.package_identification:Package 'turtlebot3/turtlebot3_node' with type 'ros.ament_cmake' and name 'turtlebot3_node'
[0.784s] Level 1:colcon.colcon_core.package_identification:_identify(turtlebot3/turtlebot3_teleop) by extensions ['ignore', 'ignore_ament_install']
[0.784s] Level 1:colcon.colcon_core.package_identification:_identify(turtlebot3/turtlebot3_teleop) by extension 'ignore'
[0.784s] Level 1:colcon.colcon_core.package_identification:_identify(turtlebot3/turtlebot3_teleop) by extension 'ignore_ament_install'
[0.785s] Level 1:colcon.colcon_core.package_identification:_identify(turtlebot3/turtlebot3_teleop) by extensions ['colcon_pkg']
[0.785s] Level 1:colcon.colcon_core.package_identification:_identify(turtlebot3/turtlebot3_teleop) by extension 'colcon_pkg'
[0.785s] Level 1:colcon.colcon_core.package_identification:_identify(turtlebot3/turtlebot3_teleop) by extensions ['colcon_meta']
[0.785s] Level 1:colcon.colcon_core.package_identification:_identify(turtlebot3/turtlebot3_teleop) by extension 'colcon_meta'
[0.785s] Level 1:colcon.colcon_core.package_identification:_identify(turtlebot3/turtlebot3_teleop) by extensions ['ros']
[0.785s] Level 1:colcon.colcon_core.package_identification:_identify(turtlebot3/turtlebot3_teleop) by extension 'ros'
[0.787s] DEBUG:colcon.colcon_core.package_identification:Package 'turtlebot3/turtlebot3_teleop' with type 'ros.ament_python' and name 'turtlebot3_teleop'
[0.788s] Level 1:colcon.colcon_core.package_discovery:discover_packages(recursive) using defaults
[0.788s] Level 1:colcon.colcon_core.package_discovery:discover_packages(ignore) discover
[0.789s] Level 1:colcon.colcon_core.package_discovery:discover_packages(ignore) using defaults
[0.789s] Level 1:colcon.colcon_core.package_discovery:discover_packages(path) discover
[0.789s] Level 1:colcon.colcon_core.package_discovery:discover_packages(path) using defaults
[0.862s] Level 1:colcon.colcon_core.package_discovery:discover_packages(prefix_path) check parameters
[0.863s] Level 1:colcon.colcon_core.package_discovery:discover_packages(prefix_path) discover
[0.874s] DEBUG:colcon.colcon_installed_package_information.package_discovery:Found 7 installed packages in /home/dingo/tb3_autonomy/src/install
[0.877s] DEBUG:colcon.colcon_installed_package_information.package_discovery:Found 2 installed packages in /home/dingo/turtlebot3_ws/install
[0.889s] DEBUG:colcon.colcon_installed_package_information.package_discovery:Found 306 installed packages in /opt/ros/jazzy
[0.896s] Level 1:colcon.colcon_core.package_discovery:discover_packages(prefix_path) using defaults
[1.094s] Level 5:colcon.colcon_core.verb:set package 'turtlebot3_description' build argument 'cmake_args' from command line to 'None'
[1.094s] Level 5:colcon.colcon_core.verb:set package 'turtlebot3_description' build argument 'cmake_target' from command line to 'None'
[1.095s] Level 5:colcon.colcon_core.verb:set package 'turtlebot3_description' build argument 'cmake_target_skip_unavailable' from command line to 'False'
[1.095s] Level 5:colcon.colcon_core.verb:set package 'turtlebot3_description' build argument 'cmake_clean_cache' from command line to 'False'
[1.095s] Level 5:colcon.colcon_core.verb:set package 'turtlebot3_description' build argument 'cmake_clean_first' from command line to 'False'
[1.095s] Level 5:colcon.colcon_core.verb:set package 'turtlebot3_description' build argument 'cmake_force_configure' from command line to 'False'
[1.095s] Level 5:colcon.colcon_core.verb:set package 'turtlebot3_description' build argument 'ament_cmake_args' from command line to 'None'
[1.095s] Level 5:colcon.colcon_core.verb:set package 'turtlebot3_description' build argument 'catkin_cmake_args' from command line to 'None'
[1.095s] Level 5:colcon.colcon_core.verb:set package 'turtlebot3_description' build argument 'catkin_skip_building_tests' from command line to 'False'
[1.095s] DEBUG:colcon.colcon_core.verb:Building package 'turtlebot3_description' with the following arguments: {'ament_cmake_args': None, 'build_base': '/home/dingo/tb3_autonomy/src/build/turtlebot3_description', 'catkin_cmake_args': None, 'catkin_skip_building_tests': False, 'cmake_args': None, 'cmake_clean_cache': False, 'cmake_clean_first': False, 'cmake_force_configure': False, 'cmake_target': None, 'cmake_target_skip_unavailable': False, 'install_base': '/home/dingo/tb3_autonomy/src/install/turtlebot3_description', 'merge_install': False, 'path': '/home/dingo/tb3_autonomy/src/turtlebot3/turtlebot3_description', 'symlink_install': True, 'test_result_base': None}
[1.097s] Level 5:colcon.colcon_core.verb:set package 'turtlebot3_example' build argument 'cmake_args' from command line to 'None'
[1.097s] Level 5:colcon.colcon_core.verb:set package 'turtlebot3_example' build argument 'cmake_target' from command line to 'None'
[1.097s] Level 5:colcon.colcon_core.verb:set package 'turtlebot3_example' build argument 'cmake_target_skip_unavailable' from command line to 'False'
[1.097s] Level 5:colcon.colcon_core.verb:set package 'turtlebot3_example' build argument 'cmake_clean_cache' from command line to 'False'
[1.097s] Level 5:colcon.colcon_core.verb:set package 'turtlebot3_example' build argument 'cmake_clean_first' from command line to 'False'
[1.097s] Level 5:colcon.colcon_core.verb:set package 'turtlebot3_example' build argument 'cmake_force_configure' from command line to 'False'
[1.097s] Level 5:colcon.colcon_core.verb:set package 'turtlebot3_example' build argument 'ament_cmake_args' from command line to 'None'
[1.098s] Level 5:colcon.colcon_core.verb:set package 'turtlebot3_example' build argument 'catkin_cmake_args' from command line to 'None'
[1.098s] Level 5:colcon.colcon_core.verb:set package 'turtlebot3_example' build argument 'catkin_skip_building_tests' from command line to 'False'
[1.098s] DEBUG:colcon.colcon_core.verb:Building package 'turtlebot3_example' with the following arguments: {'ament_cmake_args': None, 'build_base': '/home/dingo/tb3_autonomy/src/build/turtlebot3_example', 'catkin_cmake_args': None, 'catkin_skip_building_tests': False, 'cmake_args': None, 'cmake_clean_cache': False, 'cmake_clean_first': False, 'cmake_force_configure': False, 'cmake_target': None, 'cmake_target_skip_unavailable': False, 'install_base': '/home/dingo/tb3_autonomy/src/install/turtlebot3_example', 'merge_install': False, 'path': '/home/dingo/tb3_autonomy/src/turtlebot3/turtlebot3_example', 'symlink_install': True, 'test_result_base': None}
[1.099s] Level 5:colcon.colcon_core.verb:set package 'turtlebot3_node' build argument 'cmake_args' from command line to 'None'
[1.099s] Level 5:colcon.colcon_core.verb:set package 'turtlebot3_node' build argument 'cmake_target' from command line to 'None'
[1.100s] Level 5:colcon.colcon_core.verb:set package 'turtlebot3_node' build argument 'cmake_target_skip_unavailable' from command line to 'False'
[1.100s] Level 5:colcon.colcon_core.verb:set package 'turtlebot3_node' build argument 'cmake_clean_cache' from command line to 'False'
[1.100s] Level 5:colcon.colcon_core.verb:set package 'turtlebot3_node' build argument 'cmake_clean_first' from command line to 'False'
[1.100s] Level 5:colcon.colcon_core.verb:set package 'turtlebot3_node' build argument 'cmake_force_configure' from command line to 'False'
[1.100s] Level 5:colcon.colcon_core.verb:set package 'turtlebot3_node' build argument 'ament_cmake_args' from command line to 'None'
[1.100s] Level 5:colcon.colcon_core.verb:set package 'turtlebot3_node' build argument 'catkin_cmake_args' from command line to 'None'
[1.100s] Level 5:colcon.colcon_core.verb:set package 'turtlebot3_node' build argument 'catkin_skip_building_tests' from command line to 'False'
[1.100s] DEBUG:colcon.colcon_core.verb:Building package 'turtlebot3_node' with the following arguments: {'ament_cmake_args': None, 'build_base': '/home/dingo/tb3_autonomy/src/build/turtlebot3_node', 'catkin_cmake_args': None, 'catkin_skip_building_tests': False, 'cmake_args': None, 'cmake_clean_cache': False, 'cmake_clean_first': False, 'cmake_force_configure': False, 'cmake_target': None, 'cmake_target_skip_unavailable': False, 'install_base': '/home/dingo/tb3_autonomy/src/install/turtlebot3_node', 'merge_install': False, 'path': '/home/dingo/tb3_autonomy/src/turtlebot3/turtlebot3_node', 'symlink_install': True, 'test_result_base': None}
[1.102s] Level 5:colcon.colcon_core.verb:set package 'turtlebot3_teleop' build argument 'cmake_args' from command line to 'None'
[1.102s] Level 5:colcon.colcon_core.verb:set package 'turtlebot3_teleop' build argument 'cmake_target' from command line to 'None'
[1.102s] Level 5:colcon.colcon_core.verb:set package 'turtlebot3_teleop' build argument 'cmake_target_skip_unavailable' from command line to 'False'
[1.102s] Level 5:colcon.colcon_core.verb:set package 'turtlebot3_teleop' build argument 'cmake_clean_cache' from command line to 'False'
[1.102s] Level 5:colcon.colcon_core.verb:set package 'turtlebot3_teleop' build argument 'cmake_clean_first' from command line to 'False'
[1.102s] Level 5:colcon.colcon_core.verb:set package 'turtlebot3_teleop' build argument 'cmake_force_configure' from command line to 'False'
[1.102s] Level 5:colcon.colcon_core.verb:set package 'turtlebot3_teleop' build argument 'ament_cmake_args' from command line to 'None'
[1.102s] Level 5:colcon.colcon_core.verb:set package 'turtlebot3_teleop' build argument 'catkin_cmake_args' from command line to 'None'
[1.103s] Level 5:colcon.colcon_core.verb:set package 'turtlebot3_teleop' build argument 'catkin_skip_building_tests' from command line to 'False'
[1.103s] DEBUG:colcon.colcon_core.verb:Building package 'turtlebot3_teleop' with the following arguments: {'ament_cmake_args': None, 'build_base': '/home/dingo/tb3_autonomy/src/build/turtlebot3_teleop', 'catkin_cmake_args': None, 'catkin_skip_building_tests': False, 'cmake_args': None, 'cmake_clean_cache': False, 'cmake_clean_first': False, 'cmake_force_configure': False, 'cmake_target': None, 'cmake_target_skip_unavailable': False, 'install_base': '/home/dingo/tb3_autonomy/src/install/turtlebot3_teleop', 'merge_install': False, 'path': '/home/dingo/tb3_autonomy/src/turtlebot3/turtlebot3_teleop', 'symlink_install': True, 'test_result_base': None}
[1.104s] Level 5:colcon.colcon_core.verb:set package 'turtlebot3_bringup' build argument 'cmake_args' from command line to 'None'
[1.104s] Level 5:colcon.colcon_core.verb:set package 'turtlebot3_bringup' build argument 'cmake_target' from command line to 'None'
[1.104s] Level 5:colcon.colcon_core.verb:set package 'turtlebot3_bringup' build argument 'cmake_target_skip_unavailable' from command line to 'False'
[1.104s] Level 5:colcon.colcon_core.verb:set package 'turtlebot3_bringup' build argument 'cmake_clean_cache' from command line to 'False'
[1.105s] Level 5:colcon.colcon_core.verb:set package 'turtlebot3_bringup' build argument 'cmake_clean_first' from command line to 'False'
[1.105s] Level 5:colcon.colcon_core.verb:set package 'turtlebot3_bringup' build argument 'cmake_force_configure' from command line to 'False'
[1.105s] Level 5:colcon.colcon_core.verb:set package 'turtlebot3_bringup' build argument 'ament_cmake_args' from command line to 'None'
[1.105s] Level 5:colcon.colcon_core.verb:set package 'turtlebot3_bringup' build argument 'catkin_cmake_args' from command line to 'None'
[1.105s] Level 5:colcon.colcon_core.verb:set package 'turtlebot3_bringup' build argument 'catkin_skip_building_tests' from command line to 'False'
[1.105s] DEBUG:colcon.colcon_core.verb:Building package 'turtlebot3_bringup' with the following arguments: {'ament_cmake_args': None, 'build_base': '/home/dingo/tb3_autonomy/src/build/turtlebot3_bringup', 'catkin_cmake_args': None, 'catkin_skip_building_tests': False, 'cmake_args': None, 'cmake_clean_cache': False, 'cmake_clean_first': False, 'cmake_force_configure': False, 'cmake_target': None, 'cmake_target_skip_unavailable': False, 'install_base': '/home/dingo/tb3_autonomy/src/install/turtlebot3_bringup', 'merge_install': False, 'path': '/home/dingo/tb3_autonomy/src/turtlebot3/turtlebot3_bringup', 'symlink_install': True, 'test_result_base': None}
[1.106s] Level 5:colcon.colcon_core.verb:set package 'turtlebot3' build argument 'cmake_args' from command line to 'None'
[1.106s] Level 5:colcon.colcon_core.verb:set package 'turtlebot3' build argument 'cmake_target' from command line to 'None'
[1.107s] Level 5:colcon.colcon_core.verb:set package 'turtlebot3' build argument 'cmake_target_skip_unavailable' from command line to 'False'
[1.107s] Level 5:colcon.colcon_core.verb:set package 'turtlebot3' build argument 'cmake_clean_cache' from command line to 'False'
[1.107s] Level 5:colcon.colcon_core.verb:set package 'turtlebot3' build argument 'cmake_clean_first' from command line to 'False'
[1.107s] Level 5:colcon.colcon_core.verb:set package 'turtlebot3' build argument 'cmake_force_configure' from command line to 'False'
[1.107s] Level 5:colcon.colcon_core.verb:set package 'turtlebot3' build argument 'ament_cmake_args' from command line to 'None'
[1.107s] Level 5:colcon.colcon_core.verb:set package 'turtlebot3' build argument 'catkin_cmake_args' from command line to 'None'
[1.107s] Level 5:colcon.colcon_core.verb:set package 'turtlebot3' build argument 'catkin_skip_building_tests' from command line to 'False'
[1.107s] DEBUG:colcon.colcon_core.verb:Building package 'turtlebot3' with the following arguments: {'ament_cmake_args': None, 'build_base': '/home/dingo/tb3_autonomy/src/build/turtlebot3', 'catkin_cmake_args': None, 'catkin_skip_building_tests': False, 'cmake_args': None, 'cmake_clean_cache': False, 'cmake_clean_first': False, 'cmake_force_configure': False, 'cmake_target': None, 'cmake_target_skip_unavailable': False, 'install_base': '/home/dingo/tb3_autonomy/src/install/turtlebot3', 'merge_install': False, 'path': '/home/dingo/tb3_autonomy/src/turtlebot3/turtlebot3', 'symlink_install': True, 'test_result_base': None}
[1.108s] INFO:colcon.colcon_core.executor:Executing jobs using 'parallel' executor
[1.112s] DEBUG:colcon.colcon_parallel_executor.executor.parallel:run_until_complete
[1.113s] INFO:colcon.colcon_ros.task.ament_cmake.build:Building ROS package in '/home/dingo/tb3_autonomy/src/turtlebot3/turtlebot3_description' with build type 'ament_cmake'
[1.113s] INFO:colcon.colcon_cmake.task.cmake.build:Building CMake package in '/home/dingo/tb3_autonomy/src/turtlebot3/turtlebot3_description'
[1.122s] INFO:colcon.colcon_core.plugin_system:Skipping extension 'colcon_core.shell.bat': Not used on non-Windows systems
[1.123s] INFO:colcon.colcon_core.shell:Skip shell extension 'powershell' for command environment: Not usable outside of PowerShell
[1.123s] DEBUG:colcon.colcon_core.shell:Skip shell extension 'dsv' for command environment
[1.150s] INFO:colcon.colcon_ros.task.ament_cmake.build:Building ROS package in '/home/dingo/tb3_autonomy/src/turtlebot3/turtlebot3_node' with build type 'ament_cmake'
[1.150s] INFO:colcon.colcon_cmake.task.cmake.build:Building CMake package in '/home/dingo/tb3_autonomy/src/turtlebot3/turtlebot3_node'
[1.151s] INFO:colcon.colcon_core.shell:Skip shell extension 'powershell' for command environment: Not usable outside of PowerShell
[1.152s] DEBUG:colcon.colcon_core.shell:Skip shell extension 'dsv' for command environment
[1.178s] INFO:colcon.colcon_ros.task.ament_python.build:Building ROS package in '/home/dingo/tb3_autonomy/src/turtlebot3/turtlebot3_example' with build type 'ament_python'
[1.179s] Level 1:colcon.colcon_core.shell:create_environment_hook('turtlebot3_example', 'ament_prefix_path')
[1.180s] INFO:colcon.colcon_core.shell:Creating environment hook '/home/dingo/tb3_autonomy/src/install/turtlebot3_example/share/turtlebot3_example/hook/ament_prefix_path.ps1'
[1.182s] INFO:colcon.colcon_core.shell:Creating environment descriptor '/home/dingo/tb3_autonomy/src/install/turtlebot3_example/share/turtlebot3_example/hook/ament_prefix_path.dsv'
[1.185s] INFO:colcon.colcon_core.shell:Creating environment hook '/home/dingo/tb3_autonomy/src/install/turtlebot3_example/share/turtlebot3_example/hook/ament_prefix_path.sh'
[1.188s] INFO:colcon.colcon_core.shell:Skip shell extension 'powershell' for command environment: Not usable outside of PowerShell
[1.188s] DEBUG:colcon.colcon_core.shell:Skip shell extension 'dsv' for command environment
[1.214s] INFO:colcon.colcon_ros.task.ament_python.build:Building ROS package in '/home/dingo/tb3_autonomy/src/turtlebot3/turtlebot3_teleop' with build type 'ament_python'
[1.214s] Level 1:colcon.colcon_core.shell:create_environment_hook('turtlebot3_teleop', 'ament_prefix_path')
[1.215s] INFO:colcon.colcon_core.shell:Creating environment hook '/home/dingo/tb3_autonomy/src/install/turtlebot3_teleop/share/turtlebot3_teleop/hook/ament_prefix_path.ps1'
[1.218s] INFO:colcon.colcon_core.shell:Creating environment descriptor '/home/dingo/tb3_autonomy/src/install/turtlebot3_teleop/share/turtlebot3_teleop/hook/ament_prefix_path.dsv'
[1.220s] INFO:colcon.colcon_core.shell:Creating environment hook '/home/dingo/tb3_autonomy/src/install/turtlebot3_teleop/share/turtlebot3_teleop/hook/ament_prefix_path.sh'
[1.222s] INFO:colcon.colcon_core.shell:Skip shell extension 'powershell' for command environment: Not usable outside of PowerShell
[1.223s] DEBUG:colcon.colcon_core.shell:Skip shell extension 'dsv' for command environment
[1.267s] DEBUG:colcon.colcon_core.event_handler.log_command:Invoking command in '/home/dingo/tb3_autonomy/src/build/turtlebot3_description': CMAKE_PREFIX_PATH=${CMAKE_PREFIX_PATH}:/home/dingo/tb3_autonomy/src/install/turtlebot3_teleop:/home/dingo/tb3_autonomy/src/install/turtlebot3_example:/home/dingo/turtlebot3_ws/install/turtlebot3_description:/opt/ros/jazzy /usr/bin/cmake --build /home/dingo/tb3_autonomy/src/build/turtlebot3_description -- -j4 -l4
[1.280s] DEBUG:colcon.colcon_core.event_handler.log_command:Invoking command in '/home/dingo/tb3_autonomy/src/build/turtlebot3_node': CMAKE_PREFIX_PATH=${CMAKE_PREFIX_PATH}:/home/dingo/tb3_autonomy/src/install/turtlebot3_teleop:/home/dingo/tb3_autonomy/src/install/turtlebot3_example:/home/dingo/turtlebot3_ws/install/turtlebot3_description:/opt/ros/jazzy /usr/bin/cmake --build /home/dingo/tb3_autonomy/src/build/turtlebot3_node -- -j4 -l4
[2.322s] INFO:colcon.colcon_core.task.python.build:Building Python package in '/home/dingo/tb3_autonomy/src/turtlebot3/turtlebot3_example'
[2.323s] INFO:colcon.colcon_core.shell:Skip shell extension 'powershell' for command environment: Not usable outside of PowerShell
[2.323s] DEBUG:colcon.colcon_core.shell:Skip shell extension 'dsv' for command environment
[2.360s] DEBUG:colcon.colcon_core.event_handler.log_command:Invoked command in '/home/dingo/tb3_autonomy/src/build/turtlebot3_description' returned '0': CMAKE_PREFIX_PATH=${CMAKE_PREFIX_PATH}:/home/dingo/tb3_autonomy/src/install/turtlebot3_teleop:/home/dingo/tb3_autonomy/src/install/turtlebot3_example:/home/dingo/turtlebot3_ws/install/turtlebot3_description:/opt/ros/jazzy /usr/bin/cmake --build /home/dingo/tb3_autonomy/src/build/turtlebot3_description -- -j4 -l4
[2.421s] DEBUG:colcon.colcon_core.event_handler.log_command:Invoking command in '/home/dingo/tb3_autonomy/src/build/turtlebot3_description': CMAKE_PREFIX_PATH=${CMAKE_PREFIX_PATH}:/home/dingo/tb3_autonomy/src/install/turtlebot3_teleop:/home/dingo/tb3_autonomy/src/install/turtlebot3_example:/home/dingo/turtlebot3_ws/install/turtlebot3_description:/opt/ros/jazzy /usr/bin/cmake --install /home/dingo/tb3_autonomy/src/build/turtlebot3_description
[3.357s] INFO:colcon.colcon_core.task.python.build:Building Python package in '/home/dingo/tb3_autonomy/src/turtlebot3/turtlebot3_teleop'
[3.358s] INFO:colcon.colcon_core.shell:Skip shell extension 'powershell' for command environment: Not usable outside of PowerShell
[3.358s] DEBUG:colcon.colcon_core.shell:Skip shell extension 'dsv' for command environment
[3.386s] DEBUG:colcon.colcon_core.event_handler.log_command:Invoked command in '/home/dingo/tb3_autonomy/src/build/turtlebot3_node' returned '0': CMAKE_PREFIX_PATH=${CMAKE_PREFIX_PATH}:/home/dingo/tb3_autonomy/src/install/turtlebot3_teleop:/home/dingo/tb3_autonomy/src/install/turtlebot3_example:/home/dingo/turtlebot3_ws/install/turtlebot3_description:/opt/ros/jazzy /usr/bin/cmake --build /home/dingo/tb3_autonomy/src/build/turtlebot3_node -- -j4 -l4
[3.416s] Level 1:colcon.colcon_core.environment:create_environment_scripts_only(turtlebot3_description)
[3.422s] DEBUG:colcon.colcon_core.event_handler.log_command:Invoking command in '/home/dingo/tb3_autonomy/src/build/turtlebot3_node': CMAKE_PREFIX_PATH=${CMAKE_PREFIX_PATH}:/home/dingo/tb3_autonomy/src/install/turtlebot3_teleop:/home/dingo/tb3_autonomy/src/install/turtlebot3_example:/home/dingo/turtlebot3_ws/install/turtlebot3_description:/opt/ros/jazzy /usr/bin/cmake --install /home/dingo/tb3_autonomy/src/build/turtlebot3_node
[3.423s] DEBUG:colcon.colcon_core.event_handler.log_command:Invoked command in '/home/dingo/tb3_autonomy/src/build/turtlebot3_description' returned '0': CMAKE_PREFIX_PATH=${CMAKE_PREFIX_PATH}:/home/dingo/tb3_autonomy/src/install/turtlebot3_teleop:/home/dingo/tb3_autonomy/src/install/turtlebot3_example:/home/dingo/turtlebot3_ws/install/turtlebot3_description:/opt/ros/jazzy /usr/bin/cmake --install /home/dingo/tb3_autonomy/src/build/turtlebot3_description
[3.434s] Level 1:colcon.colcon_core.environment:checking '/home/dingo/tb3_autonomy/src/install/turtlebot3_description' for CMake module files
[3.439s] Level 1:colcon.colcon_core.environment:checking '/home/dingo/tb3_autonomy/src/install/turtlebot3_description' for CMake config files
[3.441s] Level 1:colcon.colcon_core.shell:create_environment_hook('turtlebot3_description', 'cmake_prefix_path')
[3.442s] INFO:colcon.colcon_core.shell:Creating environment hook '/home/dingo/tb3_autonomy/src/install/turtlebot3_description/share/turtlebot3_description/hook/cmake_prefix_path.ps1'
[3.445s] INFO:colcon.colcon_core.shell:Creating environment descriptor '/home/dingo/tb3_autonomy/src/install/turtlebot3_description/share/turtlebot3_description/hook/cmake_prefix_path.dsv'
[3.447s] INFO:colcon.colcon_core.shell:Creating environment hook '/home/dingo/tb3_autonomy/src/install/turtlebot3_description/share/turtlebot3_description/hook/cmake_prefix_path.sh'
[3.450s] Level 1:colcon.colcon_core.environment:checking '/home/dingo/tb3_autonomy/src/install/turtlebot3_description/bin'
[3.451s] Level 1:colcon.colcon_core.environment:checking '/home/dingo/tb3_autonomy/src/install/turtlebot3_description/lib/pkgconfig/turtlebot3_description.pc'
[3.452s] Level 1:colcon.colcon_core.environment:checking '/home/dingo/tb3_autonomy/src/install/turtlebot3_description/lib/python3.12/site-packages'
[3.453s] Level 1:colcon.colcon_core.environment:checking '/home/dingo/tb3_autonomy/src/install/turtlebot3_description/bin'
[3.454s] INFO:colcon.colcon_core.shell:Creating package script '/home/dingo/tb3_autonomy/src/install/turtlebot3_description/share/turtlebot3_description/package.ps1'
[3.459s] INFO:colcon.colcon_core.shell:Creating package descriptor '/home/dingo/tb3_autonomy/src/install/turtlebot3_description/share/turtlebot3_description/package.dsv'
[3.463s] INFO:colcon.colcon_core.shell:Creating package script '/home/dingo/tb3_autonomy/src/install/turtlebot3_description/share/turtlebot3_description/package.sh'
[3.467s] INFO:colcon.colcon_core.shell:Creating package script '/home/dingo/tb3_autonomy/src/install/turtlebot3_description/share/turtlebot3_description/package.bash'
[3.480s] INFO:colcon.colcon_core.shell:Creating package script '/home/dingo/tb3_autonomy/src/install/turtlebot3_description/share/turtlebot3_description/package.zsh'
[3.484s] Level 1:colcon.colcon_core.environment:create_file_with_runtime_dependencies(/home/dingo/tb3_autonomy/src/install/turtlebot3_description/share/colcon-core/packages/turtlebot3_description)
[3.489s] Level 1:colcon.colcon_core.environment:create_environment_scripts_only(turtlebot3_description)
[3.490s] Level 1:colcon.colcon_core.environment:checking '/home/dingo/tb3_autonomy/src/install/turtlebot3_description' for CMake module files
[3.496s] Level 1:colcon.colcon_core.environment:checking '/home/dingo/tb3_autonomy/src/install/turtlebot3_description' for CMake config files
[3.498s] Level 1:colcon.colcon_core.shell:create_environment_hook('turtlebot3_description', 'cmake_prefix_path')
[3.498s] INFO:colcon.colcon_core.shell:Creating environment hook '/home/dingo/tb3_autonomy/src/install/turtlebot3_description/share/turtlebot3_description/hook/cmake_prefix_path.ps1'
[3.501s] INFO:colcon.colcon_core.shell:Creating environment descriptor '/home/dingo/tb3_autonomy/src/install/turtlebot3_description/share/turtlebot3_description/hook/cmake_prefix_path.dsv'
[3.503s] INFO:colcon.colcon_core.shell:Creating environment hook '/home/dingo/tb3_autonomy/src/install/turtlebot3_description/share/turtlebot3_description/hook/cmake_prefix_path.sh'
[3.505s] Level 1:colcon.colcon_core.environment:checking '/home/dingo/tb3_autonomy/src/install/turtlebot3_description/bin'
[3.506s] Level 1:colcon.colcon_core.environment:checking '/home/dingo/tb3_autonomy/src/install/turtlebot3_description/lib/pkgconfig/turtlebot3_description.pc'
[3.507s] Level 1:colcon.colcon_core.environment:checking '/home/dingo/tb3_autonomy/src/install/turtlebot3_description/lib/python3.12/site-packages'
[3.508s] Level 1:colcon.colcon_core.environment:checking '/home/dingo/tb3_autonomy/src/install/turtlebot3_description/bin'
[3.509s] INFO:colcon.colcon_core.shell:Creating package script '/home/dingo/tb3_autonomy/src/install/turtlebot3_description/share/turtlebot3_description/package.ps1'
[3.512s] INFO:colcon.colcon_core.shell:Creating package descriptor '/home/dingo/tb3_autonomy/src/install/turtlebot3_description/share/turtlebot3_description/package.dsv'
[3.515s] INFO:colcon.colcon_core.shell:Creating package script '/home/dingo/tb3_autonomy/src/install/turtlebot3_description/share/turtlebot3_description/package.sh'
[3.517s] INFO:colcon.colcon_core.shell:Creating package script '/home/dingo/tb3_autonomy/src/install/turtlebot3_description/share/turtlebot3_description/package.bash'
[3.520s] INFO:colcon.colcon_core.shell:Creating package script '/home/dingo/tb3_autonomy/src/install/turtlebot3_description/share/turtlebot3_description/package.zsh'
[3.522s] Level 1:colcon.colcon_core.environment:create_file_with_runtime_dependencies(/home/dingo/tb3_autonomy/src/install/turtlebot3_description/share/colcon-core/packages/turtlebot3_description)
[3.577s] Level 1:colcon.colcon_core.environment:create_environment_scripts_only(turtlebot3_node)
[3.578s] Level 1:colcon.colcon_core.environment:checking '/home/dingo/tb3_autonomy/src/install/turtlebot3_node' for CMake module files
[3.580s] DEBUG:colcon.colcon_core.event_handler.log_command:Invoked command in '/home/dingo/tb3_autonomy/src/build/turtlebot3_node' returned '0': CMAKE_PREFIX_PATH=${CMAKE_PREFIX_PATH}:/home/dingo/tb3_autonomy/src/install/turtlebot3_teleop:/home/dingo/tb3_autonomy/src/install/turtlebot3_example:/home/dingo/turtlebot3_ws/install/turtlebot3_description:/opt/ros/jazzy /usr/bin/cmake --install /home/dingo/tb3_autonomy/src/build/turtlebot3_node
[3.583s] Level 1:colcon.colcon_core.environment:checking '/home/dingo/tb3_autonomy/src/install/turtlebot3_node' for CMake config files
[3.586s] Level 1:colcon.colcon_core.shell:create_environment_hook('turtlebot3_node', 'cmake_prefix_path')
[3.587s] INFO:colcon.colcon_core.shell:Creating environment hook '/home/dingo/tb3_autonomy/src/install/turtlebot3_node/share/turtlebot3_node/hook/cmake_prefix_path.ps1'
[3.589s] INFO:colcon.colcon_core.shell:Creating environment descriptor '/home/dingo/tb3_autonomy/src/install/turtlebot3_node/share/turtlebot3_node/hook/cmake_prefix_path.dsv'
[3.592s] INFO:colcon.colcon_core.shell:Creating environment hook '/home/dingo/tb3_autonomy/src/install/turtlebot3_node/share/turtlebot3_node/hook/cmake_prefix_path.sh'
[3.596s] Level 1:colcon.colcon_core.environment:checking '/home/dingo/tb3_autonomy/src/install/turtlebot3_node/lib'
[3.597s] Level 1:colcon.colcon_core.environment:checking '/home/dingo/tb3_autonomy/src/install/turtlebot3_node/bin'
[3.597s] Level 1:colcon.colcon_core.environment:checking '/home/dingo/tb3_autonomy/src/install/turtlebot3_node/lib/pkgconfig/turtlebot3_node.pc'
[3.599s] Level 1:colcon.colcon_core.environment:checking '/home/dingo/tb3_autonomy/src/install/turtlebot3_node/lib/python3.12/site-packages'
[3.600s] Level 1:colcon.colcon_core.environment:checking '/home/dingo/tb3_autonomy/src/install/turtlebot3_node/bin'
[3.601s] INFO:colcon.colcon_core.shell:Creating package script '/home/dingo/tb3_autonomy/src/install/turtlebot3_node/share/turtlebot3_node/package.ps1'
[3.604s] INFO:colcon.colcon_core.shell:Creating package descriptor '/home/dingo/tb3_autonomy/src/install/turtlebot3_node/share/turtlebot3_node/package.dsv'
[3.607s] INFO:colcon.colcon_core.shell:Creating package script '/home/dingo/tb3_autonomy/src/install/turtlebot3_node/share/turtlebot3_node/package.sh'
[3.609s] INFO:colcon.colcon_core.shell:Creating package script '/home/dingo/tb3_autonomy/src/install/turtlebot3_node/share/turtlebot3_node/package.bash'
[3.612s] INFO:colcon.colcon_core.shell:Creating package script '/home/dingo/tb3_autonomy/src/install/turtlebot3_node/share/turtlebot3_node/package.zsh'
[3.614s] Level 1:colcon.colcon_core.environment:create_file_with_runtime_dependencies(/home/dingo/tb3_autonomy/src/install/turtlebot3_node/share/colcon-core/packages/turtlebot3_node)
[3.620s] Level 1:colcon.colcon_core.environment:create_environment_scripts_only(turtlebot3_node)
[3.621s] Level 1:colcon.colcon_core.environment:checking '/home/dingo/tb3_autonomy/src/install/turtlebot3_node' for CMake module files
[3.625s] Level 1:colcon.colcon_core.environment:checking '/home/dingo/tb3_autonomy/src/install/turtlebot3_node' for CMake config files
[3.628s] Level 1:colcon.colcon_core.shell:create_environment_hook('turtlebot3_node', 'cmake_prefix_path')
[3.629s] INFO:colcon.colcon_core.shell:Creating environment hook '/home/dingo/tb3_autonomy/src/install/turtlebot3_node/share/turtlebot3_node/hook/cmake_prefix_path.ps1'
[3.631s] INFO:colcon.colcon_core.shell:Creating environment descriptor '/home/dingo/tb3_autonomy/src/install/turtlebot3_node/share/turtlebot3_node/hook/cmake_prefix_path.dsv'
[3.634s] INFO:colcon.colcon_core.shell:Creating environment hook '/home/dingo/tb3_autonomy/src/install/turtlebot3_node/share/turtlebot3_node/hook/cmake_prefix_path.sh'
[3.638s] Level 1:colcon.colcon_core.environment:checking '/home/dingo/tb3_autonomy/src/install/turtlebot3_node/lib'
[3.638s] Level 1:colcon.colcon_core.environment:checking '/home/dingo/tb3_autonomy/src/install/turtlebot3_node/bin'
[3.639s] Level 1:colcon.colcon_core.environment:checking '/home/dingo/tb3_autonomy/src/install/turtlebot3_node/lib/pkgconfig/turtlebot3_node.pc'
[3.640s] Level 1:colcon.colcon_core.environment:checking '/home/dingo/tb3_autonomy/src/install/turtlebot3_node/lib/python3.12/site-packages'
[3.641s] Level 1:colcon.colcon_core.environment:checking '/home/dingo/tb3_autonomy/src/install/turtlebot3_node/bin'
[3.643s] INFO:colcon.colcon_core.shell:Creating package script '/home/dingo/tb3_autonomy/src/install/turtlebot3_node/share/turtlebot3_node/package.ps1'
[3.646s] INFO:colcon.colcon_core.shell:Creating package descriptor '/home/dingo/tb3_autonomy/src/install/turtlebot3_node/share/turtlebot3_node/package.dsv'
[3.648s] INFO:colcon.colcon_core.shell:Creating package script '/home/dingo/tb3_autonomy/src/install/turtlebot3_node/share/turtlebot3_node/package.sh'
[3.651s] INFO:colcon.colcon_core.shell:Creating package script '/home/dingo/tb3_autonomy/src/install/turtlebot3_node/share/turtlebot3_node/package.bash'
[3.654s] INFO:colcon.colcon_core.shell:Creating package script '/home/dingo/tb3_autonomy/src/install/turtlebot3_node/share/turtlebot3_node/package.zsh'
[3.657s] Level 1:colcon.colcon_core.environment:create_file_with_runtime_dependencies(/home/dingo/tb3_autonomy/src/install/turtlebot3_node/share/colcon-core/packages/turtlebot3_node)
[3.660s] INFO:colcon.colcon_ros.task.ament_cmake.build:Building ROS package in '/home/dingo/tb3_autonomy/src/turtlebot3/turtlebot3_bringup' with build type 'ament_cmake'
[3.662s] INFO:colcon.colcon_cmake.task.cmake.build:Building CMake package in '/home/dingo/tb3_autonomy/src/turtlebot3/turtlebot3_bringup'
[3.662s] INFO:colcon.colcon_core.shell:Skip shell extension 'powershell' for command environment: Not usable outside of PowerShell
[3.663s] DEBUG:colcon.colcon_core.shell:Skip shell extension 'dsv' for command environment
[3.735s] DEBUG:colcon.colcon_core.event_handler.log_command:Invoking command in '/home/dingo/tb3_autonomy/src/build/turtlebot3_bringup': CMAKE_PREFIX_PATH=/home/dingo/tb3_autonomy/src/install/turtlebot3_node:/home/dingo/tb3_autonomy/src/install/turtlebot3_description:/opt/ros/jazzy/opt/gz_sim_vendor:/opt/ros/jazzy/opt/gz_sensors_vendor:/opt/ros/jazzy/opt/gz_physics_vendor:/opt/ros/jazzy/opt/sdformat_vendor:/opt/ros/jazzy/opt/gz_gui_vendor:/opt/ros/jazzy/opt/gz_transport_vendor:/opt/ros/jazzy/opt/gz_rendering_vendor:/opt/ros/jazzy/opt/gz_plugin_vendor:/opt/ros/jazzy/opt/gz_fuel_tools_vendor:/opt/ros/jazzy/opt/gz_msgs_vendor:/opt/ros/jazzy/opt/gz_common_vendor:/opt/ros/jazzy/opt/gz_math_vendor:/opt/ros/jazzy/opt/gz_utils_vendor:/opt/ros/jazzy/opt/gz_tools_vendor:/opt/ros/jazzy/opt/gz_ogre_next_vendor:/opt/ros/jazzy/opt/gz_dartsim_vendor:/opt/ros/jazzy/opt/gz_cmake_vendor:/home/dingo/tb3_autonomy/src/install/turtlebot3:/home/dingo/tb3_autonomy/src/install/turtlebot3_bringup:/home/dingo/tb3_autonomy/src/install/ld08_driver:/home/dingo/tb3_autonomy/src/install/turtlebot3_teleop:/home/dingo/tb3_autonomy/src/install/turtlebot3_example:/home/dingo/turtlebot3_ws/install/turtlebot3_description:/opt/ros/jazzy /usr/bin/cmake --build /home/dingo/tb3_autonomy/src/build/turtlebot3_bringup -- -j4 -l4
[4.065s] DEBUG:colcon.colcon_core.event_handler.log_command:Invoked command in '/home/dingo/tb3_autonomy/src/build/turtlebot3_bringup' returned '0': CMAKE_PREFIX_PATH=/home/dingo/tb3_autonomy/src/install/turtlebot3_node:/home/dingo/tb3_autonomy/src/install/turtlebot3_description:/opt/ros/jazzy/opt/gz_sim_vendor:/opt/ros/jazzy/opt/gz_sensors_vendor:/opt/ros/jazzy/opt/gz_physics_vendor:/opt/ros/jazzy/opt/sdformat_vendor:/opt/ros/jazzy/opt/gz_gui_vendor:/opt/ros/jazzy/opt/gz_transport_vendor:/opt/ros/jazzy/opt/gz_rendering_vendor:/opt/ros/jazzy/opt/gz_plugin_vendor:/opt/ros/jazzy/opt/gz_fuel_tools_vendor:/opt/ros/jazzy/opt/gz_msgs_vendor:/opt/ros/jazzy/opt/gz_common_vendor:/opt/ros/jazzy/opt/gz_math_vendor:/opt/ros/jazzy/opt/gz_utils_vendor:/opt/ros/jazzy/opt/gz_tools_vendor:/opt/ros/jazzy/opt/gz_ogre_next_vendor:/opt/ros/jazzy/opt/gz_dartsim_vendor:/opt/ros/jazzy/opt/gz_cmake_vendor:/home/dingo/tb3_autonomy/src/install/turtlebot3:/home/dingo/tb3_autonomy/src/install/turtlebot3_bringup:/home/dingo/tb3_autonomy/src/install/ld08_driver:/home/dingo/tb3_autonomy/src/install/turtlebot3_teleop:/home/dingo/tb3_autonomy/src/install/turtlebot3_example:/home/dingo/turtlebot3_ws/install/turtlebot3_description:/opt/ros/jazzy /usr/bin/cmake --build /home/dingo/tb3_autonomy/src/build/turtlebot3_bringup -- -j4 -l4
[4.076s] DEBUG:colcon.colcon_core.event_handler.log_command:Invoking command in '/home/dingo/tb3_autonomy/src/build/turtlebot3_bringup': CMAKE_PREFIX_PATH=/home/dingo/tb3_autonomy/src/install/turtlebot3_node:/home/dingo/tb3_autonomy/src/install/turtlebot3_description:/opt/ros/jazzy/opt/gz_sim_vendor:/opt/ros/jazzy/opt/gz_sensors_vendor:/opt/ros/jazzy/opt/gz_physics_vendor:/opt/ros/jazzy/opt/sdformat_vendor:/opt/ros/jazzy/opt/gz_gui_vendor:/opt/ros/jazzy/opt/gz_transport_vendor:/opt/ros/jazzy/opt/gz_rendering_vendor:/opt/ros/jazzy/opt/gz_plugin_vendor:/opt/ros/jazzy/opt/gz_fuel_tools_vendor:/opt/ros/jazzy/opt/gz_msgs_vendor:/opt/ros/jazzy/opt/gz_common_vendor:/opt/ros/jazzy/opt/gz_math_vendor:/opt/ros/jazzy/opt/gz_utils_vendor:/opt/ros/jazzy/opt/gz_tools_vendor:/opt/ros/jazzy/opt/gz_ogre_next_vendor:/opt/ros/jazzy/opt/gz_dartsim_vendor:/opt/ros/jazzy/opt/gz_cmake_vendor:/home/dingo/tb3_autonomy/src/install/turtlebot3:/home/dingo/tb3_autonomy/src/install/turtlebot3_bringup:/home/dingo/tb3_autonomy/src/install/ld08_driver:/home/dingo/tb3_autonomy/src/install/turtlebot3_teleop:/home/dingo/tb3_autonomy/src/install/turtlebot3_example:/home/dingo/turtlebot3_ws/install/turtlebot3_description:/opt/ros/jazzy /usr/bin/cmake --install /home/dingo/tb3_autonomy/src/build/turtlebot3_bringup
[4.424s] Level 1:colcon.colcon_core.environment:create_environment_scripts_only(turtlebot3_bringup)
[4.425s] DEBUG:colcon.colcon_core.event_handler.log_command:Invoked command in '/home/dingo/tb3_autonomy/src/build/turtlebot3_bringup' returned '0': CMAKE_PREFIX_PATH=/home/dingo/tb3_autonomy/src/install/turtlebot3_node:/home/dingo/tb3_autonomy/src/install/turtlebot3_description:/opt/ros/jazzy/opt/gz_sim_vendor:/opt/ros/jazzy/opt/gz_sensors_vendor:/opt/ros/jazzy/opt/gz_physics_vendor:/opt/ros/jazzy/opt/sdformat_vendor:/opt/ros/jazzy/opt/gz_gui_vendor:/opt/ros/jazzy/opt/gz_transport_vendor:/opt/ros/jazzy/opt/gz_rendering_vendor:/opt/ros/jazzy/opt/gz_plugin_vendor:/opt/ros/jazzy/opt/gz_fuel_tools_vendor:/opt/ros/jazzy/opt/gz_msgs_vendor:/opt/ros/jazzy/opt/gz_common_vendor:/opt/ros/jazzy/opt/gz_math_vendor:/opt/ros/jazzy/opt/gz_utils_vendor:/opt/ros/jazzy/opt/gz_tools_vendor:/opt/ros/jazzy/opt/gz_ogre_next_vendor:/opt/ros/jazzy/opt/gz_dartsim_vendor:/opt/ros/jazzy/opt/gz_cmake_vendor:/home/dingo/tb3_autonomy/src/install/turtlebot3:/home/dingo/tb3_autonomy/src/install/turtlebot3_bringup:/home/dingo/tb3_autonomy/src/install/ld08_driver:/home/dingo/tb3_autonomy/src/install/turtlebot3_teleop:/home/dingo/tb3_autonomy/src/install/turtlebot3_example:/home/dingo/turtlebot3_ws/install/turtlebot3_description:/opt/ros/jazzy /usr/bin/cmake --install /home/dingo/tb3_autonomy/src/build/turtlebot3_bringup
[4.427s] Level 1:colcon.colcon_core.environment:checking '/home/dingo/tb3_autonomy/src/install/turtlebot3_bringup' for CMake module files
[4.434s] Level 1:colcon.colcon_core.environment:checking '/home/dingo/tb3_autonomy/src/install/turtlebot3_bringup' for CMake config files
[4.439s] Level 1:colcon.colcon_core.shell:create_environment_hook('turtlebot3_bringup', 'cmake_prefix_path')
[4.442s] INFO:colcon.colcon_core.shell:Creating environment hook '/home/dingo/tb3_autonomy/src/install/turtlebot3_bringup/share/turtlebot3_bringup/hook/cmake_prefix_path.ps1'
[4.447s] INFO:colcon.colcon_core.shell:Creating environment descriptor '/home/dingo/tb3_autonomy/src/install/turtlebot3_bringup/share/turtlebot3_bringup/hook/cmake_prefix_path.dsv'
[4.456s] INFO:colcon.colcon_core.shell:Creating environment hook '/home/dingo/tb3_autonomy/src/install/turtlebot3_bringup/share/turtlebot3_bringup/hook/cmake_prefix_path.sh'
[4.469s] Level 1:colcon.colcon_core.environment:checking '/home/dingo/tb3_autonomy/src/install/turtlebot3_bringup/bin'
[4.469s] Level 1:colcon.colcon_core.environment:checking '/home/dingo/tb3_autonomy/src/install/turtlebot3_bringup/lib/pkgconfig/turtlebot3_bringup.pc'
[4.470s] Level 1:colcon.colcon_core.environment:checking '/home/dingo/tb3_autonomy/src/install/turtlebot3_bringup/lib/python3.12/site-packages'
[4.478s] Level 1:colcon.colcon_core.environment:checking '/home/dingo/tb3_autonomy/src/install/turtlebot3_bringup/bin'
[4.479s] INFO:colcon.colcon_core.shell:Creating package script '/home/dingo/tb3_autonomy/src/install/turtlebot3_bringup/share/turtlebot3_bringup/package.ps1'
[4.487s] INFO:colcon.colcon_core.shell:Creating package descriptor '/home/dingo/tb3_autonomy/src/install/turtlebot3_bringup/share/turtlebot3_bringup/package.dsv'
[4.491s] INFO:colcon.colcon_core.shell:Creating package script '/home/dingo/tb3_autonomy/src/install/turtlebot3_bringup/share/turtlebot3_bringup/package.sh'
[4.494s] INFO:colcon.colcon_core.shell:Creating package script '/home/dingo/tb3_autonomy/src/install/turtlebot3_bringup/share/turtlebot3_bringup/package.bash'
[4.497s] INFO:colcon.colcon_core.shell:Creating package script '/home/dingo/tb3_autonomy/src/install/turtlebot3_bringup/share/turtlebot3_bringup/package.zsh'
[4.500s] Level 1:colcon.colcon_core.environment:create_file_with_runtime_dependencies(/home/dingo/tb3_autonomy/src/install/turtlebot3_bringup/share/colcon-core/packages/turtlebot3_bringup)
[4.503s] Level 1:colcon.colcon_core.environment:create_environment_scripts_only(turtlebot3_bringup)
[4.504s] Level 1:colcon.colcon_core.environment:checking '/home/dingo/tb3_autonomy/src/install/turtlebot3_bringup' for CMake module files
[4.508s] Level 1:colcon.colcon_core.environment:checking '/home/dingo/tb3_autonomy/src/install/turtlebot3_bringup' for CMake config files
[4.511s] Level 1:colcon.colcon_core.shell:create_environment_hook('turtlebot3_bringup', 'cmake_prefix_path')
[4.513s] INFO:colcon.colcon_core.shell:Creating environment hook '/home/dingo/tb3_autonomy/src/install/turtlebot3_bringup/share/turtlebot3_bringup/hook/cmake_prefix_path.ps1'
[4.516s] INFO:colcon.colcon_core.shell:Creating environment descriptor '/home/dingo/tb3_autonomy/src/install/turtlebot3_bringup/share/turtlebot3_bringup/hook/cmake_prefix_path.dsv'
[4.519s] INFO:colcon.colcon_core.shell:Creating environment hook '/home/dingo/tb3_autonomy/src/install/turtlebot3_bringup/share/turtlebot3_bringup/hook/cmake_prefix_path.sh'
[4.523s] Level 1:colcon.colcon_core.environment:checking '/home/dingo/tb3_autonomy/src/install/turtlebot3_bringup/bin'
[4.523s] Level 1:colcon.colcon_core.environment:checking '/home/dingo/tb3_autonomy/src/install/turtlebot3_bringup/lib/pkgconfig/turtlebot3_bringup.pc'
[4.524s] Level 1:colcon.colcon_core.environment:checking '/home/dingo/tb3_autonomy/src/install/turtlebot3_bringup/lib/python3.12/site-packages'
[4.525s] Level 1:colcon.colcon_core.environment:checking '/home/dingo/tb3_autonomy/src/install/turtlebot3_bringup/bin'
[4.527s] INFO:colcon.colcon_core.shell:Creating package script '/home/dingo/tb3_autonomy/src/install/turtlebot3_bringup/share/turtlebot3_bringup/package.ps1'
[4.529s] INFO:colcon.colcon_core.shell:Creating package descriptor '/home/dingo/tb3_autonomy/src/install/turtlebot3_bringup/share/turtlebot3_bringup/package.dsv'
[4.533s] INFO:colcon.colcon_core.shell:Creating package script '/home/dingo/tb3_autonomy/src/install/turtlebot3_bringup/share/turtlebot3_bringup/package.sh'
[4.537s] INFO:colcon.colcon_core.shell:Creating package script '/home/dingo/tb3_autonomy/src/install/turtlebot3_bringup/share/turtlebot3_bringup/package.bash'
[4.540s] INFO:colcon.colcon_core.shell:Creating package script '/home/dingo/tb3_autonomy/src/install/turtlebot3_bringup/share/turtlebot3_bringup/package.zsh'
[4.543s] Level 1:colcon.colcon_core.environment:create_file_with_runtime_dependencies(/home/dingo/tb3_autonomy/src/install/turtlebot3_bringup/share/colcon-core/packages/turtlebot3_bringup)
[6.710s] DEBUG:colcon.colcon_core.event_handler.log_command:Invoking command in '/home/dingo/tb3_autonomy/src/build/turtlebot3_example': PYTHONPATH=/home/dingo/tb3_autonomy/src/build/turtlebot3_example/prefix_override:/usr/lib/python3/dist-packages/colcon_core/task/python/colcon_distutils_commands:/home/dingo/tb3_autonomy/src/install/turtlebot3_example/lib/python3.12/site-packages:${PYTHONPATH} /usr/bin/python3 -W ignore:setup.py install is deprecated -W ignore:easy_install command is deprecated setup.py develop --editable --build-directory /home/dingo/tb3_autonomy/src/build/turtlebot3_example/build --no-deps symlink_data
[6.979s] DEBUG:colcon.colcon_core.event_handler.log_command:Invoking command in '/home/dingo/tb3_autonomy/src/build/turtlebot3_teleop': PYTHONPATH=/home/dingo/tb3_autonomy/src/build/turtlebot3_teleop/prefix_override:/usr/lib/python3/dist-packages/colcon_core/task/python/colcon_distutils_commands:/home/dingo/tb3_autonomy/src/install/turtlebot3_teleop/lib/python3.12/site-packages:${PYTHONPATH} /usr/bin/python3 -W ignore:setup.py install is deprecated -W ignore:easy_install command is deprecated setup.py develop --editable --build-directory /home/dingo/tb3_autonomy/src/build/turtlebot3_teleop/build --no-deps symlink_data
[10.020s] Level 1:colcon.colcon_core.shell:create_environment_hook('turtlebot3_example', 'pythonpath_develop')
[10.021s] INFO:colcon.colcon_core.shell:Creating environment hook '/home/dingo/tb3_autonomy/src/build/turtlebot3_example/share/turtlebot3_example/hook/pythonpath_develop.ps1'
[10.022s] DEBUG:colcon.colcon_core.event_handler.log_command:Invoked command in '/home/dingo/tb3_autonomy/src/build/turtlebot3_example' returned '0': PYTHONPATH=/home/dingo/tb3_autonomy/src/build/turtlebot3_example/prefix_override:/usr/lib/python3/dist-packages/colcon_core/task/python/colcon_distutils_commands:/home/dingo/tb3_autonomy/src/install/turtlebot3_example/lib/python3.12/site-packages:${PYTHONPATH} /usr/bin/python3 -W ignore:setup.py install is deprecated -W ignore:easy_install command is deprecated setup.py develop --editable --build-directory /home/dingo/tb3_autonomy/src/build/turtlebot3_example/build --no-deps symlink_data
[10.025s] INFO:colcon.colcon_core.shell:Creating environment descriptor '/home/dingo/tb3_autonomy/src/build/turtlebot3_example/share/turtlebot3_example/hook/pythonpath_develop.dsv'
[10.027s] INFO:colcon.colcon_core.shell:Creating environment hook '/home/dingo/tb3_autonomy/src/build/turtlebot3_example/share/turtlebot3_example/hook/pythonpath_develop.sh'
[10.031s] Level 1:colcon.colcon_core.environment:checking '/home/dingo/tb3_autonomy/src/install/turtlebot3_example' for CMake module files
[10.034s] Level 1:colcon.colcon_core.environment:checking '/home/dingo/tb3_autonomy/src/install/turtlebot3_example' for CMake config files
[10.039s] Level 1:colcon.colcon_core.environment:checking '/home/dingo/tb3_autonomy/src/install/turtlebot3_example/lib'
[10.040s] Level 1:colcon.colcon_core.environment:checking '/home/dingo/tb3_autonomy/src/install/turtlebot3_example/bin'
[10.040s] Level 1:colcon.colcon_core.environment:checking '/home/dingo/tb3_autonomy/src/install/turtlebot3_example/lib/pkgconfig/turtlebot3_example.pc'
[10.041s] Level 1:colcon.colcon_core.environment:checking '/home/dingo/tb3_autonomy/src/install/turtlebot3_example/lib/python3.12/site-packages'
[10.042s] Level 1:colcon.colcon_core.shell:create_environment_hook('turtlebot3_example', 'pythonpath')
[10.043s] INFO:colcon.colcon_core.shell:Creating environment hook '/home/dingo/tb3_autonomy/src/install/turtlebot3_example/share/turtlebot3_example/hook/pythonpath.ps1'
[10.045s] INFO:colcon.colcon_core.shell:Creating environment descriptor '/home/dingo/tb3_autonomy/src/install/turtlebot3_example/share/turtlebot3_example/hook/pythonpath.dsv'
[10.048s] INFO:colcon.colcon_core.shell:Creating environment hook '/home/dingo/tb3_autonomy/src/install/turtlebot3_example/share/turtlebot3_example/hook/pythonpath.sh'
[10.052s] Level 1:colcon.colcon_core.environment:checking '/home/dingo/tb3_autonomy/src/install/turtlebot3_example/bin'
[10.052s] Level 1:colcon.colcon_core.environment:create_environment_scripts_only(turtlebot3_example)
[10.054s] INFO:colcon.colcon_core.shell:Creating package script '/home/dingo/tb3_autonomy/src/install/turtlebot3_example/share/turtlebot3_example/package.ps1'
[10.059s] INFO:colcon.colcon_core.shell:Creating package descriptor '/home/dingo/tb3_autonomy/src/install/turtlebot3_example/share/turtlebot3_example/package.dsv'
[10.062s] INFO:colcon.colcon_core.shell:Creating package script '/home/dingo/tb3_autonomy/src/install/turtlebot3_example/share/turtlebot3_example/package.sh'
[10.064s] INFO:colcon.colcon_core.shell:Creating package script '/home/dingo/tb3_autonomy/src/install/turtlebot3_example/share/turtlebot3_example/package.bash'
[10.066s] INFO:colcon.colcon_core.shell:Creating package script '/home/dingo/tb3_autonomy/src/install/turtlebot3_example/share/turtlebot3_example/package.zsh'
[10.068s] Level 1:colcon.colcon_core.environment:create_file_with_runtime_dependencies(/home/dingo/tb3_autonomy/src/install/turtlebot3_example/share/colcon-core/packages/turtlebot3_example)
[10.283s] Level 1:colcon.colcon_core.shell:create_environment_hook('turtlebot3_teleop', 'pythonpath_develop')
[10.284s] INFO:colcon.colcon_core.shell:Creating environment hook '/home/dingo/tb3_autonomy/src/build/turtlebot3_teleop/share/turtlebot3_teleop/hook/pythonpath_develop.ps1'
[10.285s] DEBUG:colcon.colcon_core.event_handler.log_command:Invoked command in '/home/dingo/tb3_autonomy/src/build/turtlebot3_teleop' returned '0': PYTHONPATH=/home/dingo/tb3_autonomy/src/build/turtlebot3_teleop/prefix_override:/usr/lib/python3/dist-packages/colcon_core/task/python/colcon_distutils_commands:/home/dingo/tb3_autonomy/src/install/turtlebot3_teleop/lib/python3.12/site-packages:${PYTHONPATH} /usr/bin/python3 -W ignore:setup.py install is deprecated -W ignore:easy_install command is deprecated setup.py develop --editable --build-directory /home/dingo/tb3_autonomy/src/build/turtlebot3_teleop/build --no-deps symlink_data
[10.287s] INFO:colcon.colcon_core.shell:Creating environment descriptor '/home/dingo/tb3_autonomy/src/build/turtlebot3_teleop/share/turtlebot3_teleop/hook/pythonpath_develop.dsv'
[10.290s] INFO:colcon.colcon_core.shell:Creating environment hook '/home/dingo/tb3_autonomy/src/build/turtlebot3_teleop/share/turtlebot3_teleop/hook/pythonpath_develop.sh'
[10.293s] Level 1:colcon.colcon_core.environment:checking '/home/dingo/tb3_autonomy/src/install/turtlebot3_teleop' for CMake module files
[10.296s] Level 1:colcon.colcon_core.environment:checking '/home/dingo/tb3_autonomy/src/install/turtlebot3_teleop' for CMake config files
[10.300s] Level 1:colcon.colcon_core.environment:checking '/home/dingo/tb3_autonomy/src/install/turtlebot3_teleop/lib'
[10.301s] Level 1:colcon.colcon_core.environment:checking '/home/dingo/tb3_autonomy/src/install/turtlebot3_teleop/bin'
[10.301s] Level 1:colcon.colcon_core.environment:checking '/home/dingo/tb3_autonomy/src/install/turtlebot3_teleop/lib/pkgconfig/turtlebot3_teleop.pc'
[10.302s] Level 1:colcon.colcon_core.environment:checking '/home/dingo/tb3_autonomy/src/install/turtlebot3_teleop/lib/python3.12/site-packages'
[10.303s] Level 1:colcon.colcon_core.shell:create_environment_hook('turtlebot3_teleop', 'pythonpath')
[10.304s] INFO:colcon.colcon_core.shell:Creating environment hook '/home/dingo/tb3_autonomy/src/install/turtlebot3_teleop/share/turtlebot3_teleop/hook/pythonpath.ps1'
[10.307s] INFO:colcon.colcon_core.shell:Creating environment descriptor '/home/dingo/tb3_autonomy/src/install/turtlebot3_teleop/share/turtlebot3_teleop/hook/pythonpath.dsv'
[10.309s] INFO:colcon.colcon_core.shell:Creating environment hook '/home/dingo/tb3_autonomy/src/install/turtlebot3_teleop/share/turtlebot3_teleop/hook/pythonpath.sh'
[10.312s] Level 1:colcon.colcon_core.environment:checking '/home/dingo/tb3_autonomy/src/install/turtlebot3_teleop/bin'
[10.313s] Level 1:colcon.colcon_core.environment:create_environment_scripts_only(turtlebot3_teleop)
[10.314s] INFO:colcon.colcon_core.shell:Creating package script '/home/dingo/tb3_autonomy/src/install/turtlebot3_teleop/share/turtlebot3_teleop/package.ps1'
[10.316s] INFO:colcon.colcon_core.shell:Creating package descriptor '/home/dingo/tb3_autonomy/src/install/turtlebot3_teleop/share/turtlebot3_teleop/package.dsv'
[10.318s] INFO:colcon.colcon_core.shell:Creating package script '/home/dingo/tb3_autonomy/src/install/turtlebot3_teleop/share/turtlebot3_teleop/package.sh'
[10.321s] INFO:colcon.colcon_core.shell:Creating package script '/home/dingo/tb3_autonomy/src/install/turtlebot3_teleop/share/turtlebot3_teleop/package.bash'
[10.323s] INFO:colcon.colcon_core.shell:Creating package script '/home/dingo/tb3_autonomy/src/install/turtlebot3_teleop/share/turtlebot3_teleop/package.zsh'
[10.325s] Level 1:colcon.colcon_core.environment:create_file_with_runtime_dependencies(/home/dingo/tb3_autonomy/src/install/turtlebot3_teleop/share/colcon-core/packages/turtlebot3_teleop)
[10.327s] INFO:colcon.colcon_ros.task.ament_cmake.build:Building ROS package in '/home/dingo/tb3_autonomy/src/turtlebot3/turtlebot3' with build type 'ament_cmake'
[10.328s] INFO:colcon.colcon_cmake.task.cmake.build:Building CMake package in '/home/dingo/tb3_autonomy/src/turtlebot3/turtlebot3'
[10.329s] INFO:colcon.colcon_core.shell:Skip shell extension 'powershell' for command environment: Not usable outside of PowerShell
[10.330s] DEBUG:colcon.colcon_core.shell:Skip shell extension 'dsv' for command environment
[10.398s] DEBUG:colcon.colcon_core.event_handler.log_command:Invoking command in '/home/dingo/tb3_autonomy/src/build/turtlebot3': AMENT_PREFIX_PATH=/home/dingo/tb3_autonomy/src/install/turtlebot3_teleop:/home/dingo/tb3_autonomy/src/install/turtlebot3_example:/home/dingo/tb3_autonomy/src/install/turtlebot3:/home/dingo/tb3_autonomy/src/install/turtlebot3_bringup:/home/dingo/tb3_autonomy/src/install/turtlebot3_node:/home/dingo/tb3_autonomy/src/install/turtlebot3_description:/home/dingo/tb3_autonomy/src/install/ld08_driver:/home/dingo/turtlebot3_ws/install/turtlebot3_description:/opt/ros/jazzy CMAKE_PREFIX_PATH=/home/dingo/tb3_autonomy/src/install/turtlebot3_bringup:/home/dingo/tb3_autonomy/src/install/turtlebot3_node:/home/dingo/tb3_autonomy/src/install/turtlebot3_description:/opt/ros/jazzy/opt/gz_sim_vendor:/opt/ros/jazzy/opt/gz_sensors_vendor:/opt/ros/jazzy/opt/gz_physics_vendor:/opt/ros/jazzy/opt/sdformat_vendor:/opt/ros/jazzy/opt/gz_gui_vendor:/opt/ros/jazzy/opt/gz_transport_vendor:/opt/ros/jazzy/opt/gz_rendering_vendor:/opt/ros/jazzy/opt/gz_plugin_vendor:/opt/ros/jazzy/opt/gz_fuel_tools_vendor:/opt/ros/jazzy/opt/gz_msgs_vendor:/opt/ros/jazzy/opt/gz_common_vendor:/opt/ros/jazzy/opt/gz_math_vendor:/opt/ros/jazzy/opt/gz_utils_vendor:/opt/ros/jazzy/opt/gz_tools_vendor:/opt/ros/jazzy/opt/gz_ogre_next_vendor:/opt/ros/jazzy/opt/gz_dartsim_vendor:/opt/ros/jazzy/opt/gz_cmake_vendor:/home/dingo/tb3_autonomy/src/install/turtlebot3:/home/dingo/tb3_autonomy/src/install/ld08_driver:/home/dingo/tb3_autonomy/src/install/turtlebot3_teleop:/home/dingo/tb3_autonomy/src/install/turtlebot3_example:/home/dingo/turtlebot3_ws/install/turtlebot3_description:/opt/ros/jazzy /usr/bin/cmake --build /home/dingo/tb3_autonomy/src/build/turtlebot3 -- -j4 -l4
[10.653s] DEBUG:colcon.colcon_core.event_handler.log_command:Invoked command in '/home/dingo/tb3_autonomy/src/build/turtlebot3' returned '0': AMENT_PREFIX_PATH=/home/dingo/tb3_autonomy/src/install/turtlebot3_teleop:/home/dingo/tb3_autonomy/src/install/turtlebot3_example:/home/dingo/tb3_autonomy/src/install/turtlebot3:/home/dingo/tb3_autonomy/src/install/turtlebot3_bringup:/home/dingo/tb3_autonomy/src/install/turtlebot3_node:/home/dingo/tb3_autonomy/src/install/turtlebot3_description:/home/dingo/tb3_autonomy/src/install/ld08_driver:/home/dingo/turtlebot3_ws/install/turtlebot3_description:/opt/ros/jazzy CMAKE_PREFIX_PATH=/home/dingo/tb3_autonomy/src/install/turtlebot3_bringup:/home/dingo/tb3_autonomy/src/install/turtlebot3_node:/home/dingo/tb3_autonomy/src/install/turtlebot3_description:/opt/ros/jazzy/opt/gz_sim_vendor:/opt/ros/jazzy/opt/gz_sensors_vendor:/opt/ros/jazzy/opt/gz_physics_vendor:/opt/ros/jazzy/opt/sdformat_vendor:/opt/ros/jazzy/opt/gz_gui_vendor:/opt/ros/jazzy/opt/gz_transport_vendor:/opt/ros/jazzy/opt/gz_rendering_vendor:/opt/ros/jazzy/opt/gz_plugin_vendor:/opt/ros/jazzy/opt/gz_fuel_tools_vendor:/opt/ros/jazzy/opt/gz_msgs_vendor:/opt/ros/jazzy/opt/gz_common_vendor:/opt/ros/jazzy/opt/gz_math_vendor:/opt/ros/jazzy/opt/gz_utils_vendor:/opt/ros/jazzy/opt/gz_tools_vendor:/opt/ros/jazzy/opt/gz_ogre_next_vendor:/opt/ros/jazzy/opt/gz_dartsim_vendor:/opt/ros/jazzy/opt/gz_cmake_vendor:/home/dingo/tb3_autonomy/src/install/turtlebot3:/home/dingo/tb3_autonomy/src/install/ld08_driver:/home/dingo/tb3_autonomy/src/install/turtlebot3_teleop:/home/dingo/tb3_autonomy/src/install/turtlebot3_example:/home/dingo/turtlebot3_ws/install/turtlebot3_description:/opt/ros/jazzy /usr/bin/cmake --build /home/dingo/tb3_autonomy/src/build/turtlebot3 -- -j4 -l4
[10.658s] DEBUG:colcon.colcon_core.event_handler.log_command:Invoking command in '/home/dingo/tb3_autonomy/src/build/turtlebot3': AMENT_PREFIX_PATH=/home/dingo/tb3_autonomy/src/install/turtlebot3_teleop:/home/dingo/tb3_autonomy/src/install/turtlebot3_example:/home/dingo/tb3_autonomy/src/install/turtlebot3:/home/dingo/tb3_autonomy/src/install/turtlebot3_bringup:/home/dingo/tb3_autonomy/src/install/turtlebot3_node:/home/dingo/tb3_autonomy/src/install/turtlebot3_description:/home/dingo/tb3_autonomy/src/install/ld08_driver:/home/dingo/turtlebot3_ws/install/turtlebot3_description:/opt/ros/jazzy CMAKE_PREFIX_PATH=/home/dingo/tb3_autonomy/src/install/turtlebot3_bringup:/home/dingo/tb3_autonomy/src/install/turtlebot3_node:/home/dingo/tb3_autonomy/src/install/turtlebot3_description:/opt/ros/jazzy/opt/gz_sim_vendor:/opt/ros/jazzy/opt/gz_sensors_vendor:/opt/ros/jazzy/opt/gz_physics_vendor:/opt/ros/jazzy/opt/sdformat_vendor:/opt/ros/jazzy/opt/gz_gui_vendor:/opt/ros/jazzy/opt/gz_transport_vendor:/opt/ros/jazzy/opt/gz_rendering_vendor:/opt/ros/jazzy/opt/gz_plugin_vendor:/opt/ros/jazzy/opt/gz_fuel_tools_vendor:/opt/ros/jazzy/opt/gz_msgs_vendor:/opt/ros/jazzy/opt/gz_common_vendor:/opt/ros/jazzy/opt/gz_math_vendor:/opt/ros/jazzy/opt/gz_utils_vendor:/opt/ros/jazzy/opt/gz_tools_vendor:/opt/ros/jazzy/opt/gz_ogre_next_vendor:/opt/ros/jazzy/opt/gz_dartsim_vendor:/opt/ros/jazzy/opt/gz_cmake_vendor:/home/dingo/tb3_autonomy/src/install/turtlebot3:/home/dingo/tb3_autonomy/src/install/ld08_driver:/home/dingo/tb3_autonomy/src/install/turtlebot3_teleop:/home/dingo/tb3_autonomy/src/install/turtlebot3_example:/home/dingo/turtlebot3_ws/install/turtlebot3_description:/opt/ros/jazzy /usr/bin/cmake --install /home/dingo/tb3_autonomy/src/build/turtlebot3
[10.794s] Level 1:colcon.colcon_core.environment:create_environment_scripts_only(turtlebot3)
[10.795s] Level 1:colcon.colcon_core.environment:checking '/home/dingo/tb3_autonomy/src/install/turtlebot3' for CMake module files
[10.797s] DEBUG:colcon.colcon_core.event_handler.log_command:Invoked command in '/home/dingo/tb3_autonomy/src/build/turtlebot3' returned '0': AMENT_PREFIX_PATH=/home/dingo/tb3_autonomy/src/install/turtlebot3_teleop:/home/dingo/tb3_autonomy/src/install/turtlebot3_example:/home/dingo/tb3_autonomy/src/install/turtlebot3:/home/dingo/tb3_autonomy/src/install/turtlebot3_bringup:/home/dingo/tb3_autonomy/src/install/turtlebot3_node:/home/dingo/tb3_autonomy/src/install/turtlebot3_description:/home/dingo/tb3_autonomy/src/install/ld08_driver:/home/dingo/turtlebot3_ws/install/turtlebot3_description:/opt/ros/jazzy CMAKE_PREFIX_PATH=/home/dingo/tb3_autonomy/src/install/turtlebot3_bringup:/home/dingo/tb3_autonomy/src/install/turtlebot3_node:/home/dingo/tb3_autonomy/src/install/turtlebot3_description:/opt/ros/jazzy/opt/gz_sim_vendor:/opt/ros/jazzy/opt/gz_sensors_vendor:/opt/ros/jazzy/opt/gz_physics_vendor:/opt/ros/jazzy/opt/sdformat_vendor:/opt/ros/jazzy/opt/gz_gui_vendor:/opt/ros/jazzy/opt/gz_transport_vendor:/opt/ros/jazzy/opt/gz_rendering_vendor:/opt/ros/jazzy/opt/gz_plugin_vendor:/opt/ros/jazzy/opt/gz_fuel_tools_vendor:/opt/ros/jazzy/opt/gz_msgs_vendor:/opt/ros/jazzy/opt/gz_common_vendor:/opt/ros/jazzy/opt/gz_math_vendor:/opt/ros/jazzy/opt/gz_utils_vendor:/opt/ros/jazzy/opt/gz_tools_vendor:/opt/ros/jazzy/opt/gz_ogre_next_vendor:/opt/ros/jazzy/opt/gz_dartsim_vendor:/opt/ros/jazzy/opt/gz_cmake_vendor:/home/dingo/tb3_autonomy/src/install/turtlebot3:/home/dingo/tb3_autonomy/src/install/ld08_driver:/home/dingo/tb3_autonomy/src/install/turtlebot3_teleop:/home/dingo/tb3_autonomy/src/install/turtlebot3_example:/home/dingo/turtlebot3_ws/install/turtlebot3_description:/opt/ros/jazzy /usr/bin/cmake --install /home/dingo/tb3_autonomy/src/build/turtlebot3
[10.799s] Level 1:colcon.colcon_core.environment:checking '/home/dingo/tb3_autonomy/src/install/turtlebot3' for CMake config files
[10.801s] Level 1:colcon.colcon_core.shell:create_environment_hook('turtlebot3', 'cmake_prefix_path')
[10.801s] INFO:colcon.colcon_core.shell:Creating environment hook '/home/dingo/tb3_autonomy/src/install/turtlebot3/share/turtlebot3/hook/cmake_prefix_path.ps1'
[10.803s] INFO:colcon.colcon_core.shell:Creating environment descriptor '/home/dingo/tb3_autonomy/src/install/turtlebot3/share/turtlebot3/hook/cmake_prefix_path.dsv'
[10.805s] INFO:colcon.colcon_core.shell:Creating environment hook '/home/dingo/tb3_autonomy/src/install/turtlebot3/share/turtlebot3/hook/cmake_prefix_path.sh'
[10.808s] Level 1:colcon.colcon_core.environment:checking '/home/dingo/tb3_autonomy/src/install/turtlebot3/bin'
[10.809s] Level 1:colcon.colcon_core.environment:checking '/home/dingo/tb3_autonomy/src/install/turtlebot3/lib/pkgconfig/turtlebot3.pc'
[10.810s] Level 1:colcon.colcon_core.environment:checking '/home/dingo/tb3_autonomy/src/install/turtlebot3/lib/python3.12/site-packages'
[10.811s] Level 1:colcon.colcon_core.environment:checking '/home/dingo/tb3_autonomy/src/install/turtlebot3/bin'
[10.812s] INFO:colcon.colcon_core.shell:Creating package script '/home/dingo/tb3_autonomy/src/install/turtlebot3/share/turtlebot3/package.ps1'
[10.814s] INFO:colcon.colcon_core.shell:Creating package descriptor '/home/dingo/tb3_autonomy/src/install/turtlebot3/share/turtlebot3/package.dsv'
[10.815s] INFO:colcon.colcon_core.shell:Creating package script '/home/dingo/tb3_autonomy/src/install/turtlebot3/share/turtlebot3/package.sh'
[10.817s] INFO:colcon.colcon_core.shell:Creating package script '/home/dingo/tb3_autonomy/src/install/turtlebot3/share/turtlebot3/package.bash'
[10.819s] INFO:colcon.colcon_core.shell:Creating package script '/home/dingo/tb3_autonomy/src/install/turtlebot3/share/turtlebot3/package.zsh'
[10.821s] Level 1:colcon.colcon_core.environment:create_file_with_runtime_dependencies(/home/dingo/tb3_autonomy/src/install/turtlebot3/share/colcon-core/packages/turtlebot3)
[10.824s] Level 1:colcon.colcon_core.environment:create_environment_scripts_only(turtlebot3)
[10.824s] Level 1:colcon.colcon_core.environment:checking '/home/dingo/tb3_autonomy/src/install/turtlebot3' for CMake module files
[10.827s] Level 1:colcon.colcon_core.environment:checking '/home/dingo/tb3_autonomy/src/install/turtlebot3' for CMake config files
[10.829s] Level 1:colcon.colcon_core.shell:create_environment_hook('turtlebot3', 'cmake_prefix_path')
[10.830s] INFO:colcon.colcon_core.shell:Creating environment hook '/home/dingo/tb3_autonomy/src/install/turtlebot3/share/turtlebot3/hook/cmake_prefix_path.ps1'
[10.831s] INFO:colcon.colcon_core.shell:Creating environment descriptor '/home/dingo/tb3_autonomy/src/install/turtlebot3/share/turtlebot3/hook/cmake_prefix_path.dsv'
[10.833s] INFO:colcon.colcon_core.shell:Creating environment hook '/home/dingo/tb3_autonomy/src/install/turtlebot3/share/turtlebot3/hook/cmake_prefix_path.sh'
[10.836s] Level 1:colcon.colcon_core.environment:checking '/home/dingo/tb3_autonomy/src/install/turtlebot3/bin'
[10.836s] Level 1:colcon.colcon_core.environment:checking '/home/dingo/tb3_autonomy/src/install/turtlebot3/lib/pkgconfig/turtlebot3.pc'
[10.837s] Level 1:colcon.colcon_core.environment:checking '/home/dingo/tb3_autonomy/src/install/turtlebot3/lib/python3.12/site-packages'
[10.838s] Level 1:colcon.colcon_core.environment:checking '/home/dingo/tb3_autonomy/src/install/turtlebot3/bin'
[10.838s] INFO:colcon.colcon_core.shell:Creating package script '/home/dingo/tb3_autonomy/src/install/turtlebot3/share/turtlebot3/package.ps1'
[10.841s] INFO:colcon.colcon_core.shell:Creating package descriptor '/home/dingo/tb3_autonomy/src/install/turtlebot3/share/turtlebot3/package.dsv'
[10.843s] INFO:colcon.colcon_core.shell:Creating package script '/home/dingo/tb3_autonomy/src/install/turtlebot3/share/turtlebot3/package.sh'
[10.845s] INFO:colcon.colcon_core.shell:Creating package script '/home/dingo/tb3_autonomy/src/install/turtlebot3/share/turtlebot3/package.bash'
[10.847s] INFO:colcon.colcon_core.shell:Creating package script '/home/dingo/tb3_autonomy/src/install/turtlebot3/share/turtlebot3/package.zsh'
[10.849s] Level 1:colcon.colcon_core.environment:create_file_with_runtime_dependencies(/home/dingo/tb3_autonomy/src/install/turtlebot3/share/colcon-core/packages/turtlebot3)
[10.850s] DEBUG:colcon.colcon_parallel_executor.executor.parallel:closing loop
[10.852s] DEBUG:colcon.colcon_parallel_executor.executor.parallel:loop closed
[10.853s] DEBUG:colcon.colcon_parallel_executor.executor.parallel:run_until_complete finished with '0'
[10.853s] DEBUG:colcon.colcon_core.event_reactor:joining thread
[10.879s] INFO:colcon.colcon_core.plugin_system:Skipping extension 'colcon_notification.desktop_notification.terminal_notifier': Not used on non-Darwin systems
[10.880s] INFO:colcon.colcon_core.plugin_system:Skipping extension 'colcon_notification.desktop_notification.win32': Not used on non-Windows systems
[10.880s] INFO:colcon.colcon_notification.desktop_notification:Sending desktop notification using 'notify2'
[10.883s] DEBUG:colcon.colcon_notification.desktop_notification.notify2:Failed to initialize notify2: org.freedesktop.DBus.Error.ServiceUnknown: The name org.freedesktop.Notifications was not provided by any .service files
[10.883s] DEBUG:colcon.colcon_core.event_reactor:joined thread
[10.884s] INFO:colcon.colcon_core.shell:Creating prefix script '/home/dingo/tb3_autonomy/src/install/local_setup.ps1'
[10.887s] INFO:colcon.colcon_core.shell:Creating prefix util module '/home/dingo/tb3_autonomy/src/install/_local_setup_util_ps1.py'
[10.892s] INFO:colcon.colcon_core.shell:Creating prefix chain script '/home/dingo/tb3_autonomy/src/install/setup.ps1'
[10.898s] INFO:colcon.colcon_core.shell:Creating prefix script '/home/dingo/tb3_autonomy/src/install/local_setup.sh'
[10.901s] INFO:colcon.colcon_core.shell:Creating prefix util module '/home/dingo/tb3_autonomy/src/install/_local_setup_util_sh.py'
[10.903s] INFO:colcon.colcon_core.shell:Creating prefix chain script '/home/dingo/tb3_autonomy/src/install/setup.sh'
[10.911s] INFO:colcon.colcon_core.shell:Creating prefix script '/home/dingo/tb3_autonomy/src/install/local_setup.bash'
[10.913s] INFO:colcon.colcon_core.shell:Creating prefix chain script '/home/dingo/tb3_autonomy/src/install/setup.bash'
[10.919s] INFO:colcon.colcon_core.shell:Creating prefix script '/home/dingo/tb3_autonomy/src/install/local_setup.zsh'
[10.921s] INFO:colcon.colcon_core.shell:Creating prefix chain script '/home/dingo/tb3_autonomy/src/install/setup.zsh'
