[8.609s] Invoking command in '/home/dingo/tb3_autonomy/build/turtlebot3_teleop': PYTHONPATH=/home/dingo/tb3_autonomy/build/turtlebot3_teleop/prefix_override:/usr/lib/python3/dist-packages/colcon_core/task/python/colcon_distutils_commands:/home/dingo/tb3_autonomy/install/turtlebot3_teleop/lib/python3.12/site-packages:${PYTHONPATH} /usr/bin/python3 -W ignore:setup.py install is deprecated -W ignore:easy_install command is deprecated setup.py develop --uninstall --editable --build-directory /home/dingo/tb3_autonomy/build/turtlebot3_teleop/build
[11.217s] running develop
[12.565s] Removing /home/dingo/tb3_autonomy/install/turtlebot3_teleop/lib/python3.12/site-packages/turtlebot3-teleop.egg-link (link to .)
[12.818s] Invoked command in '/home/dingo/tb3_autonomy/build/turtlebot3_teleop' returned '0': PYTHONPATH=/home/dingo/tb3_autonomy/build/turtlebot3_teleop/prefix_override:/usr/lib/python3/dist-packages/colcon_core/task/python/colcon_distutils_commands:/home/dingo/tb3_autonomy/install/turtlebot3_teleop/lib/python3.12/site-packages:${PYTHONPATH} /usr/bin/python3 -W ignore:setup.py install is deprecated -W ignore:easy_install command is deprecated setup.py develop --uninstall --editable --build-directory /home/dingo/tb3_autonomy/build/turtlebot3_teleop/build
[12.822s] Invoking command in '/home/dingo/tb3_autonomy/src/turtlebot3/turtlebot3_teleop': PYTHONPATH=/home/dingo/tb3_autonomy/build/turtlebot3_teleop/prefix_override:/usr/lib/python3/dist-packages/colcon_core/task/python/colcon_distutils_commands:/home/dingo/tb3_autonomy/install/turtlebot3_teleop/lib/python3.12/site-packages:${PYTHONPATH} /usr/bin/python3 -W ignore:setup.py install is deprecated -W ignore:easy_install command is deprecated setup.py egg_info --egg-base ../../../build/turtlebot3_teleop build --build-base /home/dingo/tb3_autonomy/build/turtlebot3_teleop/build install --record /home/dingo/tb3_autonomy/build/turtlebot3_teleop/install.log --single-version-externally-managed install_data --force
[14.417s] running egg_info
[14.543s] writing ../../../build/turtlebot3_teleop/turtlebot3_teleop.egg-info/PKG-INFO
[14.545s] writing dependency_links to ../../../build/turtlebot3_teleop/turtlebot3_teleop.egg-info/dependency_links.txt
[14.546s] writing entry points to ../../../build/turtlebot3_teleop/turtlebot3_teleop.egg-info/entry_points.txt
[14.552s] writing requirements to ../../../build/turtlebot3_teleop/turtlebot3_teleop.egg-info/requires.txt
[14.553s] writing top-level names to ../../../build/turtlebot3_teleop/turtlebot3_teleop.egg-info/top_level.txt
[14.822s] reading manifest file '../../../build/turtlebot3_teleop/turtlebot3_teleop.egg-info/SOURCES.txt'
[14.826s] writing manifest file '../../../build/turtlebot3_teleop/turtlebot3_teleop.egg-info/SOURCES.txt'
[14.829s] running build
[14.831s] running build_py
[14.832s] creating /home/dingo/tb3_autonomy/build/turtlebot3_teleop/build
[14.832s] creating /home/dingo/tb3_autonomy/build/turtlebot3_teleop/build/lib
[14.833s] creating /home/dingo/tb3_autonomy/build/turtlebot3_teleop/build/lib/turtlebot3_teleop
[14.833s] copying turtlebot3_teleop/__init__.py -> /home/dingo/tb3_autonomy/build/turtlebot3_teleop/build/lib/turtlebot3_teleop
[14.838s] creating /home/dingo/tb3_autonomy/build/turtlebot3_teleop/build/lib/turtlebot3_teleop/script
[14.838s] copying turtlebot3_teleop/script/teleop_keyboard.py -> /home/dingo/tb3_autonomy/build/turtlebot3_teleop/build/lib/turtlebot3_teleop/script
[14.839s] copying turtlebot3_teleop/script/__init__.py -> /home/dingo/tb3_autonomy/build/turtlebot3_teleop/build/lib/turtlebot3_teleop/script
[14.840s] running install
[14.869s] running install_lib
[15.001s] creating /home/dingo/tb3_autonomy/install/turtlebot3_teleop/lib/python3.12/site-packages/turtlebot3_teleop
[15.002s] creating /home/dingo/tb3_autonomy/install/turtlebot3_teleop/lib/python3.12/site-packages/turtlebot3_teleop/script
[15.002s] copying /home/dingo/tb3_autonomy/build/turtlebot3_teleop/build/lib/turtlebot3_teleop/script/teleop_keyboard.py -> /home/dingo/tb3_autonomy/install/turtlebot3_teleop/lib/python3.12/site-packages/turtlebot3_teleop/script
[15.010s] copying /home/dingo/tb3_autonomy/build/turtlebot3_teleop/build/lib/turtlebot3_teleop/script/__init__.py -> /home/dingo/tb3_autonomy/install/turtlebot3_teleop/lib/python3.12/site-packages/turtlebot3_teleop/script
[15.010s] copying /home/dingo/tb3_autonomy/build/turtlebot3_teleop/build/lib/turtlebot3_teleop/__init__.py -> /home/dingo/tb3_autonomy/install/turtlebot3_teleop/lib/python3.12/site-packages/turtlebot3_teleop
[15.011s] byte-compiling /home/dingo/tb3_autonomy/install/turtlebot3_teleop/lib/python3.12/site-packages/turtlebot3_teleop/script/teleop_keyboard.py to teleop_keyboard.cpython-312.pyc
[15.019s] byte-compiling /home/dingo/tb3_autonomy/install/turtlebot3_teleop/lib/python3.12/site-packages/turtlebot3_teleop/script/__init__.py to __init__.cpython-312.pyc
[15.020s] byte-compiling /home/dingo/tb3_autonomy/install/turtlebot3_teleop/lib/python3.12/site-packages/turtlebot3_teleop/__init__.py to __init__.cpython-312.pyc
[15.020s] running install_data
[15.028s] copying resource/turtlebot3_teleop -> /home/dingo/tb3_autonomy/install/turtlebot3_teleop/share/ament_index/resource_index/packages
[15.029s] copying package.xml -> /home/dingo/tb3_autonomy/install/turtlebot3_teleop/share/turtlebot3_teleop
[15.029s] running install_egg_info
[15.179s] Copying ../../../build/turtlebot3_teleop/turtlebot3_teleop.egg-info to /home/dingo/tb3_autonomy/install/turtlebot3_teleop/lib/python3.12/site-packages/turtlebot3_teleop-2.3.1-py3.12.egg-info
[15.203s] running install_scripts
[16.137s] Installing teleop_keyboard script to /home/dingo/tb3_autonomy/install/turtlebot3_teleop/lib/turtlebot3_teleop
[16.144s] writing list of installed files to '/home/dingo/tb3_autonomy/build/turtlebot3_teleop/install.log'
[16.374s] Invoked command in '/home/dingo/tb3_autonomy/src/turtlebot3/turtlebot3_teleop' returned '0': PYTHONPATH=/home/dingo/tb3_autonomy/build/turtlebot3_teleop/prefix_override:/usr/lib/python3/dist-packages/colcon_core/task/python/colcon_distutils_commands:/home/dingo/tb3_autonomy/install/turtlebot3_teleop/lib/python3.12/site-packages:${PYTHONPATH} /usr/bin/python3 -W ignore:setup.py install is deprecated -W ignore:easy_install command is deprecated setup.py egg_info --egg-base ../../../build/turtlebot3_teleop build --build-base /home/dingo/tb3_autonomy/build/turtlebot3_teleop/build install --record /home/dingo/tb3_autonomy/build/turtlebot3_teleop/install.log --single-version-externally-managed install_data --force
