[6.507s] Invoking command in '/home/dingo/tb3_autonomy/build/turtlebot3_teleop': PYTHONPATH=/home/dingo/tb3_autonomy/build/turtlebot3_teleop/prefix_override:/usr/lib/python3/dist-packages/colcon_core/task/python/colcon_distutils_commands:/home/dingo/tb3_autonomy/install/turtlebot3_teleop/lib/python3.12/site-packages:${PYTHONPATH} /usr/bin/python3 -W ignore:setup.py install is deprecated -W ignore:easy_install command is deprecated setup.py develop --editable --build-directory /home/dingo/tb3_autonomy/build/turtlebot3_teleop/build --no-deps symlink_data
[8.691s] running develop
[9.956s] running egg_info
[9.957s] creating turtlebot3_teleop.egg-info
[10.056s] writing turtlebot3_teleop.egg-info/PKG-INFO
[10.061s] writing dependency_links to turtlebot3_teleop.egg-info/dependency_links.txt
[10.061s] writing entry points to turtlebot3_teleop.egg-info/entry_points.txt
[10.062s] writing requirements to turtlebot3_teleop.egg-info/requires.txt
[10.062s] writing top-level names to turtlebot3_teleop.egg-info/top_level.txt
[10.063s] writing manifest file 'turtlebot3_teleop.egg-info/SOURCES.txt'
[10.295s] reading manifest file 'turtlebot3_teleop.egg-info/SOURCES.txt'
[10.300s] writing manifest file 'turtlebot3_teleop.egg-info/SOURCES.txt'
[10.501s] running build_ext
[10.501s] Creating /home/dingo/tb3_autonomy/install/turtlebot3_teleop/lib/python3.12/site-packages/turtlebot3-teleop.egg-link (link to .)
[10.507s] Installing teleop_keyboard script to /home/dingo/tb3_autonomy/install/turtlebot3_teleop/lib/turtlebot3_teleop
[10.508s] 
[10.516s] Installed /home/dingo/tb3_autonomy/build/turtlebot3_teleop
[10.522s] running symlink_data
[10.529s] creating /home/dingo/tb3_autonomy/install/turtlebot3_teleop/share/ament_index
[10.531s] creating /home/dingo/tb3_autonomy/install/turtlebot3_teleop/share/ament_index/resource_index
[10.533s] creating /home/dingo/tb3_autonomy/install/turtlebot3_teleop/share/ament_index/resource_index/packages
[10.535s] symbolically linking /home/dingo/tb3_autonomy/build/turtlebot3_teleop/resource/turtlebot3_teleop -> /home/dingo/tb3_autonomy/install/turtlebot3_teleop/share/ament_index/resource_index/packages
[10.537s] symbolically linking /home/dingo/tb3_autonomy/build/turtlebot3_teleop/package.xml -> /home/dingo/tb3_autonomy/install/turtlebot3_teleop/share/turtlebot3_teleop
[10.684s] Invoked command in '/home/dingo/tb3_autonomy/build/turtlebot3_teleop' returned '0': PYTHONPATH=/home/dingo/tb3_autonomy/build/turtlebot3_teleop/prefix_override:/usr/lib/python3/dist-packages/colcon_core/task/python/colcon_distutils_commands:/home/dingo/tb3_autonomy/install/turtlebot3_teleop/lib/python3.12/site-packages:${PYTHONPATH} /usr/bin/python3 -W ignore:setup.py install is deprecated -W ignore:easy_install command is deprecated setup.py develop --editable --build-directory /home/dingo/tb3_autonomy/build/turtlebot3_teleop/build --no-deps symlink_data
