[0.129s] Invoking command in '/home/dingo/tb3_autonomy/src/build/turtlebot3_node': CMAKE_PREFIX_PATH=${CMAKE_PREFIX_PATH}:/home/dingo/tb3_autonomy/src/install/turtlebot3_teleop:/home/dingo/tb3_autonomy/src/install/turtlebot3_example:/home/dingo/turtlebot3_ws/install/turtlebot3_description:/opt/ros/jazzy /usr/bin/cmake --build /home/dingo/tb3_autonomy/src/build/turtlebot3_node -- -j4 -l4
[1.200s] [ 85%] Built target turtlebot3_node_lib
[1.203s] [100%] Built target turtlebot3_ros
[1.270s] Invoked command in '/home/dingo/tb3_autonomy/src/build/turtlebot3_node' returned '0': CMAKE_PREFIX_PATH=${CMAKE_PREFIX_PATH}:/home/dingo/tb3_autonomy/src/install/turtlebot3_teleop:/home/dingo/tb3_autonomy/src/install/turtlebot3_example:/home/dingo/turtlebot3_ws/install/turtlebot3_description:/opt/ros/jazzy /usr/bin/cmake --build /home/dingo/tb3_autonomy/src/build/turtlebot3_node -- -j4 -l4
[1.277s] Invoking command in '/home/dingo/tb3_autonomy/src/build/turtlebot3_node': CMAKE_PREFIX_PATH=${CMAKE_PREFIX_PATH}:/home/dingo/tb3_autonomy/src/install/turtlebot3_teleop:/home/dingo/tb3_autonomy/src/install/turtlebot3_example:/home/dingo/turtlebot3_ws/install/turtlebot3_description:/opt/ros/jazzy /usr/bin/cmake --install /home/dingo/tb3_autonomy/src/build/turtlebot3_node
[2.304s] -- Install configuration: ""
[2.305s] -- Execute custom install script
[2.306s] -- Up-to-date symlink: /home/dingo/tb3_autonomy/src/install/turtlebot3_node/share/turtlebot3_node/param/burger.yaml
[2.307s] -- Up-to-date symlink: /home/dingo/tb3_autonomy/src/install/turtlebot3_node/share/turtlebot3_node/param/waffle.yaml
[2.308s] -- Up-to-date symlink: /home/dingo/tb3_autonomy/src/install/turtlebot3_node/share/turtlebot3_node/param/waffle_pi.yaml
[2.308s] -- Up-to-date symlink: /home/dingo/tb3_autonomy/src/install/turtlebot3_node/lib/turtlebot3_node/turtlebot3_ros
[2.309s] -- Up-to-date symlink: /home/dingo/tb3_autonomy/src/install/turtlebot3_node/share/ament_index/resource_index/package_run_dependencies/turtlebot3_node
[2.310s] -- Up-to-date symlink: /home/dingo/tb3_autonomy/src/install/turtlebot3_node/share/ament_index/resource_index/parent_prefix_path/turtlebot3_node
[2.311s] -- Up-to-date symlink: /home/dingo/tb3_autonomy/src/install/turtlebot3_node/share/turtlebot3_node/environment/ament_prefix_path.sh
[2.311s] -- Up-to-date symlink: /home/dingo/tb3_autonomy/src/install/turtlebot3_node/share/turtlebot3_node/environment/ament_prefix_path.dsv
[2.312s] -- Up-to-date symlink: /home/dingo/tb3_autonomy/src/install/turtlebot3_node/share/turtlebot3_node/environment/path.sh
[2.313s] -- Up-to-date symlink: /home/dingo/tb3_autonomy/src/install/turtlebot3_node/share/turtlebot3_node/environment/path.dsv
[2.313s] -- Up-to-date symlink: /home/dingo/tb3_autonomy/src/install/turtlebot3_node/share/turtlebot3_node/local_setup.bash
[2.314s] -- Up-to-date symlink: /home/dingo/tb3_autonomy/src/install/turtlebot3_node/share/turtlebot3_node/local_setup.sh
[2.315s] -- Up-to-date symlink: /home/dingo/tb3_autonomy/src/install/turtlebot3_node/share/turtlebot3_node/local_setup.zsh
[2.315s] -- Up-to-date symlink: /home/dingo/tb3_autonomy/src/install/turtlebot3_node/share/turtlebot3_node/local_setup.dsv
[2.316s] -- Symlinking: /home/dingo/tb3_autonomy/src/install/turtlebot3_node/share/turtlebot3_node/package.dsv
[2.316s] -- Up-to-date symlink: /home/dingo/tb3_autonomy/src/install/turtlebot3_node/share/ament_index/resource_index/packages/turtlebot3_node
[2.317s] -- Up-to-date symlink: /home/dingo/tb3_autonomy/src/install/turtlebot3_node/share/turtlebot3_node/cmake/ament_cmake_export_dependencies-extras.cmake
[2.318s] -- Up-to-date symlink: /home/dingo/tb3_autonomy/src/install/turtlebot3_node/share/turtlebot3_node/cmake/ament_cmake_export_include_directories-extras.cmake
[2.319s] -- Up-to-date symlink: /home/dingo/tb3_autonomy/src/install/turtlebot3_node/share/turtlebot3_node/cmake/turtlebot3_nodeConfig.cmake
[2.320s] -- Up-to-date symlink: /home/dingo/tb3_autonomy/src/install/turtlebot3_node/share/turtlebot3_node/cmake/turtlebot3_nodeConfig-version.cmake
[2.320s] -- Up-to-date symlink: /home/dingo/tb3_autonomy/src/install/turtlebot3_node/share/turtlebot3_node/package.xml
[2.403s] Invoked command in '/home/dingo/tb3_autonomy/src/build/turtlebot3_node' returned '0': CMAKE_PREFIX_PATH=${CMAKE_PREFIX_PATH}:/home/dingo/tb3_autonomy/src/install/turtlebot3_teleop:/home/dingo/tb3_autonomy/src/install/turtlebot3_example:/home/dingo/turtlebot3_ws/install/turtlebot3_description:/opt/ros/jazzy /usr/bin/cmake --install /home/dingo/tb3_autonomy/src/build/turtlebot3_node
