[0.051s] Invoking command in '/home/dingo/turtlebot3_ws/src/build/turtlebot3': AMENT_PREFIX_PATH=/home/dingo/turtlebot3_ws/src/install/turtlebot3_bringup:/home/dingo/turtlebot3_ws/src/install/turtlebot3_teleop:/home/dingo/turtlebot3_ws/src/install/turtlebot3_node:/home/dingo/turtlebot3_ws/src/install/turtlebot3_example:/home/dingo/turtlebot3_ws/src/install/turtlebot3_description:${AMENT_PREFIX_PATH} CMAKE_PREFIX_PATH=/home/dingo/turtlebot3_ws/src/install/turtlebot3_bringup:/home/dingo/turtlebot3_ws/src/install/turtlebot3_node:/home/dingo/turtlebot3_ws/src/install/turtlebot3_description:/home/dingo/turtlebot3_ws/install/turtlebot3_description:/opt/ros/jazzy PYTHONPATH=/home/dingo/turtlebot3_ws/src/install/turtlebot3_teleop/lib/python3.12/site-packages:/home/dingo/turtlebot3_ws/src/install/turtlebot3_example/lib/python3.12/site-packages:${PYTHONPATH} /usr/bin/cmake /home/dingo/turtlebot3_ws/src/turtlebot3/turtlebot3 -DCMAKE_INSTALL_PREFIX=/home/dingo/turtlebot3_ws/src/install/turtlebot3
[0.105s] -- Found ament_cmake: 2.5.4 (/opt/ros/jazzy/share/ament_cmake/cmake)
[1.070s] -- Override CMake install command with custom implementation using symlinks instead of copying resources
[1.529s] -- Configuring done (1.4s)
[1.549s] -- Generating done (0.0s)
[1.561s] -- Build files have been written to: /home/dingo/turtlebot3_ws/src/build/turtlebot3
[1.571s] Invoked command in '/home/dingo/turtlebot3_ws/src/build/turtlebot3' returned '0': AMENT_PREFIX_PATH=/home/dingo/turtlebot3_ws/src/install/turtlebot3_bringup:/home/dingo/turtlebot3_ws/src/install/turtlebot3_teleop:/home/dingo/turtlebot3_ws/src/install/turtlebot3_node:/home/dingo/turtlebot3_ws/src/install/turtlebot3_example:/home/dingo/turtlebot3_ws/src/install/turtlebot3_description:${AMENT_PREFIX_PATH} CMAKE_PREFIX_PATH=/home/dingo/turtlebot3_ws/src/install/turtlebot3_bringup:/home/dingo/turtlebot3_ws/src/install/turtlebot3_node:/home/dingo/turtlebot3_ws/src/install/turtlebot3_description:/home/dingo/turtlebot3_ws/install/turtlebot3_description:/opt/ros/jazzy PYTHONPATH=/home/dingo/turtlebot3_ws/src/install/turtlebot3_teleop/lib/python3.12/site-packages:/home/dingo/turtlebot3_ws/src/install/turtlebot3_example/lib/python3.12/site-packages:${PYTHONPATH} /usr/bin/cmake /home/dingo/turtlebot3_ws/src/turtlebot3/turtlebot3 -DCMAKE_INSTALL_PREFIX=/home/dingo/turtlebot3_ws/src/install/turtlebot3
[1.576s] Invoking command in '/home/dingo/turtlebot3_ws/src/build/turtlebot3': AMENT_PREFIX_PATH=/home/dingo/turtlebot3_ws/src/install/turtlebot3_bringup:/home/dingo/turtlebot3_ws/src/install/turtlebot3_teleop:/home/dingo/turtlebot3_ws/src/install/turtlebot3_node:/home/dingo/turtlebot3_ws/src/install/turtlebot3_example:/home/dingo/turtlebot3_ws/src/install/turtlebot3_description:${AMENT_PREFIX_PATH} CMAKE_PREFIX_PATH=/home/dingo/turtlebot3_ws/src/install/turtlebot3_bringup:/home/dingo/turtlebot3_ws/src/install/turtlebot3_node:/home/dingo/turtlebot3_ws/src/install/turtlebot3_description:/home/dingo/turtlebot3_ws/install/turtlebot3_description:/opt/ros/jazzy PYTHONPATH=/home/dingo/turtlebot3_ws/src/install/turtlebot3_teleop/lib/python3.12/site-packages:/home/dingo/turtlebot3_ws/src/install/turtlebot3_example/lib/python3.12/site-packages:${PYTHONPATH} /usr/bin/cmake --build /home/dingo/turtlebot3_ws/src/build/turtlebot3 -- -j4 -l4
[1.749s] Invoked command in '/home/dingo/turtlebot3_ws/src/build/turtlebot3' returned '0': AMENT_PREFIX_PATH=/home/dingo/turtlebot3_ws/src/install/turtlebot3_bringup:/home/dingo/turtlebot3_ws/src/install/turtlebot3_teleop:/home/dingo/turtlebot3_ws/src/install/turtlebot3_node:/home/dingo/turtlebot3_ws/src/install/turtlebot3_example:/home/dingo/turtlebot3_ws/src/install/turtlebot3_description:${AMENT_PREFIX_PATH} CMAKE_PREFIX_PATH=/home/dingo/turtlebot3_ws/src/install/turtlebot3_bringup:/home/dingo/turtlebot3_ws/src/install/turtlebot3_node:/home/dingo/turtlebot3_ws/src/install/turtlebot3_description:/home/dingo/turtlebot3_ws/install/turtlebot3_description:/opt/ros/jazzy PYTHONPATH=/home/dingo/turtlebot3_ws/src/install/turtlebot3_teleop/lib/python3.12/site-packages:/home/dingo/turtlebot3_ws/src/install/turtlebot3_example/lib/python3.12/site-packages:${PYTHONPATH} /usr/bin/cmake --build /home/dingo/turtlebot3_ws/src/build/turtlebot3 -- -j4 -l4
[1.755s] Invoking command in '/home/dingo/turtlebot3_ws/src/build/turtlebot3': AMENT_PREFIX_PATH=/home/dingo/turtlebot3_ws/src/install/turtlebot3_bringup:/home/dingo/turtlebot3_ws/src/install/turtlebot3_teleop:/home/dingo/turtlebot3_ws/src/install/turtlebot3_node:/home/dingo/turtlebot3_ws/src/install/turtlebot3_example:/home/dingo/turtlebot3_ws/src/install/turtlebot3_description:${AMENT_PREFIX_PATH} CMAKE_PREFIX_PATH=/home/dingo/turtlebot3_ws/src/install/turtlebot3_bringup:/home/dingo/turtlebot3_ws/src/install/turtlebot3_node:/home/dingo/turtlebot3_ws/src/install/turtlebot3_description:/home/dingo/turtlebot3_ws/install/turtlebot3_description:/opt/ros/jazzy PYTHONPATH=/home/dingo/turtlebot3_ws/src/install/turtlebot3_teleop/lib/python3.12/site-packages:/home/dingo/turtlebot3_ws/src/install/turtlebot3_example/lib/python3.12/site-packages:${PYTHONPATH} /usr/bin/cmake --install /home/dingo/turtlebot3_ws/src/build/turtlebot3
[1.789s] -- Install configuration: ""
[1.790s] -- Execute custom install script
[1.792s] -- Up-to-date symlink: /home/dingo/turtlebot3_ws/src/install/turtlebot3/share/ament_index/resource_index/package_run_dependencies/turtlebot3
[1.793s] -- Up-to-date symlink: /home/dingo/turtlebot3_ws/src/install/turtlebot3/share/ament_index/resource_index/parent_prefix_path/turtlebot3
[1.794s] -- Up-to-date symlink: /home/dingo/turtlebot3_ws/src/install/turtlebot3/share/turtlebot3/environment/ament_prefix_path.sh
[1.795s] -- Up-to-date symlink: /home/dingo/turtlebot3_ws/src/install/turtlebot3/share/turtlebot3/environment/ament_prefix_path.dsv
[1.796s] -- Up-to-date symlink: /home/dingo/turtlebot3_ws/src/install/turtlebot3/share/turtlebot3/environment/path.sh
[1.797s] -- Up-to-date symlink: /home/dingo/turtlebot3_ws/src/install/turtlebot3/share/turtlebot3/environment/path.dsv
[1.798s] -- Up-to-date symlink: /home/dingo/turtlebot3_ws/src/install/turtlebot3/share/turtlebot3/local_setup.bash
[1.799s] -- Up-to-date symlink: /home/dingo/turtlebot3_ws/src/install/turtlebot3/share/turtlebot3/local_setup.sh
[1.800s] -- Up-to-date symlink: /home/dingo/turtlebot3_ws/src/install/turtlebot3/share/turtlebot3/local_setup.zsh
[1.802s] -- Up-to-date symlink: /home/dingo/turtlebot3_ws/src/install/turtlebot3/share/turtlebot3/local_setup.dsv
[1.802s] -- Symlinking: /home/dingo/turtlebot3_ws/src/install/turtlebot3/share/turtlebot3/package.dsv
[1.844s] -- Up-to-date symlink: /home/dingo/turtlebot3_ws/src/install/turtlebot3/share/ament_index/resource_index/packages/turtlebot3
[1.845s] -- Up-to-date symlink: /home/dingo/turtlebot3_ws/src/install/turtlebot3/share/turtlebot3/cmake/turtlebot3Config.cmake
[1.846s] -- Up-to-date symlink: /home/dingo/turtlebot3_ws/src/install/turtlebot3/share/turtlebot3/cmake/turtlebot3Config-version.cmake
[1.847s] -- Up-to-date symlink: /home/dingo/turtlebot3_ws/src/install/turtlebot3/share/turtlebot3/package.xml
[1.855s] Invoked command in '/home/dingo/turtlebot3_ws/src/build/turtlebot3' returned '0': AMENT_PREFIX_PATH=/home/dingo/turtlebot3_ws/src/install/turtlebot3_bringup:/home/dingo/turtlebot3_ws/src/install/turtlebot3_teleop:/home/dingo/turtlebot3_ws/src/install/turtlebot3_node:/home/dingo/turtlebot3_ws/src/install/turtlebot3_example:/home/dingo/turtlebot3_ws/src/install/turtlebot3_description:${AMENT_PREFIX_PATH} CMAKE_PREFIX_PATH=/home/dingo/turtlebot3_ws/src/install/turtlebot3_bringup:/home/dingo/turtlebot3_ws/src/install/turtlebot3_node:/home/dingo/turtlebot3_ws/src/install/turtlebot3_description:/home/dingo/turtlebot3_ws/install/turtlebot3_description:/opt/ros/jazzy PYTHONPATH=/home/dingo/turtlebot3_ws/src/install/turtlebot3_teleop/lib/python3.12/site-packages:/home/dingo/turtlebot3_ws/src/install/turtlebot3_example/lib/python3.12/site-packages:${PYTHONPATH} /usr/bin/cmake --install /home/dingo/turtlebot3_ws/src/build/turtlebot3
