[0.152s] Invoking command in '/home/dingo/tb3_autonomy/src/build/turtlebot3_description': CMAKE_PREFIX_PATH=${CMAKE_PREFIX_PATH}:/home/dingo/tb3_autonomy/src/install/turtlebot3_teleop:/home/dingo/tb3_autonomy/src/install/turtlebot3_example:/home/dingo/turtlebot3_ws/install/turtlebot3_description:/opt/ros/jazzy /usr/bin/cmake --build /home/dingo/tb3_autonomy/src/build/turtlebot3_description -- -j4 -l4
[1.262s] Invoked command in '/home/dingo/tb3_autonomy/src/build/turtlebot3_description' returned '0': CMAKE_PREFIX_PATH=${CMAKE_PREFIX_PATH}:/home/dingo/tb3_autonomy/src/install/turtlebot3_teleop:/home/dingo/tb3_autonomy/src/install/turtlebot3_example:/home/dingo/turtlebot3_ws/install/turtlebot3_description:/opt/ros/jazzy /usr/bin/cmake --build /home/dingo/tb3_autonomy/src/build/turtlebot3_description -- -j4 -l4
[1.324s] Invoking command in '/home/dingo/tb3_autonomy/src/build/turtlebot3_description': CMAKE_PREFIX_PATH=${CMAKE_PREFIX_PATH}:/home/dingo/tb3_autonomy/src/install/turtlebot3_teleop:/home/dingo/tb3_autonomy/src/install/turtlebot3_example:/home/dingo/turtlebot3_ws/install/turtlebot3_description:/opt/ros/jazzy /usr/bin/cmake --install /home/dingo/tb3_autonomy/src/build/turtlebot3_description
[2.342s] -- Install configuration: ""
[2.343s] -- Execute custom install script
[2.344s] -- Up-to-date symlink: /home/dingo/tb3_autonomy/src/install/turtlebot3_description/share/turtlebot3_description/meshes/bases/burger_base.stl
[2.345s] -- Up-to-date symlink: /home/dingo/tb3_autonomy/src/install/turtlebot3_description/share/turtlebot3_description/meshes/bases/waffle_base.stl
[2.346s] -- Up-to-date symlink: /home/dingo/tb3_autonomy/src/install/turtlebot3_description/share/turtlebot3_description/meshes/bases/waffle_pi_base.stl
[2.347s] -- Up-to-date symlink: /home/dingo/tb3_autonomy/src/install/turtlebot3_description/share/turtlebot3_description/meshes/sensors/astra.dae
[2.348s] -- Up-to-date symlink: /home/dingo/tb3_autonomy/src/install/turtlebot3_description/share/turtlebot3_description/meshes/sensors/astra.jpg
[2.349s] -- Up-to-date symlink: /home/dingo/tb3_autonomy/src/install/turtlebot3_description/share/turtlebot3_description/meshes/sensors/lds.stl
[2.350s] -- Up-to-date symlink: /home/dingo/tb3_autonomy/src/install/turtlebot3_description/share/turtlebot3_description/meshes/sensors/r200.dae
[2.350s] -- Up-to-date symlink: /home/dingo/tb3_autonomy/src/install/turtlebot3_description/share/turtlebot3_description/meshes/sensors/r200.jpg
[2.351s] -- Up-to-date symlink: /home/dingo/tb3_autonomy/src/install/turtlebot3_description/share/turtlebot3_description/meshes/wheels/left_tire.stl
[2.352s] -- Up-to-date symlink: /home/dingo/tb3_autonomy/src/install/turtlebot3_description/share/turtlebot3_description/meshes/wheels/right_tire.stl
[2.352s] -- Up-to-date symlink: /home/dingo/tb3_autonomy/src/install/turtlebot3_description/share/turtlebot3_description/rviz/model.rviz
[2.353s] -- Up-to-date symlink: /home/dingo/tb3_autonomy/src/install/turtlebot3_description/share/turtlebot3_description/urdf/common_properties.urdf
[2.354s] -- Up-to-date symlink: /home/dingo/tb3_autonomy/src/install/turtlebot3_description/share/turtlebot3_description/urdf/turtlebot3_burger.urdf
[2.355s] -- Up-to-date symlink: /home/dingo/tb3_autonomy/src/install/turtlebot3_description/share/turtlebot3_description/urdf/turtlebot3_waffle.urdf
[2.357s] -- Up-to-date symlink: /home/dingo/tb3_autonomy/src/install/turtlebot3_description/share/turtlebot3_description/urdf/turtlebot3_waffle_pi.urdf
[2.357s] -- Up-to-date symlink: /home/dingo/tb3_autonomy/src/install/turtlebot3_description/share/ament_index/resource_index/package_run_dependencies/turtlebot3_description
[2.358s] -- Up-to-date symlink: /home/dingo/tb3_autonomy/src/install/turtlebot3_description/share/ament_index/resource_index/parent_prefix_path/turtlebot3_description
[2.358s] -- Up-to-date symlink: /home/dingo/tb3_autonomy/src/install/turtlebot3_description/share/turtlebot3_description/environment/ament_prefix_path.sh
[2.359s] -- Up-to-date symlink: /home/dingo/tb3_autonomy/src/install/turtlebot3_description/share/turtlebot3_description/environment/ament_prefix_path.dsv
[2.360s] -- Up-to-date symlink: /home/dingo/tb3_autonomy/src/install/turtlebot3_description/share/turtlebot3_description/environment/path.sh
[2.361s] -- Up-to-date symlink: /home/dingo/tb3_autonomy/src/install/turtlebot3_description/share/turtlebot3_description/environment/path.dsv
[2.361s] -- Up-to-date symlink: /home/dingo/tb3_autonomy/src/install/turtlebot3_description/share/turtlebot3_description/local_setup.bash
[2.362s] -- Up-to-date symlink: /home/dingo/tb3_autonomy/src/install/turtlebot3_description/share/turtlebot3_description/local_setup.sh
[2.364s] -- Up-to-date symlink: /home/dingo/tb3_autonomy/src/install/turtlebot3_description/share/turtlebot3_description/local_setup.zsh
[2.364s] -- Up-to-date symlink: /home/dingo/tb3_autonomy/src/install/turtlebot3_description/share/turtlebot3_description/local_setup.dsv
[2.365s] -- Symlinking: /home/dingo/tb3_autonomy/src/install/turtlebot3_description/share/turtlebot3_description/package.dsv
[2.366s] -- Up-to-date symlink: /home/dingo/tb3_autonomy/src/install/turtlebot3_description/share/ament_index/resource_index/packages/turtlebot3_description
[2.366s] -- Up-to-date symlink: /home/dingo/tb3_autonomy/src/install/turtlebot3_description/share/turtlebot3_description/cmake/turtlebot3_descriptionConfig.cmake
[2.367s] -- Up-to-date symlink: /home/dingo/tb3_autonomy/src/install/turtlebot3_description/share/turtlebot3_description/cmake/turtlebot3_descriptionConfig-version.cmake
[2.368s] -- Up-to-date symlink: /home/dingo/tb3_autonomy/src/install/turtlebot3_description/share/turtlebot3_description/package.xml
[2.448s] Invoked command in '/home/dingo/tb3_autonomy/src/build/turtlebot3_description' returned '0': CMAKE_PREFIX_PATH=${CMAKE_PREFIX_PATH}:/home/dingo/tb3_autonomy/src/install/turtlebot3_teleop:/home/dingo/tb3_autonomy/src/install/turtlebot3_example:/home/dingo/turtlebot3_ws/install/turtlebot3_description:/opt/ros/jazzy /usr/bin/cmake --install /home/dingo/tb3_autonomy/src/build/turtlebot3_description
