[0.127s] Invoking command in '/home/dingo/tb3_autonomy/src/build/turtlebot3_node': CMAKE_PREFIX_PATH=${CMAKE_PREFIX_PATH}:/home/dingo/tb3_autonomy/src/install/turtlebot3_teleop:/home/dingo/tb3_autonomy/src/install/turtlebot3_example:/home/dingo/turtlebot3_ws/install/turtlebot3_description:/opt/ros/jazzy /usr/bin/cmake --build /home/dingo/tb3_autonomy/src/build/turtlebot3_node -- -j4 -l4
[1.221s] [ 85%] Built target turtlebot3_node_lib
[1.223s] [100%] Built target turtlebot3_ros
[1.289s] Invoked command in '/home/dingo/tb3_autonomy/src/build/turtlebot3_node' returned '0': CMAKE_PREFIX_PATH=${CMAKE_PREFIX_PATH}:/home/dingo/tb3_autonomy/src/install/turtlebot3_teleop:/home/dingo/tb3_autonomy/src/install/turtlebot3_example:/home/dingo/turtlebot3_ws/install/turtlebot3_description:/opt/ros/jazzy /usr/bin/cmake --build /home/dingo/tb3_autonomy/src/build/turtlebot3_node -- -j4 -l4
[1.295s] Invoking command in '/home/dingo/tb3_autonomy/src/build/turtlebot3_node': CMAKE_PREFIX_PATH=${CMAKE_PREFIX_PATH}:/home/dingo/tb3_autonomy/src/install/turtlebot3_teleop:/home/dingo/tb3_autonomy/src/install/turtlebot3_example:/home/dingo/turtlebot3_ws/install/turtlebot3_description:/opt/ros/jazzy /usr/bin/cmake --install /home/dingo/tb3_autonomy/src/build/turtlebot3_node
[2.280s] -- Install configuration: ""
[2.281s] -- Execute custom install script
[2.284s] -- Up-to-date symlink: /home/dingo/tb3_autonomy/src/install/turtlebot3_node/share/turtlebot3_node/param/burger.yaml
[2.286s] -- Up-to-date symlink: /home/dingo/tb3_autonomy/src/install/turtlebot3_node/share/turtlebot3_node/param/waffle.yaml
[2.287s] -- Up-to-date symlink: /home/dingo/tb3_autonomy/src/install/turtlebot3_node/share/turtlebot3_node/param/waffle_pi.yaml
[2.288s] -- Up-to-date symlink: /home/dingo/tb3_autonomy/src/install/turtlebot3_node/lib/turtlebot3_node/turtlebot3_ros
[2.288s] -- Up-to-date symlink: /home/dingo/tb3_autonomy/src/install/turtlebot3_node/share/ament_index/resource_index/package_run_dependencies/turtlebot3_node
[2.290s] -- Up-to-date symlink: /home/dingo/tb3_autonomy/src/install/turtlebot3_node/share/ament_index/resource_index/parent_prefix_path/turtlebot3_node
[2.291s] -- Up-to-date symlink: /home/dingo/tb3_autonomy/src/install/turtlebot3_node/share/turtlebot3_node/environment/ament_prefix_path.sh
[2.292s] -- Up-to-date symlink: /home/dingo/tb3_autonomy/src/install/turtlebot3_node/share/turtlebot3_node/environment/ament_prefix_path.dsv
[2.292s] -- Up-to-date symlink: /home/dingo/tb3_autonomy/src/install/turtlebot3_node/share/turtlebot3_node/environment/path.sh
[2.292s] -- Up-to-date symlink: /home/dingo/tb3_autonomy/src/install/turtlebot3_node/share/turtlebot3_node/environment/path.dsv
[2.293s] -- Up-to-date symlink: /home/dingo/tb3_autonomy/src/install/turtlebot3_node/share/turtlebot3_node/local_setup.bash
[2.293s] -- Up-to-date symlink: /home/dingo/tb3_autonomy/src/install/turtlebot3_node/share/turtlebot3_node/local_setup.sh
[2.293s] -- Up-to-date symlink: /home/dingo/tb3_autonomy/src/install/turtlebot3_node/share/turtlebot3_node/local_setup.zsh
[2.294s] -- Up-to-date symlink: /home/dingo/tb3_autonomy/src/install/turtlebot3_node/share/turtlebot3_node/local_setup.dsv
[2.295s] -- Symlinking: /home/dingo/tb3_autonomy/src/install/turtlebot3_node/share/turtlebot3_node/package.dsv
[2.296s] -- Up-to-date symlink: /home/dingo/tb3_autonomy/src/install/turtlebot3_node/share/ament_index/resource_index/packages/turtlebot3_node
[2.297s] -- Up-to-date symlink: /home/dingo/tb3_autonomy/src/install/turtlebot3_node/share/turtlebot3_node/cmake/ament_cmake_export_dependencies-extras.cmake
[2.298s] -- Up-to-date symlink: /home/dingo/tb3_autonomy/src/install/turtlebot3_node/share/turtlebot3_node/cmake/ament_cmake_export_include_directories-extras.cmake
[2.300s] -- Up-to-date symlink: /home/dingo/tb3_autonomy/src/install/turtlebot3_node/share/turtlebot3_node/cmake/turtlebot3_nodeConfig.cmake
[2.301s] -- Up-to-date symlink: /home/dingo/tb3_autonomy/src/install/turtlebot3_node/share/turtlebot3_node/cmake/turtlebot3_nodeConfig-version.cmake
[2.302s] -- Up-to-date symlink: /home/dingo/tb3_autonomy/src/install/turtlebot3_node/share/turtlebot3_node/package.xml
[2.331s] Invoked command in '/home/dingo/tb3_autonomy/src/build/turtlebot3_node' returned '0': CMAKE_PREFIX_PATH=${CMAKE_PREFIX_PATH}:/home/dingo/tb3_autonomy/src/install/turtlebot3_teleop:/home/dingo/tb3_autonomy/src/install/turtlebot3_example:/home/dingo/turtlebot3_ws/install/turtlebot3_description:/opt/ros/jazzy /usr/bin/cmake --install /home/dingo/tb3_autonomy/src/build/turtlebot3_node
