[0.174s] Invoking command in '/home/dingo/tb3_autonomy/build/turtlebot3_description': CMAKE_PREFIX_PATH=${CMAKE_PREFIX_PATH}:/home/dingo/turtlebot3_ws/src/install/turtlebot3_teleop:/home/dingo/turtlebot3_ws/src/install/turtlebot3_example:/opt/ros/jazzy /usr/bin/cmake --build /home/dingo/tb3_autonomy/build/turtlebot3_description -- -j4 -l4
[1.766s] -- Found ament_cmake: 2.5.4 (/opt/ros/jazzy/share/ament_cmake/cmake)
[1.767s] [0mCMake Error: The current CMakeCache.txt directory /home/dingo/tb3_autonomy/build/turtlebot3_description/CMakeCache.txt is different than the directory /home/dingo/turtlebot3_ws/build/turtlebot3_description where CMakeCache.txt was created. This may result in binaries being created in the wrong place. If you are not sure, reedit the CMakeCache.txt[0m
[1.909s] -- Override CMake install command with custom implementation using symlinks instead of copying resources
[2.008s] -- Found urdf: 2.10.0 (/opt/ros/jazzy/share/urdf/cmake)
[2.225s] -- Found TinyXML2 via Config file: /usr/lib/aarch64-linux-gnu/cmake/tinyxml2
[2.976s] -- Configuring done (2.6s)
[3.016s] -- Generating done (0.0s)
[3.029s] -- Build files have been written to: /home/dingo/turtlebot3_ws/build/turtlebot3_description
[3.329s] Invoked command in '/home/dingo/tb3_autonomy/build/turtlebot3_description' returned '0': CMAKE_PREFIX_PATH=${CMAKE_PREFIX_PATH}:/home/dingo/turtlebot3_ws/src/install/turtlebot3_teleop:/home/dingo/turtlebot3_ws/src/install/turtlebot3_example:/opt/ros/jazzy /usr/bin/cmake --build /home/dingo/tb3_autonomy/build/turtlebot3_description -- -j4 -l4
[3.467s] Invoking command in '/home/dingo/tb3_autonomy/build/turtlebot3_description': CMAKE_PREFIX_PATH=${CMAKE_PREFIX_PATH}:/home/dingo/turtlebot3_ws/src/install/turtlebot3_teleop:/home/dingo/turtlebot3_ws/src/install/turtlebot3_example:/opt/ros/jazzy /usr/bin/cmake --install /home/dingo/tb3_autonomy/build/turtlebot3_description
[3.619s] -- Install configuration: ""
[3.620s] -- Execute custom install script
[3.636s] -- Up-to-date symlink: /home/dingo/turtlebot3_ws/install/turtlebot3_description/share/turtlebot3_description/meshes/bases/burger_base.stl
[3.638s] -- Up-to-date symlink: /home/dingo/turtlebot3_ws/install/turtlebot3_description/share/turtlebot3_description/meshes/bases/waffle_base.stl
[3.640s] -- Up-to-date symlink: /home/dingo/turtlebot3_ws/install/turtlebot3_description/share/turtlebot3_description/meshes/bases/waffle_pi_base.stl
[3.644s] -- Up-to-date symlink: /home/dingo/turtlebot3_ws/install/turtlebot3_description/share/turtlebot3_description/meshes/sensors/astra.dae
[3.649s] -- Up-to-date symlink: /home/dingo/turtlebot3_ws/install/turtlebot3_description/share/turtlebot3_description/meshes/sensors/astra.jpg
[3.651s] -- Up-to-date symlink: /home/dingo/turtlebot3_ws/install/turtlebot3_description/share/turtlebot3_description/meshes/sensors/lds.stl
[3.657s] -- Up-to-date symlink: /home/dingo/turtlebot3_ws/install/turtlebot3_description/share/turtlebot3_description/meshes/sensors/r200.dae
[3.658s] -- Up-to-date symlink: /home/dingo/turtlebot3_ws/install/turtlebot3_description/share/turtlebot3_description/meshes/sensors/r200.jpg
[3.661s] -- Up-to-date symlink: /home/dingo/turtlebot3_ws/install/turtlebot3_description/share/turtlebot3_description/meshes/wheels/left_tire.stl
[3.665s] -- Up-to-date symlink: /home/dingo/turtlebot3_ws/install/turtlebot3_description/share/turtlebot3_description/meshes/wheels/right_tire.stl
[3.671s] -- Up-to-date symlink: /home/dingo/turtlebot3_ws/install/turtlebot3_description/share/turtlebot3_description/rviz/model.rviz
[3.672s] -- Up-to-date symlink: /home/dingo/turtlebot3_ws/install/turtlebot3_description/share/turtlebot3_description/urdf/common_properties.urdf
[3.676s] -- Up-to-date symlink: /home/dingo/turtlebot3_ws/install/turtlebot3_description/share/turtlebot3_description/urdf/turtlebot3_burger.urdf
[3.679s] -- Up-to-date symlink: /home/dingo/turtlebot3_ws/install/turtlebot3_description/share/turtlebot3_description/urdf/turtlebot3_waffle.urdf
[3.684s] -- Up-to-date symlink: /home/dingo/turtlebot3_ws/install/turtlebot3_description/share/turtlebot3_description/urdf/turtlebot3_waffle_pi.urdf
[3.686s] -- Up-to-date symlink: /home/dingo/turtlebot3_ws/install/turtlebot3_description/share/ament_index/resource_index/package_run_dependencies/turtlebot3_description
[3.692s] -- Up-to-date symlink: /home/dingo/turtlebot3_ws/install/turtlebot3_description/share/ament_index/resource_index/parent_prefix_path/turtlebot3_description
[3.694s] -- Up-to-date symlink: /home/dingo/turtlebot3_ws/install/turtlebot3_description/share/turtlebot3_description/environment/ament_prefix_path.sh
[3.696s] -- Up-to-date symlink: /home/dingo/turtlebot3_ws/install/turtlebot3_description/share/turtlebot3_description/environment/ament_prefix_path.dsv
[3.701s] -- Up-to-date symlink: /home/dingo/turtlebot3_ws/install/turtlebot3_description/share/turtlebot3_description/environment/path.sh
[3.702s] -- Up-to-date symlink: /home/dingo/turtlebot3_ws/install/turtlebot3_description/share/turtlebot3_description/environment/path.dsv
[3.705s] -- Up-to-date symlink: /home/dingo/turtlebot3_ws/install/turtlebot3_description/share/turtlebot3_description/local_setup.bash
[3.710s] -- Up-to-date symlink: /home/dingo/turtlebot3_ws/install/turtlebot3_description/share/turtlebot3_description/local_setup.sh
[3.711s] -- Up-to-date symlink: /home/dingo/turtlebot3_ws/install/turtlebot3_description/share/turtlebot3_description/local_setup.zsh
[3.714s] -- Up-to-date symlink: /home/dingo/turtlebot3_ws/install/turtlebot3_description/share/turtlebot3_description/local_setup.dsv
[3.720s] -- Symlinking: /home/dingo/turtlebot3_ws/install/turtlebot3_description/share/turtlebot3_description/package.dsv
[3.793s] -- Up-to-date symlink: /home/dingo/turtlebot3_ws/install/turtlebot3_description/share/ament_index/resource_index/packages/turtlebot3_description
[3.797s] -- Up-to-date symlink: /home/dingo/turtlebot3_ws/install/turtlebot3_description/share/turtlebot3_description/cmake/turtlebot3_descriptionConfig.cmake
[3.801s] -- Up-to-date symlink: /home/dingo/turtlebot3_ws/install/turtlebot3_description/share/turtlebot3_description/cmake/turtlebot3_descriptionConfig-version.cmake
[3.805s] -- Up-to-date symlink: /home/dingo/turtlebot3_ws/install/turtlebot3_description/share/turtlebot3_description/package.xml
