[0.153s] Invoking command in '/home/dingo/tb3_autonomy/src/build/turtlebot3_description': CMAKE_PREFIX_PATH=${CMAKE_PREFIX_PATH}:/home/dingo/tb3_autonomy/src/install/turtlebot3_teleop:/home/dingo/tb3_autonomy/src/install/turtlebot3_example:/home/dingo/turtlebot3_ws/install/turtlebot3_description:/opt/ros/jazzy /usr/bin/cmake --build /home/dingo/tb3_autonomy/src/build/turtlebot3_description -- -j4 -l4
[1.246s] Invoked command in '/home/dingo/tb3_autonomy/src/build/turtlebot3_description' returned '0': CMAKE_PREFIX_PATH=${CMAKE_PREFIX_PATH}:/home/dingo/tb3_autonomy/src/install/turtlebot3_teleop:/home/dingo/tb3_autonomy/src/install/turtlebot3_example:/home/dingo/turtlebot3_ws/install/turtlebot3_description:/opt/ros/jazzy /usr/bin/cmake --build /home/dingo/tb3_autonomy/src/build/turtlebot3_description -- -j4 -l4
[1.308s] Invoking command in '/home/dingo/tb3_autonomy/src/build/turtlebot3_description': CMAKE_PREFIX_PATH=${CMAKE_PREFIX_PATH}:/home/dingo/tb3_autonomy/src/install/turtlebot3_teleop:/home/dingo/tb3_autonomy/src/install/turtlebot3_example:/home/dingo/turtlebot3_ws/install/turtlebot3_description:/opt/ros/jazzy /usr/bin/cmake --install /home/dingo/tb3_autonomy/src/build/turtlebot3_description
[2.275s] -- Install configuration: ""
[2.275s] -- Execute custom install script
[2.280s] -- Up-to-date symlink: /home/dingo/tb3_autonomy/src/install/turtlebot3_description/share/turtlebot3_description/meshes/bases/burger_base.stl
[2.280s] -- Up-to-date symlink: /home/dingo/tb3_autonomy/src/install/turtlebot3_description/share/turtlebot3_description/meshes/bases/waffle_base.stl
[2.281s] -- Up-to-date symlink: /home/dingo/tb3_autonomy/src/install/turtlebot3_description/share/turtlebot3_description/meshes/bases/waffle_pi_base.stl
[2.281s] -- Up-to-date symlink: /home/dingo/tb3_autonomy/src/install/turtlebot3_description/share/turtlebot3_description/meshes/sensors/astra.dae
[2.281s] -- Up-to-date symlink: /home/dingo/tb3_autonomy/src/install/turtlebot3_description/share/turtlebot3_description/meshes/sensors/astra.jpg
[2.282s] -- Up-to-date symlink: /home/dingo/tb3_autonomy/src/install/turtlebot3_description/share/turtlebot3_description/meshes/sensors/lds.stl
[2.283s] -- Up-to-date symlink: /home/dingo/tb3_autonomy/src/install/turtlebot3_description/share/turtlebot3_description/meshes/sensors/r200.dae
[2.285s] -- Up-to-date symlink: /home/dingo/tb3_autonomy/src/install/turtlebot3_description/share/turtlebot3_description/meshes/sensors/r200.jpg
[2.288s] -- Up-to-date symlink: /home/dingo/tb3_autonomy/src/install/turtlebot3_description/share/turtlebot3_description/meshes/wheels/left_tire.stl
[2.289s] -- Up-to-date symlink: /home/dingo/tb3_autonomy/src/install/turtlebot3_description/share/turtlebot3_description/meshes/wheels/right_tire.stl
[2.290s] -- Up-to-date symlink: /home/dingo/tb3_autonomy/src/install/turtlebot3_description/share/turtlebot3_description/rviz/model.rviz
[2.292s] -- Up-to-date symlink: /home/dingo/tb3_autonomy/src/install/turtlebot3_description/share/turtlebot3_description/urdf/common_properties.urdf
[2.292s] -- Up-to-date symlink: /home/dingo/tb3_autonomy/src/install/turtlebot3_description/share/turtlebot3_description/urdf/turtlebot3_burger.urdf
[2.293s] -- Up-to-date symlink: /home/dingo/tb3_autonomy/src/install/turtlebot3_description/share/turtlebot3_description/urdf/turtlebot3_waffle.urdf
[2.293s] -- Up-to-date symlink: /home/dingo/tb3_autonomy/src/install/turtlebot3_description/share/turtlebot3_description/urdf/turtlebot3_waffle_pi.urdf
[2.295s] -- Up-to-date symlink: /home/dingo/tb3_autonomy/src/install/turtlebot3_description/share/ament_index/resource_index/package_run_dependencies/turtlebot3_description
[2.296s] -- Up-to-date symlink: /home/dingo/tb3_autonomy/src/install/turtlebot3_description/share/ament_index/resource_index/parent_prefix_path/turtlebot3_description
[2.297s] -- Up-to-date symlink: /home/dingo/tb3_autonomy/src/install/turtlebot3_description/share/turtlebot3_description/environment/ament_prefix_path.sh
[2.297s] -- Up-to-date symlink: /home/dingo/tb3_autonomy/src/install/turtlebot3_description/share/turtlebot3_description/environment/ament_prefix_path.dsv
[2.298s] -- Up-to-date symlink: /home/dingo/tb3_autonomy/src/install/turtlebot3_description/share/turtlebot3_description/environment/path.sh
[2.298s] -- Up-to-date symlink: /home/dingo/tb3_autonomy/src/install/turtlebot3_description/share/turtlebot3_description/environment/path.dsv
[2.299s] -- Up-to-date symlink: /home/dingo/tb3_autonomy/src/install/turtlebot3_description/share/turtlebot3_description/local_setup.bash
[2.299s] -- Up-to-date symlink: /home/dingo/tb3_autonomy/src/install/turtlebot3_description/share/turtlebot3_description/local_setup.sh
[2.299s] -- Up-to-date symlink: /home/dingo/tb3_autonomy/src/install/turtlebot3_description/share/turtlebot3_description/local_setup.zsh
[2.300s] -- Up-to-date symlink: /home/dingo/tb3_autonomy/src/install/turtlebot3_description/share/turtlebot3_description/local_setup.dsv
[2.300s] -- Symlinking: /home/dingo/tb3_autonomy/src/install/turtlebot3_description/share/turtlebot3_description/package.dsv
[2.300s] -- Up-to-date symlink: /home/dingo/tb3_autonomy/src/install/turtlebot3_description/share/ament_index/resource_index/packages/turtlebot3_description
[2.301s] -- Up-to-date symlink: /home/dingo/tb3_autonomy/src/install/turtlebot3_description/share/turtlebot3_description/cmake/turtlebot3_descriptionConfig.cmake
[2.306s] -- Up-to-date symlink: /home/dingo/tb3_autonomy/src/install/turtlebot3_description/share/turtlebot3_description/cmake/turtlebot3_descriptionConfig-version.cmake
[2.306s] -- Up-to-date symlink: /home/dingo/tb3_autonomy/src/install/turtlebot3_description/share/turtlebot3_description/package.xml
[2.309s] Invoked command in '/home/dingo/tb3_autonomy/src/build/turtlebot3_description' returned '0': CMAKE_PREFIX_PATH=${CMAKE_PREFIX_PATH}:/home/dingo/tb3_autonomy/src/install/turtlebot3_teleop:/home/dingo/tb3_autonomy/src/install/turtlebot3_example:/home/dingo/turtlebot3_ws/install/turtlebot3_description:/opt/ros/jazzy /usr/bin/cmake --install /home/dingo/tb3_autonomy/src/build/turtlebot3_description
