[0.782s] DEBUG:colcon:Command line arguments: ['/usr/bin/colcon', 'build', '--packages-select', 'turtlebot3_node', 'turtlebot3_teleop', 'turtlebot3_example']
[0.783s] DEBUG:colcon:Parsed command line arguments: Namespace(log_base=None, log_level=None, verb_name='build', build_base='build', install_base='install', merge_install=False, symlink_install=False, test_result_base=None, continue_on_error=False, executor='parallel', parallel_workers=4, event_handlers=None, ignore_user_meta=False, metas=['./colcon.meta'], base_paths=['.'], packages_ignore=None, packages_ignore_regex=None, paths=None, packages_up_to=None, packages_up_to_regex=None, packages_above=None, packages_above_and_dependencies=None, packages_above_depth=None, packages_select_by_dep=None, packages_skip_by_dep=None, packages_skip_up_to=None, packages_select_build_failed=False, packages_skip_build_finished=False, packages_select_test_failures=False, packages_skip_test_passed=False, packages_select=['turtlebot3_node', 'turtlebot3_teleop', 'turtlebot3_example'], packages_skip=None, packages_select_regex=None, packages_skip_regex=None, packages_start=None, packages_end=None, allow_overriding=[], cmake_args=None, cmake_target=None, cmake_target_skip_unavailable=False, cmake_clean_cache=False, cmake_clean_first=False, cmake_force_configure=False, ament_cmake_args=None, catkin_cmake_args=None, catkin_skip_building_tests=False, mixin_files=None, mixin=None, verb_parser=<colcon_mixin.mixin.mixin_argument.MixinArgumentDecorator object at 0xffff8fa97cb0>, verb_extension=<colcon_core.verb.build.BuildVerb object at 0xffff8fc7c2f0>, main=<bound method BuildVerb.main of <colcon_core.verb.build.BuildVerb object at 0xffff8fc7c2f0>>, mixin_verb=('build',))
[1.041s] Level 1:colcon.colcon_core.package_discovery:discover_packages(colcon_meta) check parameters
[1.042s] Level 1:colcon.colcon_core.package_discovery:discover_packages(recursive) check parameters
[1.043s] Level 1:colcon.colcon_core.package_discovery:discover_packages(ignore) check parameters
[1.043s] Level 1:colcon.colcon_core.package_discovery:discover_packages(path) check parameters
[1.043s] Level 1:colcon.colcon_core.package_discovery:discover_packages(colcon_meta) discover
[1.044s] Level 1:colcon.colcon_core.package_discovery:discover_packages(recursive) discover
[1.044s] INFO:colcon.colcon_core.package_discovery:Crawling recursively for packages in '/home/dingo/tb3_autonomy'
[1.045s] Level 1:colcon.colcon_core.package_identification:_identify(.) by extensions ['ignore', 'ignore_ament_install']
[1.047s] Level 1:colcon.colcon_core.package_identification:_identify(.) by extension 'ignore'
[1.048s] Level 1:colcon.colcon_core.package_identification:_identify(.) by extension 'ignore_ament_install'
[1.049s] Level 1:colcon.colcon_core.package_identification:_identify(.) by extensions ['colcon_pkg']
[1.049s] Level 1:colcon.colcon_core.package_identification:_identify(.) by extension 'colcon_pkg'
[1.050s] Level 1:colcon.colcon_core.package_identification:_identify(.) by extensions ['colcon_meta']
[1.050s] Level 1:colcon.colcon_core.package_identification:_identify(.) by extension 'colcon_meta'
[1.050s] Level 1:colcon.colcon_core.package_identification:_identify(.) by extensions ['ros']
[1.051s] Level 1:colcon.colcon_core.package_identification:_identify(.) by extension 'ros'
[1.189s] Level 1:colcon.colcon_core.package_identification:_identify(.) by extensions ['cmake', 'python']
[1.190s] Level 1:colcon.colcon_core.package_identification:_identify(.) by extension 'cmake'
[1.190s] Level 1:colcon.colcon_core.package_identification:_identify(.) by extension 'python'
[1.191s] Level 1:colcon.colcon_core.package_identification:_identify(.) by extensions ['python_setup_py']
[1.192s] Level 1:colcon.colcon_core.package_identification:_identify(.) by extension 'python_setup_py'
[1.194s] Level 1:colcon.colcon_core.package_identification:_identify(build) by extensions ['ignore', 'ignore_ament_install']
[1.195s] Level 1:colcon.colcon_core.package_identification:_identify(build) by extension 'ignore'
[1.196s] Level 1:colcon.colcon_core.package_identification:_identify(build) ignored
[1.197s] Level 1:colcon.colcon_core.package_identification:_identify(install) by extensions ['ignore', 'ignore_ament_install']
[1.198s] Level 1:colcon.colcon_core.package_identification:_identify(install) by extension 'ignore'
[1.199s] Level 1:colcon.colcon_core.package_identification:_identify(install) ignored
[1.199s] Level 1:colcon.colcon_core.package_identification:_identify(log) by extensions ['ignore', 'ignore_ament_install']
[1.200s] Level 1:colcon.colcon_core.package_identification:_identify(log) by extension 'ignore'
[1.200s] Level 1:colcon.colcon_core.package_identification:_identify(log) ignored
[1.201s] Level 1:colcon.colcon_core.package_identification:_identify(src) by extensions ['ignore', 'ignore_ament_install']
[1.202s] Level 1:colcon.colcon_core.package_identification:_identify(src) by extension 'ignore'
[1.203s] Level 1:colcon.colcon_core.package_identification:_identify(src) by extension 'ignore_ament_install'
[1.205s] Level 1:colcon.colcon_core.package_identification:_identify(src) by extensions ['colcon_pkg']
[1.205s] Level 1:colcon.colcon_core.package_identification:_identify(src) by extension 'colcon_pkg'
[1.206s] Level 1:colcon.colcon_core.package_identification:_identify(src) by extensions ['colcon_meta']
[1.206s] Level 1:colcon.colcon_core.package_identification:_identify(src) by extension 'colcon_meta'
[1.206s] Level 1:colcon.colcon_core.package_identification:_identify(src) by extensions ['ros']
[1.207s] Level 1:colcon.colcon_core.package_identification:_identify(src) by extension 'ros'
[1.208s] Level 1:colcon.colcon_core.package_identification:_identify(src) by extensions ['cmake', 'python']
[1.208s] Level 1:colcon.colcon_core.package_identification:_identify(src) by extension 'cmake'
[1.209s] Level 1:colcon.colcon_core.package_identification:_identify(src) by extension 'python'
[1.210s] Level 1:colcon.colcon_core.package_identification:_identify(src) by extensions ['python_setup_py']
[1.211s] Level 1:colcon.colcon_core.package_identification:_identify(src) by extension 'python_setup_py'
[1.212s] Level 1:colcon.colcon_core.package_identification:_identify(src/build) by extensions ['ignore', 'ignore_ament_install']
[1.213s] Level 1:colcon.colcon_core.package_identification:_identify(src/build) by extension 'ignore'
[1.214s] Level 1:colcon.colcon_core.package_identification:_identify(src/build) ignored
[1.215s] Level 1:colcon.colcon_core.package_identification:_identify(src/install) by extensions ['ignore', 'ignore_ament_install']
[1.215s] Level 1:colcon.colcon_core.package_identification:_identify(src/install) by extension 'ignore'
[1.216s] Level 1:colcon.colcon_core.package_identification:_identify(src/install) ignored
[1.217s] Level 1:colcon.colcon_core.package_identification:_identify(src/log) by extensions ['ignore', 'ignore_ament_install']
[1.218s] Level 1:colcon.colcon_core.package_identification:_identify(src/log) by extension 'ignore'
[1.218s] Level 1:colcon.colcon_core.package_identification:_identify(src/log) ignored
[1.219s] Level 1:colcon.colcon_core.package_identification:_identify(src/rosbag2_2025_06_24-15_07_24) by extensions ['ignore', 'ignore_ament_install']
[1.220s] Level 1:colcon.colcon_core.package_identification:_identify(src/rosbag2_2025_06_24-15_07_24) by extension 'ignore'
[1.220s] Level 1:colcon.colcon_core.package_identification:_identify(src/rosbag2_2025_06_24-15_07_24) by extension 'ignore_ament_install'
[1.221s] Level 1:colcon.colcon_core.package_identification:_identify(src/rosbag2_2025_06_24-15_07_24) by extensions ['colcon_pkg']
[1.222s] Level 1:colcon.colcon_core.package_identification:_identify(src/rosbag2_2025_06_24-15_07_24) by extension 'colcon_pkg'
[1.223s] Level 1:colcon.colcon_core.package_identification:_identify(src/rosbag2_2025_06_24-15_07_24) by extensions ['colcon_meta']
[1.223s] Level 1:colcon.colcon_core.package_identification:_identify(src/rosbag2_2025_06_24-15_07_24) by extension 'colcon_meta'
[1.224s] Level 1:colcon.colcon_core.package_identification:_identify(src/rosbag2_2025_06_24-15_07_24) by extensions ['ros']
[1.224s] Level 1:colcon.colcon_core.package_identification:_identify(src/rosbag2_2025_06_24-15_07_24) by extension 'ros'
[1.225s] Level 1:colcon.colcon_core.package_identification:_identify(src/rosbag2_2025_06_24-15_07_24) by extensions ['cmake', 'python']
[1.225s] Level 1:colcon.colcon_core.package_identification:_identify(src/rosbag2_2025_06_24-15_07_24) by extension 'cmake'
[1.226s] Level 1:colcon.colcon_core.package_identification:_identify(src/rosbag2_2025_06_24-15_07_24) by extension 'python'
[1.227s] Level 1:colcon.colcon_core.package_identification:_identify(src/rosbag2_2025_06_24-15_07_24) by extensions ['python_setup_py']
[1.227s] Level 1:colcon.colcon_core.package_identification:_identify(src/rosbag2_2025_06_24-15_07_24) by extension 'python_setup_py'
[1.228s] Level 1:colcon.colcon_core.package_identification:_identify(src/turtlebot3) by extensions ['ignore', 'ignore_ament_install']
[1.229s] Level 1:colcon.colcon_core.package_identification:_identify(src/turtlebot3) by extension 'ignore'
[1.230s] Level 1:colcon.colcon_core.package_identification:_identify(src/turtlebot3) by extension 'ignore_ament_install'
[1.230s] Level 1:colcon.colcon_core.package_identification:_identify(src/turtlebot3) by extensions ['colcon_pkg']
[1.231s] Level 1:colcon.colcon_core.package_identification:_identify(src/turtlebot3) by extension 'colcon_pkg'
[1.232s] Level 1:colcon.colcon_core.package_identification:_identify(src/turtlebot3) by extensions ['colcon_meta']
[1.232s] Level 1:colcon.colcon_core.package_identification:_identify(src/turtlebot3) by extension 'colcon_meta'
[1.233s] Level 1:colcon.colcon_core.package_identification:_identify(src/turtlebot3) by extensions ['ros']
[1.233s] Level 1:colcon.colcon_core.package_identification:_identify(src/turtlebot3) by extension 'ros'
[1.234s] Level 1:colcon.colcon_core.package_identification:_identify(src/turtlebot3) by extensions ['cmake', 'python']
[1.235s] Level 1:colcon.colcon_core.package_identification:_identify(src/turtlebot3) by extension 'cmake'
[1.235s] Level 1:colcon.colcon_core.package_identification:_identify(src/turtlebot3) by extension 'python'
[1.236s] Level 1:colcon.colcon_core.package_identification:_identify(src/turtlebot3) by extensions ['python_setup_py']
[1.237s] Level 1:colcon.colcon_core.package_identification:_identify(src/turtlebot3) by extension 'python_setup_py'
[1.238s] Level 1:colcon.colcon_core.package_identification:_identify(src/turtlebot3/turtlebot3) by extensions ['ignore', 'ignore_ament_install']
[1.238s] Level 1:colcon.colcon_core.package_identification:_identify(src/turtlebot3/turtlebot3) by extension 'ignore'
[1.239s] Level 1:colcon.colcon_core.package_identification:_identify(src/turtlebot3/turtlebot3) by extension 'ignore_ament_install'
[1.240s] Level 1:colcon.colcon_core.package_identification:_identify(src/turtlebot3/turtlebot3) by extensions ['colcon_pkg']
[1.240s] Level 1:colcon.colcon_core.package_identification:_identify(src/turtlebot3/turtlebot3) by extension 'colcon_pkg'
[1.241s] Level 1:colcon.colcon_core.package_identification:_identify(src/turtlebot3/turtlebot3) by extensions ['colcon_meta']
[1.241s] Level 1:colcon.colcon_core.package_identification:_identify(src/turtlebot3/turtlebot3) by extension 'colcon_meta'
[1.242s] Level 1:colcon.colcon_core.package_identification:_identify(src/turtlebot3/turtlebot3) by extensions ['ros']
[1.242s] Level 1:colcon.colcon_core.package_identification:_identify(src/turtlebot3/turtlebot3) by extension 'ros'
[1.254s] DEBUG:colcon.colcon_core.package_identification:Package 'src/turtlebot3/turtlebot3' with type 'ros.ament_cmake' and name 'turtlebot3'
[1.255s] Level 1:colcon.colcon_core.package_identification:_identify(src/turtlebot3/turtlebot3_bringup) by extensions ['ignore', 'ignore_ament_install']
[1.256s] Level 1:colcon.colcon_core.package_identification:_identify(src/turtlebot3/turtlebot3_bringup) by extension 'ignore'
[1.256s] Level 1:colcon.colcon_core.package_identification:_identify(src/turtlebot3/turtlebot3_bringup) by extension 'ignore_ament_install'
[1.257s] Level 1:colcon.colcon_core.package_identification:_identify(src/turtlebot3/turtlebot3_bringup) by extensions ['colcon_pkg']
[1.258s] Level 1:colcon.colcon_core.package_identification:_identify(src/turtlebot3/turtlebot3_bringup) by extension 'colcon_pkg'
[1.258s] Level 1:colcon.colcon_core.package_identification:_identify(src/turtlebot3/turtlebot3_bringup) by extensions ['colcon_meta']
[1.259s] Level 1:colcon.colcon_core.package_identification:_identify(src/turtlebot3/turtlebot3_bringup) by extension 'colcon_meta'
[1.259s] Level 1:colcon.colcon_core.package_identification:_identify(src/turtlebot3/turtlebot3_bringup) by extensions ['ros']
[1.259s] Level 1:colcon.colcon_core.package_identification:_identify(src/turtlebot3/turtlebot3_bringup) by extension 'ros'
[1.262s] DEBUG:colcon.colcon_core.package_identification:Package 'src/turtlebot3/turtlebot3_bringup' with type 'ros.ament_cmake' and name 'turtlebot3_bringup'
[1.263s] Level 1:colcon.colcon_core.package_identification:_identify(src/turtlebot3/turtlebot3_description) by extensions ['ignore', 'ignore_ament_install']
[1.264s] Level 1:colcon.colcon_core.package_identification:_identify(src/turtlebot3/turtlebot3_description) by extension 'ignore'
[1.264s] Level 1:colcon.colcon_core.package_identification:_identify(src/turtlebot3/turtlebot3_description) by extension 'ignore_ament_install'
[1.265s] Level 1:colcon.colcon_core.package_identification:_identify(src/turtlebot3/turtlebot3_description) by extensions ['colcon_pkg']
[1.266s] Level 1:colcon.colcon_core.package_identification:_identify(src/turtlebot3/turtlebot3_description) by extension 'colcon_pkg'
[1.266s] Level 1:colcon.colcon_core.package_identification:_identify(src/turtlebot3/turtlebot3_description) by extensions ['colcon_meta']
[1.267s] Level 1:colcon.colcon_core.package_identification:_identify(src/turtlebot3/turtlebot3_description) by extension 'colcon_meta'
[1.267s] Level 1:colcon.colcon_core.package_identification:_identify(src/turtlebot3/turtlebot3_description) by extensions ['ros']
[1.267s] Level 1:colcon.colcon_core.package_identification:_identify(src/turtlebot3/turtlebot3_description) by extension 'ros'
[1.271s] DEBUG:colcon.colcon_core.package_identification:Package 'src/turtlebot3/turtlebot3_description' with type 'ros.ament_cmake' and name 'turtlebot3_description'
[1.272s] Level 1:colcon.colcon_core.package_identification:_identify(src/turtlebot3/turtlebot3_example) by extensions ['ignore', 'ignore_ament_install']
[1.273s] Level 1:colcon.colcon_core.package_identification:_identify(src/turtlebot3/turtlebot3_example) by extension 'ignore'
[1.273s] Level 1:colcon.colcon_core.package_identification:_identify(src/turtlebot3/turtlebot3_example) by extension 'ignore_ament_install'
[1.274s] Level 1:colcon.colcon_core.package_identification:_identify(src/turtlebot3/turtlebot3_example) by extensions ['colcon_pkg']
[1.274s] Level 1:colcon.colcon_core.package_identification:_identify(src/turtlebot3/turtlebot3_example) by extension 'colcon_pkg'
[1.275s] Level 1:colcon.colcon_core.package_identification:_identify(src/turtlebot3/turtlebot3_example) by extensions ['colcon_meta']
[1.275s] Level 1:colcon.colcon_core.package_identification:_identify(src/turtlebot3/turtlebot3_example) by extension 'colcon_meta'
[1.276s] Level 1:colcon.colcon_core.package_identification:_identify(src/turtlebot3/turtlebot3_example) by extensions ['ros']
[1.276s] Level 1:colcon.colcon_core.package_identification:_identify(src/turtlebot3/turtlebot3_example) by extension 'ros'
[1.282s] DEBUG:colcon.colcon_core.package_identification:Package 'src/turtlebot3/turtlebot3_example' with type 'ros.ament_python' and name 'turtlebot3_example'
[1.283s] Level 1:colcon.colcon_core.package_identification:_identify(src/turtlebot3/turtlebot3_node) by extensions ['ignore', 'ignore_ament_install']
[1.283s] Level 1:colcon.colcon_core.package_identification:_identify(src/turtlebot3/turtlebot3_node) by extension 'ignore'
[1.284s] Level 1:colcon.colcon_core.package_identification:_identify(src/turtlebot3/turtlebot3_node) by extension 'ignore_ament_install'
[1.285s] Level 1:colcon.colcon_core.package_identification:_identify(src/turtlebot3/turtlebot3_node) by extensions ['colcon_pkg']
[1.285s] Level 1:colcon.colcon_core.package_identification:_identify(src/turtlebot3/turtlebot3_node) by extension 'colcon_pkg'
[1.286s] Level 1:colcon.colcon_core.package_identification:_identify(src/turtlebot3/turtlebot3_node) by extensions ['colcon_meta']
[1.286s] Level 1:colcon.colcon_core.package_identification:_identify(src/turtlebot3/turtlebot3_node) by extension 'colcon_meta'
[1.286s] Level 1:colcon.colcon_core.package_identification:_identify(src/turtlebot3/turtlebot3_node) by extensions ['ros']
[1.286s] Level 1:colcon.colcon_core.package_identification:_identify(src/turtlebot3/turtlebot3_node) by extension 'ros'
[1.293s] DEBUG:colcon.colcon_core.package_identification:Package 'src/turtlebot3/turtlebot3_node' with type 'ros.ament_cmake' and name 'turtlebot3_node'
[1.294s] Level 1:colcon.colcon_core.package_identification:_identify(src/turtlebot3/turtlebot3_teleop) by extensions ['ignore', 'ignore_ament_install']
[1.295s] Level 1:colcon.colcon_core.package_identification:_identify(src/turtlebot3/turtlebot3_teleop) by extension 'ignore'
[1.297s] Level 1:colcon.colcon_core.package_identification:_identify(src/turtlebot3/turtlebot3_teleop) by extension 'ignore_ament_install'
[1.298s] Level 1:colcon.colcon_core.package_identification:_identify(src/turtlebot3/turtlebot3_teleop) by extensions ['colcon_pkg']
[1.298s] Level 1:colcon.colcon_core.package_identification:_identify(src/turtlebot3/turtlebot3_teleop) by extension 'colcon_pkg'
[1.299s] Level 1:colcon.colcon_core.package_identification:_identify(src/turtlebot3/turtlebot3_teleop) by extensions ['colcon_meta']
[1.299s] Level 1:colcon.colcon_core.package_identification:_identify(src/turtlebot3/turtlebot3_teleop) by extension 'colcon_meta'
[1.300s] Level 1:colcon.colcon_core.package_identification:_identify(src/turtlebot3/turtlebot3_teleop) by extensions ['ros']
[1.300s] Level 1:colcon.colcon_core.package_identification:_identify(src/turtlebot3/turtlebot3_teleop) by extension 'ros'
[1.303s] DEBUG:colcon.colcon_core.package_identification:Package 'src/turtlebot3/turtlebot3_teleop' with type 'ros.ament_python' and name 'turtlebot3_teleop'
[1.304s] Level 1:colcon.colcon_core.package_discovery:discover_packages(recursive) using defaults
[1.304s] Level 1:colcon.colcon_core.package_discovery:discover_packages(ignore) discover
[1.304s] Level 1:colcon.colcon_core.package_discovery:discover_packages(ignore) using defaults
[1.305s] Level 1:colcon.colcon_core.package_discovery:discover_packages(path) discover
[1.305s] Level 1:colcon.colcon_core.package_discovery:discover_packages(path) using defaults
[1.405s] INFO:colcon.colcon_core.package_selection:Skipping not selected package 'turtlebot3_description' in 'src/turtlebot3/turtlebot3_description'
[1.406s] INFO:colcon.colcon_core.package_selection:Skipping not selected package 'turtlebot3_bringup' in 'src/turtlebot3/turtlebot3_bringup'
[1.406s] INFO:colcon.colcon_core.package_selection:Skipping not selected package 'turtlebot3' in 'src/turtlebot3/turtlebot3'
[1.408s] Level 1:colcon.colcon_core.package_discovery:discover_packages(prefix_path) check parameters
[1.409s] Level 1:colcon.colcon_core.package_discovery:discover_packages(prefix_path) discover
[1.423s] DEBUG:colcon.colcon_installed_package_information.package_discovery:Found 2 installed packages in /home/dingo/turtlebot3_ws/install
[1.433s] DEBUG:colcon.colcon_installed_package_information.package_discovery:Found 199 installed packages in /opt/ros/jazzy
[1.436s] Level 1:colcon.colcon_core.package_discovery:discover_packages(prefix_path) using defaults
[1.652s] Level 5:colcon.colcon_core.verb:set package 'turtlebot3_example' build argument 'cmake_args' from command line to 'None'
[1.652s] Level 5:colcon.colcon_core.verb:set package 'turtlebot3_example' build argument 'cmake_target' from command line to 'None'
[1.652s] Level 5:colcon.colcon_core.verb:set package 'turtlebot3_example' build argument 'cmake_target_skip_unavailable' from command line to 'False'
[1.652s] Level 5:colcon.colcon_core.verb:set package 'turtlebot3_example' build argument 'cmake_clean_cache' from command line to 'False'
[1.652s] Level 5:colcon.colcon_core.verb:set package 'turtlebot3_example' build argument 'cmake_clean_first' from command line to 'False'
[1.653s] Level 5:colcon.colcon_core.verb:set package 'turtlebot3_example' build argument 'cmake_force_configure' from command line to 'False'
[1.653s] Level 5:colcon.colcon_core.verb:set package 'turtlebot3_example' build argument 'ament_cmake_args' from command line to 'None'
[1.653s] Level 5:colcon.colcon_core.verb:set package 'turtlebot3_example' build argument 'catkin_cmake_args' from command line to 'None'
[1.653s] Level 5:colcon.colcon_core.verb:set package 'turtlebot3_example' build argument 'catkin_skip_building_tests' from command line to 'False'
[1.654s] DEBUG:colcon.colcon_core.verb:Building package 'turtlebot3_example' with the following arguments: {'ament_cmake_args': None, 'build_base': '/home/dingo/tb3_autonomy/build/turtlebot3_example', 'catkin_cmake_args': None, 'catkin_skip_building_tests': False, 'cmake_args': None, 'cmake_clean_cache': False, 'cmake_clean_first': False, 'cmake_force_configure': False, 'cmake_target': None, 'cmake_target_skip_unavailable': False, 'install_base': '/home/dingo/tb3_autonomy/install/turtlebot3_example', 'merge_install': False, 'path': '/home/dingo/tb3_autonomy/src/turtlebot3/turtlebot3_example', 'symlink_install': False, 'test_result_base': None}
[1.655s] Level 5:colcon.colcon_core.verb:set package 'turtlebot3_node' build argument 'cmake_args' from command line to 'None'
[1.656s] Level 5:colcon.colcon_core.verb:set package 'turtlebot3_node' build argument 'cmake_target' from command line to 'None'
[1.656s] Level 5:colcon.colcon_core.verb:set package 'turtlebot3_node' build argument 'cmake_target_skip_unavailable' from command line to 'False'
[1.656s] Level 5:colcon.colcon_core.verb:set package 'turtlebot3_node' build argument 'cmake_clean_cache' from command line to 'False'
[1.657s] Level 5:colcon.colcon_core.verb:set package 'turtlebot3_node' build argument 'cmake_clean_first' from command line to 'False'
[1.657s] Level 5:colcon.colcon_core.verb:set package 'turtlebot3_node' build argument 'cmake_force_configure' from command line to 'False'
[1.657s] Level 5:colcon.colcon_core.verb:set package 'turtlebot3_node' build argument 'ament_cmake_args' from command line to 'None'
[1.657s] Level 5:colcon.colcon_core.verb:set package 'turtlebot3_node' build argument 'catkin_cmake_args' from command line to 'None'
[1.657s] Level 5:colcon.colcon_core.verb:set package 'turtlebot3_node' build argument 'catkin_skip_building_tests' from command line to 'False'
[1.657s] DEBUG:colcon.colcon_core.verb:Building package 'turtlebot3_node' with the following arguments: {'ament_cmake_args': None, 'build_base': '/home/dingo/tb3_autonomy/build/turtlebot3_node', 'catkin_cmake_args': None, 'catkin_skip_building_tests': False, 'cmake_args': None, 'cmake_clean_cache': False, 'cmake_clean_first': False, 'cmake_force_configure': False, 'cmake_target': None, 'cmake_target_skip_unavailable': False, 'install_base': '/home/dingo/tb3_autonomy/install/turtlebot3_node', 'merge_install': False, 'path': '/home/dingo/tb3_autonomy/src/turtlebot3/turtlebot3_node', 'symlink_install': False, 'test_result_base': None}
[1.659s] Level 5:colcon.colcon_core.verb:set package 'turtlebot3_teleop' build argument 'cmake_args' from command line to 'None'
[1.659s] Level 5:colcon.colcon_core.verb:set package 'turtlebot3_teleop' build argument 'cmake_target' from command line to 'None'
[1.660s] Level 5:colcon.colcon_core.verb:set package 'turtlebot3_teleop' build argument 'cmake_target_skip_unavailable' from command line to 'False'
[1.660s] Level 5:colcon.colcon_core.verb:set package 'turtlebot3_teleop' build argument 'cmake_clean_cache' from command line to 'False'
[1.660s] Level 5:colcon.colcon_core.verb:set package 'turtlebot3_teleop' build argument 'cmake_clean_first' from command line to 'False'
[1.660s] Level 5:colcon.colcon_core.verb:set package 'turtlebot3_teleop' build argument 'cmake_force_configure' from command line to 'False'
[1.661s] Level 5:colcon.colcon_core.verb:set package 'turtlebot3_teleop' build argument 'ament_cmake_args' from command line to 'None'
[1.661s] Level 5:colcon.colcon_core.verb:set package 'turtlebot3_teleop' build argument 'catkin_cmake_args' from command line to 'None'
[1.661s] Level 5:colcon.colcon_core.verb:set package 'turtlebot3_teleop' build argument 'catkin_skip_building_tests' from command line to 'False'
[1.661s] DEBUG:colcon.colcon_core.verb:Building package 'turtlebot3_teleop' with the following arguments: {'ament_cmake_args': None, 'build_base': '/home/dingo/tb3_autonomy/build/turtlebot3_teleop', 'catkin_cmake_args': None, 'catkin_skip_building_tests': False, 'cmake_args': None, 'cmake_clean_cache': False, 'cmake_clean_first': False, 'cmake_force_configure': False, 'cmake_target': None, 'cmake_target_skip_unavailable': False, 'install_base': '/home/dingo/tb3_autonomy/install/turtlebot3_teleop', 'merge_install': False, 'path': '/home/dingo/tb3_autonomy/src/turtlebot3/turtlebot3_teleop', 'symlink_install': False, 'test_result_base': None}
[1.662s] INFO:colcon.colcon_core.executor:Executing jobs using 'parallel' executor
[1.666s] DEBUG:colcon.colcon_parallel_executor.executor.parallel:run_until_complete
[1.668s] INFO:colcon.colcon_ros.task.ament_python.build:Building ROS package in '/home/dingo/tb3_autonomy/src/turtlebot3/turtlebot3_example' with build type 'ament_python'
[1.668s] Level 1:colcon.colcon_core.shell:create_environment_hook('turtlebot3_example', 'ament_prefix_path')
[1.682s] INFO:colcon.colcon_core.plugin_system:Skipping extension 'colcon_core.shell.bat': Not used on non-Windows systems
[1.683s] INFO:colcon.colcon_core.shell:Creating environment hook '/home/dingo/tb3_autonomy/install/turtlebot3_example/share/turtlebot3_example/hook/ament_prefix_path.ps1'
[1.687s] INFO:colcon.colcon_core.shell:Creating environment descriptor '/home/dingo/tb3_autonomy/install/turtlebot3_example/share/turtlebot3_example/hook/ament_prefix_path.dsv'
[1.690s] INFO:colcon.colcon_core.shell:Creating environment hook '/home/dingo/tb3_autonomy/install/turtlebot3_example/share/turtlebot3_example/hook/ament_prefix_path.sh'
[1.695s] INFO:colcon.colcon_core.shell:Skip shell extension 'powershell' for command environment: Not usable outside of PowerShell
[1.696s] DEBUG:colcon.colcon_core.shell:Skip shell extension 'dsv' for command environment
[1.717s] INFO:colcon.colcon_ros.task.ament_cmake.build:Building ROS package in '/home/dingo/tb3_autonomy/src/turtlebot3/turtlebot3_node' with build type 'ament_cmake'
[1.718s] INFO:colcon.colcon_cmake.task.cmake.build:Building CMake package in '/home/dingo/tb3_autonomy/src/turtlebot3/turtlebot3_node'
[1.719s] INFO:colcon.colcon_core.shell:Skip shell extension 'powershell' for command environment: Not usable outside of PowerShell
[1.719s] DEBUG:colcon.colcon_core.shell:Skip shell extension 'dsv' for command environment
[1.745s] INFO:colcon.colcon_ros.task.ament_python.build:Building ROS package in '/home/dingo/tb3_autonomy/src/turtlebot3/turtlebot3_teleop' with build type 'ament_python'
[1.746s] Level 1:colcon.colcon_core.shell:create_environment_hook('turtlebot3_teleop', 'ament_prefix_path')
[1.747s] INFO:colcon.colcon_core.shell:Creating environment hook '/home/dingo/tb3_autonomy/install/turtlebot3_teleop/share/turtlebot3_teleop/hook/ament_prefix_path.ps1'
[1.751s] INFO:colcon.colcon_core.shell:Creating environment descriptor '/home/dingo/tb3_autonomy/install/turtlebot3_teleop/share/turtlebot3_teleop/hook/ament_prefix_path.dsv'
[1.755s] INFO:colcon.colcon_core.shell:Creating environment hook '/home/dingo/tb3_autonomy/install/turtlebot3_teleop/share/turtlebot3_teleop/hook/ament_prefix_path.sh'
[1.759s] INFO:colcon.colcon_core.shell:Skip shell extension 'powershell' for command environment: Not usable outside of PowerShell
[1.759s] DEBUG:colcon.colcon_core.shell:Skip shell extension 'dsv' for command environment
[3.234s] INFO:colcon.colcon_core.task.python.build:Building Python package in '/home/dingo/tb3_autonomy/src/turtlebot3/turtlebot3_example'
[3.235s] INFO:colcon.colcon_core.shell:Skip shell extension 'powershell' for command environment: Not usable outside of PowerShell
[3.236s] DEBUG:colcon.colcon_core.shell:Skip shell extension 'dsv' for command environment
[3.271s] DEBUG:colcon.colcon_core.event_handler.log_command:Invoking command in '/home/dingo/tb3_autonomy/build/turtlebot3_node': CMAKE_PREFIX_PATH=/home/dingo/turtlebot3_ws/install/turtlebot3_description:/opt/ros/jazzy /usr/bin/cmake /home/dingo/tb3_autonomy/src/turtlebot3/turtlebot3_node -DCMAKE_INSTALL_PREFIX=/home/dingo/tb3_autonomy/install/turtlebot3_node
[4.867s] INFO:colcon.colcon_core.task.python.build:Building Python package in '/home/dingo/tb3_autonomy/src/turtlebot3/turtlebot3_teleop'
[4.868s] INFO:colcon.colcon_core.shell:Skip shell extension 'powershell' for command environment: Not usable outside of PowerShell
[4.868s] DEBUG:colcon.colcon_core.shell:Skip shell extension 'dsv' for command environment
[10.339s] DEBUG:colcon.colcon_core.event_handler.log_command:Invoking command in '/home/dingo/tb3_autonomy/build/turtlebot3_example': PYTHONPATH=/home/dingo/tb3_autonomy/build/turtlebot3_example/prefix_override:/usr/lib/python3/dist-packages/colcon_core/task/python/colcon_distutils_commands:/home/dingo/tb3_autonomy/install/turtlebot3_example/lib/python3.12/site-packages:${PYTHONPATH} /usr/bin/python3 -W ignore:setup.py install is deprecated -W ignore:easy_install command is deprecated setup.py develop --uninstall --editable --build-directory /home/dingo/tb3_autonomy/build/turtlebot3_example/build
[10.358s] DEBUG:colcon.colcon_core.event_handler.log_command:Invoking command in '/home/dingo/tb3_autonomy/build/turtlebot3_teleop': PYTHONPATH=/home/dingo/tb3_autonomy/build/turtlebot3_teleop/prefix_override:/usr/lib/python3/dist-packages/colcon_core/task/python/colcon_distutils_commands:/home/dingo/tb3_autonomy/install/turtlebot3_teleop/lib/python3.12/site-packages:${PYTHONPATH} /usr/bin/python3 -W ignore:setup.py install is deprecated -W ignore:easy_install command is deprecated setup.py develop --uninstall --editable --build-directory /home/dingo/tb3_autonomy/build/turtlebot3_teleop/build
[11.137s] DEBUG:colcon.colcon_core.event_handler.log_command:Invoked command in '/home/dingo/tb3_autonomy/build/turtlebot3_node' returned '0': CMAKE_PREFIX_PATH=/home/dingo/turtlebot3_ws/install/turtlebot3_description:/opt/ros/jazzy /usr/bin/cmake /home/dingo/tb3_autonomy/src/turtlebot3/turtlebot3_node -DCMAKE_INSTALL_PREFIX=/home/dingo/tb3_autonomy/install/turtlebot3_node
[11.142s] DEBUG:colcon.colcon_core.event_handler.log_command:Invoking command in '/home/dingo/tb3_autonomy/build/turtlebot3_node': CMAKE_PREFIX_PATH=/home/dingo/turtlebot3_ws/install/turtlebot3_description:/opt/ros/jazzy /usr/bin/cmake --build /home/dingo/tb3_autonomy/build/turtlebot3_node -- -j4 -l4
[14.463s] DEBUG:colcon.colcon_core.event_handler.log_command:Invoked command in '/home/dingo/tb3_autonomy/build/turtlebot3_example' returned '0': PYTHONPATH=/home/dingo/tb3_autonomy/build/turtlebot3_example/prefix_override:/usr/lib/python3/dist-packages/colcon_core/task/python/colcon_distutils_commands:/home/dingo/tb3_autonomy/install/turtlebot3_example/lib/python3.12/site-packages:${PYTHONPATH} /usr/bin/python3 -W ignore:setup.py install is deprecated -W ignore:easy_install command is deprecated setup.py develop --uninstall --editable --build-directory /home/dingo/tb3_autonomy/build/turtlebot3_example/build
[14.471s] DEBUG:colcon.colcon_core.event_handler.log_command:Invoking command in '/home/dingo/tb3_autonomy/src/turtlebot3/turtlebot3_example': PYTHONPATH=/home/dingo/tb3_autonomy/build/turtlebot3_example/prefix_override:/usr/lib/python3/dist-packages/colcon_core/task/python/colcon_distutils_commands:/home/dingo/tb3_autonomy/install/turtlebot3_example/lib/python3.12/site-packages:${PYTHONPATH} /usr/bin/python3 -W ignore:setup.py install is deprecated -W ignore:easy_install command is deprecated setup.py egg_info --egg-base ../../../build/turtlebot3_example build --build-base /home/dingo/tb3_autonomy/build/turtlebot3_example/build install --record /home/dingo/tb3_autonomy/build/turtlebot3_example/install.log --single-version-externally-managed install_data --force
[14.564s] DEBUG:colcon.colcon_core.event_handler.log_command:Invoked command in '/home/dingo/tb3_autonomy/build/turtlebot3_teleop' returned '0': PYTHONPATH=/home/dingo/tb3_autonomy/build/turtlebot3_teleop/prefix_override:/usr/lib/python3/dist-packages/colcon_core/task/python/colcon_distutils_commands:/home/dingo/tb3_autonomy/install/turtlebot3_teleop/lib/python3.12/site-packages:${PYTHONPATH} /usr/bin/python3 -W ignore:setup.py install is deprecated -W ignore:easy_install command is deprecated setup.py develop --uninstall --editable --build-directory /home/dingo/tb3_autonomy/build/turtlebot3_teleop/build
[14.568s] DEBUG:colcon.colcon_core.event_handler.log_command:Invoking command in '/home/dingo/tb3_autonomy/src/turtlebot3/turtlebot3_teleop': PYTHONPATH=/home/dingo/tb3_autonomy/build/turtlebot3_teleop/prefix_override:/usr/lib/python3/dist-packages/colcon_core/task/python/colcon_distutils_commands:/home/dingo/tb3_autonomy/install/turtlebot3_teleop/lib/python3.12/site-packages:${PYTHONPATH} /usr/bin/python3 -W ignore:setup.py install is deprecated -W ignore:easy_install command is deprecated setup.py egg_info --egg-base ../../../build/turtlebot3_teleop build --build-base /home/dingo/tb3_autonomy/build/turtlebot3_teleop/build install --record /home/dingo/tb3_autonomy/build/turtlebot3_teleop/install.log --single-version-externally-managed install_data --force
[18.120s] DEBUG:colcon.colcon_core.event_handler.log_command:Invoked command in '/home/dingo/tb3_autonomy/src/turtlebot3/turtlebot3_teleop' returned '0': PYTHONPATH=/home/dingo/tb3_autonomy/build/turtlebot3_teleop/prefix_override:/usr/lib/python3/dist-packages/colcon_core/task/python/colcon_distutils_commands:/home/dingo/tb3_autonomy/install/turtlebot3_teleop/lib/python3.12/site-packages:${PYTHONPATH} /usr/bin/python3 -W ignore:setup.py install is deprecated -W ignore:easy_install command is deprecated setup.py egg_info --egg-base ../../../build/turtlebot3_teleop build --build-base /home/dingo/tb3_autonomy/build/turtlebot3_teleop/build install --record /home/dingo/tb3_autonomy/build/turtlebot3_teleop/install.log --single-version-externally-managed install_data --force
[18.148s] Level 1:colcon.colcon_core.environment:checking '/home/dingo/tb3_autonomy/install/turtlebot3_teleop' for CMake module files
[18.156s] Level 1:colcon.colcon_core.environment:checking '/home/dingo/tb3_autonomy/install/turtlebot3_teleop' for CMake config files
[18.167s] Level 1:colcon.colcon_core.environment:checking '/home/dingo/tb3_autonomy/install/turtlebot3_teleop/lib'
[18.170s] Level 1:colcon.colcon_core.environment:checking '/home/dingo/tb3_autonomy/install/turtlebot3_teleop/bin'
[18.172s] Level 1:colcon.colcon_core.environment:checking '/home/dingo/tb3_autonomy/install/turtlebot3_teleop/lib/pkgconfig/turtlebot3_teleop.pc'
[18.175s] Level 1:colcon.colcon_core.environment:checking '/home/dingo/tb3_autonomy/install/turtlebot3_teleop/lib/python3.12/site-packages'
[18.177s] Level 1:colcon.colcon_core.shell:create_environment_hook('turtlebot3_teleop', 'pythonpath')
[18.180s] INFO:colcon.colcon_core.shell:Creating environment hook '/home/dingo/tb3_autonomy/install/turtlebot3_teleop/share/turtlebot3_teleop/hook/pythonpath.ps1'
[18.187s] INFO:colcon.colcon_core.shell:Creating environment descriptor '/home/dingo/tb3_autonomy/install/turtlebot3_teleop/share/turtlebot3_teleop/hook/pythonpath.dsv'
[18.194s] INFO:colcon.colcon_core.shell:Creating environment hook '/home/dingo/tb3_autonomy/install/turtlebot3_teleop/share/turtlebot3_teleop/hook/pythonpath.sh'
[18.201s] Level 1:colcon.colcon_core.environment:checking '/home/dingo/tb3_autonomy/install/turtlebot3_teleop/bin'
[18.202s] Level 1:colcon.colcon_core.environment:create_environment_scripts_only(turtlebot3_teleop)
[18.205s] INFO:colcon.colcon_core.shell:Creating package script '/home/dingo/tb3_autonomy/install/turtlebot3_teleop/share/turtlebot3_teleop/package.ps1'
[18.215s] INFO:colcon.colcon_core.shell:Creating package descriptor '/home/dingo/tb3_autonomy/install/turtlebot3_teleop/share/turtlebot3_teleop/package.dsv'
[18.232s] INFO:colcon.colcon_core.shell:Creating package script '/home/dingo/tb3_autonomy/install/turtlebot3_teleop/share/turtlebot3_teleop/package.sh'
[18.251s] INFO:colcon.colcon_core.shell:Creating package script '/home/dingo/tb3_autonomy/install/turtlebot3_teleop/share/turtlebot3_teleop/package.bash'
[18.268s] INFO:colcon.colcon_core.shell:Creating package script '/home/dingo/tb3_autonomy/install/turtlebot3_teleop/share/turtlebot3_teleop/package.zsh'
[18.277s] Level 1:colcon.colcon_core.environment:create_file_with_runtime_dependencies(/home/dingo/tb3_autonomy/install/turtlebot3_teleop/share/colcon-core/packages/turtlebot3_teleop)
[18.286s] Level 1:colcon.colcon_core.environment:checking '/home/dingo/tb3_autonomy/install/turtlebot3_example' for CMake module files
[18.297s] DEBUG:colcon.colcon_core.event_handler.log_command:Invoked command in '/home/dingo/tb3_autonomy/src/turtlebot3/turtlebot3_example' returned '0': PYTHONPATH=/home/dingo/tb3_autonomy/build/turtlebot3_example/prefix_override:/usr/lib/python3/dist-packages/colcon_core/task/python/colcon_distutils_commands:/home/dingo/tb3_autonomy/install/turtlebot3_example/lib/python3.12/site-packages:${PYTHONPATH} /usr/bin/python3 -W ignore:setup.py install is deprecated -W ignore:easy_install command is deprecated setup.py egg_info --egg-base ../../../build/turtlebot3_example build --build-base /home/dingo/tb3_autonomy/build/turtlebot3_example/build install --record /home/dingo/tb3_autonomy/build/turtlebot3_example/install.log --single-version-externally-managed install_data --force
[18.298s] Level 1:colcon.colcon_core.environment:checking '/home/dingo/tb3_autonomy/install/turtlebot3_example' for CMake config files
[18.306s] Level 1:colcon.colcon_core.environment:checking '/home/dingo/tb3_autonomy/install/turtlebot3_example/lib'
[18.307s] Level 1:colcon.colcon_core.environment:checking '/home/dingo/tb3_autonomy/install/turtlebot3_example/bin'
[18.308s] Level 1:colcon.colcon_core.environment:checking '/home/dingo/tb3_autonomy/install/turtlebot3_example/lib/pkgconfig/turtlebot3_example.pc'
[18.309s] Level 1:colcon.colcon_core.environment:checking '/home/dingo/tb3_autonomy/install/turtlebot3_example/lib/python3.12/site-packages'
[18.310s] Level 1:colcon.colcon_core.shell:create_environment_hook('turtlebot3_example', 'pythonpath')
[18.311s] INFO:colcon.colcon_core.shell:Creating environment hook '/home/dingo/tb3_autonomy/install/turtlebot3_example/share/turtlebot3_example/hook/pythonpath.ps1'
[18.314s] INFO:colcon.colcon_core.shell:Creating environment descriptor '/home/dingo/tb3_autonomy/install/turtlebot3_example/share/turtlebot3_example/hook/pythonpath.dsv'
[18.316s] INFO:colcon.colcon_core.shell:Creating environment hook '/home/dingo/tb3_autonomy/install/turtlebot3_example/share/turtlebot3_example/hook/pythonpath.sh'
[18.319s] Level 1:colcon.colcon_core.environment:checking '/home/dingo/tb3_autonomy/install/turtlebot3_example/bin'
[18.320s] Level 1:colcon.colcon_core.environment:create_environment_scripts_only(turtlebot3_example)
[18.321s] INFO:colcon.colcon_core.shell:Creating package script '/home/dingo/tb3_autonomy/install/turtlebot3_example/share/turtlebot3_example/package.ps1'
[18.323s] INFO:colcon.colcon_core.shell:Creating package descriptor '/home/dingo/tb3_autonomy/install/turtlebot3_example/share/turtlebot3_example/package.dsv'
[18.326s] INFO:colcon.colcon_core.shell:Creating package script '/home/dingo/tb3_autonomy/install/turtlebot3_example/share/turtlebot3_example/package.sh'
[18.329s] INFO:colcon.colcon_core.shell:Creating package script '/home/dingo/tb3_autonomy/install/turtlebot3_example/share/turtlebot3_example/package.bash'
[18.331s] INFO:colcon.colcon_core.shell:Creating package script '/home/dingo/tb3_autonomy/install/turtlebot3_example/share/turtlebot3_example/package.zsh'
[18.336s] Level 1:colcon.colcon_core.environment:create_file_with_runtime_dependencies(/home/dingo/tb3_autonomy/install/turtlebot3_example/share/colcon-core/packages/turtlebot3_example)
[106.854s] DEBUG:colcon.colcon_core.event_handler.log_command:Invoked command in '/home/dingo/tb3_autonomy/build/turtlebot3_node' returned '0': CMAKE_PREFIX_PATH=/home/dingo/turtlebot3_ws/install/turtlebot3_description:/opt/ros/jazzy /usr/bin/cmake --build /home/dingo/tb3_autonomy/build/turtlebot3_node -- -j4 -l4
[106.902s] DEBUG:colcon.colcon_core.event_handler.log_command:Invoking command in '/home/dingo/tb3_autonomy/build/turtlebot3_node': CMAKE_PREFIX_PATH=/home/dingo/turtlebot3_ws/install/turtlebot3_description:/opt/ros/jazzy /usr/bin/cmake --install /home/dingo/tb3_autonomy/build/turtlebot3_node
[107.018s] Level 1:colcon.colcon_core.environment:create_environment_scripts_only(turtlebot3_node)
[107.019s] Level 1:colcon.colcon_core.environment:checking '/home/dingo/tb3_autonomy/install/turtlebot3_node' for CMake module files
[107.020s] DEBUG:colcon.colcon_core.event_handler.log_command:Invoked command in '/home/dingo/tb3_autonomy/build/turtlebot3_node' returned '0': CMAKE_PREFIX_PATH=/home/dingo/turtlebot3_ws/install/turtlebot3_description:/opt/ros/jazzy /usr/bin/cmake --install /home/dingo/tb3_autonomy/build/turtlebot3_node
[107.023s] Level 1:colcon.colcon_core.environment:checking '/home/dingo/tb3_autonomy/install/turtlebot3_node' for CMake config files
[107.025s] Level 1:colcon.colcon_core.shell:create_environment_hook('turtlebot3_node', 'cmake_prefix_path')
[107.026s] INFO:colcon.colcon_core.shell:Creating environment hook '/home/dingo/tb3_autonomy/install/turtlebot3_node/share/turtlebot3_node/hook/cmake_prefix_path.ps1'
[107.028s] INFO:colcon.colcon_core.shell:Creating environment descriptor '/home/dingo/tb3_autonomy/install/turtlebot3_node/share/turtlebot3_node/hook/cmake_prefix_path.dsv'
[107.029s] INFO:colcon.colcon_core.shell:Creating environment hook '/home/dingo/tb3_autonomy/install/turtlebot3_node/share/turtlebot3_node/hook/cmake_prefix_path.sh'
[107.032s] Level 1:colcon.colcon_core.environment:checking '/home/dingo/tb3_autonomy/install/turtlebot3_node/lib'
[107.032s] Level 1:colcon.colcon_core.environment:checking '/home/dingo/tb3_autonomy/install/turtlebot3_node/bin'
[107.033s] Level 1:colcon.colcon_core.environment:checking '/home/dingo/tb3_autonomy/install/turtlebot3_node/lib/pkgconfig/turtlebot3_node.pc'
[107.034s] Level 1:colcon.colcon_core.environment:checking '/home/dingo/tb3_autonomy/install/turtlebot3_node/lib/python3.12/site-packages'
[107.034s] Level 1:colcon.colcon_core.environment:checking '/home/dingo/tb3_autonomy/install/turtlebot3_node/bin'
[107.035s] INFO:colcon.colcon_core.shell:Creating package script '/home/dingo/tb3_autonomy/install/turtlebot3_node/share/turtlebot3_node/package.ps1'
[107.037s] INFO:colcon.colcon_core.shell:Creating package descriptor '/home/dingo/tb3_autonomy/install/turtlebot3_node/share/turtlebot3_node/package.dsv'
[107.039s] INFO:colcon.colcon_core.shell:Creating package script '/home/dingo/tb3_autonomy/install/turtlebot3_node/share/turtlebot3_node/package.sh'
[107.042s] INFO:colcon.colcon_core.shell:Creating package script '/home/dingo/tb3_autonomy/install/turtlebot3_node/share/turtlebot3_node/package.bash'
[107.043s] INFO:colcon.colcon_core.shell:Creating package script '/home/dingo/tb3_autonomy/install/turtlebot3_node/share/turtlebot3_node/package.zsh'
[107.045s] Level 1:colcon.colcon_core.environment:create_file_with_runtime_dependencies(/home/dingo/tb3_autonomy/install/turtlebot3_node/share/colcon-core/packages/turtlebot3_node)
[107.047s] Level 1:colcon.colcon_core.environment:create_environment_scripts_only(turtlebot3_node)
[107.048s] Level 1:colcon.colcon_core.environment:checking '/home/dingo/tb3_autonomy/install/turtlebot3_node' for CMake module files
[107.052s] Level 1:colcon.colcon_core.environment:checking '/home/dingo/tb3_autonomy/install/turtlebot3_node' for CMake config files
[107.054s] Level 1:colcon.colcon_core.shell:create_environment_hook('turtlebot3_node', 'cmake_prefix_path')
[107.054s] INFO:colcon.colcon_core.shell:Creating environment hook '/home/dingo/tb3_autonomy/install/turtlebot3_node/share/turtlebot3_node/hook/cmake_prefix_path.ps1'
[107.077s] INFO:colcon.colcon_core.shell:Creating environment descriptor '/home/dingo/tb3_autonomy/install/turtlebot3_node/share/turtlebot3_node/hook/cmake_prefix_path.dsv'
[107.079s] INFO:colcon.colcon_core.shell:Creating environment hook '/home/dingo/tb3_autonomy/install/turtlebot3_node/share/turtlebot3_node/hook/cmake_prefix_path.sh'
[107.082s] Level 1:colcon.colcon_core.environment:checking '/home/dingo/tb3_autonomy/install/turtlebot3_node/lib'
[107.083s] Level 1:colcon.colcon_core.environment:checking '/home/dingo/tb3_autonomy/install/turtlebot3_node/bin'
[107.083s] Level 1:colcon.colcon_core.environment:checking '/home/dingo/tb3_autonomy/install/turtlebot3_node/lib/pkgconfig/turtlebot3_node.pc'
[107.084s] Level 1:colcon.colcon_core.environment:checking '/home/dingo/tb3_autonomy/install/turtlebot3_node/lib/python3.12/site-packages'
[107.086s] Level 1:colcon.colcon_core.environment:checking '/home/dingo/tb3_autonomy/install/turtlebot3_node/bin'
[107.087s] INFO:colcon.colcon_core.shell:Creating package script '/home/dingo/tb3_autonomy/install/turtlebot3_node/share/turtlebot3_node/package.ps1'
[107.090s] INFO:colcon.colcon_core.shell:Creating package descriptor '/home/dingo/tb3_autonomy/install/turtlebot3_node/share/turtlebot3_node/package.dsv'
[107.093s] INFO:colcon.colcon_core.shell:Creating package script '/home/dingo/tb3_autonomy/install/turtlebot3_node/share/turtlebot3_node/package.sh'
[107.096s] INFO:colcon.colcon_core.shell:Creating package script '/home/dingo/tb3_autonomy/install/turtlebot3_node/share/turtlebot3_node/package.bash'
[107.099s] INFO:colcon.colcon_core.shell:Creating package script '/home/dingo/tb3_autonomy/install/turtlebot3_node/share/turtlebot3_node/package.zsh'
[107.102s] Level 1:colcon.colcon_core.environment:create_file_with_runtime_dependencies(/home/dingo/tb3_autonomy/install/turtlebot3_node/share/colcon-core/packages/turtlebot3_node)
[107.103s] DEBUG:colcon.colcon_parallel_executor.executor.parallel:closing loop
[107.105s] DEBUG:colcon.colcon_parallel_executor.executor.parallel:loop closed
[107.105s] DEBUG:colcon.colcon_parallel_executor.executor.parallel:run_until_complete finished with '0'
[107.106s] DEBUG:colcon.colcon_core.event_reactor:joining thread
[107.126s] INFO:colcon.colcon_core.plugin_system:Skipping extension 'colcon_notification.desktop_notification.terminal_notifier': Not used on non-Darwin systems
[107.126s] INFO:colcon.colcon_core.plugin_system:Skipping extension 'colcon_notification.desktop_notification.win32': Not used on non-Windows systems
[107.127s] INFO:colcon.colcon_notification.desktop_notification:Sending desktop notification using 'notify2'
[107.130s] DEBUG:colcon.colcon_notification.desktop_notification.notify2:Failed to initialize notify2: org.freedesktop.DBus.Error.ServiceUnknown: The name org.freedesktop.Notifications was not provided by any .service files
[107.131s] DEBUG:colcon.colcon_core.event_reactor:joined thread
[107.132s] INFO:colcon.colcon_core.shell:Creating prefix script '/home/dingo/tb3_autonomy/install/local_setup.ps1'
[107.135s] INFO:colcon.colcon_core.shell:Creating prefix util module '/home/dingo/tb3_autonomy/install/_local_setup_util_ps1.py'
[107.139s] INFO:colcon.colcon_core.shell:Creating prefix chain script '/home/dingo/tb3_autonomy/install/setup.ps1'
[107.143s] INFO:colcon.colcon_core.shell:Creating prefix script '/home/dingo/tb3_autonomy/install/local_setup.sh'
[107.145s] INFO:colcon.colcon_core.shell:Creating prefix util module '/home/dingo/tb3_autonomy/install/_local_setup_util_sh.py'
[107.148s] INFO:colcon.colcon_core.shell:Creating prefix chain script '/home/dingo/tb3_autonomy/install/setup.sh'
[107.152s] INFO:colcon.colcon_core.shell:Creating prefix script '/home/dingo/tb3_autonomy/install/local_setup.bash'
[107.154s] INFO:colcon.colcon_core.shell:Creating prefix chain script '/home/dingo/tb3_autonomy/install/setup.bash'
[107.158s] INFO:colcon.colcon_core.shell:Creating prefix script '/home/dingo/tb3_autonomy/install/local_setup.zsh'
[107.160s] INFO:colcon.colcon_core.shell:Creating prefix chain script '/home/dingo/tb3_autonomy/install/setup.zsh'
