[0.043s] Invoking command in '/home/dingo/turtlebot3_ws/src/build/ld08_driver': CMAKE_PREFIX_PATH=${CMAKE_PREFIX_PATH}:/opt/ros/jazzy /usr/bin/cmake /home/dingo/turtlebot3_ws/src/ld08_driver -DCMAKE_INSTALL_PREFIX=/home/dingo/turtlebot3_ws/src/install/ld08_driver
[0.114s] -- Found ament_cmake: 2.5.4 (/opt/ros/jazzy/share/ament_cmake/cmake)
[1.425s] -- Override CMake install command with custom implementation using symlinks instead of copying resources
[1.477s] -- Found rclcpp: 28.1.9 (/opt/ros/jazzy/share/rclcpp/cmake)
[1.646s] -- Found rosidl_generator_c: 4.6.5 (/opt/ros/jazzy/share/rosidl_generator_c/cmake)
[1.697s] -- Found rosidl_generator_cpp: 4.6.5 (/opt/ros/jazzy/share/rosidl_generator_cpp/cmake)
[1.798s] -- Using all available rosidl_typesupport_c: rosidl_typesupport_fastrtps_c;rosidl_typesupport_introspection_c
[1.869s] -- Using all available rosidl_typesupport_cpp: rosidl_typesupport_fastrtps_cpp;rosidl_typesupport_introspection_cpp
[2.186s] -- Found rmw_implementation_cmake: 7.3.2 (/opt/ros/jazzy/share/rmw_implementation_cmake/cmake)
[2.197s] -- Found rmw_fastrtps_cpp: 8.4.2 (/opt/ros/jazzy/share/rmw_fastrtps_cpp/cmake)
[2.557s] -- Using RMW implementation 'rmw_fastrtps_cpp' as default
[2.949s] -- Found sensor_msgs: 5.3.6 (/opt/ros/jazzy/share/sensor_msgs/cmake)
[3.997s] -- Configuring done (3.9s)
[4.109s] -- Generating done (0.1s)
[4.155s] -- Build files have been written to: /home/dingo/turtlebot3_ws/src/build/ld08_driver
[4.196s] Invoked command in '/home/dingo/turtlebot3_ws/src/build/ld08_driver' returned '0': CMAKE_PREFIX_PATH=${CMAKE_PREFIX_PATH}:/opt/ros/jazzy /usr/bin/cmake /home/dingo/turtlebot3_ws/src/ld08_driver -DCMAKE_INSTALL_PREFIX=/home/dingo/turtlebot3_ws/src/install/ld08_driver
[4.201s] Invoking command in '/home/dingo/turtlebot3_ws/src/build/ld08_driver': CMAKE_PREFIX_PATH=${CMAKE_PREFIX_PATH}:/opt/ros/jazzy /usr/bin/cmake --build /home/dingo/turtlebot3_ws/src/build/ld08_driver -- -j4 -l4
[4.759s] [100%] Built target ld08_driver
[4.856s] Invoked command in '/home/dingo/turtlebot3_ws/src/build/ld08_driver' returned '0': CMAKE_PREFIX_PATH=${CMAKE_PREFIX_PATH}:/opt/ros/jazzy /usr/bin/cmake --build /home/dingo/turtlebot3_ws/src/build/ld08_driver -- -j4 -l4
[4.868s] Invoking command in '/home/dingo/turtlebot3_ws/src/build/ld08_driver': CMAKE_PREFIX_PATH=${CMAKE_PREFIX_PATH}:/opt/ros/jazzy /usr/bin/cmake --install /home/dingo/turtlebot3_ws/src/build/ld08_driver
[4.920s] -- Install configuration: ""
[4.925s] -- Execute custom install script
[4.929s] -- Up-to-date symlink: /home/dingo/turtlebot3_ws/src/install/ld08_driver/share/ld08_driver/launch/ld08.launch.py
[4.934s] -- Up-to-date symlink: /home/dingo/turtlebot3_ws/src/install/ld08_driver/lib/ld08_driver/ld08_driver
[4.938s] -- Up-to-date symlink: /home/dingo/turtlebot3_ws/src/install/ld08_driver/share/ament_index/resource_index/package_run_dependencies/ld08_driver
[4.942s] -- Up-to-date symlink: /home/dingo/turtlebot3_ws/src/install/ld08_driver/share/ament_index/resource_index/parent_prefix_path/ld08_driver
[4.944s] -- Up-to-date symlink: /home/dingo/turtlebot3_ws/src/install/ld08_driver/share/ld08_driver/environment/ament_prefix_path.sh
[4.944s] -- Up-to-date symlink: /home/dingo/turtlebot3_ws/src/install/ld08_driver/share/ld08_driver/environment/ament_prefix_path.dsv
[4.945s] -- Up-to-date symlink: /home/dingo/turtlebot3_ws/src/install/ld08_driver/share/ld08_driver/environment/path.sh
[4.945s] -- Up-to-date symlink: /home/dingo/turtlebot3_ws/src/install/ld08_driver/share/ld08_driver/environment/path.dsv
[4.946s] -- Up-to-date symlink: /home/dingo/turtlebot3_ws/src/install/ld08_driver/share/ld08_driver/local_setup.bash
[4.951s] -- Up-to-date symlink: /home/dingo/turtlebot3_ws/src/install/ld08_driver/share/ld08_driver/local_setup.sh
[4.951s] -- Up-to-date symlink: /home/dingo/turtlebot3_ws/src/install/ld08_driver/share/ld08_driver/local_setup.zsh
[4.952s] -- Up-to-date symlink: /home/dingo/turtlebot3_ws/src/install/ld08_driver/share/ld08_driver/local_setup.dsv
[4.952s] -- Symlinking: /home/dingo/turtlebot3_ws/src/install/ld08_driver/share/ld08_driver/package.dsv
[5.002s] -- Up-to-date symlink: /home/dingo/turtlebot3_ws/src/install/ld08_driver/share/ament_index/resource_index/packages/ld08_driver
[5.003s] -- Up-to-date symlink: /home/dingo/turtlebot3_ws/src/install/ld08_driver/share/ld08_driver/cmake/ament_cmake_export_dependencies-extras.cmake
[5.004s] -- Up-to-date symlink: /home/dingo/turtlebot3_ws/src/install/ld08_driver/share/ld08_driver/cmake/ament_cmake_export_include_directories-extras.cmake
[5.006s] -- Up-to-date symlink: /home/dingo/turtlebot3_ws/src/install/ld08_driver/share/ld08_driver/cmake/ld08_driverConfig.cmake
[5.009s] -- Up-to-date symlink: /home/dingo/turtlebot3_ws/src/install/ld08_driver/share/ld08_driver/cmake/ld08_driverConfig-version.cmake
[5.010s] -- Up-to-date symlink: /home/dingo/turtlebot3_ws/src/install/ld08_driver/share/ld08_driver/package.xml
[5.024s] Invoked command in '/home/dingo/turtlebot3_ws/src/build/ld08_driver' returned '0': CMAKE_PREFIX_PATH=${CMAKE_PREFIX_PATH}:/opt/ros/jazzy /usr/bin/cmake --install /home/dingo/turtlebot3_ws/src/build/ld08_driver
