[6.926s] Invoking command in '/home/dingo/tb3_autonomy/src/build/turtlebot3_example': PYTHONPATH=/home/dingo/tb3_autonomy/src/build/turtlebot3_example/prefix_override:/usr/lib/python3/dist-packages/colcon_core/task/python/colcon_distutils_commands:/home/dingo/tb3_autonomy/src/install/turtlebot3_example/lib/python3.12/site-packages:${PYTHONPATH} /usr/bin/python3 -W ignore:setup.py install is deprecated -W ignore:easy_install command is deprecated setup.py develop --editable --build-directory /home/dingo/tb3_autonomy/src/build/turtlebot3_example/build --no-deps symlink_data
[8.964s] running develop
[10.087s] running egg_info
[10.090s] creating turtlebot3_example.egg-info
[10.174s] writing turtlebot3_example.egg-info/PKG-INFO
[10.179s] writing dependency_links to turtlebot3_example.egg-info/dependency_links.txt
[10.181s] writing entry points to turtlebot3_example.egg-info/entry_points.txt
[10.183s] writing requirements to turtlebot3_example.egg-info/requires.txt
[10.185s] writing top-level names to turtlebot3_example.egg-info/top_level.txt
[10.187s] writing manifest file 'turtlebot3_example.egg-info/SOURCES.txt'
[10.390s] reading manifest file 'turtlebot3_example.egg-info/SOURCES.txt'
[10.393s] writing manifest file 'turtlebot3_example.egg-info/SOURCES.txt'
[10.499s] running build_ext
[10.503s] Creating /home/dingo/tb3_autonomy/src/install/turtlebot3_example/lib/python3.12/site-packages/turtlebot3-example.egg-link (link to .)
[10.507s] Installing turtlebot3_absolute_move script to /home/dingo/tb3_autonomy/src/install/turtlebot3_example/lib/turtlebot3_example
[10.508s] Installing turtlebot3_interactive_marker script to /home/dingo/tb3_autonomy/src/install/turtlebot3_example/lib/turtlebot3_example
[10.512s] Installing turtlebot3_obstacle_detection script to /home/dingo/tb3_autonomy/src/install/turtlebot3_example/lib/turtlebot3_example
[10.517s] Installing turtlebot3_patrol_client script to /home/dingo/tb3_autonomy/src/install/turtlebot3_example/lib/turtlebot3_example
[10.521s] Installing turtlebot3_patrol_server script to /home/dingo/tb3_autonomy/src/install/turtlebot3_example/lib/turtlebot3_example
[10.526s] Installing turtlebot3_relative_move script to /home/dingo/tb3_autonomy/src/install/turtlebot3_example/lib/turtlebot3_example
[10.531s] 
[10.535s] Installed /home/dingo/tb3_autonomy/src/build/turtlebot3_example
[10.539s] running symlink_data
[10.747s] Invoked command in '/home/dingo/tb3_autonomy/src/build/turtlebot3_example' returned '0': PYTHONPATH=/home/dingo/tb3_autonomy/src/build/turtlebot3_example/prefix_override:/usr/lib/python3/dist-packages/colcon_core/task/python/colcon_distutils_commands:/home/dingo/tb3_autonomy/src/install/turtlebot3_example/lib/python3.12/site-packages:${PYTHONPATH} /usr/bin/python3 -W ignore:setup.py install is deprecated -W ignore:easy_install command is deprecated setup.py develop --editable --build-directory /home/dingo/tb3_autonomy/src/build/turtlebot3_example/build --no-deps symlink_data
